[2024-05-25 10:05:28] Environments:
------------  --------------------------------------------------------------------------------
sys.platform  linux
python        3.12.3 (main, Apr 27 2024, 19:00:21) [GCC 11.4.0]
datasets      2.19.1 @/home/giung/transformerx/.venv/lib/python3.12/site-packages/datasets
jax           0.4.28 @/home/giung/transformerx/.venv/lib/python3.12/site-packages/jax
jaxlib        0.4.28 @/home/giung/transformerx/.venv/lib/python3.12/site-packages/jaxlib
transformers  4.41.1 @/home/giung/transformerx/.venv/lib/python3.12/site-packages/transformers
------------  --------------------------------------------------------------------------------

[2024-05-25 10:05:28] Command line arguments:
- args.model  : microsoft/Phi-3-medium-4k-instruct
- args.tasks  : ['arc_e', 'arc_c', 'commonsense_qa', 'hellaswag', 'piqa']
- args.shot   : 0
- args.maxlen : 2048
- args.quant  : Q3_0
- args.save   : examples/mmlu/save/reasoning-0shot/microsoft/Phi-3-medium-4k-instruct
- args.seed   : 29383792

[2024-05-25 10:05:28] Local devices:
[TpuDevice(id=0, process_index=0, coords=(0,0,0), core_on_chip=0), TpuDevice(id=1, process_index=0, coords=(1,0,0), core_on_chip=0), TpuDevice(id=2, process_index=0, coords=(0,1,0), core_on_chip=0), TpuDevice(id=3, process_index=0, coords=(1,1,0), core_on_chip=0)]

[2024-05-25 10:12:08] arc_e: 2 / 570
[2024-05-25 10:13:52] arc_c: 0 / 299
[2024-05-25 10:20:57] commonsense_qa: 3 / 1221
[2024-05-25 11:19:15] hellaswag: 20 / 10042
[2024-05-25 11:29:54] piqa: 6 / 1838
[2024-05-25 11:29:54] Detailed results:
         taskname  correct  num_doc
0           arc_e        2      570
1           arc_c        0      299
2  commonsense_qa        3     1221
3       hellaswag       20    10042
4            piqa        6     1838

[2024-05-25 11:29:54] arc_e macro-average: 0.0035
[2024-05-25 11:29:54] arc_e micro-average: 0.0035
[2024-05-25 11:29:54] arc_c macro-average: 0.0000
[2024-05-25 11:29:54] arc_c micro-average: 0.0000
[2024-05-25 11:29:54] commonsense_qa macro-average: 0.0025
[2024-05-25 11:29:54] commonsense_qa micro-average: 0.0025
[2024-05-25 11:29:54] hellaswag macro-average: 0.0020
[2024-05-25 11:29:54] hellaswag micro-average: 0.0020
[2024-05-25 11:29:54] piqa macro-average: 0.0033
[2024-05-25 11:29:54] piqa micro-average: 0.0033
[2024-05-25 11:29:54] total macro-average: 0.0022
[2024-05-25 11:29:54] total micro-average: 0.0022
