[2024-05-29 03:12:14] Environments:
------------  --------------------------------------------------------------------------------
sys.platform  linux
python        3.12.3 (main, Apr 27 2024, 19:00:21) [GCC 11.4.0]
datasets      2.19.1 @/home/giung/transformerx/.venv/lib/python3.12/site-packages/datasets
jax           0.4.28 @/home/giung/transformerx/.venv/lib/python3.12/site-packages/jax
jaxlib        0.4.28 @/home/giung/transformerx/.venv/lib/python3.12/site-packages/jaxlib
transformers  4.41.1 @/home/giung/transformerx/.venv/lib/python3.12/site-packages/transformers
------------  --------------------------------------------------------------------------------

[2024-05-29 03:12:14] Command line arguments:
- args.model      : microsoft/Phi-3-medium-4k-instruct
- args.data       : wikitext2
- args.seqlen     : 2048
- args.bits       : 6
- args.group_size : 1
- args.save       : save/wikitext2/microsoft/Phi-3-medium-4k-instruct/b6-g1
- args.seed       : 15746738

[2024-05-29 03:12:14] Local devices:
[TpuDevice(id=0, process_index=0, coords=(0,0,0), core_on_chip=0), TpuDevice(id=1, process_index=0, coords=(1,0,0), core_on_chip=0), TpuDevice(id=2, process_index=0, coords=(0,1,0), core_on_chip=0), TpuDevice(id=3, process_index=0, coords=(1,1,0), core_on_chip=0)]

[2024-05-29 03:23:29] nlls=[2.401e+03, 1.523e+03, 1.710e+03, 2.024e+03, 2.967e+03, 2.983e+03, 2.467e+03, 1.976e+03, 3.012e+03, 3.449e+03, 3.755e+03, 3.553e+03, 3.099e+03, 3.414e+03, 3.018e+03, 3.185e+03, 3.369e+03, 3.214e+03, 3.749e+03, 2.890e+03, 3.259e+03, 2.903e+03, 1.351e+03, 1.942e+03, 2.294e+03, 2.033e+03, 2.064e+03, 1.743e+03, 1.805e+03, 3.144e+03, 4.435e+03, 4.127e+03, 3.556e+03, 2.689e+03, 1.764e+03, 1.898e+03, 1.515e+03, 1.789e+03, 2.421e+03, 2.659e+03, 2.520e+03, 2.484e+03, 2.256e+03, 2.605e+03, 2.271e+03, 2.461e+03, 2.799e+03, 3.275e+03, 4.493e+03, 4.626e+03, 3.769e+03, 3.028e+03, 2.667e+03, 3.545e+03, 3.786e+03, 3.854e+03, 2.842e+03, 3.590e+03, 3.071e+03, 2.782e+03, 2.879e+03, 2.878e+03, 2.566e+03, 2.765e+03, 2.500e+03, 2.331e+03, 2.480e+03, 2.855e+03, 3.623e+03, 3.692e+03, 3.956e+03, 4.168e+03, 4.215e+03, 2.717e+03, 2.981e+03, 3.448e+03, 2.987e+03, 2.952e+03, 3.138e+03, 3.096e+03, 2.169e+03, 2.196e+03, 3.663e+03, 3.999e+03, 3.774e+03, 3.057e+03, 3.532e+03, 3.405e+03, 3.499e+03, 3.327e+03, 3.428e+03, 2.392e+03, 2.916e+03, 2.802e+03, 2.822e+03, 2.619e+03, 2.645e+03, 3.176e+03, 2.991e+03, 2.914e+03, 3.570e+03, 3.587e+03, 3.160e+03, 3.821e+03, 4.698e+03, 4.466e+03, 4.237e+03, 4.082e+03, 4.478e+03, 4.220e+03, 3.763e+03, 3.699e+03, 3.462e+03, 3.700e+03, 2.985e+03, 4.015e+03, 4.395e+03, 3.884e+03, 2.555e+03, 2.256e+03, 2.092e+03, 3.497e+03, 2.671e+03, 2.809e+03, 2.604e+03, 2.241e+03, 2.437e+03, 2.028e+03, 2.669e+03, 3.163e+03, 3.420e+03, 3.063e+03, 2.631e+03, 2.514e+03, 2.937e+03, 3.501e+03, 3.343e+03, 3.663e+03, 3.192e+03, 3.135e+03, 2.961e+03, 3.285e+03, 2.612e+03, 3.830e+03, 3.274e+03, 3.452e+03, 2.896e+03, 3.042e+03, 2.883e+03, 3.653e+03, 2.316e+03, 1.529e+03, 1.959e+03, 1.783e+03, 2.665e+03, 3.280e+03, 2.775e+03, 1.974e+03, 3.404e+03, 3.639e+03, 4.061e+03, 3.332e+03, 2.916e+03, 3.484e+03, 3.604e+03, 4.225e+03]
[2024-05-29 03:23:29] ppls=[3.229e+00, 2.606e+00, 2.502e+00, 2.547e+00, 2.823e+00, 3.027e+00, 3.069e+00, 3.010e+00, 3.135e+00, 3.310e+00, 3.507e+00, 3.650e+00, 3.712e+00, 3.808e+00, 3.842e+00, 3.893e+00, 3.959e+00, 4.002e+00, 4.096e+00, 4.096e+00, 4.132e+00, 4.132e+00, 3.998e+00, 3.925e+00, 3.887e+00, 3.833e+00, 3.785e+00, 3.721e+00, 3.666e+00, 3.695e+00, 3.798e+00, 3.880e+00, 3.925e+00, 3.919e+00, 3.863e+00, 3.818e+00, 3.756e+00, 3.712e+00, 3.700e+00, 3.699e+00, 3.692e+00, 3.684e+00, 3.666e+00, 3.664e+00, 3.649e+00, 3.641e+00, 3.647e+00, 3.670e+00, 3.738e+00, 3.809e+00, 3.847e+00, 3.856e+00, 3.853e+00, 3.880e+00, 3.915e+00, 3.951e+00, 3.952e+00, 3.978e+00, 3.986e+00, 3.985e+00, 3.986e+00, 3.988e+00, 3.979e+00, 3.977e+00, 3.968e+00, 3.953e+00, 3.944e+00, 3.945e+00, 3.968e+00, 3.992e+00, 4.023e+00, 4.059e+00, 4.095e+00, 4.091e+00, 4.093e+00, 4.108e+00, 4.111e+00, 4.112e+00, 4.118e+00, 4.123e+00, 4.105e+00, 4.088e+00, 4.107e+00, 4.133e+00, 4.154e+00, 4.157e+00, 4.172e+00, 4.183e+00, 4.196e+00, 4.205e+00, 4.216e+00, 4.203e+00, 4.203e+00, 4.200e+00, 4.197e+00, 4.190e+00, 4.184e+00, 4.189e+00, 4.191e+00, 4.190e+00, 4.203e+00, 4.216e+00, 4.220e+00, 4.238e+00, 4.272e+00, 4.302e+00, 4.326e+00, 4.347e+00, 4.376e+00, 4.399e+00, 4.414e+00, 4.426e+00, 4.434e+00, 4.447e+00, 4.445e+00, 4.463e+00, 4.488e+00, 4.503e+00, 4.493e+00, 4.478e+00, 4.461e+00, 4.469e+00, 4.462e+00, 4.457e+00, 4.449e+00, 4.435e+00, 4.425e+00, 4.407e+00, 4.401e+00, 4.403e+00, 4.410e+00, 4.410e+00, 4.404e+00, 4.395e+00, 4.394e+00, 4.401e+00, 4.406e+00, 4.416e+00, 4.418e+00, 4.419e+00, 4.418e+00, 4.422e+00, 4.415e+00, 4.427e+00, 4.431e+00, 4.437e+00, 4.434e+00, 4.434e+00, 4.432e+00, 4.440e+00, 4.430e+00, 4.408e+00, 4.393e+00, 4.376e+00, 4.371e+00, 4.374e+00, 4.371e+00, 4.357e+00, 4.362e+00, 4.370e+00, 4.384e+00, 4.388e+00, 4.387e+00, 4.393e+00, 4.400e+00, 4.416e+00]
[2024-05-29 03:23:29] PPL: 4.416e+00
