[2024-05-29 03:57:57] Environments:
------------  --------------------------------------------------------------------------------
sys.platform  linux
python        3.12.3 (main, Apr 27 2024, 19:00:21) [GCC 11.4.0]
datasets      2.19.1 @/home/giung/transformerx/.venv/lib/python3.12/site-packages/datasets
jax           0.4.28 @/home/giung/transformerx/.venv/lib/python3.12/site-packages/jax
jaxlib        0.4.28 @/home/giung/transformerx/.venv/lib/python3.12/site-packages/jaxlib
transformers  4.41.1 @/home/giung/transformerx/.venv/lib/python3.12/site-packages/transformers
------------  --------------------------------------------------------------------------------

[2024-05-29 03:57:57] Command line arguments:
- args.model      : microsoft/Phi-3-mini-4k-instruct
- args.data       : wikitext2
- args.seqlen     : 2048
- args.bits       : 7
- args.group_size : 1
- args.save       : save/wikitext2/microsoft/Phi-3-mini-4k-instruct/b7-g1
- args.seed       : 59082799

[2024-05-29 03:57:57] Local devices:
[TpuDevice(id=0, process_index=0, coords=(0,0,0), core_on_chip=0), TpuDevice(id=1, process_index=0, coords=(1,0,0), core_on_chip=0), TpuDevice(id=2, process_index=0, coords=(0,1,0), core_on_chip=0), TpuDevice(id=3, process_index=0, coords=(1,1,0), core_on_chip=0)]

[2024-05-29 04:00:02] nlls=[3.109e+03, 3.763e+03, 4.315e+03, 3.906e+03, 3.416e+03, 3.656e+03, 3.160e+03, 2.779e+03, 3.719e+03, 3.864e+03, 4.656e+03, 3.947e+03, 3.585e+03, 3.945e+03, 3.898e+03, 4.253e+03, 4.399e+03, 4.257e+03, 5.432e+03, 4.129e+03, 4.068e+03, 3.476e+03, 3.029e+03, 3.866e+03, 4.077e+03, 3.934e+03, 4.030e+03, 3.823e+03, 4.080e+03, 3.894e+03, 4.865e+03, 4.660e+03, 4.169e+03, 3.469e+03, 3.012e+03, 2.890e+03, 2.585e+03, 3.258e+03, 3.322e+03, 3.914e+03, 3.573e+03, 2.975e+03, 2.651e+03, 3.158e+03, 2.773e+03, 2.978e+03, 3.358e+03, 3.948e+03, 4.955e+03, 4.990e+03, 4.535e+03, 4.266e+03, 4.111e+03, 3.957e+03, 4.396e+03, 4.392e+03, 3.366e+03, 4.112e+03, 3.499e+03, 3.191e+03, 3.315e+03, 3.221e+03, 2.959e+03, 3.130e+03, 2.937e+03, 2.766e+03, 2.944e+03, 3.550e+03, 3.926e+03, 4.416e+03, 4.530e+03, 4.511e+03, 4.564e+03, 3.156e+03, 3.440e+03, 4.008e+03, 3.522e+03, 3.451e+03, 3.607e+03, 3.664e+03, 2.633e+03, 3.365e+03, 4.115e+03, 4.670e+03, 4.284e+03, 3.478e+03, 4.078e+03, 3.873e+03, 4.021e+03, 3.986e+03, 3.848e+03, 3.786e+03, 4.331e+03, 3.469e+03, 3.621e+03, 3.641e+03, 3.537e+03, 3.602e+03, 3.519e+03, 3.533e+03, 4.094e+03, 4.162e+03, 3.899e+03, 4.445e+03, 5.292e+03, 5.026e+03, 4.763e+03, 4.590e+03, 5.004e+03, 4.829e+03, 4.216e+03, 4.248e+03, 3.894e+03, 4.220e+03, 3.480e+03, 3.963e+03, 4.282e+03, 4.055e+03, 3.618e+03, 3.912e+03, 3.668e+03, 4.025e+03, 3.793e+03, 3.423e+03, 3.503e+03, 3.078e+03, 3.166e+03, 3.213e+03, 3.328e+03, 3.562e+03, 4.031e+03, 4.489e+03, 4.202e+03, 4.521e+03, 3.423e+03, 3.891e+03, 3.988e+03, 4.188e+03, 3.570e+03, 3.490e+03, 3.451e+03, 3.741e+03, 3.202e+03, 4.309e+03, 3.684e+03, 3.986e+03, 3.422e+03, 3.558e+03, 3.211e+03, 4.194e+03, 3.455e+03, 3.494e+03, 3.546e+03, 3.991e+03, 3.703e+03, 3.825e+03, 3.481e+03, 2.263e+03, 4.166e+03, 4.165e+03, 4.846e+03, 4.334e+03, 3.685e+03, 3.997e+03, 4.245e+03, 5.178e+03]
[2024-05-29 04:00:02] ppls=[4.563e+00, 5.353e+00, 6.176e+00, 6.311e+00, 6.094e+00, 6.072e+00, 5.850e+00, 5.558e+00, 5.621e+00, 5.712e+00, 5.994e+00, 6.063e+00, 6.039e+00, 6.094e+00, 6.133e+00, 6.235e+00, 6.353e+00, 6.434e+00, 6.708e+00, 6.746e+00, 6.771e+00, 6.705e+00, 6.582e+00, 6.583e+00, 6.611e+00, 6.619e+00, 6.638e+00, 6.632e+00, 6.655e+00, 6.656e+00, 6.760e+00, 6.838e+00, 6.861e+00, 6.815e+00, 6.728e+00, 6.636e+00, 6.524e+00, 6.475e+00, 6.435e+00, 6.442e+00, 6.424e+00, 6.362e+00, 6.280e+00, 6.238e+00, 6.172e+00, 6.124e+00, 6.101e+00, 6.116e+00, 6.193e+00, 6.269e+00, 6.316e+00, 6.345e+00, 6.364e+00, 6.374e+00, 6.408e+00, 6.441e+00, 6.416e+00, 6.433e+00, 6.416e+00, 6.384e+00, 6.360e+00, 6.331e+00, 6.291e+00, 6.261e+00, 6.222e+00, 6.177e+00, 6.142e+00, 6.135e+00, 6.144e+00, 6.174e+00, 6.208e+00, 6.241e+00, 6.275e+00, 6.250e+00, 6.237e+00, 6.247e+00, 6.238e+00, 6.227e+00, 6.221e+00, 6.218e+00, 6.177e+00, 6.163e+00, 6.178e+00, 6.211e+00, 6.231e+00, 6.221e+00, 6.233e+00, 6.237e+00, 6.247e+00, 6.255e+00, 6.258e+00, 6.259e+00, 6.278e+00, 6.268e+00, 6.264e+00, 6.260e+00, 6.253e+00, 6.248e+00, 6.241e+00, 6.235e+00, 6.245e+00, 6.257e+00, 6.261e+00, 6.282e+00, 6.327e+00, 6.363e+00, 6.391e+00, 6.414e+00, 6.449e+00, 6.478e+00, 6.489e+00, 6.501e+00, 6.502e+00, 6.513e+00, 6.503e+00, 6.507e+00, 6.519e+00, 6.525e+00, 6.519e+00, 6.521e+00, 6.516e+00, 6.521e+00, 6.520e+00, 6.509e+00, 6.501e+00, 6.482e+00, 6.465e+00, 6.450e+00, 6.438e+00, 6.432e+00, 6.437e+00, 6.454e+00, 6.463e+00, 6.479e+00, 6.470e+00, 6.471e+00, 6.475e+00, 6.483e+00, 6.477e+00, 6.470e+00, 6.461e+00, 6.460e+00, 6.446e+00, 6.457e+00, 6.454e+00, 6.457e+00, 6.449e+00, 6.443e+00, 6.431e+00, 6.439e+00, 6.431e+00, 6.425e+00, 6.419e+00, 6.423e+00, 6.421e+00, 6.421e+00, 6.415e+00, 6.384e+00, 6.391e+00, 6.399e+00, 6.419e+00, 6.429e+00, 6.427e+00, 6.430e+00, 6.438e+00, 6.464e+00]
[2024-05-29 04:00:02] PPL: 6.464e+00
