[2024-05-29 03:30:26] Environments:
------------  --------------------------------------------------------------------------------
sys.platform  linux
python        3.12.3 (main, Apr 27 2024, 19:00:21) [GCC 11.4.0]
datasets      2.19.1 @/home/giung/transformerx/.venv/lib/python3.12/site-packages/datasets
jax           0.4.28 @/home/giung/transformerx/.venv/lib/python3.12/site-packages/jax
jaxlib        0.4.28 @/home/giung/transformerx/.venv/lib/python3.12/site-packages/jaxlib
transformers  4.41.1 @/home/giung/transformerx/.venv/lib/python3.12/site-packages/transformers
------------  --------------------------------------------------------------------------------

[2024-05-29 03:30:26] Command line arguments:
- args.model      : microsoft/Phi-3-medium-4k-instruct
- args.data       : wikitext2
- args.seqlen     : 2048
- args.bits       : 4
- args.group_size : 32
- args.save       : save/wikitext2/microsoft/Phi-3-medium-4k-instruct/b4-g32
- args.seed       : 27588662

[2024-05-29 03:30:26] Local devices:
[TpuDevice(id=0, process_index=0, coords=(0,0,0), core_on_chip=0), TpuDevice(id=1, process_index=0, coords=(1,0,0), core_on_chip=0), TpuDevice(id=2, process_index=0, coords=(0,1,0), core_on_chip=0), TpuDevice(id=3, process_index=0, coords=(1,1,0), core_on_chip=0)]

[2024-05-29 03:35:11] nlls=[4.545e+03, 5.977e+03, 7.130e+03, 6.691e+03, 4.627e+03, 5.047e+03, 4.263e+03, 4.135e+03, 4.945e+03, 5.260e+03, 5.825e+03, 5.161e+03, 4.644e+03, 4.961e+03, 5.528e+03, 5.510e+03, 5.362e+03, 5.470e+03, 5.920e+03, 5.212e+03, 5.271e+03, 4.612e+03, 4.892e+03, 5.391e+03, 4.961e+03, 5.016e+03, 5.404e+03, 4.802e+03, 5.500e+03, 5.373e+03, 6.037e+03, 5.813e+03, 5.708e+03, 5.041e+03, 4.393e+03, 4.641e+03, 4.394e+03, 4.515e+03, 4.655e+03, 5.556e+03, 5.580e+03, 4.039e+03, 3.839e+03, 4.041e+03, 3.666e+03, 3.988e+03, 4.263e+03, 5.161e+03, 6.137e+03, 6.083e+03, 6.132e+03, 6.556e+03, 5.565e+03, 4.984e+03, 5.182e+03, 5.216e+03, 4.336e+03, 5.592e+03, 4.931e+03, 4.468e+03, 4.308e+03, 4.298e+03, 4.039e+03, 4.119e+03, 3.905e+03, 3.688e+03, 4.397e+03, 4.566e+03, 5.297e+03, 5.745e+03, 5.621e+03, 5.588e+03, 5.907e+03, 4.600e+03, 4.582e+03, 5.210e+03, 4.602e+03, 4.742e+03, 4.611e+03, 4.538e+03, 3.868e+03, 5.123e+03, 5.509e+03, 6.052e+03, 5.648e+03, 4.590e+03, 4.815e+03, 4.795e+03, 5.120e+03, 4.951e+03, 5.027e+03, 5.992e+03, 6.230e+03, 4.301e+03, 4.525e+03, 4.626e+03, 4.935e+03, 4.611e+03, 4.789e+03, 4.815e+03, 5.189e+03, 5.296e+03, 5.054e+03, 5.499e+03, 6.444e+03, 6.001e+03, 5.834e+03, 5.904e+03, 6.076e+03, 5.839e+03, 5.244e+03, 5.283e+03, 4.748e+03, 5.277e+03, 4.748e+03, 5.270e+03, 5.309e+03, 5.481e+03, 5.003e+03, 5.879e+03, 5.071e+03, 5.694e+03, 5.124e+03, 5.941e+03, 5.448e+03, 4.807e+03, 4.808e+03, 5.630e+03, 4.949e+03, 4.899e+03, 5.379e+03, 5.558e+03, 5.182e+03, 5.561e+03, 4.681e+03, 5.216e+03, 5.241e+03, 5.288e+03, 4.709e+03, 4.411e+03, 4.498e+03, 5.020e+03, 4.727e+03, 5.531e+03, 4.613e+03, 5.062e+03, 4.795e+03, 4.892e+03, 4.395e+03, 5.441e+03, 4.568e+03, 4.965e+03, 5.085e+03, 5.570e+03, 4.773e+03, 5.010e+03, 4.213e+03, 3.107e+03, 5.138e+03, 5.393e+03, 5.920e+03, 5.134e+03, 4.781e+03, 5.258e+03, 5.681e+03, 6.012e+03]
[2024-05-29 03:35:11] ppls=[9.200e+00, 1.305e+01, 1.769e+01, 1.952e+01, 1.693e+01, 1.593e+01, 1.444e+01, 1.331e+01, 1.306e+01, 1.306e+01, 1.339e+01, 1.331e+01, 1.298e+01, 1.285e+01, 1.298e+01, 1.308e+01, 1.312e+01, 1.319e+01, 1.341e+01, 1.337e+01, 1.336e+01, 1.315e+01, 1.305e+01, 1.308e+01, 1.300e+01, 1.295e+01, 1.298e+01, 1.288e+01, 1.294e+01, 1.297e+01, 1.313e+01, 1.324e+01, 1.332e+01, 1.327e+01, 1.310e+01, 1.299e+01, 1.285e+01, 1.273e+01, 1.264e+01, 1.270e+01, 1.275e+01, 1.258e+01, 1.239e+01, 1.224e+01, 1.205e+01, 1.190e+01, 1.180e+01, 1.182e+01, 1.194e+01, 1.206e+01, 1.218e+01, 1.235e+01, 1.240e+01, 1.238e+01, 1.238e+01, 1.239e+01, 1.230e+01, 1.235e+01, 1.232e+01, 1.226e+01, 1.218e+01, 1.210e+01, 1.200e+01, 1.191e+01, 1.181e+01, 1.169e+01, 1.163e+01, 1.159e+01, 1.162e+01, 1.168e+01, 1.172e+01, 1.177e+01, 1.183e+01, 1.180e+01, 1.176e+01, 1.177e+01, 1.174e+01, 1.172e+01, 1.169e+01, 1.165e+01, 1.157e+01, 1.158e+01, 1.161e+01, 1.168e+01, 1.172e+01, 1.169e+01, 1.168e+01, 1.166e+01, 1.167e+01, 1.166e+01, 1.166e+01, 1.172e+01, 1.180e+01, 1.175e+01, 1.172e+01, 1.169e+01, 1.169e+01, 1.166e+01, 1.165e+01, 1.164e+01, 1.165e+01, 1.166e+01, 1.166e+01, 1.169e+01, 1.177e+01, 1.182e+01, 1.186e+01, 1.190e+01, 1.196e+01, 1.200e+01, 1.201e+01, 1.202e+01, 1.200e+01, 1.201e+01, 1.199e+01, 1.200e+01, 1.201e+01, 1.203e+01, 1.203e+01, 1.206e+01, 1.206e+01, 1.209e+01, 1.209e+01, 1.213e+01, 1.215e+01, 1.213e+01, 1.212e+01, 1.214e+01, 1.214e+01, 1.213e+01, 1.214e+01, 1.216e+01, 1.216e+01, 1.218e+01, 1.216e+01, 1.217e+01, 1.217e+01, 1.218e+01, 1.216e+01, 1.213e+01, 1.211e+01, 1.210e+01, 1.209e+01, 1.210e+01, 1.208e+01, 1.208e+01, 1.207e+01, 1.206e+01, 1.203e+01, 1.205e+01, 1.203e+01, 1.202e+01, 1.202e+01, 1.204e+01, 1.203e+01, 1.202e+01, 1.199e+01, 1.192e+01, 1.192e+01, 1.193e+01, 1.196e+01, 1.196e+01, 1.195e+01, 1.196e+01, 1.198e+01, 1.201e+01]
[2024-05-29 03:35:11] PPL: 1.201e+01
