[2024-05-29 04:02:14] Environments:
------------  --------------------------------------------------------------------------------
sys.platform  linux
python        3.12.3 (main, Apr 27 2024, 19:00:21) [GCC 11.4.0]
datasets      2.19.1 @/home/giung/transformerx/.venv/lib/python3.12/site-packages/datasets
jax           0.4.28 @/home/giung/transformerx/.venv/lib/python3.12/site-packages/jax
jaxlib        0.4.28 @/home/giung/transformerx/.venv/lib/python3.12/site-packages/jaxlib
transformers  4.41.1 @/home/giung/transformerx/.venv/lib/python3.12/site-packages/transformers
------------  --------------------------------------------------------------------------------

[2024-05-29 04:02:14] Command line arguments:
- args.model      : microsoft/Phi-3-mini-4k-instruct
- args.data       : wikitext2
- args.seqlen     : 2048
- args.bits       : 4
- args.group_size : 128
- args.save       : save/wikitext2/microsoft/Phi-3-mini-4k-instruct/b4-g128
- args.seed       : 16182124

[2024-05-29 04:02:14] Local devices:
[TpuDevice(id=0, process_index=0, coords=(0,0,0), core_on_chip=0), TpuDevice(id=1, process_index=0, coords=(1,0,0), core_on_chip=0), TpuDevice(id=2, process_index=0, coords=(0,1,0), core_on_chip=0), TpuDevice(id=3, process_index=0, coords=(1,1,0), core_on_chip=0)]

[2024-05-29 04:03:54] nlls=[1.291e+04, 1.306e+04, 1.462e+04, 1.399e+04, 1.269e+04, 1.257e+04, 1.205e+04, 1.246e+04, 1.216e+04, 1.209e+04, 1.246e+04, 1.275e+04, 1.228e+04, 1.260e+04, 1.199e+04, 1.247e+04, 1.162e+04, 1.260e+04, 1.282e+04, 1.220e+04, 1.268e+04, 1.222e+04, 1.191e+04, 1.246e+04, 1.243e+04, 1.204e+04, 1.224e+04, 1.173e+04, 1.217e+04, 1.234e+04, 1.343e+04, 1.426e+04, 1.418e+04, 1.379e+04, 1.341e+04, 1.281e+04, 1.386e+04, 1.345e+04, 1.418e+04, 1.441e+04, 1.226e+04, 1.195e+04, 1.214e+04, 1.132e+04, 1.073e+04, 1.138e+04, 1.160e+04, 1.231e+04, 1.422e+04, 1.387e+04, 1.360e+04, 1.308e+04, 1.229e+04, 1.245e+04, 1.238e+04, 1.278e+04, 1.163e+04, 1.373e+04, 1.328e+04, 1.153e+04, 1.237e+04, 1.211e+04, 1.152e+04, 1.243e+04, 1.178e+04, 1.128e+04, 1.170e+04, 1.241e+04, 1.402e+04, 1.324e+04, 1.361e+04, 1.379e+04, 1.344e+04, 1.240e+04, 1.314e+04, 1.380e+04, 1.284e+04, 1.329e+04, 1.315e+04, 1.257e+04, 1.139e+04, 1.410e+04, 1.516e+04, 1.429e+04, 1.320e+04, 1.206e+04, 1.131e+04, 1.158e+04, 1.204e+04, 1.243e+04, 1.314e+04, 1.346e+04, 1.407e+04, 1.192e+04, 1.221e+04, 1.259e+04, 1.283e+04, 1.298e+04, 1.302e+04, 1.369e+04, 1.344e+04, 1.317e+04, 1.333e+04, 1.383e+04, 1.474e+04, 1.467e+04, 1.283e+04, 1.391e+04, 1.286e+04, 1.303e+04, 1.272e+04, 1.370e+04, 1.228e+04, 1.352e+04, 1.245e+04, 1.505e+04, 1.415e+04, 1.237e+04, 1.298e+04, 1.377e+04, 1.301e+04, 1.430e+04, 1.250e+04, 1.251e+04, 1.290e+04, 1.285e+04, 1.255e+04, 1.283e+04, 1.347e+04, 1.353e+04, 1.463e+04, 1.388e+04, 1.430e+04, 1.339e+04, 1.186e+04, 1.254e+04, 1.233e+04, 1.490e+04, 1.264e+04, 1.148e+04, 1.226e+04, 1.456e+04, 1.284e+04, 1.440e+04, 1.284e+04, 1.449e+04, 1.220e+04, 1.259e+04, 1.327e+04, 1.340e+04, 1.206e+04, 1.269e+04, 1.199e+04, 1.437e+04, 1.217e+04, 1.298e+04, 1.184e+04, 1.006e+04, 1.237e+04, 1.292e+04, 1.378e+04, 1.277e+04, 1.310e+04, 1.316e+04, 1.401e+04, 1.536e+04]
[2024-05-29 04:03:54] ppls=[5.477e+02, 5.678e+02, 7.409e+02, 7.832e+02, 7.135e+02, 6.641e+02, 6.083e+02, 5.840e+02, 5.565e+02, 5.338e+02, 5.243e+02, 5.226e+02, 5.121e+02, 5.090e+02, 4.963e+02, 4.926e+02, 4.775e+02, 4.771e+02, 4.794e+02, 4.743e+02, 4.750e+02, 4.708e+02, 4.639e+02, 4.628e+02, 4.615e+02, 4.570e+02, 4.545e+02, 4.482e+02, 4.457e+02, 4.445e+02, 4.512e+02, 4.634e+02, 4.746e+02, 4.826e+02, 4.877e+02, 4.886e+02, 4.963e+02, 5.010e+02, 5.102e+02, 5.205e+02, 5.171e+02, 5.121e+02, 5.084e+02, 5.003e+02, 4.896e+02, 4.828e+02, 4.776e+02, 4.760e+02, 4.836e+02, 4.894e+02, 4.937e+02, 4.955e+02, 4.936e+02, 4.925e+02, 4.911e+02, 4.915e+02, 4.870e+02, 4.914e+02, 4.938e+02, 4.891e+02, 4.879e+02, 4.857e+02, 4.814e+02, 4.806e+02, 4.775e+02, 4.728e+02, 4.696e+02, 4.690e+02, 4.737e+02, 4.758e+02, 4.791e+02, 4.828e+02, 4.854e+02, 4.845e+02, 4.860e+02, 4.895e+02, 4.900e+02, 4.919e+02, 4.933e+02, 4.929e+02, 4.890e+02, 4.932e+02, 5.004e+02, 5.049e+02, 5.062e+02, 5.043e+02, 5.002e+02, 4.970e+02, 4.952e+02, 4.945e+02, 4.956e+02, 4.976e+02, 5.011e+02, 4.990e+02, 4.977e+02, 4.974e+02, 4.977e+02, 4.983e+02, 4.991e+02, 5.014e+02, 5.032e+02, 5.042e+02, 5.056e+02, 5.081e+02, 5.128e+02, 5.173e+02, 5.174e+02, 5.200e+02, 5.201e+02, 5.206e+02, 5.204e+02, 5.224e+02, 5.212e+02, 5.228e+02, 5.220e+02, 5.269e+02, 5.298e+02, 5.288e+02, 5.291e+02, 5.311e+02, 5.314e+02, 5.345e+02, 5.337e+02, 5.330e+02, 5.331e+02, 5.330e+02, 5.324e+02, 5.324e+02, 5.336e+02, 5.349e+02, 5.384e+02, 5.404e+02, 5.433e+02, 5.442e+02, 5.422e+02, 5.415e+02, 5.404e+02, 5.443e+02, 5.438e+02, 5.411e+02, 5.399e+02, 5.430e+02, 5.429e+02, 5.457e+02, 5.456e+02, 5.485e+02, 5.472e+02, 5.466e+02, 5.472e+02, 5.481e+02, 5.466e+02, 5.462e+02, 5.446e+02, 5.472e+02, 5.459e+02, 5.460e+02, 5.442e+02, 5.394e+02, 5.386e+02, 5.387e+02, 5.401e+02, 5.399e+02, 5.403e+02, 5.407e+02, 5.425e+02, 5.465e+02]
[2024-05-29 04:03:54] PPL: 5.465e+02
