[2024-05-29 04:06:08] Environments:
------------  --------------------------------------------------------------------------------
sys.platform  linux
python        3.12.3 (main, Apr 27 2024, 19:00:21) [GCC 11.4.0]
datasets      2.19.1 @/home/giung/transformerx/.venv/lib/python3.12/site-packages/datasets
jax           0.4.28 @/home/giung/transformerx/.venv/lib/python3.12/site-packages/jax
jaxlib        0.4.28 @/home/giung/transformerx/.venv/lib/python3.12/site-packages/jaxlib
transformers  4.41.1 @/home/giung/transformerx/.venv/lib/python3.12/site-packages/transformers
------------  --------------------------------------------------------------------------------

[2024-05-29 04:06:08] Command line arguments:
- args.model      : microsoft/Phi-3-mini-4k-instruct
- args.data       : wikitext2
- args.seqlen     : 2048
- args.bits       : 3
- args.group_size : 128
- args.save       : save/wikitext2/microsoft/Phi-3-mini-4k-instruct/b3-g128
- args.seed       : 9991228

[2024-05-29 04:06:08] Local devices:
[TpuDevice(id=0, process_index=0, coords=(0,0,0), core_on_chip=0), TpuDevice(id=1, process_index=0, coords=(1,0,0), core_on_chip=0), TpuDevice(id=2, process_index=0, coords=(0,1,0), core_on_chip=0), TpuDevice(id=3, process_index=0, coords=(1,1,0), core_on_chip=0)]

[2024-05-29 04:07:54] nlls=[2.899e+04, 3.135e+04, 2.963e+04, 3.051e+04, 3.079e+04, 3.285e+04, 3.059e+04, 2.778e+04, 2.662e+04, 3.025e+04, 3.101e+04, 2.821e+04, 2.830e+04, 2.823e+04, 2.749e+04, 2.817e+04, 2.918e+04, 3.051e+04, 2.847e+04, 3.025e+04, 3.107e+04, 3.184e+04, 2.882e+04, 2.804e+04, 3.068e+04, 2.549e+04, 2.791e+04, 3.258e+04, 2.782e+04, 3.089e+04, 3.117e+04, 3.054e+04, 2.973e+04, 2.603e+04, 2.719e+04, 2.783e+04, 2.668e+04, 2.892e+04, 2.928e+04, 3.037e+04, 2.907e+04, 3.252e+04, 2.948e+04, 3.052e+04, 2.615e+04, 2.587e+04, 2.969e+04, 2.859e+04, 2.921e+04, 3.296e+04, 2.896e+04, 3.256e+04, 3.207e+04, 2.867e+04, 2.776e+04, 2.999e+04, 3.409e+04, 2.874e+04, 3.196e+04, 3.143e+04, 2.793e+04, 2.990e+04, 2.816e+04, 2.947e+04, 2.668e+04, 2.752e+04, 2.963e+04, 3.196e+04, 2.924e+04, 3.071e+04, 2.822e+04, 3.000e+04, 2.844e+04, 3.090e+04, 3.007e+04, 2.626e+04, 3.233e+04, 2.888e+04, 2.906e+04, 2.921e+04, 2.808e+04, 3.038e+04, 3.260e+04, 3.179e+04, 2.844e+04, 3.252e+04, 2.728e+04, 2.808e+04, 2.740e+04, 2.589e+04, 2.915e+04, 3.100e+04, 3.017e+04, 2.729e+04, 2.841e+04, 2.783e+04, 2.773e+04, 3.333e+04, 2.986e+04, 2.932e+04, 2.832e+04, 3.067e+04, 2.627e+04, 3.285e+04, 3.187e+04, 2.951e+04, 3.132e+04, 2.938e+04, 3.115e+04, 2.902e+04, 2.736e+04, 3.341e+04, 2.898e+04, 3.182e+04, 3.292e+04, 2.999e+04, 2.893e+04, 3.465e+04, 3.169e+04, 3.185e+04, 3.306e+04, 3.103e+04, 2.991e+04, 2.936e+04, 2.853e+04, 3.008e+04, 3.044e+04, 2.871e+04, 2.961e+04, 3.015e+04, 2.942e+04, 2.875e+04, 2.847e+04, 2.907e+04, 2.988e+04, 2.979e+04, 3.088e+04, 3.084e+04, 2.918e+04, 2.739e+04, 2.771e+04, 2.994e+04, 2.658e+04, 3.321e+04, 2.840e+04, 2.805e+04, 2.859e+04, 2.950e+04, 3.265e+04, 3.100e+04, 2.890e+04, 2.576e+04, 2.638e+04, 2.910e+04, 3.296e+04, 3.170e+04, 2.805e+04, 2.948e+04, 2.682e+04, 2.889e+04, 2.964e+04, 3.391e+04, 2.934e+04, 2.841e+04, 2.931e+04, 2.718e+04]
[2024-05-29 04:07:54] ppls=[1.402e+06, 2.497e+06, 2.288e+06, 2.439e+06, 2.603e+06, 3.216e+06, 3.194e+06, 2.678e+06, 2.192e+06, 2.230e+06, 2.339e+06, 2.171e+06, 2.046e+06, 1.939e+06, 1.808e+06, 1.735e+06, 1.723e+06, 1.776e+06, 1.731e+06, 1.766e+06, 1.834e+06, 1.930e+06, 1.896e+06, 1.837e+06, 1.878e+06, 1.739e+06, 1.692e+06, 1.790e+06, 1.740e+06, 1.782e+06, 1.830e+06, 1.859e+06, 1.863e+06, 1.771e+06, 1.716e+06, 1.680e+06, 1.621e+06, 1.614e+06, 1.614e+06, 1.636e+06, 1.631e+06, 1.693e+06, 1.696e+06, 1.717e+06, 1.658e+06, 1.598e+06, 1.605e+06, 1.594e+06, 1.594e+06, 1.653e+06, 1.647e+06, 1.698e+06, 1.741e+06, 1.729e+06, 1.703e+06, 1.712e+06, 1.783e+06, 1.772e+06, 1.809e+06, 1.837e+06, 1.814e+06, 1.819e+06, 1.800e+06, 1.800e+06, 1.762e+06, 1.737e+06, 1.739e+06, 1.771e+06, 1.768e+06, 1.784e+06, 1.768e+06, 1.775e+06, 1.763e+06, 1.780e+06, 1.787e+06, 1.750e+06, 1.782e+06, 1.776e+06, 1.771e+06, 1.768e+06, 1.754e+06, 1.764e+06, 1.796e+06, 1.821e+06, 1.809e+06, 1.841e+06, 1.817e+06, 1.803e+06, 1.782e+06, 1.748e+06, 1.745e+06, 1.760e+06, 1.766e+06, 1.746e+06, 1.737e+06, 1.723e+06, 1.709e+06, 1.743e+06, 1.746e+06, 1.745e+06, 1.736e+06, 1.746e+06, 1.720e+06, 1.748e+06, 1.768e+06, 1.769e+06, 1.784e+06, 1.783e+06, 1.796e+06, 1.792e+06, 1.776e+06, 1.806e+06, 1.802e+06, 1.820e+06, 1.847e+06, 1.850e+06, 1.845e+06, 1.885e+06, 1.901e+06, 1.918e+06, 1.945e+06, 1.956e+06, 1.958e+06, 1.955e+06, 1.947e+06, 1.950e+06, 1.956e+06, 1.949e+06, 1.948e+06, 1.952e+06, 1.950e+06, 1.943e+06, 1.935e+06, 1.931e+06, 1.933e+06, 1.934e+06, 1.942e+06, 1.950e+06, 1.947e+06, 1.932e+06, 1.919e+06, 1.921e+06, 1.901e+06, 1.924e+06, 1.916e+06, 1.906e+06, 1.900e+06, 1.899e+06, 1.918e+06, 1.927e+06, 1.922e+06, 1.898e+06, 1.879e+06, 1.876e+06, 1.896e+06, 1.909e+06, 1.899e+06, 1.899e+06, 1.882e+06, 1.878e+06, 1.879e+06, 1.903e+06, 1.902e+06, 1.895e+06, 1.893e+06, 1.880e+06]
[2024-05-29 04:07:54] PPL: 1.880e+06
