[2024-05-29 03:58:28] Environments:
------------  --------------------------------------------------------------------------------
sys.platform  linux
python        3.12.3 (main, Apr 27 2024, 19:00:21) [GCC 11.4.0]
datasets      2.19.1 @/home/giung/transformerx/.venv/lib/python3.12/site-packages/datasets
jax           0.4.28 @/home/giung/transformerx/.venv/lib/python3.12/site-packages/jax
jaxlib        0.4.28 @/home/giung/transformerx/.venv/lib/python3.12/site-packages/jaxlib
transformers  4.41.1 @/home/giung/transformerx/.venv/lib/python3.12/site-packages/transformers
------------  --------------------------------------------------------------------------------

[2024-05-29 03:58:28] Command line arguments:
- args.model      : microsoft/Phi-3-mini-4k-instruct
- args.data       : wikitext2
- args.seqlen     : 2048
- args.bits       : 6
- args.group_size : 128
- args.save       : save/wikitext2/microsoft/Phi-3-mini-4k-instruct/b6-g128
- args.seed       : 29432139

[2024-05-29 03:58:28] Local devices:
[TpuDevice(id=0, process_index=0, coords=(0,0,0), core_on_chip=0), TpuDevice(id=1, process_index=0, coords=(1,0,0), core_on_chip=0), TpuDevice(id=2, process_index=0, coords=(0,1,0), core_on_chip=0), TpuDevice(id=3, process_index=0, coords=(1,1,0), core_on_chip=0)]

[2024-05-29 04:00:04] nlls=[3.254e+03, 3.955e+03, 4.450e+03, 4.119e+03, 3.540e+03, 3.810e+03, 3.236e+03, 2.994e+03, 3.827e+03, 3.983e+03, 4.416e+03, 4.050e+03, 3.675e+03, 4.041e+03, 4.175e+03, 4.417e+03, 4.648e+03, 4.401e+03, 5.192e+03, 4.118e+03, 4.107e+03, 3.643e+03, 3.276e+03, 4.074e+03, 4.218e+03, 4.073e+03, 4.236e+03, 4.026e+03, 4.232e+03, 3.953e+03, 4.994e+03, 4.718e+03, 4.322e+03, 3.640e+03, 3.227e+03, 3.052e+03, 2.872e+03, 3.449e+03, 3.457e+03, 4.064e+03, 3.746e+03, 3.137e+03, 2.775e+03, 3.267e+03, 2.851e+03, 3.077e+03, 3.448e+03, 4.176e+03, 5.066e+03, 5.046e+03, 4.693e+03, 4.497e+03, 4.209e+03, 4.086e+03, 4.425e+03, 4.376e+03, 3.459e+03, 4.287e+03, 3.717e+03, 3.378e+03, 3.441e+03, 3.334e+03, 3.041e+03, 3.245e+03, 3.002e+03, 2.819e+03, 3.227e+03, 3.701e+03, 4.014e+03, 4.445e+03, 4.533e+03, 4.605e+03, 4.677e+03, 3.311e+03, 3.530e+03, 4.139e+03, 3.614e+03, 3.574e+03, 3.721e+03, 3.768e+03, 2.735e+03, 3.504e+03, 4.245e+03, 4.819e+03, 4.416e+03, 3.588e+03, 4.214e+03, 4.019e+03, 4.138e+03, 4.090e+03, 3.930e+03, 3.821e+03, 4.525e+03, 3.575e+03, 3.799e+03, 3.761e+03, 3.677e+03, 3.692e+03, 3.580e+03, 3.665e+03, 4.190e+03, 4.275e+03, 4.041e+03, 4.619e+03, 5.384e+03, 5.136e+03, 4.979e+03, 4.751e+03, 5.125e+03, 4.949e+03, 4.314e+03, 4.377e+03, 3.971e+03, 4.324e+03, 3.640e+03, 4.100e+03, 4.396e+03, 4.144e+03, 3.816e+03, 4.030e+03, 3.853e+03, 4.222e+03, 3.951e+03, 3.667e+03, 3.643e+03, 3.278e+03, 3.406e+03, 3.477e+03, 3.546e+03, 3.755e+03, 4.207e+03, 4.658e+03, 4.288e+03, 4.552e+03, 3.508e+03, 3.934e+03, 4.046e+03, 4.323e+03, 3.681e+03, 3.547e+03, 3.564e+03, 3.896e+03, 3.433e+03, 4.515e+03, 3.737e+03, 4.124e+03, 3.502e+03, 3.681e+03, 3.284e+03, 4.286e+03, 3.572e+03, 3.665e+03, 3.759e+03, 4.237e+03, 3.743e+03, 3.925e+03, 3.644e+03, 2.338e+03, 4.198e+03, 4.262e+03, 5.348e+03, 4.295e+03, 3.801e+03, 4.112e+03, 4.299e+03, 5.421e+03]
[2024-05-29 04:00:04] ppls=[4.897e+00, 5.812e+00, 6.669e+00, 6.862e+00, 6.596e+00, 6.567e+00, 6.290e+00, 6.001e+00, 6.052e+00, 6.140e+00, 6.334e+00, 6.404e+00, 6.373e+00, 6.428e+00, 6.505e+00, 6.621e+00, 6.771e+00, 6.860e+00, 7.084e+00, 7.103e+00, 7.118e+00, 7.059e+00, 6.951e+00, 6.965e+00, 6.999e+00, 7.010e+00, 7.042e+00, 7.045e+00, 7.073e+00, 7.067e+00, 7.178e+00, 7.253e+00, 7.281e+00, 7.237e+00, 7.154e+00, 7.060e+00, 6.955e+00, 6.909e+00, 6.865e+00, 6.875e+00, 6.859e+00, 6.795e+00, 6.707e+00, 6.660e+00, 6.586e+00, 6.531e+00, 6.504e+00, 6.527e+00, 6.607e+00, 6.684e+00, 6.735e+00, 6.773e+00, 6.791e+00, 6.801e+00, 6.831e+00, 6.857e+00, 6.829e+00, 6.849e+00, 6.837e+00, 6.806e+00, 6.779e+00, 6.748e+00, 6.703e+00, 6.669e+00, 6.625e+00, 6.574e+00, 6.544e+00, 6.537e+00, 6.545e+00, 6.572e+00, 6.603e+00, 6.636e+00, 6.672e+00, 6.646e+00, 6.631e+00, 6.643e+00, 6.631e+00, 6.619e+00, 6.613e+00, 6.609e+00, 6.564e+00, 6.550e+00, 6.565e+00, 6.602e+00, 6.623e+00, 6.613e+00, 6.625e+00, 6.631e+00, 6.640e+00, 6.648e+00, 6.650e+00, 6.648e+00, 6.670e+00, 6.660e+00, 6.657e+00, 6.653e+00, 6.646e+00, 6.640e+00, 6.630e+00, 6.623e+00, 6.633e+00, 6.646e+00, 6.651e+00, 6.674e+00, 6.721e+00, 6.759e+00, 6.792e+00, 6.818e+00, 6.854e+00, 6.885e+00, 6.896e+00, 6.909e+00, 6.909e+00, 6.920e+00, 6.910e+00, 6.914e+00, 6.927e+00, 6.932e+00, 6.928e+00, 6.930e+00, 6.927e+00, 6.934e+00, 6.933e+00, 6.925e+00, 6.917e+00, 6.898e+00, 6.884e+00, 6.871e+00, 6.861e+00, 6.856e+00, 6.863e+00, 6.881e+00, 6.890e+00, 6.905e+00, 6.893e+00, 6.893e+00, 6.895e+00, 6.904e+00, 6.897e+00, 6.888e+00, 6.878e+00, 6.877e+00, 6.865e+00, 6.878e+00, 6.873e+00, 6.877e+00, 6.867e+00, 6.861e+00, 6.846e+00, 6.854e+00, 6.846e+00, 6.840e+00, 6.836e+00, 6.842e+00, 6.838e+00, 6.838e+00, 6.832e+00, 6.798e+00, 6.804e+00, 6.811e+00, 6.840e+00, 6.848e+00, 6.845e+00, 6.848e+00, 6.855e+00, 6.885e+00]
[2024-05-29 04:00:04] PPL: 6.885e+00
