[2024-05-29 03:40:38] Environments:
------------  --------------------------------------------------------------------------------
sys.platform  linux
python        3.12.3 (main, Apr 27 2024, 19:00:21) [GCC 11.4.0]
datasets      2.19.1 @/home/giung/transformerx/.venv/lib/python3.12/site-packages/datasets
jax           0.4.28 @/home/giung/transformerx/.venv/lib/python3.12/site-packages/jax
jaxlib        0.4.28 @/home/giung/transformerx/.venv/lib/python3.12/site-packages/jaxlib
transformers  4.41.1 @/home/giung/transformerx/.venv/lib/python3.12/site-packages/transformers
------------  --------------------------------------------------------------------------------

[2024-05-29 03:40:38] Command line arguments:
- args.model      : microsoft/Phi-3-medium-4k-instruct
- args.data       : ptb
- args.seqlen     : 2048
- args.bits       : 6
- args.group_size : 16
- args.save       : save/ptb/microsoft/Phi-3-medium-4k-instruct/b6-g16
- args.seed       : 40153476

[2024-05-29 03:40:38] Local devices:
[TpuDevice(id=0, process_index=0, coords=(0,0,0), core_on_chip=0), TpuDevice(id=1, process_index=0, coords=(1,0,0), core_on_chip=0), TpuDevice(id=2, process_index=0, coords=(0,1,0), core_on_chip=0), TpuDevice(id=3, process_index=0, coords=(1,1,0), core_on_chip=0)]

[2024-05-29 03:44:36] nlls=[5.011e+03, 4.776e+03, 4.834e+03, 4.967e+03, 5.057e+03, 4.584e+03, 4.768e+03, 4.430e+03, 4.566e+03, 4.369e+03, 4.753e+03, 4.109e+03, 5.193e+03, 4.974e+03, 4.998e+03, 5.217e+03, 4.800e+03, 4.238e+03, 5.265e+03, 4.411e+03, 4.528e+03, 5.242e+03, 4.664e+03, 5.144e+03, 5.331e+03, 4.599e+03, 4.717e+03, 4.944e+03, 4.622e+03, 5.273e+03, 4.494e+03, 4.803e+03, 4.258e+03, 5.584e+03, 5.070e+03, 5.627e+03, 5.518e+03, 5.058e+03, 4.857e+03, 5.213e+03, 5.011e+03, 4.925e+03, 4.920e+03, 5.341e+03, 4.846e+03, 4.417e+03, 4.661e+03, 4.600e+03, 4.470e+03, 4.599e+03, 4.981e+03, 4.729e+03]
[2024-05-29 03:44:36] ppls=[1.155e+01, 1.091e+01, 1.080e+01, 1.093e+01, 1.110e+01, 1.079e+01, 1.071e+01, 1.044e+01, 1.030e+01, 1.010e+01, 1.011e+01, 9.853e+00, 1.004e+01, 1.013e+01, 1.022e+01, 1.036e+01, 1.036e+01, 1.021e+01, 1.034e+01, 1.025e+01, 1.019e+01, 1.030e+01, 1.028e+01, 1.036e+01, 1.047e+01, 1.043e+01, 1.041e+01, 1.044e+01, 1.040e+01, 1.049e+01, 1.043e+01, 1.043e+01, 1.035e+01, 1.047e+01, 1.051e+01, 1.062e+01, 1.072e+01, 1.075e+01, 1.075e+01, 1.079e+01, 1.081e+01, 1.082e+01, 1.082e+01, 1.088e+01, 1.087e+01, 1.082e+01, 1.079e+01, 1.076e+01, 1.072e+01, 1.069e+01, 1.071e+01, 1.069e+01]
[2024-05-29 03:44:36] PPL: 1.069e+01
