[2024-05-29 04:00:32] Environments:
------------  --------------------------------------------------------------------------------
sys.platform  linux
python        3.12.3 (main, Apr 27 2024, 19:00:21) [GCC 11.4.0]
datasets      2.19.1 @/home/giung/transformerx/.venv/lib/python3.12/site-packages/datasets
jax           0.4.28 @/home/giung/transformerx/.venv/lib/python3.12/site-packages/jax
jaxlib        0.4.28 @/home/giung/transformerx/.venv/lib/python3.12/site-packages/jaxlib
transformers  4.41.1 @/home/giung/transformerx/.venv/lib/python3.12/site-packages/transformers
------------  --------------------------------------------------------------------------------

[2024-05-29 04:00:32] Command line arguments:
- args.model      : microsoft/Phi-3-mini-4k-instruct
- args.data       : wikitext2
- args.seqlen     : 2048
- args.bits       : 8
- args.group_size : 32
- args.save       : save/wikitext2/microsoft/Phi-3-mini-4k-instruct/b8-g32
- args.seed       : 34156528

[2024-05-29 04:00:32] Local devices:
[TpuDevice(id=0, process_index=0, coords=(0,0,0), core_on_chip=0), TpuDevice(id=1, process_index=0, coords=(1,0,0), core_on_chip=0), TpuDevice(id=2, process_index=0, coords=(0,1,0), core_on_chip=0), TpuDevice(id=3, process_index=0, coords=(1,1,0), core_on_chip=0)]

[2024-05-29 04:02:13] nlls=[3.120e+03, 3.747e+03, 4.273e+03, 3.878e+03, 3.404e+03, 3.652e+03, 3.178e+03, 2.760e+03, 3.646e+03, 3.846e+03, 4.551e+03, 3.938e+03, 3.572e+03, 3.933e+03, 3.877e+03, 4.232e+03, 4.367e+03, 4.247e+03, 5.524e+03, 4.107e+03, 4.081e+03, 3.468e+03, 3.013e+03, 3.858e+03, 4.073e+03, 3.929e+03, 4.023e+03, 3.818e+03, 4.026e+03, 3.890e+03, 4.865e+03, 4.585e+03, 4.154e+03, 3.468e+03, 2.993e+03, 2.886e+03, 2.599e+03, 3.261e+03, 3.311e+03, 3.907e+03, 3.572e+03, 2.972e+03, 2.646e+03, 3.135e+03, 2.783e+03, 2.972e+03, 3.356e+03, 3.934e+03, 4.949e+03, 5.001e+03, 4.524e+03, 4.223e+03, 4.093e+03, 3.966e+03, 4.402e+03, 4.374e+03, 3.351e+03, 4.113e+03, 3.491e+03, 3.188e+03, 3.310e+03, 3.211e+03, 2.952e+03, 3.127e+03, 2.925e+03, 2.745e+03, 2.927e+03, 3.517e+03, 3.919e+03, 4.381e+03, 4.514e+03, 4.512e+03, 4.568e+03, 3.139e+03, 3.428e+03, 4.006e+03, 3.511e+03, 3.446e+03, 3.602e+03, 3.647e+03, 2.623e+03, 3.366e+03, 4.102e+03, 4.654e+03, 4.276e+03, 3.466e+03, 4.055e+03, 3.860e+03, 4.014e+03, 3.978e+03, 3.848e+03, 3.744e+03, 4.320e+03, 3.463e+03, 3.601e+03, 3.643e+03, 3.525e+03, 3.600e+03, 3.498e+03, 3.531e+03, 4.069e+03, 4.155e+03, 3.895e+03, 4.441e+03, 5.299e+03, 5.018e+03, 4.766e+03, 4.578e+03, 5.006e+03, 4.815e+03, 4.200e+03, 4.237e+03, 3.882e+03, 4.202e+03, 3.470e+03, 3.943e+03, 4.266e+03, 4.041e+03, 3.613e+03, 3.875e+03, 3.657e+03, 4.006e+03, 3.777e+03, 3.413e+03, 3.451e+03, 3.070e+03, 3.164e+03, 3.201e+03, 3.313e+03, 3.550e+03, 4.025e+03, 4.534e+03, 4.174e+03, 4.467e+03, 3.387e+03, 3.879e+03, 3.997e+03, 4.173e+03, 3.571e+03, 3.473e+03, 3.437e+03, 3.737e+03, 3.193e+03, 4.308e+03, 3.679e+03, 3.966e+03, 3.413e+03, 3.557e+03, 3.201e+03, 4.190e+03, 3.453e+03, 3.498e+03, 3.534e+03, 3.995e+03, 3.684e+03, 3.805e+03, 3.437e+03, 2.267e+03, 4.132e+03, 4.135e+03, 4.842e+03, 4.335e+03, 3.679e+03, 3.983e+03, 4.196e+03, 5.153e+03]
[2024-05-29 04:02:13] ppls=[4.588e+00, 5.347e+00, 6.130e+00, 6.255e+00, 6.044e+00, 6.029e+00, 5.821e+00, 5.528e+00, 5.571e+00, 5.662e+00, 5.919e+00, 5.990e+00, 5.969e+00, 6.027e+00, 6.066e+00, 6.166e+00, 6.281e+00, 6.364e+00, 6.654e+00, 6.691e+00, 6.720e+00, 6.656e+00, 6.534e+00, 6.536e+00, 6.565e+00, 6.575e+00, 6.594e+00, 6.589e+00, 6.608e+00, 6.610e+00, 6.715e+00, 6.785e+00, 6.809e+00, 6.764e+00, 6.677e+00, 6.587e+00, 6.478e+00, 6.431e+00, 6.391e+00, 6.400e+00, 6.382e+00, 6.321e+00, 6.241e+00, 6.198e+00, 6.135e+00, 6.086e+00, 6.065e+00, 6.080e+00, 6.156e+00, 6.233e+00, 6.280e+00, 6.307e+00, 6.326e+00, 6.337e+00, 6.372e+00, 6.404e+00, 6.379e+00, 6.396e+00, 6.380e+00, 6.349e+00, 6.324e+00, 6.296e+00, 6.257e+00, 6.227e+00, 6.188e+00, 6.143e+00, 6.108e+00, 6.100e+00, 6.109e+00, 6.138e+00, 6.172e+00, 6.205e+00, 6.239e+00, 6.214e+00, 6.201e+00, 6.212e+00, 6.203e+00, 6.192e+00, 6.187e+00, 6.183e+00, 6.142e+00, 6.129e+00, 6.143e+00, 6.177e+00, 6.196e+00, 6.187e+00, 6.198e+00, 6.202e+00, 6.212e+00, 6.220e+00, 6.223e+00, 6.223e+00, 6.242e+00, 6.233e+00, 6.228e+00, 6.225e+00, 6.218e+00, 6.214e+00, 6.206e+00, 6.200e+00, 6.210e+00, 6.222e+00, 6.227e+00, 6.247e+00, 6.292e+00, 6.329e+00, 6.357e+00, 6.380e+00, 6.415e+00, 6.443e+00, 6.454e+00, 6.466e+00, 6.468e+00, 6.478e+00, 6.468e+00, 6.472e+00, 6.484e+00, 6.489e+00, 6.483e+00, 6.485e+00, 6.480e+00, 6.485e+00, 6.484e+00, 6.473e+00, 6.463e+00, 6.445e+00, 6.429e+00, 6.414e+00, 6.402e+00, 6.396e+00, 6.401e+00, 6.418e+00, 6.427e+00, 6.442e+00, 6.432e+00, 6.434e+00, 6.438e+00, 6.446e+00, 6.441e+00, 6.433e+00, 6.425e+00, 6.423e+00, 6.410e+00, 6.421e+00, 6.418e+00, 6.421e+00, 6.413e+00, 6.408e+00, 6.395e+00, 6.403e+00, 6.396e+00, 6.390e+00, 6.384e+00, 6.388e+00, 6.386e+00, 6.386e+00, 6.379e+00, 6.349e+00, 6.356e+00, 6.362e+00, 6.383e+00, 6.393e+00, 6.391e+00, 6.394e+00, 6.402e+00, 6.427e+00]
[2024-05-29 04:02:13] PPL: 6.427e+00
