[2024-05-29 04:03:55] Environments:
------------  --------------------------------------------------------------------------------
sys.platform  linux
python        3.12.3 (main, Apr 27 2024, 19:00:21) [GCC 11.4.0]
datasets      2.19.1 @/home/giung/transformerx/.venv/lib/python3.12/site-packages/datasets
jax           0.4.28 @/home/giung/transformerx/.venv/lib/python3.12/site-packages/jax
jaxlib        0.4.28 @/home/giung/transformerx/.venv/lib/python3.12/site-packages/jaxlib
transformers  4.41.1 @/home/giung/transformerx/.venv/lib/python3.12/site-packages/transformers
------------  --------------------------------------------------------------------------------

[2024-05-29 04:03:55] Command line arguments:
- args.model      : microsoft/Phi-3-mini-4k-instruct
- args.data       : wikitext2
- args.seqlen     : 2048
- args.bits       : 7
- args.group_size : 128
- args.save       : save/wikitext2/microsoft/Phi-3-mini-4k-instruct/b7-g128
- args.seed       : 56661721

[2024-05-29 04:03:55] Local devices:
[TpuDevice(id=0, process_index=0, coords=(0,0,0), core_on_chip=0), TpuDevice(id=1, process_index=0, coords=(1,0,0), core_on_chip=0), TpuDevice(id=2, process_index=0, coords=(0,1,0), core_on_chip=0), TpuDevice(id=3, process_index=0, coords=(1,1,0), core_on_chip=0)]

[2024-05-29 04:05:34] nlls=[3.140e+03, 3.790e+03, 4.357e+03, 3.957e+03, 3.416e+03, 3.676e+03, 3.224e+03, 2.798e+03, 3.762e+03, 3.956e+03, 4.803e+03, 3.956e+03, 3.606e+03, 4.014e+03, 3.954e+03, 4.348e+03, 4.483e+03, 4.302e+03, 5.556e+03, 4.181e+03, 4.129e+03, 3.501e+03, 3.078e+03, 3.890e+03, 4.096e+03, 3.960e+03, 4.028e+03, 3.831e+03, 4.083e+03, 3.895e+03, 4.896e+03, 4.706e+03, 4.174e+03, 3.494e+03, 3.062e+03, 2.913e+03, 2.626e+03, 3.321e+03, 3.349e+03, 3.956e+03, 3.738e+03, 2.993e+03, 2.658e+03, 3.158e+03, 2.792e+03, 3.016e+03, 3.366e+03, 3.941e+03, 4.970e+03, 5.040e+03, 4.539e+03, 4.321e+03, 4.165e+03, 3.997e+03, 4.386e+03, 4.463e+03, 3.374e+03, 4.165e+03, 3.497e+03, 3.208e+03, 3.326e+03, 3.232e+03, 2.959e+03, 3.128e+03, 2.958e+03, 2.746e+03, 2.972e+03, 3.541e+03, 3.945e+03, 4.448e+03, 4.572e+03, 4.539e+03, 4.575e+03, 3.188e+03, 3.451e+03, 4.042e+03, 3.529e+03, 3.434e+03, 3.613e+03, 3.665e+03, 2.675e+03, 3.387e+03, 4.124e+03, 4.685e+03, 4.295e+03, 3.491e+03, 4.071e+03, 3.898e+03, 4.051e+03, 4.047e+03, 3.876e+03, 3.731e+03, 4.360e+03, 3.519e+03, 3.610e+03, 3.662e+03, 3.559e+03, 3.647e+03, 3.526e+03, 3.513e+03, 4.093e+03, 4.226e+03, 3.956e+03, 4.468e+03, 5.318e+03, 5.050e+03, 4.798e+03, 4.604e+03, 5.018e+03, 4.846e+03, 4.234e+03, 4.262e+03, 3.919e+03, 4.263e+03, 3.486e+03, 3.996e+03, 4.265e+03, 4.113e+03, 3.661e+03, 3.953e+03, 3.736e+03, 3.993e+03, 3.830e+03, 3.441e+03, 3.497e+03, 3.117e+03, 3.154e+03, 3.228e+03, 3.362e+03, 3.587e+03, 4.057e+03, 4.560e+03, 4.259e+03, 4.632e+03, 3.381e+03, 3.893e+03, 4.019e+03, 4.196e+03, 3.602e+03, 3.522e+03, 3.417e+03, 3.781e+03, 3.207e+03, 4.350e+03, 3.755e+03, 4.006e+03, 3.429e+03, 3.571e+03, 3.196e+03, 4.204e+03, 3.464e+03, 3.550e+03, 3.586e+03, 4.034e+03, 4.039e+03, 3.839e+03, 3.404e+03, 2.274e+03, 4.159e+03, 4.187e+03, 5.005e+03, 4.441e+03, 3.703e+03, 4.035e+03, 4.235e+03, 5.243e+03]
[2024-05-29 04:05:34] ppls=[4.633e+00, 5.430e+00, 6.278e+00, 6.429e+00, 6.185e+00, 6.157e+00, 5.947e+00, 5.645e+00, 5.712e+00, 5.821e+00, 6.138e+00, 6.199e+00, 6.168e+00, 6.230e+00, 6.273e+00, 6.386e+00, 6.513e+00, 6.596e+00, 6.889e+00, 6.927e+00, 6.954e+00, 6.882e+00, 6.755e+00, 6.752e+00, 6.776e+00, 6.782e+00, 6.795e+00, 6.784e+00, 6.802e+00, 6.799e+00, 6.904e+00, 6.983e+00, 7.003e+00, 6.954e+00, 6.866e+00, 6.770e+00, 6.656e+00, 6.608e+00, 6.566e+00, 6.574e+00, 6.564e+00, 6.499e+00, 6.413e+00, 6.367e+00, 6.298e+00, 6.248e+00, 6.223e+00, 6.236e+00, 6.312e+00, 6.391e+00, 6.436e+00, 6.467e+00, 6.487e+00, 6.497e+00, 6.529e+00, 6.564e+00, 6.537e+00, 6.555e+00, 6.536e+00, 6.502e+00, 6.476e+00, 6.446e+00, 6.403e+00, 6.370e+00, 6.330e+00, 6.282e+00, 6.246e+00, 6.236e+00, 6.245e+00, 6.276e+00, 6.311e+00, 6.343e+00, 6.377e+00, 6.352e+00, 6.338e+00, 6.348e+00, 6.338e+00, 6.324e+00, 6.318e+00, 6.314e+00, 6.272e+00, 6.258e+00, 6.272e+00, 6.305e+00, 6.324e+00, 6.314e+00, 6.325e+00, 6.329e+00, 6.338e+00, 6.347e+00, 6.351e+00, 6.349e+00, 6.368e+00, 6.359e+00, 6.353e+00, 6.349e+00, 6.342e+00, 6.337e+00, 6.330e+00, 6.321e+00, 6.331e+00, 6.345e+00, 6.350e+00, 6.370e+00, 6.415e+00, 6.452e+00, 6.481e+00, 6.504e+00, 6.539e+00, 6.568e+00, 6.579e+00, 6.590e+00, 6.592e+00, 6.603e+00, 6.593e+00, 6.596e+00, 6.607e+00, 6.614e+00, 6.608e+00, 6.611e+00, 6.607e+00, 6.611e+00, 6.610e+00, 6.598e+00, 6.589e+00, 6.570e+00, 6.552e+00, 6.537e+00, 6.525e+00, 6.519e+00, 6.524e+00, 6.541e+00, 6.551e+00, 6.570e+00, 6.559e+00, 6.560e+00, 6.564e+00, 6.571e+00, 6.566e+00, 6.558e+00, 6.548e+00, 6.547e+00, 6.532e+00, 6.544e+00, 6.541e+00, 6.545e+00, 6.536e+00, 6.530e+00, 6.516e+00, 6.524e+00, 6.516e+00, 6.510e+00, 6.505e+00, 6.509e+00, 6.513e+00, 6.513e+00, 6.504e+00, 6.473e+00, 6.480e+00, 6.487e+00, 6.510e+00, 6.522e+00, 6.519e+00, 6.523e+00, 6.530e+00, 6.557e+00]
[2024-05-29 04:05:34] PPL: 6.557e+00
