[2024-05-29 02:03:04] Environments:
------------  --------------------------------------------------------------------------------
sys.platform  linux
python        3.12.3 (main, Apr 27 2024, 19:00:21) [GCC 11.4.0]
datasets      2.19.1 @/home/giung/transformerx/.venv/lib/python3.12/site-packages/datasets
jax           0.4.28 @/home/giung/transformerx/.venv/lib/python3.12/site-packages/jax
jaxlib        0.4.28 @/home/giung/transformerx/.venv/lib/python3.12/site-packages/jaxlib
transformers  4.41.1 @/home/giung/transformerx/.venv/lib/python3.12/site-packages/transformers
------------  --------------------------------------------------------------------------------

[2024-05-29 02:03:04] Command line arguments:
- args.model      : microsoft/Phi-3-medium-4k-instruct
- args.data       : ptb
- args.seqlen     : 2048
- args.bits       : 0
- args.group_size : 128
- args.save       : save/ptb/microsoft/Phi-3-medium-4k-instruct/b0
- args.seed       : 4447604

[2024-05-29 02:03:04] Local devices:
[TpuDevice(id=0, process_index=0, coords=(0,0,0), core_on_chip=0), TpuDevice(id=1, process_index=0, coords=(1,0,0), core_on_chip=0), TpuDevice(id=2, process_index=0, coords=(0,1,0), core_on_chip=0), TpuDevice(id=3, process_index=0, coords=(1,1,0), core_on_chip=0)]

[2024-05-29 02:04:55] nlls=[4.953e+03, 4.745e+03, 4.795e+03, 4.914e+03, 5.024e+03, 4.566e+03, 4.746e+03, 4.399e+03, 4.528e+03, 4.348e+03, 4.736e+03, 4.098e+03, 5.154e+03, 4.939e+03, 4.947e+03, 5.207e+03, 4.733e+03, 4.198e+03, 5.261e+03, 4.386e+03, 4.471e+03, 5.223e+03, 4.637e+03, 5.098e+03, 5.268e+03, 4.575e+03, 4.647e+03, 4.930e+03, 4.575e+03, 5.268e+03, 4.457e+03, 4.799e+03, 4.203e+03, 5.555e+03, 5.027e+03, 5.607e+03, 5.479e+03, 4.988e+03, 4.803e+03, 5.187e+03, 4.989e+03, 4.897e+03, 4.894e+03, 5.313e+03, 4.828e+03, 4.407e+03, 4.628e+03, 4.551e+03, 4.417e+03, 4.587e+03, 4.964e+03, 4.669e+03]
[2024-05-29 02:04:55] ppls=[1.123e+01, 1.067e+01, 1.058e+01, 1.069e+01, 1.087e+01, 1.059e+01, 1.053e+01, 1.026e+01, 1.013e+01, 9.933e+00, 9.948e+00, 9.705e+00, 9.889e+00, 9.974e+00, 1.005e+01, 1.020e+01, 1.019e+01, 1.004e+01, 1.018e+01, 1.009e+01, 1.003e+01, 1.014e+01, 1.012e+01, 1.019e+01, 1.029e+01, 1.026e+01, 1.023e+01, 1.026e+01, 1.023e+01, 1.031e+01, 1.026e+01, 1.027e+01, 1.018e+01, 1.030e+01, 1.033e+01, 1.045e+01, 1.054e+01, 1.057e+01, 1.056e+01, 1.061e+01, 1.063e+01, 1.064e+01, 1.064e+01, 1.070e+01, 1.069e+01, 1.064e+01, 1.062e+01, 1.059e+01, 1.055e+01, 1.052e+01, 1.054e+01, 1.052e+01]
[2024-05-29 02:04:55] PPL: 1.052e+01
