[2024-05-29 03:44:10] Environments:
------------  --------------------------------------------------------------------------------
sys.platform  linux
python        3.12.3 (main, Apr 27 2024, 19:00:21) [GCC 11.4.0]
datasets      2.19.1 @/home/giung/transformerx/.venv/lib/python3.12/site-packages/datasets
jax           0.4.28 @/home/giung/transformerx/.venv/lib/python3.12/site-packages/jax
jaxlib        0.4.28 @/home/giung/transformerx/.venv/lib/python3.12/site-packages/jaxlib
transformers  4.41.1 @/home/giung/transformerx/.venv/lib/python3.12/site-packages/transformers
------------  --------------------------------------------------------------------------------

[2024-05-29 03:44:10] Command line arguments:
- args.model      : microsoft/Phi-3-medium-4k-instruct
- args.data       : ptb
- args.seqlen     : 2048
- args.bits       : 3
- args.group_size : 1
- args.save       : save/ptb/microsoft/Phi-3-medium-4k-instruct/b3-g1
- args.seed       : 11510380

[2024-05-29 03:44:10] Local devices:
[TpuDevice(id=0, process_index=0, coords=(0,0,0), core_on_chip=0), TpuDevice(id=1, process_index=0, coords=(1,0,0), core_on_chip=0), TpuDevice(id=2, process_index=0, coords=(0,1,0), core_on_chip=0), TpuDevice(id=3, process_index=0, coords=(1,1,0), core_on_chip=0)]

[2024-05-29 03:47:20] nlls=[2.103e+04, 2.166e+04, 2.062e+04, 2.215e+04, 2.217e+04, 2.169e+04, 2.163e+04, 2.203e+04, 2.244e+04, 2.181e+04, 2.343e+04, 2.129e+04, 2.890e+04, 2.229e+04, 2.239e+04, 2.405e+04, 2.290e+04, 2.225e+04, 2.250e+04, 2.328e+04, 2.167e+04, 2.267e+04, 2.475e+04, 2.288e+04, 2.102e+04, 2.233e+04, 2.081e+04, 2.237e+04, 2.215e+04, 2.190e+04, 2.187e+04, 2.173e+04, 2.136e+04, 2.326e+04, 2.233e+04, 2.471e+04, 2.365e+04, 2.268e+04, 2.169e+04, 2.271e+04, 2.272e+04, 2.307e+04, 2.157e+04, 2.391e+04, 2.261e+04, 2.310e+04, 2.314e+04, 2.160e+04, 2.245e+04, 2.223e+04, 2.254e+04, 2.208e+04]
[2024-05-29 03:47:20] ppls=[2.876e+04, 3.358e+04, 2.987e+04, 3.396e+04, 3.674e+04, 3.723e+04, 3.743e+04, 3.852e+04, 4.026e+04, 4.043e+04, 4.362e+04, 4.258e+04, 5.554e+04, 5.538e+04, 5.541e+04, 5.833e+04, 5.905e+04, 5.866e+04, 5.868e+04, 5.982e+04, 5.864e+04, 5.889e+04, 6.178e+04, 6.214e+04, 6.025e+04, 6.001e+04, 5.818e+04, 5.807e+04, 5.776e+04, 5.724e+04, 5.674e+04, 5.614e+04, 5.529e+04, 5.600e+04, 5.595e+04, 5.775e+04, 5.867e+04, 5.881e+04, 5.823e+04, 5.840e+04, 5.857e+04, 5.897e+04, 5.835e+04, 5.929e+04, 5.936e+04, 5.973e+04, 6.012e+04, 5.955e+04, 5.950e+04, 5.934e+04, 5.935e+04, 5.911e+04]
[2024-05-29 03:47:20] PPL: 5.911e+04
