[2024-05-29 02:05:06] Environments:
------------  --------------------------------------------------------------------------------
sys.platform  linux
python        3.12.3 (main, Apr 27 2024, 19:00:21) [GCC 11.4.0]
datasets      2.19.1 @/home/giung/transformerx/.venv/lib/python3.12/site-packages/datasets
jax           0.4.28 @/home/giung/transformerx/.venv/lib/python3.12/site-packages/jax
jaxlib        0.4.28 @/home/giung/transformerx/.venv/lib/python3.12/site-packages/jaxlib
transformers  4.41.1 @/home/giung/transformerx/.venv/lib/python3.12/site-packages/transformers
------------  --------------------------------------------------------------------------------

[2024-05-29 02:05:06] Command line arguments:
- args.model      : microsoft/Phi-3-mini-4k-instruct
- args.data       : wikitext2
- args.seqlen     : 2048
- args.bits       : 0
- args.group_size : 128
- args.save       : save/wikitext2/microsoft/Phi-3-mini-4k-instruct/b0
- args.seed       : 7281117

[2024-05-29 02:05:06] Local devices:
[TpuDevice(id=0, process_index=0, coords=(0,0,0), core_on_chip=0), TpuDevice(id=1, process_index=0, coords=(1,0,0), core_on_chip=0), TpuDevice(id=2, process_index=0, coords=(0,1,0), core_on_chip=0), TpuDevice(id=3, process_index=0, coords=(1,1,0), core_on_chip=0)]

[2024-05-29 02:06:40] nlls=[3.111e+03, 3.735e+03, 4.256e+03, 3.866e+03, 3.399e+03, 3.643e+03, 3.145e+03, 2.754e+03, 3.663e+03, 3.829e+03, 4.556e+03, 3.928e+03, 3.565e+03, 3.929e+03, 3.868e+03, 4.227e+03, 4.379e+03, 4.227e+03, 5.470e+03, 4.053e+03, 4.068e+03, 3.463e+03, 3.005e+03, 3.845e+03, 4.065e+03, 3.898e+03, 4.006e+03, 3.825e+03, 4.033e+03, 3.881e+03, 4.854e+03, 4.583e+03, 4.149e+03, 3.458e+03, 2.985e+03, 2.874e+03, 2.583e+03, 3.244e+03, 3.315e+03, 3.907e+03, 3.571e+03, 2.969e+03, 2.642e+03, 3.139e+03, 2.773e+03, 2.962e+03, 3.346e+03, 3.933e+03, 4.938e+03, 4.991e+03, 4.511e+03, 4.225e+03, 4.082e+03, 3.949e+03, 4.375e+03, 4.370e+03, 3.356e+03, 4.103e+03, 3.486e+03, 3.182e+03, 3.297e+03, 3.205e+03, 2.943e+03, 3.117e+03, 2.912e+03, 2.746e+03, 2.913e+03, 3.544e+03, 3.908e+03, 4.374e+03, 4.505e+03, 4.505e+03, 4.554e+03, 3.139e+03, 3.414e+03, 3.995e+03, 3.501e+03, 3.441e+03, 3.594e+03, 3.643e+03, 2.616e+03, 3.353e+03, 4.101e+03, 4.659e+03, 4.261e+03, 3.467e+03, 4.065e+03, 3.854e+03, 4.001e+03, 3.990e+03, 3.843e+03, 3.730e+03, 4.313e+03, 3.458e+03, 3.597e+03, 3.642e+03, 3.518e+03, 3.592e+03, 3.507e+03, 3.528e+03, 4.075e+03, 4.154e+03, 3.887e+03, 4.449e+03, 5.289e+03, 5.013e+03, 4.758e+03, 4.576e+03, 4.994e+03, 4.807e+03, 4.202e+03, 4.228e+03, 3.880e+03, 4.195e+03, 3.462e+03, 3.937e+03, 4.249e+03, 4.039e+03, 3.598e+03, 3.866e+03, 3.649e+03, 4.004e+03, 3.782e+03, 3.402e+03, 3.461e+03, 3.058e+03, 3.154e+03, 3.193e+03, 3.307e+03, 3.541e+03, 4.009e+03, 4.483e+03, 4.176e+03, 4.482e+03, 3.384e+03, 3.866e+03, 3.982e+03, 4.170e+03, 3.567e+03, 3.487e+03, 3.425e+03, 3.734e+03, 3.193e+03, 4.293e+03, 3.674e+03, 3.963e+03, 3.409e+03, 3.552e+03, 3.197e+03, 4.185e+03, 3.446e+03, 3.490e+03, 3.534e+03, 3.976e+03, 3.679e+03, 3.792e+03, 3.415e+03, 2.259e+03, 4.127e+03, 4.137e+03, 4.875e+03, 4.335e+03, 3.673e+03, 3.979e+03, 4.201e+03, 5.140e+03]
[2024-05-29 02:06:40] ppls=[4.568e+00, 5.320e+00, 6.092e+00, 6.216e+00, 6.011e+00, 5.996e+00, 5.781e+00, 5.493e+00, 5.545e+00, 5.633e+00, 5.892e+00, 5.964e+00, 5.943e+00, 6.001e+00, 6.040e+00, 6.141e+00, 6.259e+00, 6.339e+00, 6.621e+00, 6.650e+00, 6.679e+00, 6.616e+00, 6.496e+00, 6.498e+00, 6.527e+00, 6.534e+00, 6.553e+00, 6.550e+00, 6.571e+00, 6.573e+00, 6.678e+00, 6.749e+00, 6.773e+00, 6.728e+00, 6.642e+00, 6.552e+00, 6.444e+00, 6.397e+00, 6.358e+00, 6.367e+00, 6.350e+00, 6.290e+00, 6.211e+00, 6.169e+00, 6.106e+00, 6.058e+00, 6.036e+00, 6.052e+00, 6.128e+00, 6.205e+00, 6.251e+00, 6.278e+00, 6.297e+00, 6.307e+00, 6.341e+00, 6.374e+00, 6.350e+00, 6.367e+00, 6.351e+00, 6.320e+00, 6.295e+00, 6.268e+00, 6.228e+00, 6.198e+00, 6.160e+00, 6.116e+00, 6.080e+00, 6.074e+00, 6.083e+00, 6.111e+00, 6.145e+00, 6.178e+00, 6.212e+00, 6.188e+00, 6.175e+00, 6.185e+00, 6.176e+00, 6.165e+00, 6.160e+00, 6.157e+00, 6.116e+00, 6.103e+00, 6.117e+00, 6.151e+00, 6.170e+00, 6.161e+00, 6.173e+00, 6.177e+00, 6.187e+00, 6.195e+00, 6.199e+00, 6.199e+00, 6.218e+00, 6.208e+00, 6.204e+00, 6.201e+00, 6.194e+00, 6.190e+00, 6.183e+00, 6.177e+00, 6.187e+00, 6.199e+00, 6.204e+00, 6.225e+00, 6.269e+00, 6.306e+00, 6.334e+00, 6.357e+00, 6.391e+00, 6.420e+00, 6.431e+00, 6.443e+00, 6.445e+00, 6.455e+00, 6.445e+00, 6.449e+00, 6.460e+00, 6.466e+00, 6.460e+00, 6.461e+00, 6.457e+00, 6.462e+00, 6.461e+00, 6.450e+00, 6.441e+00, 6.422e+00, 6.406e+00, 6.391e+00, 6.379e+00, 6.373e+00, 6.378e+00, 6.395e+00, 6.403e+00, 6.419e+00, 6.409e+00, 6.411e+00, 6.415e+00, 6.423e+00, 6.418e+00, 6.410e+00, 6.402e+00, 6.401e+00, 6.387e+00, 6.398e+00, 6.395e+00, 6.399e+00, 6.390e+00, 6.385e+00, 6.373e+00, 6.381e+00, 6.374e+00, 6.367e+00, 6.362e+00, 6.366e+00, 6.364e+00, 6.364e+00, 6.356e+00, 6.326e+00, 6.333e+00, 6.340e+00, 6.361e+00, 6.372e+00, 6.369e+00, 6.373e+00, 6.381e+00, 6.406e+00]
[2024-05-29 02:06:40] PPL: 6.406e+00
