[2024-05-29 03:47:31] Environments:
------------  --------------------------------------------------------------------------------
sys.platform  linux
python        3.12.3 (main, Apr 27 2024, 19:00:21) [GCC 11.4.0]
datasets      2.19.1 @/home/giung/transformerx/.venv/lib/python3.12/site-packages/datasets
jax           0.4.28 @/home/giung/transformerx/.venv/lib/python3.12/site-packages/jax
jaxlib        0.4.28 @/home/giung/transformerx/.venv/lib/python3.12/site-packages/jaxlib
transformers  4.41.1 @/home/giung/transformerx/.venv/lib/python3.12/site-packages/transformers
------------  --------------------------------------------------------------------------------

[2024-05-29 03:47:31] Command line arguments:
- args.model      : microsoft/Phi-3-medium-4k-instruct
- args.data       : ptb
- args.seqlen     : 2048
- args.bits       : 3
- args.group_size : 16
- args.save       : save/ptb/microsoft/Phi-3-medium-4k-instruct/b3-g16
- args.seed       : 32828690

[2024-05-29 03:47:31] Local devices:
[TpuDevice(id=0, process_index=0, coords=(0,0,0), core_on_chip=0), TpuDevice(id=1, process_index=0, coords=(1,0,0), core_on_chip=0), TpuDevice(id=2, process_index=0, coords=(0,1,0), core_on_chip=0), TpuDevice(id=3, process_index=0, coords=(1,1,0), core_on_chip=0)]

[2024-05-29 03:51:27] nlls=[2.787e+04, 2.792e+04, 2.832e+04, 2.794e+04, 2.763e+04, 2.703e+04, 2.818e+04, 2.806e+04, 2.765e+04, 2.733e+04, 2.818e+04, 2.767e+04, 2.544e+04, 2.735e+04, 2.802e+04, 2.685e+04, 2.691e+04, 2.821e+04, 2.677e+04, 2.739e+04, 2.768e+04, 2.622e+04, 2.677e+04, 2.793e+04, 2.758e+04, 2.731e+04, 2.768e+04, 2.748e+04, 2.896e+04, 2.694e+04, 2.748e+04, 2.789e+04, 2.759e+04, 2.613e+04, 2.795e+04, 2.623e+04, 2.722e+04, 2.829e+04, 2.757e+04, 2.761e+04, 2.662e+04, 2.802e+04, 2.822e+04, 2.627e+04, 2.722e+04, 2.693e+04, 2.732e+04, 2.807e+04, 2.816e+04, 2.734e+04, 2.784e+04, 2.718e+04]
[2024-05-29 03:51:27] ppls=[8.124e+05, 8.232e+05, 8.816e+05, 8.714e+05, 8.393e+05, 7.797e+05, 8.017e+05, 8.123e+05, 8.029e+05, 7.829e+05, 7.964e+05, 7.913e+05, 7.237e+05, 7.165e+05, 7.262e+05, 7.090e+05, 6.952e+05, 7.078e+05, 6.931e+05, 6.905e+05, 6.928e+05, 6.729e+05, 6.627e+05, 6.692e+05, 6.707e+05, 6.686e+05, 6.712e+05, 6.712e+05, 6.882e+05, 6.816e+05, 6.812e+05, 6.852e+05, 6.859e+05, 6.723e+05, 6.768e+05, 6.653e+05, 6.632e+05, 6.703e+05, 6.711e+05, 6.722e+05, 6.653e+05, 6.696e+05, 6.754e+05, 6.663e+05, 6.645e+05, 6.608e+05, 6.599e+05, 6.641e+05, 6.688e+05, 6.679e+05, 6.703e+05, 6.685e+05]
[2024-05-29 03:51:27] PPL: 6.685e+05
