[2024-05-29 03:41:39] Environments:
------------  --------------------------------------------------------------------------------
sys.platform  linux
python        3.12.3 (main, Apr 27 2024, 19:00:21) [GCC 11.4.0]
datasets      2.19.1 @/home/giung/transformerx/.venv/lib/python3.12/site-packages/datasets
jax           0.4.28 @/home/giung/transformerx/.venv/lib/python3.12/site-packages/jax
jaxlib        0.4.28 @/home/giung/transformerx/.venv/lib/python3.12/site-packages/jaxlib
transformers  4.41.1 @/home/giung/transformerx/.venv/lib/python3.12/site-packages/transformers
------------  --------------------------------------------------------------------------------

[2024-05-29 03:41:39] Command line arguments:
- args.model      : microsoft/Phi-3-medium-4k-instruct
- args.data       : ptb
- args.seqlen     : 2048
- args.bits       : 7
- args.group_size : 1
- args.save       : save/ptb/microsoft/Phi-3-medium-4k-instruct/b7-g1
- args.seed       : 40280504

[2024-05-29 03:41:39] Local devices:
[TpuDevice(id=0, process_index=0, coords=(0,0,0), core_on_chip=0), TpuDevice(id=1, process_index=0, coords=(1,0,0), core_on_chip=0), TpuDevice(id=2, process_index=0, coords=(0,1,0), core_on_chip=0), TpuDevice(id=3, process_index=0, coords=(1,1,0), core_on_chip=0)]

[2024-05-29 03:44:53] nlls=[4.958e+03, 4.746e+03, 4.802e+03, 4.926e+03, 5.043e+03, 4.580e+03, 4.750e+03, 4.404e+03, 4.538e+03, 4.361e+03, 4.754e+03, 4.100e+03, 5.156e+03, 4.943e+03, 4.958e+03, 5.211e+03, 4.744e+03, 4.205e+03, 5.263e+03, 4.392e+03, 4.480e+03, 5.226e+03, 4.638e+03, 5.106e+03, 5.281e+03, 4.583e+03, 4.661e+03, 4.939e+03, 4.588e+03, 5.282e+03, 4.469e+03, 4.801e+03, 4.210e+03, 5.555e+03, 5.034e+03, 5.610e+03, 5.485e+03, 5.006e+03, 4.815e+03, 5.201e+03, 4.992e+03, 4.906e+03, 4.900e+03, 5.323e+03, 4.836e+03, 4.407e+03, 4.628e+03, 4.554e+03, 4.416e+03, 4.591e+03, 4.974e+03, 4.681e+03]
[2024-05-29 03:44:53] ppls=[1.126e+01, 1.069e+01, 1.060e+01, 1.072e+01, 1.091e+01, 1.064e+01, 1.057e+01, 1.030e+01, 1.017e+01, 9.976e+00, 9.995e+00, 9.748e+00, 9.930e+00, 1.001e+01, 1.009e+01, 1.024e+01, 1.023e+01, 1.008e+01, 1.022e+01, 1.013e+01, 1.007e+01, 1.018e+01, 1.015e+01, 1.023e+01, 1.033e+01, 1.029e+01, 1.027e+01, 1.030e+01, 1.027e+01, 1.036e+01, 1.030e+01, 1.031e+01, 1.022e+01, 1.034e+01, 1.037e+01, 1.049e+01, 1.058e+01, 1.061e+01, 1.060e+01, 1.065e+01, 1.067e+01, 1.068e+01, 1.068e+01, 1.074e+01, 1.074e+01, 1.069e+01, 1.066e+01, 1.063e+01, 1.058e+01, 1.056e+01, 1.057e+01, 1.056e+01]
[2024-05-29 03:44:53] PPL: 1.056e+01
