[2024-05-29 04:02:23] Environments:
------------  --------------------------------------------------------------------------------
sys.platform  linux
python        3.12.3 (main, Apr 27 2024, 19:00:21) [GCC 11.4.0]
datasets      2.19.1 @/home/giung/transformerx/.venv/lib/python3.12/site-packages/datasets
jax           0.4.28 @/home/giung/transformerx/.venv/lib/python3.12/site-packages/jax
jaxlib        0.4.28 @/home/giung/transformerx/.venv/lib/python3.12/site-packages/jaxlib
transformers  4.41.1 @/home/giung/transformerx/.venv/lib/python3.12/site-packages/transformers
------------  --------------------------------------------------------------------------------

[2024-05-29 04:02:23] Command line arguments:
- args.model      : microsoft/Phi-3-mini-4k-instruct
- args.data       : wikitext2
- args.seqlen     : 2048
- args.bits       : 8
- args.group_size : 128
- args.save       : save/wikitext2/microsoft/Phi-3-mini-4k-instruct/b8-g128
- args.seed       : 24544911

[2024-05-29 04:02:23] Local devices:
[TpuDevice(id=0, process_index=0, coords=(0,0,0), core_on_chip=0), TpuDevice(id=1, process_index=0, coords=(1,0,0), core_on_chip=0), TpuDevice(id=2, process_index=0, coords=(0,1,0), core_on_chip=0), TpuDevice(id=3, process_index=0, coords=(1,1,0), core_on_chip=0)]

[2024-05-29 04:04:12] nlls=[3.110e+03, 3.751e+03, 4.272e+03, 3.897e+03, 3.401e+03, 3.659e+03, 3.166e+03, 2.761e+03, 3.643e+03, 3.824e+03, 4.510e+03, 3.944e+03, 3.566e+03, 3.924e+03, 3.886e+03, 4.201e+03, 4.348e+03, 4.229e+03, 5.427e+03, 4.093e+03, 4.055e+03, 3.468e+03, 3.016e+03, 3.858e+03, 4.073e+03, 3.915e+03, 3.999e+03, 3.797e+03, 4.027e+03, 3.863e+03, 4.852e+03, 4.558e+03, 4.159e+03, 3.465e+03, 2.984e+03, 2.874e+03, 2.607e+03, 3.240e+03, 3.324e+03, 3.896e+03, 3.560e+03, 2.962e+03, 2.652e+03, 3.135e+03, 2.768e+03, 2.972e+03, 3.344e+03, 3.947e+03, 4.948e+03, 4.996e+03, 4.527e+03, 4.222e+03, 4.093e+03, 3.965e+03, 4.377e+03, 4.373e+03, 3.342e+03, 4.109e+03, 3.487e+03, 3.191e+03, 3.301e+03, 3.204e+03, 2.949e+03, 3.122e+03, 2.917e+03, 2.731e+03, 2.921e+03, 3.531e+03, 3.920e+03, 4.356e+03, 4.527e+03, 4.508e+03, 4.550e+03, 3.150e+03, 3.414e+03, 4.006e+03, 3.495e+03, 3.440e+03, 3.601e+03, 3.648e+03, 2.634e+03, 3.364e+03, 4.106e+03, 4.659e+03, 4.267e+03, 3.464e+03, 4.036e+03, 3.851e+03, 4.015e+03, 3.986e+03, 3.849e+03, 3.741e+03, 4.323e+03, 3.454e+03, 3.604e+03, 3.659e+03, 3.525e+03, 3.602e+03, 3.503e+03, 3.517e+03, 4.057e+03, 4.139e+03, 3.895e+03, 4.447e+03, 5.281e+03, 5.011e+03, 4.767e+03, 4.567e+03, 4.995e+03, 4.804e+03, 4.184e+03, 4.219e+03, 3.868e+03, 4.185e+03, 3.458e+03, 3.919e+03, 4.223e+03, 4.021e+03, 3.596e+03, 3.866e+03, 3.663e+03, 4.003e+03, 3.769e+03, 3.404e+03, 3.463e+03, 3.077e+03, 3.164e+03, 3.208e+03, 3.320e+03, 3.548e+03, 4.027e+03, 4.582e+03, 4.154e+03, 4.403e+03, 3.371e+03, 3.868e+03, 3.971e+03, 4.186e+03, 3.556e+03, 3.476e+03, 3.423e+03, 3.729e+03, 3.212e+03, 4.316e+03, 3.658e+03, 3.949e+03, 3.416e+03, 3.552e+03, 3.194e+03, 4.190e+03, 3.455e+03, 3.485e+03, 3.533e+03, 4.002e+03, 3.678e+03, 3.778e+03, 3.429e+03, 2.257e+03, 4.132e+03, 4.126e+03, 4.824e+03, 4.290e+03, 3.678e+03, 3.983e+03, 4.190e+03, 5.164e+03]
[2024-05-29 04:04:12] ppls=[4.566e+00, 5.339e+00, 6.123e+00, 6.263e+00, 6.049e+00, 6.036e+00, 5.822e+00, 5.529e+00, 5.571e+00, 5.655e+00, 5.902e+00, 5.976e+00, 5.955e+00, 6.011e+00, 6.053e+00, 6.148e+00, 6.260e+00, 6.341e+00, 6.615e+00, 6.651e+00, 6.678e+00, 6.616e+00, 6.497e+00, 6.500e+00, 6.531e+00, 6.540e+00, 6.558e+00, 6.552e+00, 6.571e+00, 6.572e+00, 6.676e+00, 6.745e+00, 6.770e+00, 6.726e+00, 6.640e+00, 6.550e+00, 6.444e+00, 6.396e+00, 6.358e+00, 6.367e+00, 6.349e+00, 6.289e+00, 6.210e+00, 6.168e+00, 6.104e+00, 6.057e+00, 6.035e+00, 6.052e+00, 6.128e+00, 6.206e+00, 6.253e+00, 6.280e+00, 6.299e+00, 6.310e+00, 6.344e+00, 6.377e+00, 6.352e+00, 6.370e+00, 6.353e+00, 6.323e+00, 6.299e+00, 6.271e+00, 6.231e+00, 6.202e+00, 6.164e+00, 6.119e+00, 6.083e+00, 6.076e+00, 6.086e+00, 6.114e+00, 6.148e+00, 6.181e+00, 6.215e+00, 6.191e+00, 6.178e+00, 6.189e+00, 6.180e+00, 6.169e+00, 6.164e+00, 6.161e+00, 6.121e+00, 6.108e+00, 6.122e+00, 6.156e+00, 6.176e+00, 6.166e+00, 6.177e+00, 6.181e+00, 6.191e+00, 6.199e+00, 6.203e+00, 6.203e+00, 6.222e+00, 6.213e+00, 6.209e+00, 6.206e+00, 6.199e+00, 6.195e+00, 6.188e+00, 6.182e+00, 6.191e+00, 6.203e+00, 6.208e+00, 6.229e+00, 6.273e+00, 6.309e+00, 6.338e+00, 6.361e+00, 6.395e+00, 6.424e+00, 6.434e+00, 6.446e+00, 6.447e+00, 6.457e+00, 6.447e+00, 6.450e+00, 6.461e+00, 6.466e+00, 6.460e+00, 6.462e+00, 6.457e+00, 6.462e+00, 6.461e+00, 6.450e+00, 6.441e+00, 6.423e+00, 6.407e+00, 6.392e+00, 6.381e+00, 6.375e+00, 6.381e+00, 6.399e+00, 6.407e+00, 6.421e+00, 6.411e+00, 6.413e+00, 6.416e+00, 6.425e+00, 6.419e+00, 6.412e+00, 6.403e+00, 6.402e+00, 6.389e+00, 6.400e+00, 6.397e+00, 6.400e+00, 6.392e+00, 6.387e+00, 6.374e+00, 6.382e+00, 6.375e+00, 6.369e+00, 6.364e+00, 6.368e+00, 6.366e+00, 6.366e+00, 6.358e+00, 6.328e+00, 6.335e+00, 6.342e+00, 6.362e+00, 6.372e+00, 6.369e+00, 6.373e+00, 6.381e+00, 6.406e+00]
[2024-05-29 04:04:12] PPL: 6.406e+00
