[2024-05-29 03:56:53] Environments:
------------  --------------------------------------------------------------------------------
sys.platform  linux
python        3.12.3 (main, Apr 27 2024, 19:00:21) [GCC 11.4.0]
datasets      2.19.1 @/home/giung/transformerx/.venv/lib/python3.12/site-packages/datasets
jax           0.4.28 @/home/giung/transformerx/.venv/lib/python3.12/site-packages/jax
jaxlib        0.4.28 @/home/giung/transformerx/.venv/lib/python3.12/site-packages/jaxlib
transformers  4.41.1 @/home/giung/transformerx/.venv/lib/python3.12/site-packages/transformers
------------  --------------------------------------------------------------------------------

[2024-05-29 03:56:53] Command line arguments:
- args.model      : microsoft/Phi-3-mini-4k-instruct
- args.data       : wikitext2
- args.seqlen     : 2048
- args.bits       : 6
- args.group_size : 32
- args.save       : save/wikitext2/microsoft/Phi-3-mini-4k-instruct/b6-g32
- args.seed       : 54832894

[2024-05-29 03:56:53] Local devices:
[TpuDevice(id=0, process_index=0, coords=(0,0,0), core_on_chip=0), TpuDevice(id=1, process_index=0, coords=(1,0,0), core_on_chip=0), TpuDevice(id=2, process_index=0, coords=(0,1,0), core_on_chip=0), TpuDevice(id=3, process_index=0, coords=(1,1,0), core_on_chip=0)]

[2024-05-29 03:58:19] nlls=[3.205e+03, 3.939e+03, 4.420e+03, 4.039e+03, 3.446e+03, 3.741e+03, 3.201e+03, 2.966e+03, 3.875e+03, 3.962e+03, 4.578e+03, 4.013e+03, 3.610e+03, 3.959e+03, 4.006e+03, 4.324e+03, 4.413e+03, 4.329e+03, 5.469e+03, 4.188e+03, 4.127e+03, 3.534e+03, 3.162e+03, 3.945e+03, 4.146e+03, 4.007e+03, 4.159e+03, 3.906e+03, 4.166e+03, 3.920e+03, 4.903e+03, 4.633e+03, 4.238e+03, 3.530e+03, 3.106e+03, 2.958e+03, 2.687e+03, 3.389e+03, 3.401e+03, 3.990e+03, 3.689e+03, 3.009e+03, 2.708e+03, 3.223e+03, 2.870e+03, 3.001e+03, 3.384e+03, 4.044e+03, 4.966e+03, 5.044e+03, 4.550e+03, 4.477e+03, 4.132e+03, 3.998e+03, 4.446e+03, 4.434e+03, 3.438e+03, 4.186e+03, 3.589e+03, 3.280e+03, 3.339e+03, 3.243e+03, 2.969e+03, 3.148e+03, 2.904e+03, 2.769e+03, 2.988e+03, 3.551e+03, 3.954e+03, 4.429e+03, 4.497e+03, 4.565e+03, 4.607e+03, 3.206e+03, 3.477e+03, 4.119e+03, 3.558e+03, 3.492e+03, 3.662e+03, 3.696e+03, 2.680e+03, 3.430e+03, 4.180e+03, 4.735e+03, 4.358e+03, 3.547e+03, 4.107e+03, 3.918e+03, 4.085e+03, 4.003e+03, 3.863e+03, 3.784e+03, 4.413e+03, 3.514e+03, 3.639e+03, 3.677e+03, 3.605e+03, 3.670e+03, 3.550e+03, 3.584e+03, 4.105e+03, 4.207e+03, 3.935e+03, 4.572e+03, 5.335e+03, 5.088e+03, 4.877e+03, 4.684e+03, 5.059e+03, 4.878e+03, 4.243e+03, 4.303e+03, 3.940e+03, 4.281e+03, 3.569e+03, 3.991e+03, 4.327e+03, 4.121e+03, 3.721e+03, 4.004e+03, 3.748e+03, 4.116e+03, 3.811e+03, 3.512e+03, 3.553e+03, 3.141e+03, 3.326e+03, 3.301e+03, 3.419e+03, 3.638e+03, 4.129e+03, 4.638e+03, 4.237e+03, 4.690e+03, 3.423e+03, 3.901e+03, 4.018e+03, 4.231e+03, 3.594e+03, 3.483e+03, 3.458e+03, 3.795e+03, 3.281e+03, 4.429e+03, 3.729e+03, 4.030e+03, 3.454e+03, 3.603e+03, 3.216e+03, 4.260e+03, 3.512e+03, 3.610e+03, 3.633e+03, 4.085e+03, 3.700e+03, 3.884e+03, 3.818e+03, 2.310e+03, 4.173e+03, 4.228e+03, 5.108e+03, 4.239e+03, 3.726e+03, 4.049e+03, 4.208e+03, 5.233e+03]
[2024-05-29 03:58:19] ppls=[4.781e+00, 5.721e+00, 6.568e+00, 6.718e+00, 6.426e+00, 6.390e+00, 6.129e+00, 5.856e+00, 5.938e+00, 6.030e+00, 6.275e+00, 6.340e+00, 6.299e+00, 6.341e+00, 6.387e+00, 6.490e+00, 6.600e+00, 6.683e+00, 6.960e+00, 6.997e+00, 7.020e+00, 6.949e+00, 6.831e+00, 6.832e+00, 6.861e+00, 6.869e+00, 6.895e+00, 6.889e+00, 6.914e+00, 6.910e+00, 7.013e+00, 7.082e+00, 7.106e+00, 7.057e+00, 6.969e+00, 6.874e+00, 6.760e+00, 6.715e+00, 6.673e+00, 6.681e+00, 6.665e+00, 6.598e+00, 6.512e+00, 6.468e+00, 6.401e+00, 6.347e+00, 6.321e+00, 6.338e+00, 6.413e+00, 6.491e+00, 6.536e+00, 6.575e+00, 6.591e+00, 6.600e+00, 6.634e+00, 6.666e+00, 6.641e+00, 6.658e+00, 6.642e+00, 6.610e+00, 6.582e+00, 6.550e+00, 6.505e+00, 6.471e+00, 6.427e+00, 6.377e+00, 6.340e+00, 6.329e+00, 6.337e+00, 6.366e+00, 6.397e+00, 6.430e+00, 6.465e+00, 6.438e+00, 6.424e+00, 6.437e+00, 6.427e+00, 6.414e+00, 6.408e+00, 6.404e+00, 6.361e+00, 6.347e+00, 6.362e+00, 6.397e+00, 6.417e+00, 6.408e+00, 6.419e+00, 6.423e+00, 6.432e+00, 6.439e+00, 6.441e+00, 6.440e+00, 6.460e+00, 6.450e+00, 6.444e+00, 6.439e+00, 6.433e+00, 6.428e+00, 6.420e+00, 6.413e+00, 6.422e+00, 6.434e+00, 6.438e+00, 6.461e+00, 6.507e+00, 6.544e+00, 6.575e+00, 6.600e+00, 6.635e+00, 6.665e+00, 6.675e+00, 6.687e+00, 6.689e+00, 6.700e+00, 6.691e+00, 6.693e+00, 6.705e+00, 6.712e+00, 6.707e+00, 6.710e+00, 6.706e+00, 6.711e+00, 6.709e+00, 6.699e+00, 6.690e+00, 6.671e+00, 6.656e+00, 6.641e+00, 6.630e+00, 6.624e+00, 6.630e+00, 6.649e+00, 6.658e+00, 6.677e+00, 6.666e+00, 6.667e+00, 6.670e+00, 6.678e+00, 6.671e+00, 6.662e+00, 6.652e+00, 6.650e+00, 6.636e+00, 6.649e+00, 6.645e+00, 6.649e+00, 6.639e+00, 6.633e+00, 6.619e+00, 6.627e+00, 6.620e+00, 6.614e+00, 6.609e+00, 6.614e+00, 6.610e+00, 6.610e+00, 6.609e+00, 6.578e+00, 6.584e+00, 6.591e+00, 6.616e+00, 6.624e+00, 6.621e+00, 6.624e+00, 6.631e+00, 6.657e+00]
[2024-05-29 03:58:19] PPL: 6.657e+00
