[2024-05-29 03:53:10] Environments:
------------  --------------------------------------------------------------------------------
sys.platform  linux
python        3.12.3 (main, Apr 27 2024, 19:00:21) [GCC 11.4.0]
datasets      2.19.1 @/home/giung/transformerx/.venv/lib/python3.12/site-packages/datasets
jax           0.4.28 @/home/giung/transformerx/.venv/lib/python3.12/site-packages/jax
jaxlib        0.4.28 @/home/giung/transformerx/.venv/lib/python3.12/site-packages/jaxlib
transformers  4.41.1 @/home/giung/transformerx/.venv/lib/python3.12/site-packages/transformers
------------  --------------------------------------------------------------------------------

[2024-05-29 03:53:10] Command line arguments:
- args.model      : microsoft/Phi-3-mini-4k-instruct
- args.data       : wikitext2
- args.seqlen     : 2048
- args.bits       : 6
- args.group_size : 1
- args.save       : save/wikitext2/microsoft/Phi-3-mini-4k-instruct/b6-g1
- args.seed       : 12224937

[2024-05-29 03:53:10] Local devices:
[TpuDevice(id=0, process_index=0, coords=(0,0,0), core_on_chip=0), TpuDevice(id=1, process_index=0, coords=(1,0,0), core_on_chip=0), TpuDevice(id=2, process_index=0, coords=(0,1,0), core_on_chip=0), TpuDevice(id=3, process_index=0, coords=(1,1,0), core_on_chip=0)]

[2024-05-29 03:55:05] nlls=[3.141e+03, 3.770e+03, 4.300e+03, 3.952e+03, 3.416e+03, 3.677e+03, 3.214e+03, 2.818e+03, 3.745e+03, 3.900e+03, 4.672e+03, 3.949e+03, 3.595e+03, 3.963e+03, 3.928e+03, 4.298e+03, 4.461e+03, 4.275e+03, 5.729e+03, 4.211e+03, 4.221e+03, 3.488e+03, 3.052e+03, 3.894e+03, 4.097e+03, 3.964e+03, 4.043e+03, 3.859e+03, 4.117e+03, 3.903e+03, 4.857e+03, 4.673e+03, 4.189e+03, 3.490e+03, 3.040e+03, 2.878e+03, 2.639e+03, 3.326e+03, 3.323e+03, 3.942e+03, 3.594e+03, 2.985e+03, 2.681e+03, 3.165e+03, 2.826e+03, 3.000e+03, 3.357e+03, 3.979e+03, 4.967e+03, 5.100e+03, 4.557e+03, 4.308e+03, 4.139e+03, 4.000e+03, 4.459e+03, 4.447e+03, 3.378e+03, 4.145e+03, 3.512e+03, 3.223e+03, 3.300e+03, 3.230e+03, 2.952e+03, 3.158e+03, 2.946e+03, 2.744e+03, 2.968e+03, 3.548e+03, 3.926e+03, 4.442e+03, 4.506e+03, 4.519e+03, 4.589e+03, 3.143e+03, 3.440e+03, 4.096e+03, 3.506e+03, 3.479e+03, 3.611e+03, 3.664e+03, 2.628e+03, 3.378e+03, 4.141e+03, 4.724e+03, 4.285e+03, 3.498e+03, 4.067e+03, 3.884e+03, 4.048e+03, 4.072e+03, 3.862e+03, 3.747e+03, 4.338e+03, 3.497e+03, 3.643e+03, 3.705e+03, 3.568e+03, 3.619e+03, 3.524e+03, 3.554e+03, 4.084e+03, 4.255e+03, 3.948e+03, 4.518e+03, 5.325e+03, 5.048e+03, 4.795e+03, 4.632e+03, 5.024e+03, 4.829e+03, 4.227e+03, 4.232e+03, 3.904e+03, 4.225e+03, 3.493e+03, 3.962e+03, 4.337e+03, 4.107e+03, 3.644e+03, 3.918e+03, 3.717e+03, 4.040e+03, 3.790e+03, 3.427e+03, 3.513e+03, 3.107e+03, 3.187e+03, 3.222e+03, 3.348e+03, 3.557e+03, 4.055e+03, 4.771e+03, 4.373e+03, 4.609e+03, 3.396e+03, 3.856e+03, 4.035e+03, 4.174e+03, 3.579e+03, 3.497e+03, 3.453e+03, 3.752e+03, 3.240e+03, 4.324e+03, 3.710e+03, 3.981e+03, 3.447e+03, 3.573e+03, 3.208e+03, 4.231e+03, 3.478e+03, 3.529e+03, 3.565e+03, 4.024e+03, 3.718e+03, 3.835e+03, 3.487e+03, 2.289e+03, 4.169e+03, 4.193e+03, 5.130e+03, 4.408e+03, 3.701e+03, 4.037e+03, 4.249e+03, 5.297e+03]
[2024-05-29 03:55:05] ppls=[4.636e+00, 5.405e+00, 6.202e+00, 6.367e+00, 6.138e+00, 6.118e+00, 5.910e+00, 5.621e+00, 5.686e+00, 5.781e+00, 6.064e+00, 6.128e+00, 6.101e+00, 6.157e+00, 6.198e+00, 6.305e+00, 6.431e+00, 6.513e+00, 6.837e+00, 6.883e+00, 6.926e+00, 6.854e+00, 6.725e+00, 6.724e+00, 6.750e+00, 6.756e+00, 6.772e+00, 6.765e+00, 6.788e+00, 6.786e+00, 6.887e+00, 6.963e+00, 6.985e+00, 6.936e+00, 6.847e+00, 6.749e+00, 6.637e+00, 6.590e+00, 6.546e+00, 6.553e+00, 6.533e+00, 6.469e+00, 6.385e+00, 6.341e+00, 6.275e+00, 6.225e+00, 6.200e+00, 6.215e+00, 6.291e+00, 6.374e+00, 6.420e+00, 6.451e+00, 6.470e+00, 6.480e+00, 6.517e+00, 6.551e+00, 6.525e+00, 6.541e+00, 6.523e+00, 6.491e+00, 6.463e+00, 6.433e+00, 6.390e+00, 6.359e+00, 6.319e+00, 6.271e+00, 6.235e+00, 6.226e+00, 6.234e+00, 6.264e+00, 6.296e+00, 6.329e+00, 6.363e+00, 6.336e+00, 6.322e+00, 6.335e+00, 6.324e+00, 6.312e+00, 6.306e+00, 6.302e+00, 6.258e+00, 6.244e+00, 6.259e+00, 6.294e+00, 6.313e+00, 6.303e+00, 6.313e+00, 6.317e+00, 6.327e+00, 6.337e+00, 6.339e+00, 6.338e+00, 6.357e+00, 6.347e+00, 6.343e+00, 6.340e+00, 6.333e+00, 6.328e+00, 6.320e+00, 6.313e+00, 6.323e+00, 6.337e+00, 6.342e+00, 6.364e+00, 6.410e+00, 6.447e+00, 6.475e+00, 6.499e+00, 6.534e+00, 6.563e+00, 6.573e+00, 6.584e+00, 6.585e+00, 6.596e+00, 6.585e+00, 6.588e+00, 6.601e+00, 6.608e+00, 6.602e+00, 6.603e+00, 6.599e+00, 6.604e+00, 6.602e+00, 6.590e+00, 6.582e+00, 6.562e+00, 6.546e+00, 6.530e+00, 6.518e+00, 6.511e+00, 6.516e+00, 6.539e+00, 6.551e+00, 6.569e+00, 6.559e+00, 6.559e+00, 6.563e+00, 6.570e+00, 6.564e+00, 6.556e+00, 6.547e+00, 6.545e+00, 6.531e+00, 6.542e+00, 6.539e+00, 6.542e+00, 6.533e+00, 6.527e+00, 6.514e+00, 6.522e+00, 6.514e+00, 6.508e+00, 6.502e+00, 6.506e+00, 6.504e+00, 6.504e+00, 6.497e+00, 6.466e+00, 6.473e+00, 6.480e+00, 6.506e+00, 6.517e+00, 6.514e+00, 6.518e+00, 6.526e+00, 6.554e+00]
[2024-05-29 03:55:05] PPL: 6.554e+00
