[2024-05-24 22:02:11] Environments:
------------  --------------------------------------------------------------------------------
sys.platform  linux
python        3.12.3 (main, Apr 27 2024, 19:00:21) [GCC 11.4.0]
datasets      2.19.1 @/home/giung/transformerx/.venv/lib/python3.12/site-packages/datasets
jax           0.4.28 @/home/giung/transformerx/.venv/lib/python3.12/site-packages/jax
jaxlib        0.4.28 @/home/giung/transformerx/.venv/lib/python3.12/site-packages/jaxlib
transformers  4.41.1 @/home/giung/transformerx/.venv/lib/python3.12/site-packages/transformers
------------  --------------------------------------------------------------------------------

[2024-05-24 22:02:11] Command line arguments:
- args.model  : microsoft/Phi-3-mini-4k-instruct
- args.data   : ptb
- args.seqlen : 2048
- args.quant  : None
- args.save   : examples/perplexity/save/ptb/microsoft/Phi-3-mini-4k-instruct
- args.seed   : 11761799

[2024-05-24 22:02:11] Local devices:
[TpuDevice(id=0, process_index=0, coords=(0,0,0), core_on_chip=0), TpuDevice(id=1, process_index=0, coords=(1,0,0), core_on_chip=0), TpuDevice(id=2, process_index=0, coords=(0,1,0), core_on_chip=0), TpuDevice(id=3, process_index=0, coords=(1,1,0), core_on_chip=0)]

[2024-05-24 22:03:01] nlls=[1.183e+04, 1.165e+04, 1.186e+04, 1.167e+04, 1.162e+04, 1.129e+04, 1.176e+04, 1.195e+04, 1.146e+04, 1.180e+04, 1.137e+04, 1.195e+04, 1.043e+04, 1.174e+04, 1.205e+04, 1.094e+04, 1.115e+04, 1.167e+04, 1.159e+04, 1.156e+04, 1.158e+04, 1.086e+04, 1.122e+04, 1.173e+04, 1.114e+04, 1.133e+04, 1.268e+04, 1.112e+04, 1.183e+04, 1.123e+04, 1.218e+04, 1.143e+04, 1.212e+04, 1.043e+04, 1.224e+04, 1.030e+04, 1.118e+04, 1.215e+04, 1.129e+04, 1.181e+04, 1.141e+04, 1.144e+04, 1.138e+04, 1.098e+04, 1.135e+04, 1.166e+04, 1.145e+04, 1.192e+04, 1.173e+04, 1.132e+04, 1.171e+04, 1.153e+04]
[2024-05-24 22:03:01] ppls=[5.776e+00, 5.733e+00, 5.752e+00, 5.739e+00, 5.726e+00, 5.690e+00, 5.698e+00, 5.715e+00, 5.702e+00, 5.708e+00, 5.694e+00, 5.705e+00, 5.658e+00, 5.664e+00, 5.678e+00, 5.657e+00, 5.645e+00, 5.648e+00, 5.648e+00, 5.648e+00, 5.648e+00, 5.633e+00, 5.626e+00, 5.630e+00, 5.623e+00, 5.619e+00, 5.640e+00, 5.633e+00, 5.638e+00, 5.632e+00, 5.643e+00, 5.641e+00, 5.649e+00, 5.633e+00, 5.643e+00, 5.626e+00, 5.621e+00, 5.629e+00, 5.626e+00, 5.630e+00, 5.628e+00, 5.627e+00, 5.626e+00, 5.620e+00, 5.618e+00, 5.620e+00, 5.619e+00, 5.623e+00, 5.625e+00, 5.623e+00, 5.625e+00, 5.625e+00]
[2024-05-24 22:03:01] PPL: 5.625e+00
