[2024-05-24 22:09:41] Environments:
------------  --------------------------------------------------------------------------------
sys.platform  linux
python        3.12.3 (main, Apr 27 2024, 19:00:21) [GCC 11.4.0]
datasets      2.19.1 @/home/giung/transformerx/.venv/lib/python3.12/site-packages/datasets
jax           0.4.28 @/home/giung/transformerx/.venv/lib/python3.12/site-packages/jax
jaxlib        0.4.28 @/home/giung/transformerx/.venv/lib/python3.12/site-packages/jaxlib
transformers  4.41.1 @/home/giung/transformerx/.venv/lib/python3.12/site-packages/transformers
------------  --------------------------------------------------------------------------------

[2024-05-24 22:09:41] Command line arguments:
- args.model  : microsoft/Phi-3-mini-4k-instruct
- args.data   : ptb
- args.seqlen : 2048
- args.quant  : Q5_0
- args.save   : examples/perplexity/save/ptb/microsoft/Phi-3-mini-4k-instruct
- args.seed   : 42564777

[2024-05-24 22:09:41] Local devices:
[TpuDevice(id=0, process_index=0, coords=(0,0,0), core_on_chip=0), TpuDevice(id=1, process_index=0, coords=(1,0,0), core_on_chip=0), TpuDevice(id=2, process_index=0, coords=(0,1,0), core_on_chip=0), TpuDevice(id=3, process_index=0, coords=(1,1,0), core_on_chip=0)]

[2024-05-24 22:10:54] nlls=[1.199e+04, 1.158e+04, 1.194e+04, 1.169e+04, 1.158e+04, 1.138e+04, 1.180e+04, 1.189e+04, 1.139e+04, 1.185e+04, 1.142e+04, 1.209e+04, 1.044e+04, 1.173e+04, 1.209e+04, 1.083e+04, 1.113e+04, 1.168e+04, 1.167e+04, 1.156e+04, 1.161e+04, 1.080e+04, 1.112e+04, 1.167e+04, 1.117e+04, 1.134e+04, 1.282e+04, 1.112e+04, 1.185e+04, 1.126e+04, 1.218e+04, 1.143e+04, 1.214e+04, 1.049e+04, 1.223e+04, 1.030e+04, 1.115e+04, 1.209e+04, 1.135e+04, 1.175e+04, 1.136e+04, 1.137e+04, 1.141e+04, 1.080e+04, 1.138e+04, 1.162e+04, 1.138e+04, 1.202e+04, 1.164e+04, 1.132e+04, 1.165e+04, 1.149e+04]
[2024-05-24 22:10:54] ppls=[5.855e+00, 5.755e+00, 5.780e+00, 5.762e+00, 5.741e+00, 5.710e+00, 5.717e+00, 5.729e+00, 5.710e+00, 5.717e+00, 5.705e+00, 5.721e+00, 5.673e+00, 5.677e+00, 5.692e+00, 5.667e+00, 5.653e+00, 5.656e+00, 5.658e+00, 5.658e+00, 5.658e+00, 5.641e+00, 5.632e+00, 5.634e+00, 5.627e+00, 5.624e+00, 5.647e+00, 5.640e+00, 5.645e+00, 5.640e+00, 5.650e+00, 5.647e+00, 5.656e+00, 5.640e+00, 5.650e+00, 5.632e+00, 5.627e+00, 5.635e+00, 5.632e+00, 5.635e+00, 5.633e+00, 5.631e+00, 5.629e+00, 5.621e+00, 5.620e+00, 5.621e+00, 5.620e+00, 5.625e+00, 5.626e+00, 5.624e+00, 5.625e+00, 5.625e+00]
[2024-05-24 22:10:54] PPL: 5.625e+00
