[2024-05-24 22:09:43] Environments:
------------  --------------------------------------------------------------------------------
sys.platform  linux
python        3.12.3 (main, Apr 27 2024, 19:00:21) [GCC 11.4.0]
datasets      2.19.1 @/home/giung/transformerx/.venv/lib/python3.12/site-packages/datasets
jax           0.4.28 @/home/giung/transformerx/.venv/lib/python3.12/site-packages/jax
jaxlib        0.4.28 @/home/giung/transformerx/.venv/lib/python3.12/site-packages/jaxlib
transformers  4.41.1 @/home/giung/transformerx/.venv/lib/python3.12/site-packages/transformers
------------  --------------------------------------------------------------------------------

[2024-05-24 22:09:43] Command line arguments:
- args.model  : microsoft/Phi-3-mini-4k-instruct
- args.data   : ptb
- args.seqlen : 2048
- args.quant  : Q6_0
- args.save   : examples/perplexity/save/ptb/microsoft/Phi-3-mini-4k-instruct
- args.seed   : 44486663

[2024-05-24 22:09:43] Local devices:
[TpuDevice(id=0, process_index=0, coords=(0,0,0), core_on_chip=0), TpuDevice(id=1, process_index=0, coords=(1,0,0), core_on_chip=0), TpuDevice(id=2, process_index=0, coords=(0,1,0), core_on_chip=0), TpuDevice(id=3, process_index=0, coords=(1,1,0), core_on_chip=0)]

[2024-05-24 22:11:01] nlls=[1.184e+04, 1.165e+04, 1.191e+04, 1.167e+04, 1.163e+04, 1.132e+04, 1.175e+04, 1.194e+04, 1.148e+04, 1.176e+04, 1.139e+04, 1.193e+04, 1.045e+04, 1.173e+04, 1.208e+04, 1.093e+04, 1.117e+04, 1.165e+04, 1.160e+04, 1.156e+04, 1.160e+04, 1.086e+04, 1.123e+04, 1.178e+04, 1.116e+04, 1.134e+04, 1.271e+04, 1.114e+04, 1.182e+04, 1.122e+04, 1.216e+04, 1.144e+04, 1.214e+04, 1.045e+04, 1.225e+04, 1.031e+04, 1.117e+04, 1.215e+04, 1.130e+04, 1.179e+04, 1.141e+04, 1.148e+04, 1.144e+04, 1.094e+04, 1.135e+04, 1.164e+04, 1.145e+04, 1.193e+04, 1.174e+04, 1.137e+04, 1.172e+04, 1.155e+04]
[2024-05-24 22:11:01] ppls=[5.783e+00, 5.735e+00, 5.762e+00, 5.747e+00, 5.733e+00, 5.699e+00, 5.704e+00, 5.720e+00, 5.708e+00, 5.711e+00, 5.698e+00, 5.708e+00, 5.662e+00, 5.666e+00, 5.682e+00, 5.660e+00, 5.648e+00, 5.650e+00, 5.651e+00, 5.651e+00, 5.651e+00, 5.636e+00, 5.629e+00, 5.634e+00, 5.627e+00, 5.623e+00, 5.645e+00, 5.637e+00, 5.642e+00, 5.637e+00, 5.646e+00, 5.644e+00, 5.653e+00, 5.637e+00, 5.647e+00, 5.630e+00, 5.625e+00, 5.633e+00, 5.630e+00, 5.633e+00, 5.632e+00, 5.631e+00, 5.630e+00, 5.623e+00, 5.622e+00, 5.623e+00, 5.622e+00, 5.627e+00, 5.629e+00, 5.627e+00, 5.629e+00, 5.629e+00]
[2024-05-24 22:11:01] PPL: 5.629e+00
