[2024-05-24 22:09:54] Environments:
------------  --------------------------------------------------------------------------------
sys.platform  linux
python        3.12.3 (main, Apr 27 2024, 19:00:21) [GCC 11.4.0]
datasets      2.19.1 @/home/giung/transformerx/.venv/lib/python3.12/site-packages/datasets
jax           0.4.28 @/home/giung/transformerx/.venv/lib/python3.12/site-packages/jax
jaxlib        0.4.28 @/home/giung/transformerx/.venv/lib/python3.12/site-packages/jaxlib
transformers  4.41.1 @/home/giung/transformerx/.venv/lib/python3.12/site-packages/transformers
------------  --------------------------------------------------------------------------------

[2024-05-24 22:09:54] Command line arguments:
- args.model  : microsoft/Phi-3-mini-4k-instruct
- args.data   : ptb
- args.seqlen : 2048
- args.quant  : Q7_0
- args.save   : examples/perplexity/save/ptb/microsoft/Phi-3-mini-4k-instruct
- args.seed   : 55073349

[2024-05-24 22:09:54] Local devices:
[TpuDevice(id=0, process_index=0, coords=(0,0,0), core_on_chip=0), TpuDevice(id=1, process_index=0, coords=(1,0,0), core_on_chip=0), TpuDevice(id=2, process_index=0, coords=(0,1,0), core_on_chip=0), TpuDevice(id=3, process_index=0, coords=(1,1,0), core_on_chip=0)]

[2024-05-24 22:11:05] nlls=[1.190e+04, 1.165e+04, 1.190e+04, 1.168e+04, 1.166e+04, 1.131e+04, 1.184e+04, 1.197e+04, 1.148e+04, 1.189e+04, 1.140e+04, 1.202e+04, 1.047e+04, 1.175e+04, 1.208e+04, 1.096e+04, 1.118e+04, 1.172e+04, 1.163e+04, 1.167e+04, 1.158e+04, 1.087e+04, 1.132e+04, 1.174e+04, 1.117e+04, 1.137e+04, 1.271e+04, 1.115e+04, 1.186e+04, 1.124e+04, 1.222e+04, 1.144e+04, 1.212e+04, 1.044e+04, 1.229e+04, 1.033e+04, 1.120e+04, 1.222e+04, 1.133e+04, 1.182e+04, 1.144e+04, 1.150e+04, 1.142e+04, 1.095e+04, 1.138e+04, 1.172e+04, 1.146e+04, 1.192e+04, 1.176e+04, 1.135e+04, 1.172e+04, 1.156e+04]
[2024-05-24 22:11:05] ppls=[5.812e+00, 5.749e+00, 5.769e+00, 5.753e+00, 5.741e+00, 5.704e+00, 5.716e+00, 5.732e+00, 5.718e+00, 5.726e+00, 5.712e+00, 5.725e+00, 5.678e+00, 5.682e+00, 5.696e+00, 5.675e+00, 5.662e+00, 5.666e+00, 5.666e+00, 5.668e+00, 5.667e+00, 5.651e+00, 5.645e+00, 5.649e+00, 5.641e+00, 5.638e+00, 5.659e+00, 5.651e+00, 5.656e+00, 5.650e+00, 5.661e+00, 5.658e+00, 5.666e+00, 5.650e+00, 5.660e+00, 5.642e+00, 5.638e+00, 5.646e+00, 5.643e+00, 5.647e+00, 5.645e+00, 5.644e+00, 5.643e+00, 5.636e+00, 5.634e+00, 5.636e+00, 5.636e+00, 5.639e+00, 5.641e+00, 5.639e+00, 5.641e+00, 5.641e+00]
[2024-05-24 22:11:05] PPL: 5.641e+00
