[2024-05-24 22:09:27] Environments:
------------  --------------------------------------------------------------------------------
sys.platform  linux
python        3.12.3 (main, Apr 27 2024, 19:00:21) [GCC 11.4.0]
datasets      2.19.1 @/home/giung/transformerx/.venv/lib/python3.12/site-packages/datasets
jax           0.4.28 @/home/giung/transformerx/.venv/lib/python3.12/site-packages/jax
jaxlib        0.4.28 @/home/giung/transformerx/.venv/lib/python3.12/site-packages/jaxlib
transformers  4.41.1 @/home/giung/transformerx/.venv/lib/python3.12/site-packages/transformers
------------  --------------------------------------------------------------------------------

[2024-05-24 22:09:27] Command line arguments:
- args.model  : microsoft/Phi-3-mini-4k-instruct
- args.data   : ptb
- args.seqlen : 2048
- args.quant  : Q8_0
- args.save   : examples/perplexity/save/ptb/microsoft/Phi-3-mini-4k-instruct
- args.seed   : 27949779

[2024-05-24 22:09:27] Local devices:
[TpuDevice(id=0, process_index=0, coords=(0,0,0), core_on_chip=0), TpuDevice(id=1, process_index=0, coords=(1,0,0), core_on_chip=0), TpuDevice(id=2, process_index=0, coords=(0,1,0), core_on_chip=0), TpuDevice(id=3, process_index=0, coords=(1,1,0), core_on_chip=0)]

[2024-05-24 22:10:40] nlls=[1.184e+04, 1.166e+04, 1.189e+04, 1.169e+04, 1.162e+04, 1.130e+04, 1.177e+04, 1.197e+04, 1.148e+04, 1.181e+04, 1.139e+04, 1.195e+04, 1.044e+04, 1.177e+04, 1.206e+04, 1.096e+04, 1.115e+04, 1.169e+04, 1.162e+04, 1.156e+04, 1.159e+04, 1.088e+04, 1.121e+04, 1.174e+04, 1.116e+04, 1.134e+04, 1.270e+04, 1.114e+04, 1.185e+04, 1.125e+04, 1.219e+04, 1.145e+04, 1.215e+04, 1.044e+04, 1.224e+04, 1.032e+04, 1.119e+04, 1.217e+04, 1.130e+04, 1.183e+04, 1.141e+04, 1.145e+04, 1.139e+04, 1.099e+04, 1.136e+04, 1.167e+04, 1.147e+04, 1.195e+04, 1.175e+04, 1.133e+04, 1.172e+04, 1.155e+04]
[2024-05-24 22:10:40] ppls=[5.783e+00, 5.738e+00, 5.760e+00, 5.748e+00, 5.733e+00, 5.697e+00, 5.704e+00, 5.721e+00, 5.708e+00, 5.714e+00, 5.700e+00, 5.711e+00, 5.664e+00, 5.670e+00, 5.685e+00, 5.664e+00, 5.651e+00, 5.654e+00, 5.655e+00, 5.655e+00, 5.655e+00, 5.639e+00, 5.632e+00, 5.636e+00, 5.629e+00, 5.625e+00, 5.646e+00, 5.639e+00, 5.644e+00, 5.639e+00, 5.649e+00, 5.647e+00, 5.656e+00, 5.639e+00, 5.649e+00, 5.632e+00, 5.628e+00, 5.636e+00, 5.633e+00, 5.636e+00, 5.635e+00, 5.634e+00, 5.632e+00, 5.626e+00, 5.624e+00, 5.626e+00, 5.625e+00, 5.630e+00, 5.632e+00, 5.630e+00, 5.632e+00, 5.632e+00]
[2024-05-24 22:10:40] PPL: 5.632e+00
