[2024-05-29 03:24:58] Environments:
------------  --------------------------------------------------------------------------------
sys.platform  linux
python        3.12.3 (main, Apr 27 2024, 19:00:21) [GCC 11.4.0]
datasets      2.19.1 @/home/giung/transformerx/.venv/lib/python3.12/site-packages/datasets
jax           0.4.28 @/home/giung/transformerx/.venv/lib/python3.12/site-packages/jax
jaxlib        0.4.28 @/home/giung/transformerx/.venv/lib/python3.12/site-packages/jaxlib
transformers  4.41.1 @/home/giung/transformerx/.venv/lib/python3.12/site-packages/transformers
------------  --------------------------------------------------------------------------------

[2024-05-29 03:24:58] Command line arguments:
- args.model      : microsoft/Phi-3-medium-4k-instruct
- args.data       : wikitext2
- args.seqlen     : 2048
- args.bits       : 8
- args.group_size : 16
- args.save       : save/wikitext2/microsoft/Phi-3-medium-4k-instruct/b8-g16
- args.seed       : 60060496

[2024-05-29 03:24:58] Local devices:
[TpuDevice(id=0, process_index=0, coords=(0,0,0), core_on_chip=0), TpuDevice(id=1, process_index=0, coords=(1,0,0), core_on_chip=0), TpuDevice(id=2, process_index=0, coords=(0,1,0), core_on_chip=0), TpuDevice(id=3, process_index=0, coords=(1,1,0), core_on_chip=0)]

[2024-05-29 03:29:41] nlls=[2.346e+03, 1.366e+03, 1.536e+03, 1.851e+03, 2.966e+03, 2.951e+03, 2.425e+03, 1.912e+03, 2.984e+03, 3.394e+03, 3.721e+03, 3.538e+03, 3.060e+03, 3.393e+03, 2.935e+03, 3.099e+03, 3.286e+03, 3.128e+03, 3.693e+03, 2.763e+03, 3.185e+03, 2.887e+03, 1.304e+03, 1.821e+03, 2.182e+03, 1.866e+03, 1.938e+03, 1.597e+03, 1.624e+03, 3.101e+03, 4.394e+03, 4.115e+03, 3.507e+03, 2.625e+03, 1.690e+03, 1.784e+03, 1.422e+03, 1.696e+03, 2.343e+03, 2.566e+03, 2.452e+03, 2.467e+03, 2.249e+03, 2.588e+03, 2.264e+03, 2.464e+03, 2.788e+03, 3.244e+03, 4.469e+03, 4.610e+03, 3.709e+03, 2.910e+03, 2.575e+03, 3.522e+03, 3.770e+03, 3.824e+03, 2.822e+03, 3.567e+03, 3.070e+03, 2.743e+03, 2.869e+03, 2.861e+03, 2.543e+03, 2.744e+03, 2.488e+03, 2.323e+03, 2.463e+03, 2.835e+03, 3.614e+03, 3.673e+03, 3.913e+03, 4.135e+03, 4.188e+03, 2.696e+03, 2.966e+03, 3.437e+03, 2.975e+03, 2.934e+03, 3.113e+03, 3.077e+03, 2.170e+03, 2.105e+03, 3.666e+03, 3.970e+03, 3.757e+03, 3.046e+03, 3.510e+03, 3.381e+03, 3.468e+03, 3.296e+03, 3.418e+03, 2.274e+03, 2.806e+03, 2.750e+03, 2.737e+03, 2.546e+03, 2.615e+03, 3.171e+03, 2.989e+03, 2.891e+03, 3.562e+03, 3.562e+03, 3.105e+03, 3.786e+03, 4.666e+03, 4.433e+03, 4.220e+03, 4.039e+03, 4.463e+03, 4.203e+03, 3.746e+03, 3.674e+03, 3.444e+03, 3.662e+03, 2.948e+03, 3.976e+03, 4.348e+03, 3.779e+03, 2.475e+03, 2.063e+03, 1.919e+03, 3.449e+03, 2.601e+03, 2.699e+03, 2.441e+03, 2.192e+03, 2.314e+03, 1.913e+03, 2.624e+03, 3.149e+03, 3.382e+03, 2.950e+03, 2.514e+03, 2.402e+03, 2.898e+03, 3.460e+03, 3.345e+03, 3.628e+03, 3.165e+03, 3.097e+03, 2.943e+03, 3.272e+03, 2.574e+03, 3.818e+03, 3.261e+03, 3.442e+03, 2.899e+03, 3.019e+03, 2.871e+03, 3.650e+03, 2.263e+03, 1.402e+03, 1.825e+03, 1.684e+03, 2.573e+03, 3.248e+03, 2.767e+03, 1.958e+03, 3.372e+03, 3.614e+03, 4.059e+03, 3.282e+03, 2.860e+03, 3.404e+03, 3.582e+03, 4.211e+03]
[2024-05-29 03:29:41] ppls=[3.145e+00, 2.475e+00, 2.350e+00, 2.379e+00, 2.673e+00, 2.885e+00, 2.937e+00, 2.884e+00, 3.015e+00, 3.186e+00, 3.383e+00, 3.529e+00, 3.593e+00, 3.691e+00, 3.723e+00, 3.769e+00, 3.831e+00, 3.871e+00, 3.964e+00, 3.958e+00, 3.992e+00, 3.997e+00, 3.869e+00, 3.795e+00, 3.754e+00, 3.695e+00, 3.646e+00, 3.580e+00, 3.521e+00, 3.551e+00, 3.653e+00, 3.735e+00, 3.780e+00, 3.775e+00, 3.721e+00, 3.675e+00, 3.616e+00, 3.572e+00, 3.561e+00, 3.559e+00, 3.553e+00, 3.547e+00, 3.534e+00, 3.534e+00, 3.521e+00, 3.517e+00, 3.525e+00, 3.549e+00, 3.616e+00, 3.686e+00, 3.723e+00, 3.731e+00, 3.726e+00, 3.754e+00, 3.790e+00, 3.826e+00, 3.829e+00, 3.855e+00, 3.865e+00, 3.864e+00, 3.867e+00, 3.870e+00, 3.863e+00, 3.863e+00, 3.854e+00, 3.842e+00, 3.834e+00, 3.836e+00, 3.859e+00, 3.884e+00, 3.914e+00, 3.950e+00, 3.987e+00, 3.983e+00, 3.986e+00, 4.002e+00, 4.005e+00, 4.008e+00, 4.014e+00, 4.020e+00, 4.004e+00, 3.986e+00, 4.006e+00, 4.032e+00, 4.053e+00, 4.057e+00, 4.072e+00, 4.083e+00, 4.096e+00, 4.105e+00, 4.117e+00, 4.103e+00, 4.102e+00, 4.099e+00, 4.095e+00, 4.088e+00, 4.083e+00, 4.089e+00, 4.091e+00, 4.091e+00, 4.104e+00, 4.118e+00, 4.122e+00, 4.139e+00, 4.173e+00, 4.202e+00, 4.226e+00, 4.247e+00, 4.276e+00, 4.299e+00, 4.314e+00, 4.326e+00, 4.335e+00, 4.347e+00, 4.346e+00, 4.364e+00, 4.388e+00, 4.401e+00, 4.391e+00, 4.374e+00, 4.355e+00, 4.362e+00, 4.355e+00, 4.350e+00, 4.340e+00, 4.326e+00, 4.315e+00, 4.297e+00, 4.291e+00, 4.294e+00, 4.300e+00, 4.300e+00, 4.292e+00, 4.283e+00, 4.282e+00, 4.289e+00, 4.295e+00, 4.305e+00, 4.307e+00, 4.309e+00, 4.308e+00, 4.312e+00, 4.306e+00, 4.318e+00, 4.322e+00, 4.329e+00, 4.327e+00, 4.327e+00, 4.326e+00, 4.335e+00, 4.324e+00, 4.302e+00, 4.286e+00, 4.269e+00, 4.263e+00, 4.267e+00, 4.264e+00, 4.251e+00, 4.256e+00, 4.265e+00, 4.279e+00, 4.283e+00, 4.281e+00, 4.287e+00, 4.294e+00, 4.310e+00]
[2024-05-29 03:29:41] PPL: 4.310e+00
