[2024-05-29 03:39:54] Environments:
------------  --------------------------------------------------------------------------------
sys.platform  linux
python        3.12.3 (main, Apr 27 2024, 19:00:21) [GCC 11.4.0]
datasets      2.19.1 @/home/giung/transformerx/.venv/lib/python3.12/site-packages/datasets
jax           0.4.28 @/home/giung/transformerx/.venv/lib/python3.12/site-packages/jax
jaxlib        0.4.28 @/home/giung/transformerx/.venv/lib/python3.12/site-packages/jaxlib
transformers  4.41.1 @/home/giung/transformerx/.venv/lib/python3.12/site-packages/transformers
------------  --------------------------------------------------------------------------------

[2024-05-29 03:39:54] Command line arguments:
- args.model      : microsoft/Phi-3-medium-4k-instruct
- args.data       : ptb
- args.seqlen     : 2048
- args.bits       : 8
- args.group_size : 1
- args.save       : save/ptb/microsoft/Phi-3-medium-4k-instruct/b8-g1
- args.seed       : 55261433

[2024-05-29 03:39:54] Local devices:
[TpuDevice(id=0, process_index=0, coords=(0,0,0), core_on_chip=0), TpuDevice(id=1, process_index=0, coords=(1,0,0), core_on_chip=0), TpuDevice(id=2, process_index=0, coords=(0,1,0), core_on_chip=0), TpuDevice(id=3, process_index=0, coords=(1,1,0), core_on_chip=0)]

[2024-05-29 03:43:14] nlls=[4.952e+03, 4.747e+03, 4.797e+03, 4.914e+03, 5.022e+03, 4.563e+03, 4.748e+03, 4.402e+03, 4.528e+03, 4.349e+03, 4.733e+03, 4.100e+03, 5.152e+03, 4.938e+03, 4.949e+03, 5.205e+03, 4.732e+03, 4.194e+03, 5.263e+03, 4.385e+03, 4.471e+03, 5.221e+03, 4.633e+03, 5.102e+03, 5.268e+03, 4.572e+03, 4.648e+03, 4.930e+03, 4.572e+03, 5.265e+03, 4.458e+03, 4.803e+03, 4.204e+03, 5.546e+03, 5.021e+03, 5.604e+03, 5.472e+03, 4.987e+03, 4.803e+03, 5.182e+03, 4.985e+03, 4.896e+03, 4.895e+03, 5.308e+03, 4.827e+03, 4.406e+03, 4.629e+03, 4.549e+03, 4.415e+03, 4.584e+03, 4.963e+03, 4.668e+03]
[2024-05-29 03:43:14] ppls=[1.122e+01, 1.067e+01, 1.058e+01, 1.069e+01, 1.087e+01, 1.059e+01, 1.052e+01, 1.026e+01, 1.013e+01, 9.934e+00, 9.948e+00, 9.706e+00, 9.889e+00, 9.974e+00, 1.005e+01, 1.020e+01, 1.019e+01, 1.004e+01, 1.018e+01, 1.009e+01, 1.003e+01, 1.014e+01, 1.011e+01, 1.019e+01, 1.029e+01, 1.025e+01, 1.023e+01, 1.026e+01, 1.023e+01, 1.031e+01, 1.026e+01, 1.026e+01, 1.018e+01, 1.030e+01, 1.033e+01, 1.045e+01, 1.054e+01, 1.056e+01, 1.056e+01, 1.060e+01, 1.062e+01, 1.063e+01, 1.064e+01, 1.069e+01, 1.069e+01, 1.064e+01, 1.061e+01, 1.058e+01, 1.054e+01, 1.052e+01, 1.053e+01, 1.051e+01]
[2024-05-29 03:43:14] PPL: 1.051e+01
