[2024-05-29 04:08:50] Environments:
------------  --------------------------------------------------------------------------------
sys.platform  linux
python        3.12.3 (main, Apr 27 2024, 19:00:21) [GCC 11.4.0]
datasets      2.19.1 @/home/giung/transformerx/.venv/lib/python3.12/site-packages/datasets
jax           0.4.28 @/home/giung/transformerx/.venv/lib/python3.12/site-packages/jax
jaxlib        0.4.28 @/home/giung/transformerx/.venv/lib/python3.12/site-packages/jaxlib
transformers  4.41.1 @/home/giung/transformerx/.venv/lib/python3.12/site-packages/transformers
------------  --------------------------------------------------------------------------------

[2024-05-29 04:08:50] Command line arguments:
- args.model      : microsoft/Phi-3-mini-4k-instruct
- args.data       : ptb
- args.seqlen     : 2048
- args.bits       : 8
- args.group_size : 128
- args.save       : save/ptb/microsoft/Phi-3-mini-4k-instruct/b8-g128
- args.seed       : 51388547

[2024-05-29 04:08:50] Local devices:
[TpuDevice(id=0, process_index=0, coords=(0,0,0), core_on_chip=0), TpuDevice(id=1, process_index=0, coords=(1,0,0), core_on_chip=0), TpuDevice(id=2, process_index=0, coords=(0,1,0), core_on_chip=0), TpuDevice(id=3, process_index=0, coords=(1,1,0), core_on_chip=0)]

[2024-05-29 04:10:25] nlls=[5.498e+03, 5.223e+03, 5.324e+03, 5.439e+03, 5.515e+03, 5.095e+03, 5.214e+03, 4.927e+03, 4.894e+03, 4.889e+03, 5.279e+03, 4.601e+03, 5.552e+03, 5.481e+03, 5.484e+03, 5.732e+03, 5.218e+03, 4.633e+03, 5.764e+03, 4.913e+03, 4.995e+03, 5.715e+03, 5.101e+03, 5.551e+03, 5.663e+03, 5.004e+03, 5.125e+03, 5.443e+03, 5.097e+03, 5.705e+03, 5.014e+03, 5.103e+03, 4.743e+03, 6.017e+03, 5.524e+03, 6.045e+03, 5.981e+03, 5.522e+03, 5.327e+03, 5.722e+03, 5.535e+03, 5.558e+03, 5.350e+03, 5.785e+03, 5.291e+03, 4.875e+03, 5.231e+03, 5.127e+03, 4.804e+03, 5.089e+03, 5.532e+03, 5.313e+03]
[2024-05-29 04:10:25] ppls=[1.465e+01, 1.370e+01, 1.362e+01, 1.377e+01, 1.397e+01, 1.362e+01, 1.350e+01, 1.317e+01, 1.290e+01, 1.268e+01, 1.272e+01, 1.241e+01, 1.260e+01, 1.273e+01, 1.284e+01, 1.304e+01, 1.302e+01, 1.281e+01, 1.298e+01, 1.288e+01, 1.281e+01, 1.295e+01, 1.291e+01, 1.299e+01, 1.310e+01, 1.303e+01, 1.300e+01, 1.304e+01, 1.301e+01, 1.310e+01, 1.305e+01, 1.302e+01, 1.292e+01, 1.306e+01, 1.311e+01, 1.325e+01, 1.337e+01, 1.341e+01, 1.341e+01, 1.348e+01, 1.351e+01, 1.355e+01, 1.355e+01, 1.362e+01, 1.361e+01, 1.354e+01, 1.352e+01, 1.350e+01, 1.343e+01, 1.339e+01, 1.342e+01, 1.342e+01]
[2024-05-29 04:10:25] PPL: 1.342e+01
