[2024-05-29 03:45:04] Environments:
------------  --------------------------------------------------------------------------------
sys.platform  linux
python        3.12.3 (main, Apr 27 2024, 19:00:21) [GCC 11.4.0]
datasets      2.19.1 @/home/giung/transformerx/.venv/lib/python3.12/site-packages/datasets
jax           0.4.28 @/home/giung/transformerx/.venv/lib/python3.12/site-packages/jax
jaxlib        0.4.28 @/home/giung/transformerx/.venv/lib/python3.12/site-packages/jaxlib
transformers  4.41.1 @/home/giung/transformerx/.venv/lib/python3.12/site-packages/transformers
------------  --------------------------------------------------------------------------------

[2024-05-29 03:45:04] Command line arguments:
- args.model      : microsoft/Phi-3-medium-4k-instruct
- args.data       : ptb
- args.seqlen     : 2048
- args.bits       : 7
- args.group_size : 16
- args.save       : save/ptb/microsoft/Phi-3-medium-4k-instruct/b7-g16
- args.seed       : 5785781

[2024-05-29 03:45:04] Local devices:
[TpuDevice(id=0, process_index=0, coords=(0,0,0), core_on_chip=0), TpuDevice(id=1, process_index=0, coords=(1,0,0), core_on_chip=0), TpuDevice(id=2, process_index=0, coords=(0,1,0), core_on_chip=0), TpuDevice(id=3, process_index=0, coords=(1,1,0), core_on_chip=0)]

[2024-05-29 03:49:04] nlls=[4.989e+03, 4.770e+03, 4.812e+03, 4.935e+03, 5.051e+03, 4.580e+03, 4.766e+03, 4.413e+03, 4.554e+03, 4.370e+03, 4.760e+03, 4.113e+03, 5.173e+03, 4.959e+03, 4.975e+03, 5.222e+03, 4.756e+03, 4.219e+03, 5.284e+03, 4.406e+03, 4.481e+03, 5.239e+03, 4.645e+03, 5.122e+03, 5.295e+03, 4.596e+03, 4.664e+03, 4.956e+03, 4.603e+03, 5.296e+03, 4.476e+03, 4.819e+03, 4.227e+03, 5.580e+03, 5.047e+03, 5.626e+03, 5.497e+03, 5.002e+03, 4.821e+03, 5.209e+03, 5.005e+03, 4.922e+03, 4.914e+03, 5.326e+03, 4.857e+03, 4.426e+03, 4.654e+03, 4.572e+03, 4.427e+03, 4.604e+03, 4.988e+03, 4.699e+03]
[2024-05-29 03:49:04] ppls=[1.143e+01, 1.083e+01, 1.071e+01, 1.082e+01, 1.100e+01, 1.071e+01, 1.064e+01, 1.037e+01, 1.024e+01, 1.004e+01, 1.006e+01, 9.808e+00, 9.993e+00, 1.008e+01, 1.016e+01, 1.031e+01, 1.030e+01, 1.015e+01, 1.029e+01, 1.020e+01, 1.013e+01, 1.024e+01, 1.022e+01, 1.029e+01, 1.040e+01, 1.036e+01, 1.034e+01, 1.037e+01, 1.033e+01, 1.042e+01, 1.037e+01, 1.037e+01, 1.029e+01, 1.041e+01, 1.044e+01, 1.056e+01, 1.065e+01, 1.067e+01, 1.067e+01, 1.072e+01, 1.074e+01, 1.074e+01, 1.075e+01, 1.081e+01, 1.080e+01, 1.075e+01, 1.073e+01, 1.070e+01, 1.065e+01, 1.063e+01, 1.064e+01, 1.063e+01]
[2024-05-29 03:49:04] PPL: 1.063e+01
