[2024-05-29 04:04:21] Environments:
------------  --------------------------------------------------------------------------------
sys.platform  linux
python        3.12.3 (main, Apr 27 2024, 19:00:21) [GCC 11.4.0]
datasets      2.19.1 @/home/giung/transformerx/.venv/lib/python3.12/site-packages/datasets
jax           0.4.28 @/home/giung/transformerx/.venv/lib/python3.12/site-packages/jax
jaxlib        0.4.28 @/home/giung/transformerx/.venv/lib/python3.12/site-packages/jaxlib
transformers  4.41.1 @/home/giung/transformerx/.venv/lib/python3.12/site-packages/transformers
------------  --------------------------------------------------------------------------------

[2024-05-29 04:04:21] Command line arguments:
- args.model      : microsoft/Phi-3-mini-4k-instruct
- args.data       : ptb
- args.seqlen     : 2048
- args.bits       : 8
- args.group_size : 1
- args.save       : save/ptb/microsoft/Phi-3-mini-4k-instruct/b8-g1
- args.seed       : 22734371

[2024-05-29 04:04:21] Local devices:
[TpuDevice(id=0, process_index=0, coords=(0,0,0), core_on_chip=0), TpuDevice(id=1, process_index=0, coords=(1,0,0), core_on_chip=0), TpuDevice(id=2, process_index=0, coords=(0,1,0), core_on_chip=0), TpuDevice(id=3, process_index=0, coords=(1,1,0), core_on_chip=0)]

[2024-05-29 04:05:35] nlls=[5.504e+03, 5.208e+03, 5.316e+03, 5.428e+03, 5.498e+03, 5.091e+03, 5.196e+03, 4.915e+03, 4.893e+03, 4.869e+03, 5.266e+03, 4.582e+03, 5.533e+03, 5.463e+03, 5.468e+03, 5.704e+03, 5.190e+03, 4.625e+03, 5.759e+03, 4.911e+03, 5.000e+03, 5.719e+03, 5.091e+03, 5.545e+03, 5.660e+03, 4.983e+03, 5.118e+03, 5.426e+03, 5.075e+03, 5.685e+03, 5.010e+03, 5.088e+03, 4.726e+03, 6.003e+03, 5.516e+03, 6.031e+03, 5.984e+03, 5.512e+03, 5.311e+03, 5.708e+03, 5.533e+03, 5.548e+03, 5.317e+03, 5.779e+03, 5.279e+03, 4.860e+03, 5.210e+03, 5.109e+03, 4.800e+03, 5.090e+03, 5.531e+03, 5.287e+03]
[2024-05-29 04:05:35] ppls=[1.469e+01, 1.367e+01, 1.358e+01, 1.372e+01, 1.391e+01, 1.357e+01, 1.343e+01, 1.311e+01, 1.284e+01, 1.262e+01, 1.266e+01, 1.235e+01, 1.253e+01, 1.265e+01, 1.276e+01, 1.296e+01, 1.293e+01, 1.272e+01, 1.290e+01, 1.280e+01, 1.273e+01, 1.288e+01, 1.284e+01, 1.292e+01, 1.303e+01, 1.296e+01, 1.293e+01, 1.297e+01, 1.293e+01, 1.303e+01, 1.298e+01, 1.294e+01, 1.285e+01, 1.299e+01, 1.304e+01, 1.317e+01, 1.330e+01, 1.333e+01, 1.334e+01, 1.340e+01, 1.344e+01, 1.347e+01, 1.347e+01, 1.354e+01, 1.353e+01, 1.346e+01, 1.345e+01, 1.342e+01, 1.335e+01, 1.332e+01, 1.335e+01, 1.335e+01]
[2024-05-29 04:05:35] PPL: 1.335e+01
