[2024-05-29 04:00:27] Environments:
------------  --------------------------------------------------------------------------------
sys.platform  linux
python        3.12.3 (main, Apr 27 2024, 19:00:21) [GCC 11.4.0]
datasets      2.19.1 @/home/giung/transformerx/.venv/lib/python3.12/site-packages/datasets
jax           0.4.28 @/home/giung/transformerx/.venv/lib/python3.12/site-packages/jax
jaxlib        0.4.28 @/home/giung/transformerx/.venv/lib/python3.12/site-packages/jaxlib
transformers  4.41.1 @/home/giung/transformerx/.venv/lib/python3.12/site-packages/transformers
------------  --------------------------------------------------------------------------------

[2024-05-29 04:00:27] Command line arguments:
- args.model      : microsoft/Phi-3-mini-4k-instruct
- args.data       : wikitext2
- args.seqlen     : 2048
- args.bits       : 4
- args.group_size : 32
- args.save       : save/wikitext2/microsoft/Phi-3-mini-4k-instruct/b4-g32
- args.seed       : 29122651

[2024-05-29 04:00:27] Local devices:
[TpuDevice(id=0, process_index=0, coords=(0,0,0), core_on_chip=0), TpuDevice(id=1, process_index=0, coords=(1,0,0), core_on_chip=0), TpuDevice(id=2, process_index=0, coords=(0,1,0), core_on_chip=0), TpuDevice(id=3, process_index=0, coords=(1,1,0), core_on_chip=0)]

[2024-05-29 04:02:05] nlls=[5.214e+03, 6.073e+03, 6.592e+03, 6.804e+03, 5.317e+03, 6.057e+03, 5.576e+03, 4.958e+03, 5.890e+03, 6.260e+03, 6.421e+03, 5.911e+03, 5.483e+03, 5.872e+03, 6.225e+03, 6.352e+03, 6.291e+03, 6.421e+03, 6.773e+03, 5.942e+03, 5.973e+03, 5.549e+03, 5.339e+03, 6.367e+03, 6.362e+03, 6.068e+03, 6.520e+03, 5.872e+03, 6.442e+03, 6.032e+03, 6.960e+03, 6.759e+03, 6.402e+03, 6.276e+03, 5.721e+03, 5.509e+03, 5.169e+03, 5.736e+03, 5.464e+03, 5.886e+03, 5.729e+03, 5.114e+03, 4.716e+03, 4.992e+03, 4.905e+03, 5.295e+03, 5.241e+03, 5.959e+03, 7.069e+03, 7.034e+03, 6.844e+03, 7.170e+03, 6.429e+03, 5.837e+03, 6.256e+03, 6.145e+03, 5.256e+03, 6.415e+03, 5.498e+03, 5.287e+03, 5.136e+03, 4.951e+03, 4.929e+03, 5.222e+03, 4.882e+03, 4.472e+03, 5.212e+03, 5.659e+03, 6.353e+03, 6.390e+03, 6.537e+03, 6.448e+03, 6.544e+03, 5.360e+03, 6.105e+03, 6.302e+03, 5.816e+03, 5.949e+03, 5.696e+03, 5.815e+03, 4.700e+03, 5.482e+03, 6.731e+03, 6.857e+03, 6.826e+03, 5.432e+03, 5.872e+03, 5.766e+03, 5.933e+03, 6.033e+03, 6.068e+03, 5.876e+03, 6.566e+03, 5.139e+03, 5.484e+03, 5.713e+03, 5.694e+03, 5.573e+03, 5.728e+03, 5.960e+03, 6.212e+03, 6.316e+03, 6.346e+03, 6.650e+03, 7.481e+03, 7.213e+03, 7.020e+03, 7.228e+03, 7.282e+03, 6.893e+03, 6.370e+03, 6.226e+03, 5.614e+03, 6.324e+03, 5.675e+03, 6.240e+03, 6.367e+03, 6.273e+03, 6.594e+03, 6.111e+03, 6.184e+03, 6.508e+03, 6.096e+03, 5.442e+03, 5.573e+03, 5.727e+03, 5.171e+03, 5.909e+03, 5.955e+03, 5.842e+03, 6.187e+03, 6.571e+03, 6.170e+03, 6.299e+03, 5.355e+03, 5.713e+03, 6.120e+03, 6.276e+03, 5.367e+03, 5.340e+03, 5.410e+03, 5.805e+03, 6.069e+03, 6.581e+03, 5.723e+03, 5.941e+03, 5.751e+03, 5.176e+03, 5.116e+03, 6.211e+03, 5.222e+03, 5.850e+03, 5.655e+03, 6.667e+03, 5.414e+03, 5.667e+03, 5.188e+03, 3.822e+03, 6.088e+03, 6.210e+03, 6.866e+03, 6.164e+03, 5.894e+03, 6.346e+03, 6.545e+03, 6.923e+03]
[2024-05-29 04:02:05] ppls=[1.275e+01, 1.573e+01, 1.836e+01, 2.035e+01, 1.872e+01, 1.881e+01, 1.825e+01, 1.718e+01, 1.724e+01, 1.761e+01, 1.804e+01, 1.803e+01, 1.773e+01, 1.772e+01, 1.792e+01, 1.816e+01, 1.835e+01, 1.858e+01, 1.896e+01, 1.892e+01, 1.890e+01, 1.870e+01, 1.844e+01, 1.859e+01, 1.873e+01, 1.875e+01, 1.893e+01, 1.888e+01, 1.901e+01, 1.901e+01, 1.929e+01, 1.950e+01, 1.959e+01, 1.964e+01, 1.954e+01, 1.939e+01, 1.916e+01, 1.908e+01, 1.895e+01, 1.891e+01, 1.885e+01, 1.865e+01, 1.838e+01, 1.819e+01, 1.798e+01, 1.786e+01, 1.774e+01, 1.775e+01, 1.796e+01, 1.816e+01, 1.832e+01, 1.853e+01, 1.861e+01, 1.858e+01, 1.863e+01, 1.865e+01, 1.853e+01, 1.860e+01, 1.853e+01, 1.842e+01, 1.830e+01, 1.816e+01, 1.802e+01, 1.792e+01, 1.778e+01, 1.760e+01, 1.751e+01, 1.749e+01, 1.755e+01, 1.761e+01, 1.769e+01, 1.776e+01, 1.784e+01, 1.777e+01, 1.780e+01, 1.784e+01, 1.783e+01, 1.784e+01, 1.782e+01, 1.781e+01, 1.768e+01, 1.764e+01, 1.773e+01, 1.783e+01, 1.792e+01, 1.787e+01, 1.787e+01, 1.786e+01, 1.786e+01, 1.787e+01, 1.789e+01, 1.788e+01, 1.795e+01, 1.787e+01, 1.784e+01, 1.782e+01, 1.780e+01, 1.777e+01, 1.776e+01, 1.776e+01, 1.779e+01, 1.783e+01, 1.786e+01, 1.793e+01, 1.806e+01, 1.817e+01, 1.826e+01, 1.836e+01, 1.847e+01, 1.855e+01, 1.858e+01, 1.860e+01, 1.857e+01, 1.859e+01, 1.857e+01, 1.859e+01, 1.862e+01, 1.864e+01, 1.869e+01, 1.870e+01, 1.871e+01, 1.875e+01, 1.876e+01, 1.871e+01, 1.868e+01, 1.866e+01, 1.860e+01, 1.860e+01, 1.860e+01, 1.859e+01, 1.860e+01, 1.864e+01, 1.865e+01, 1.867e+01, 1.863e+01, 1.861e+01, 1.862e+01, 1.864e+01, 1.860e+01, 1.856e+01, 1.852e+01, 1.851e+01, 1.852e+01, 1.855e+01, 1.854e+01, 1.854e+01, 1.852e+01, 1.847e+01, 1.842e+01, 1.843e+01, 1.839e+01, 1.838e+01, 1.837e+01, 1.841e+01, 1.837e+01, 1.836e+01, 1.831e+01, 1.819e+01, 1.820e+01, 1.822e+01, 1.827e+01, 1.828e+01, 1.828e+01, 1.830e+01, 1.833e+01, 1.838e+01]
[2024-05-29 04:02:05] PPL: 1.838e+01
