[2024-05-29 03:25:42] Environments:
------------  --------------------------------------------------------------------------------
sys.platform  linux
python        3.12.3 (main, Apr 27 2024, 19:00:21) [GCC 11.4.0]
datasets      2.19.1 @/home/giung/transformerx/.venv/lib/python3.12/site-packages/datasets
jax           0.4.28 @/home/giung/transformerx/.venv/lib/python3.12/site-packages/jax
jaxlib        0.4.28 @/home/giung/transformerx/.venv/lib/python3.12/site-packages/jaxlib
transformers  4.41.1 @/home/giung/transformerx/.venv/lib/python3.12/site-packages/transformers
------------  --------------------------------------------------------------------------------

[2024-05-29 03:25:42] Command line arguments:
- args.model      : microsoft/Phi-3-medium-4k-instruct
- args.data       : wikitext2
- args.seqlen     : 2048
- args.bits       : 4
- args.group_size : 16
- args.save       : save/wikitext2/microsoft/Phi-3-medium-4k-instruct/b4-g16
- args.seed       : 43472831

[2024-05-29 03:25:42] Local devices:
[TpuDevice(id=0, process_index=0, coords=(0,0,0), core_on_chip=0), TpuDevice(id=1, process_index=0, coords=(1,0,0), core_on_chip=0), TpuDevice(id=2, process_index=0, coords=(0,1,0), core_on_chip=0), TpuDevice(id=3, process_index=0, coords=(1,1,0), core_on_chip=0)]

[2024-05-29 03:30:14] nlls=[4.046e+03, 5.610e+03, 6.572e+03, 6.022e+03, 4.061e+03, 4.520e+03, 3.744e+03, 3.608e+03, 4.366e+03, 4.712e+03, 5.158e+03, 4.543e+03, 4.115e+03, 4.446e+03, 5.194e+03, 4.863e+03, 4.855e+03, 4.831e+03, 5.631e+03, 4.589e+03, 4.852e+03, 4.183e+03, 4.258e+03, 4.740e+03, 4.624e+03, 4.733e+03, 5.055e+03, 4.699e+03, 4.783e+03, 4.883e+03, 5.618e+03, 5.204e+03, 5.287e+03, 4.330e+03, 3.851e+03, 4.373e+03, 3.610e+03, 3.958e+03, 4.030e+03, 4.942e+03, 4.850e+03, 3.573e+03, 3.328e+03, 3.535e+03, 3.256e+03, 3.515e+03, 3.773e+03, 4.593e+03, 5.524e+03, 5.580e+03, 5.762e+03, 5.555e+03, 4.959e+03, 4.447e+03, 4.794e+03, 4.684e+03, 3.859e+03, 4.934e+03, 4.285e+03, 3.981e+03, 3.859e+03, 3.908e+03, 3.530e+03, 3.654e+03, 3.502e+03, 3.167e+03, 3.858e+03, 3.953e+03, 4.687e+03, 5.173e+03, 4.984e+03, 5.053e+03, 5.347e+03, 3.936e+03, 4.071e+03, 4.551e+03, 4.087e+03, 4.023e+03, 4.064e+03, 4.163e+03, 3.381e+03, 4.409e+03, 4.998e+03, 5.322e+03, 5.002e+03, 4.133e+03, 4.306e+03, 4.251e+03, 4.545e+03, 4.369e+03, 4.417e+03, 5.369e+03, 5.643e+03, 3.893e+03, 4.156e+03, 4.171e+03, 4.288e+03, 4.111e+03, 4.092e+03, 4.111e+03, 4.670e+03, 4.764e+03, 4.569e+03, 4.978e+03, 5.926e+03, 5.556e+03, 5.251e+03, 5.262e+03, 5.485e+03, 5.356e+03, 4.747e+03, 4.700e+03, 4.285e+03, 4.746e+03, 4.425e+03, 4.683e+03, 5.079e+03, 5.391e+03, 4.480e+03, 5.796e+03, 4.635e+03, 5.488e+03, 4.735e+03, 5.471e+03, 5.037e+03, 4.255e+03, 4.495e+03, 5.104e+03, 4.559e+03, 4.411e+03, 4.716e+03, 4.837e+03, 4.616e+03, 5.323e+03, 4.042e+03, 4.627e+03, 4.711e+03, 4.775e+03, 4.143e+03, 4.023e+03, 4.020e+03, 4.476e+03, 4.050e+03, 5.056e+03, 4.107e+03, 4.517e+03, 4.110e+03, 4.245e+03, 3.858e+03, 4.775e+03, 4.382e+03, 4.689e+03, 4.611e+03, 5.368e+03, 4.333e+03, 4.722e+03, 3.924e+03, 2.727e+03, 4.625e+03, 4.846e+03, 5.381e+03, 4.725e+03, 4.468e+03, 4.791e+03, 5.086e+03, 5.411e+03]
[2024-05-29 03:30:14] ppls=[7.210e+00, 1.056e+01, 1.403e+01, 1.512e+01, 1.306e+01, 1.229e+01, 1.115e+01, 1.028e+01, 1.006e+01, 1.005e+01, 1.025e+01, 1.015e+01, 9.915e+00, 9.828e+00, 9.994e+00, 1.004e+01, 1.008e+01, 1.010e+01, 1.034e+01, 1.029e+01, 1.031e+01, 1.017e+01, 1.007e+01, 1.007e+01, 1.005e+01, 1.005e+01, 1.011e+01, 1.010e+01, 1.011e+01, 1.014e+01, 1.028e+01, 1.034e+01, 1.042e+01, 1.035e+01, 1.022e+01, 1.016e+01, 1.001e+01, 9.914e+00, 9.832e+00, 9.863e+00, 9.882e+00, 9.754e+00, 9.607e+00, 9.491e+00, 9.353e+00, 9.248e+00, 9.173e+00, 9.178e+00, 9.268e+00, 9.361e+00, 9.468e+00, 9.553e+00, 9.582e+00, 9.567e+00, 9.581e+00, 9.586e+00, 9.523e+00, 9.548e+00, 9.522e+00, 9.473e+00, 9.416e+00, 9.366e+00, 9.290e+00, 9.225e+00, 9.153e+00, 9.061e+00, 9.018e+00, 8.982e+00, 8.994e+00, 9.037e+00, 9.066e+00, 9.099e+00, 9.150e+00, 9.114e+00, 9.087e+00, 9.089e+00, 9.064e+00, 9.036e+00, 9.011e+00, 8.992e+00, 8.932e+00, 8.928e+00, 8.955e+00, 8.999e+00, 9.025e+00, 9.005e+00, 8.996e+00, 8.983e+00, 8.986e+00, 8.979e+00, 8.976e+00, 9.017e+00, 9.071e+00, 9.042e+00, 9.026e+00, 9.010e+00, 9.001e+00, 8.983e+00, 8.965e+00, 8.949e+00, 8.957e+00, 8.968e+00, 8.972e+00, 8.992e+00, 9.052e+00, 9.096e+00, 9.126e+00, 9.156e+00, 9.195e+00, 9.228e+00, 9.236e+00, 9.242e+00, 9.232e+00, 9.239e+00, 9.234e+00, 9.239e+00, 9.260e+00, 9.292e+00, 9.288e+00, 9.335e+00, 9.337e+00, 9.372e+00, 9.377e+00, 9.410e+00, 9.426e+00, 9.414e+00, 9.410e+00, 9.429e+00, 9.428e+00, 9.421e+00, 9.425e+00, 9.434e+00, 9.435e+00, 9.460e+00, 9.440e+00, 9.441e+00, 9.445e+00, 9.451e+00, 9.436e+00, 9.417e+00, 9.398e+00, 9.395e+00, 9.377e+00, 9.392e+00, 9.377e+00, 9.375e+00, 9.360e+00, 9.350e+00, 9.328e+00, 9.334e+00, 9.328e+00, 9.332e+00, 9.333e+00, 9.357e+00, 9.349e+00, 9.354e+00, 9.334e+00, 9.281e+00, 9.283e+00, 9.291e+00, 9.314e+00, 9.318e+00, 9.316e+00, 9.322e+00, 9.336e+00, 9.359e+00]
[2024-05-29 03:30:14] PPL: 9.359e+00
