[2024-05-29 03:56:28] Environments:
------------  --------------------------------------------------------------------------------
sys.platform  linux
python        3.12.3 (main, Apr 27 2024, 19:00:21) [GCC 11.4.0]
datasets      2.19.1 @/home/giung/transformerx/.venv/lib/python3.12/site-packages/datasets
jax           0.4.28 @/home/giung/transformerx/.venv/lib/python3.12/site-packages/jax
jaxlib        0.4.28 @/home/giung/transformerx/.venv/lib/python3.12/site-packages/jaxlib
transformers  4.41.1 @/home/giung/transformerx/.venv/lib/python3.12/site-packages/transformers
------------  --------------------------------------------------------------------------------

[2024-05-29 03:56:28] Command line arguments:
- args.model      : microsoft/Phi-3-mini-4k-instruct
- args.data       : wikitext2
- args.seqlen     : 2048
- args.bits       : 8
- args.group_size : 1
- args.save       : save/wikitext2/microsoft/Phi-3-mini-4k-instruct/b8-g1
- args.seed       : 29871290

[2024-05-29 03:56:28] Local devices:
[TpuDevice(id=0, process_index=0, coords=(0,0,0), core_on_chip=0), TpuDevice(id=1, process_index=0, coords=(1,0,0), core_on_chip=0), TpuDevice(id=2, process_index=0, coords=(0,1,0), core_on_chip=0), TpuDevice(id=3, process_index=0, coords=(1,1,0), core_on_chip=0)]

[2024-05-29 03:58:31] nlls=[3.112e+03, 3.744e+03, 4.269e+03, 3.860e+03, 3.401e+03, 3.644e+03, 3.141e+03, 2.751e+03, 3.659e+03, 3.829e+03, 4.553e+03, 3.924e+03, 3.560e+03, 3.923e+03, 3.862e+03, 4.236e+03, 4.364e+03, 4.237e+03, 5.501e+03, 4.059e+03, 4.060e+03, 3.473e+03, 3.006e+03, 3.844e+03, 4.064e+03, 3.897e+03, 4.003e+03, 3.828e+03, 4.042e+03, 3.892e+03, 4.859e+03, 4.578e+03, 4.154e+03, 3.461e+03, 2.989e+03, 2.877e+03, 2.591e+03, 3.238e+03, 3.316e+03, 3.909e+03, 3.578e+03, 2.971e+03, 2.638e+03, 3.133e+03, 2.774e+03, 2.957e+03, 3.348e+03, 3.934e+03, 4.942e+03, 4.994e+03, 4.508e+03, 4.249e+03, 4.089e+03, 3.951e+03, 4.387e+03, 4.379e+03, 3.361e+03, 4.107e+03, 3.485e+03, 3.181e+03, 3.297e+03, 3.204e+03, 2.943e+03, 3.115e+03, 2.909e+03, 2.744e+03, 2.911e+03, 3.539e+03, 3.911e+03, 4.380e+03, 4.495e+03, 4.502e+03, 4.556e+03, 3.133e+03, 3.412e+03, 4.001e+03, 3.504e+03, 3.439e+03, 3.592e+03, 3.644e+03, 2.614e+03, 3.352e+03, 4.103e+03, 4.662e+03, 4.268e+03, 3.467e+03, 4.048e+03, 3.856e+03, 4.002e+03, 4.006e+03, 3.844e+03, 3.730e+03, 4.313e+03, 3.453e+03, 3.598e+03, 3.633e+03, 3.522e+03, 3.587e+03, 3.513e+03, 3.531e+03, 4.078e+03, 4.151e+03, 3.880e+03, 4.459e+03, 5.288e+03, 5.011e+03, 4.765e+03, 4.579e+03, 4.999e+03, 4.809e+03, 4.201e+03, 4.232e+03, 3.883e+03, 4.189e+03, 3.460e+03, 3.939e+03, 4.244e+03, 4.022e+03, 3.598e+03, 3.857e+03, 3.655e+03, 4.001e+03, 3.789e+03, 3.397e+03, 3.462e+03, 3.061e+03, 3.148e+03, 3.192e+03, 3.307e+03, 3.540e+03, 4.012e+03, 4.511e+03, 4.167e+03, 4.500e+03, 3.391e+03, 3.871e+03, 3.983e+03, 4.166e+03, 3.562e+03, 3.482e+03, 3.428e+03, 3.733e+03, 3.195e+03, 4.299e+03, 3.677e+03, 3.965e+03, 3.412e+03, 3.559e+03, 3.191e+03, 4.178e+03, 3.447e+03, 3.494e+03, 3.534e+03, 3.986e+03, 3.670e+03, 3.792e+03, 3.416e+03, 2.261e+03, 4.138e+03, 4.133e+03, 4.890e+03, 4.341e+03, 3.671e+03, 3.983e+03, 4.199e+03, 5.144e+03]
[2024-05-29 03:58:31] ppls=[4.570e+00, 5.332e+00, 6.114e+00, 6.228e+00, 6.022e+00, 6.005e+00, 5.787e+00, 5.497e+00, 5.547e+00, 5.634e+00, 5.893e+00, 5.964e+00, 5.942e+00, 5.999e+00, 6.037e+00, 6.139e+00, 6.255e+00, 6.337e+00, 6.623e+00, 6.654e+00, 6.681e+00, 6.620e+00, 6.499e+00, 6.501e+00, 6.530e+00, 6.537e+00, 6.556e+00, 6.553e+00, 6.574e+00, 6.578e+00, 6.682e+00, 6.753e+00, 6.777e+00, 6.733e+00, 6.647e+00, 6.557e+00, 6.449e+00, 6.401e+00, 6.363e+00, 6.372e+00, 6.356e+00, 6.295e+00, 6.215e+00, 6.173e+00, 6.110e+00, 6.061e+00, 6.040e+00, 6.055e+00, 6.131e+00, 6.209e+00, 6.254e+00, 6.283e+00, 6.302e+00, 6.313e+00, 6.347e+00, 6.380e+00, 6.356e+00, 6.373e+00, 6.357e+00, 6.326e+00, 6.302e+00, 6.274e+00, 6.234e+00, 6.204e+00, 6.165e+00, 6.121e+00, 6.085e+00, 6.078e+00, 6.087e+00, 6.116e+00, 6.150e+00, 6.182e+00, 6.217e+00, 6.192e+00, 6.179e+00, 6.189e+00, 6.180e+00, 6.169e+00, 6.164e+00, 6.161e+00, 6.120e+00, 6.107e+00, 6.121e+00, 6.155e+00, 6.175e+00, 6.165e+00, 6.177e+00, 6.181e+00, 6.190e+00, 6.199e+00, 6.203e+00, 6.203e+00, 6.221e+00, 6.212e+00, 6.208e+00, 6.204e+00, 6.197e+00, 6.193e+00, 6.186e+00, 6.180e+00, 6.190e+00, 6.203e+00, 6.207e+00, 6.228e+00, 6.273e+00, 6.309e+00, 6.338e+00, 6.361e+00, 6.395e+00, 6.424e+00, 6.435e+00, 6.447e+00, 6.449e+00, 6.459e+00, 6.449e+00, 6.452e+00, 6.464e+00, 6.469e+00, 6.463e+00, 6.464e+00, 6.460e+00, 6.464e+00, 6.464e+00, 6.453e+00, 6.444e+00, 6.425e+00, 6.409e+00, 6.394e+00, 6.382e+00, 6.376e+00, 6.381e+00, 6.398e+00, 6.406e+00, 6.423e+00, 6.413e+00, 6.414e+00, 6.418e+00, 6.427e+00, 6.421e+00, 6.414e+00, 6.405e+00, 6.404e+00, 6.390e+00, 6.401e+00, 6.399e+00, 6.402e+00, 6.394e+00, 6.389e+00, 6.376e+00, 6.384e+00, 6.377e+00, 6.371e+00, 6.365e+00, 6.369e+00, 6.367e+00, 6.367e+00, 6.359e+00, 6.330e+00, 6.337e+00, 6.343e+00, 6.365e+00, 6.375e+00, 6.373e+00, 6.377e+00, 6.384e+00, 6.409e+00]
[2024-05-29 03:58:31] PPL: 6.409e+00
