[2024-05-29 03:53:34] Environments:
------------  --------------------------------------------------------------------------------
sys.platform  linux
python        3.12.3 (main, Apr 27 2024, 19:00:21) [GCC 11.4.0]
datasets      2.19.1 @/home/giung/transformerx/.venv/lib/python3.12/site-packages/datasets
jax           0.4.28 @/home/giung/transformerx/.venv/lib/python3.12/site-packages/jax
jaxlib        0.4.28 @/home/giung/transformerx/.venv/lib/python3.12/site-packages/jaxlib
transformers  4.41.1 @/home/giung/transformerx/.venv/lib/python3.12/site-packages/transformers
------------  --------------------------------------------------------------------------------

[2024-05-29 03:53:34] Command line arguments:
- args.model      : microsoft/Phi-3-medium-4k-instruct
- args.data       : ptb
- args.seqlen     : 2048
- args.bits       : 7
- args.group_size : 128
- args.save       : save/ptb/microsoft/Phi-3-medium-4k-instruct/b7-g128
- args.seed       : 35723085

[2024-05-29 03:53:34] Local devices:
[TpuDevice(id=0, process_index=0, coords=(0,0,0), core_on_chip=0), TpuDevice(id=1, process_index=0, coords=(1,0,0), core_on_chip=0), TpuDevice(id=2, process_index=0, coords=(0,1,0), core_on_chip=0), TpuDevice(id=3, process_index=0, coords=(1,1,0), core_on_chip=0)]

[2024-05-29 03:57:46] nlls=[5.001e+03, 4.782e+03, 4.841e+03, 4.953e+03, 5.060e+03, 4.592e+03, 4.768e+03, 4.420e+03, 4.571e+03, 4.380e+03, 4.773e+03, 4.117e+03, 5.164e+03, 4.975e+03, 4.975e+03, 5.220e+03, 4.766e+03, 4.223e+03, 5.293e+03, 4.415e+03, 4.509e+03, 5.243e+03, 4.656e+03, 5.136e+03, 5.306e+03, 4.591e+03, 4.668e+03, 4.959e+03, 4.631e+03, 5.297e+03, 4.506e+03, 4.827e+03, 4.216e+03, 5.581e+03, 5.075e+03, 5.619e+03, 5.524e+03, 5.025e+03, 4.836e+03, 5.210e+03, 5.010e+03, 4.928e+03, 4.946e+03, 5.324e+03, 4.849e+03, 4.445e+03, 4.646e+03, 4.601e+03, 4.433e+03, 4.608e+03, 5.004e+03, 4.712e+03]
[2024-05-29 03:57:46] ppls=[1.149e+01, 1.090e+01, 1.081e+01, 1.091e+01, 1.109e+01, 1.079e+01, 1.071e+01, 1.043e+01, 1.030e+01, 1.010e+01, 1.012e+01, 9.867e+00, 1.004e+01, 1.013e+01, 1.021e+01, 1.035e+01, 1.035e+01, 1.019e+01, 1.033e+01, 1.024e+01, 1.018e+01, 1.029e+01, 1.027e+01, 1.034e+01, 1.045e+01, 1.041e+01, 1.038e+01, 1.041e+01, 1.038e+01, 1.047e+01, 1.042e+01, 1.042e+01, 1.033e+01, 1.045e+01, 1.049e+01, 1.061e+01, 1.070e+01, 1.073e+01, 1.072e+01, 1.077e+01, 1.079e+01, 1.079e+01, 1.080e+01, 1.086e+01, 1.085e+01, 1.080e+01, 1.078e+01, 1.075e+01, 1.070e+01, 1.068e+01, 1.069e+01, 1.068e+01]
[2024-05-29 03:57:46] PPL: 1.068e+01
