[2024-05-29 03:36:37] Environments:
------------  --------------------------------------------------------------------------------
sys.platform  linux
python        3.12.3 (main, Apr 27 2024, 19:00:21) [GCC 11.4.0]
datasets      2.19.1 @/home/giung/transformerx/.venv/lib/python3.12/site-packages/datasets
jax           0.4.28 @/home/giung/transformerx/.venv/lib/python3.12/site-packages/jax
jaxlib        0.4.28 @/home/giung/transformerx/.venv/lib/python3.12/site-packages/jaxlib
transformers  4.41.1 @/home/giung/transformerx/.venv/lib/python3.12/site-packages/transformers
------------  --------------------------------------------------------------------------------

[2024-05-29 03:36:37] Command line arguments:
- args.model      : microsoft/Phi-3-medium-4k-instruct
- args.data       : wikitext2
- args.seqlen     : 2048
- args.bits       : 7
- args.group_size : 128
- args.save       : save/wikitext2/microsoft/Phi-3-medium-4k-instruct/b7-g128
- args.seed       : 38432149

[2024-05-29 03:36:37] Local devices:
[TpuDevice(id=0, process_index=0, coords=(0,0,0), core_on_chip=0), TpuDevice(id=1, process_index=0, coords=(1,0,0), core_on_chip=0), TpuDevice(id=2, process_index=0, coords=(0,1,0), core_on_chip=0), TpuDevice(id=3, process_index=0, coords=(1,1,0), core_on_chip=0)]

[2024-05-29 03:41:26] nlls=[2.410e+03, 1.563e+03, 1.719e+03, 1.965e+03, 2.993e+03, 2.987e+03, 2.477e+03, 1.981e+03, 3.059e+03, 3.413e+03, 3.724e+03, 3.576e+03, 3.098e+03, 3.435e+03, 3.087e+03, 3.255e+03, 3.342e+03, 3.214e+03, 3.772e+03, 2.919e+03, 3.250e+03, 2.938e+03, 1.442e+03, 2.023e+03, 2.325e+03, 2.051e+03, 2.149e+03, 1.805e+03, 1.887e+03, 3.173e+03, 4.441e+03, 4.115e+03, 3.559e+03, 2.715e+03, 1.831e+03, 1.948e+03, 1.544e+03, 1.900e+03, 2.495e+03, 2.677e+03, 2.597e+03, 2.499e+03, 2.276e+03, 2.653e+03, 2.296e+03, 2.514e+03, 2.854e+03, 3.297e+03, 4.526e+03, 4.666e+03, 3.796e+03, 3.023e+03, 2.754e+03, 3.552e+03, 3.793e+03, 3.855e+03, 2.842e+03, 3.594e+03, 3.097e+03, 2.778e+03, 2.897e+03, 2.895e+03, 2.578e+03, 2.777e+03, 2.519e+03, 2.323e+03, 2.485e+03, 2.876e+03, 3.662e+03, 3.711e+03, 3.975e+03, 4.172e+03, 4.236e+03, 2.756e+03, 2.994e+03, 3.481e+03, 3.003e+03, 2.960e+03, 3.130e+03, 3.102e+03, 2.188e+03, 2.318e+03, 3.685e+03, 4.015e+03, 3.798e+03, 3.076e+03, 3.547e+03, 3.425e+03, 3.478e+03, 3.312e+03, 3.448e+03, 2.416e+03, 2.944e+03, 2.819e+03, 2.800e+03, 2.659e+03, 2.676e+03, 3.197e+03, 3.004e+03, 2.925e+03, 3.576e+03, 3.606e+03, 3.180e+03, 3.811e+03, 4.704e+03, 4.458e+03, 4.248e+03, 4.069e+03, 4.484e+03, 4.234e+03, 3.776e+03, 3.720e+03, 3.463e+03, 3.681e+03, 2.988e+03, 3.948e+03, 4.393e+03, 3.856e+03, 2.586e+03, 2.297e+03, 2.166e+03, 3.500e+03, 2.751e+03, 2.844e+03, 2.646e+03, 2.319e+03, 2.481e+03, 2.075e+03, 2.706e+03, 3.169e+03, 3.437e+03, 3.162e+03, 2.717e+03, 2.604e+03, 2.943e+03, 3.514e+03, 3.382e+03, 3.671e+03, 3.184e+03, 3.136e+03, 2.987e+03, 3.293e+03, 2.638e+03, 3.841e+03, 3.275e+03, 3.482e+03, 2.903e+03, 3.056e+03, 2.906e+03, 3.665e+03, 2.330e+03, 1.628e+03, 2.030e+03, 1.843e+03, 2.705e+03, 3.316e+03, 2.784e+03, 1.980e+03, 3.415e+03, 3.658e+03, 4.146e+03, 3.340e+03, 2.929e+03, 3.481e+03, 3.622e+03, 4.247e+03]
[2024-05-29 03:41:26] ppls=[3.244e+00, 2.638e+00, 2.525e+00, 2.546e+00, 2.829e+00, 3.034e+00, 3.077e+00, 3.018e+00, 3.151e+00, 3.319e+00, 3.511e+00, 3.657e+00, 3.718e+00, 3.816e+00, 3.859e+00, 3.917e+00, 3.979e+00, 4.021e+00, 4.117e+00, 4.120e+00, 4.153e+00, 4.155e+00, 4.027e+00, 3.960e+00, 3.922e+00, 3.867e+00, 3.824e+00, 3.761e+00, 3.709e+00, 3.739e+00, 3.843e+00, 3.923e+00, 3.968e+00, 3.962e+00, 3.907e+00, 3.863e+00, 3.801e+00, 3.761e+00, 3.750e+00, 3.749e+00, 3.744e+00, 3.735e+00, 3.717e+00, 3.716e+00, 3.700e+00, 3.693e+00, 3.700e+00, 3.724e+00, 3.792e+00, 3.865e+00, 3.903e+00, 3.911e+00, 3.910e+00, 3.937e+00, 3.972e+00, 4.007e+00, 4.007e+00, 4.033e+00, 4.041e+00, 4.038e+00, 4.039e+00, 4.041e+00, 4.032e+00, 4.029e+00, 4.019e+00, 4.004e+00, 3.993e+00, 3.994e+00, 4.018e+00, 4.042e+00, 4.073e+00, 4.109e+00, 4.146e+00, 4.142e+00, 4.144e+00, 4.159e+00, 4.162e+00, 4.163e+00, 4.168e+00, 4.172e+00, 4.154e+00, 4.139e+00, 4.158e+00, 4.185e+00, 4.206e+00, 4.209e+00, 4.223e+00, 4.234e+00, 4.246e+00, 4.254e+00, 4.265e+00, 4.253e+00, 4.252e+00, 4.249e+00, 4.246e+00, 4.239e+00, 4.233e+00, 4.238e+00, 4.239e+00, 4.239e+00, 4.251e+00, 4.264e+00, 4.269e+00, 4.285e+00, 4.320e+00, 4.349e+00, 4.374e+00, 4.394e+00, 4.423e+00, 4.447e+00, 4.461e+00, 4.473e+00, 4.481e+00, 4.493e+00, 4.491e+00, 4.508e+00, 4.532e+00, 4.547e+00, 4.537e+00, 4.522e+00, 4.505e+00, 4.513e+00, 4.507e+00, 4.503e+00, 4.495e+00, 4.482e+00, 4.472e+00, 4.455e+00, 4.449e+00, 4.451e+00, 4.457e+00, 4.459e+00, 4.453e+00, 4.446e+00, 4.444e+00, 4.451e+00, 4.456e+00, 4.466e+00, 4.468e+00, 4.469e+00, 4.468e+00, 4.471e+00, 4.465e+00, 4.476e+00, 4.479e+00, 4.486e+00, 4.483e+00, 4.483e+00, 4.480e+00, 4.489e+00, 4.478e+00, 4.458e+00, 4.443e+00, 4.426e+00, 4.421e+00, 4.425e+00, 4.421e+00, 4.407e+00, 4.412e+00, 4.420e+00, 4.435e+00, 4.439e+00, 4.437e+00, 4.443e+00, 4.450e+00, 4.466e+00]
[2024-05-29 03:41:26] PPL: 4.466e+00
