[2024-05-29 03:35:22] Environments:
------------  --------------------------------------------------------------------------------
sys.platform  linux
python        3.12.3 (main, Apr 27 2024, 19:00:21) [GCC 11.4.0]
datasets      2.19.1 @/home/giung/transformerx/.venv/lib/python3.12/site-packages/datasets
jax           0.4.28 @/home/giung/transformerx/.venv/lib/python3.12/site-packages/jax
jaxlib        0.4.28 @/home/giung/transformerx/.venv/lib/python3.12/site-packages/jaxlib
transformers  4.41.1 @/home/giung/transformerx/.venv/lib/python3.12/site-packages/transformers
------------  --------------------------------------------------------------------------------

[2024-05-29 03:35:22] Command line arguments:
- args.model      : microsoft/Phi-3-medium-4k-instruct
- args.data       : wikitext2
- args.seqlen     : 2048
- args.bits       : 4
- args.group_size : 128
- args.save       : save/wikitext2/microsoft/Phi-3-medium-4k-instruct/b4-g128
- args.seed       : 23673651

[2024-05-29 03:35:22] Local devices:
[TpuDevice(id=0, process_index=0, coords=(0,0,0), core_on_chip=0), TpuDevice(id=1, process_index=0, coords=(1,0,0), core_on_chip=0), TpuDevice(id=2, process_index=0, coords=(0,1,0), core_on_chip=0), TpuDevice(id=3, process_index=0, coords=(1,1,0), core_on_chip=0)]

[2024-05-29 03:40:19] nlls=[9.387e+03, 9.828e+03, 1.057e+04, 1.094e+04, 9.343e+03, 1.027e+04, 8.295e+03, 8.312e+03, 9.564e+03, 1.014e+04, 1.032e+04, 1.048e+04, 9.690e+03, 1.001e+04, 9.469e+03, 1.017e+04, 9.803e+03, 1.007e+04, 1.032e+04, 9.814e+03, 9.834e+03, 9.109e+03, 9.345e+03, 1.056e+04, 1.037e+04, 9.812e+03, 1.002e+04, 9.756e+03, 1.037e+04, 1.016e+04, 1.080e+04, 1.068e+04, 1.035e+04, 9.727e+03, 9.317e+03, 9.035e+03, 9.028e+03, 9.397e+03, 9.337e+03, 1.009e+04, 9.962e+03, 8.731e+03, 9.366e+03, 9.089e+03, 8.891e+03, 9.499e+03, 9.213e+03, 9.740e+03, 1.097e+04, 1.064e+04, 1.062e+04, 1.051e+04, 9.899e+03, 9.582e+03, 9.822e+03, 9.625e+03, 9.231e+03, 1.031e+04, 9.711e+03, 9.553e+03, 9.379e+03, 9.200e+03, 8.925e+03, 9.118e+03, 8.385e+03, 8.493e+03, 9.204e+03, 8.830e+03, 9.289e+03, 1.076e+04, 1.070e+04, 1.043e+04, 1.090e+04, 1.010e+04, 1.071e+04, 1.087e+04, 1.024e+04, 1.075e+04, 9.861e+03, 9.483e+03, 8.348e+03, 9.064e+03, 1.053e+04, 1.081e+04, 1.070e+04, 9.648e+03, 9.249e+03, 9.667e+03, 9.669e+03, 9.960e+03, 9.796e+03, 9.878e+03, 1.055e+04, 8.677e+03, 9.248e+03, 9.110e+03, 9.950e+03, 1.006e+04, 1.001e+04, 1.100e+04, 1.052e+04, 1.013e+04, 9.716e+03, 1.060e+04, 1.084e+04, 1.062e+04, 1.062e+04, 1.079e+04, 1.076e+04, 1.037e+04, 1.019e+04, 1.081e+04, 9.539e+03, 1.031e+04, 9.685e+03, 9.996e+03, 9.884e+03, 9.783e+03, 1.011e+04, 9.999e+03, 1.007e+04, 1.013e+04, 9.659e+03, 9.077e+03, 9.205e+03, 9.688e+03, 9.426e+03, 9.855e+03, 9.632e+03, 9.436e+03, 1.028e+04, 1.124e+04, 1.057e+04, 1.075e+04, 9.572e+03, 9.717e+03, 1.021e+04, 9.908e+03, 8.931e+03, 8.772e+03, 8.660e+03, 9.501e+03, 9.433e+03, 1.037e+04, 9.390e+03, 1.013e+04, 9.878e+03, 9.984e+03, 9.595e+03, 1.047e+04, 9.313e+03, 9.975e+03, 9.546e+03, 1.085e+04, 9.440e+03, 9.925e+03, 8.964e+03, 7.283e+03, 9.729e+03, 1.061e+04, 1.072e+04, 1.005e+04, 9.718e+03, 1.007e+04, 1.067e+04, 1.097e+04]
[2024-05-29 03:40:19] ppls=[9.784e+01, 1.090e+02, 1.275e+02, 1.442e+02, 1.328e+02, 1.357e+02, 1.200e+02, 1.095e+02, 1.092e+02, 1.120e+02, 1.154e+02, 1.190e+02, 1.185e+02, 1.195e+02, 1.182e+02, 1.196e+02, 1.197e+02, 1.206e+02, 1.221e+02, 1.220e+02, 1.220e+02, 1.201e+02, 1.189e+02, 1.208e+02, 1.221e+02, 1.220e+02, 1.224e+02, 1.223e+02, 1.233e+02, 1.239e+02, 1.258e+02, 1.273e+02, 1.281e+02, 1.277e+02, 1.266e+02, 1.251e+02, 1.237e+02, 1.229e+02, 1.221e+02, 1.225e+02, 1.227e+02, 1.211e+02, 1.205e+02, 1.195e+02, 1.183e+02, 1.180e+02, 1.173e+02, 1.173e+02, 1.187e+02, 1.197e+02, 1.206e+02, 1.214e+02, 1.215e+02, 1.212e+02, 1.212e+02, 1.210e+02, 1.204e+02, 1.209e+02, 1.208e+02, 1.205e+02, 1.201e+02, 1.196e+02, 1.187e+02, 1.181e+02, 1.169e+02, 1.158e+02, 1.154e+02, 1.147e+02, 1.143e+02, 1.151e+02, 1.159e+02, 1.165e+02, 1.174e+02, 1.176e+02, 1.184e+02, 1.192e+02, 1.195e+02, 1.203e+02, 1.203e+02, 1.201e+02, 1.190e+02, 1.185e+02, 1.190e+02, 1.197e+02, 1.204e+02, 1.202e+02, 1.199e+02, 1.198e+02, 1.197e+02, 1.198e+02, 1.198e+02, 1.198e+02, 1.203e+02, 1.196e+02, 1.193e+02, 1.189e+02, 1.190e+02, 1.191e+02, 1.192e+02, 1.199e+02, 1.204e+02, 1.205e+02, 1.205e+02, 1.209e+02, 1.215e+02, 1.219e+02, 1.224e+02, 1.229e+02, 1.234e+02, 1.237e+02, 1.239e+02, 1.244e+02, 1.242e+02, 1.244e+02, 1.243e+02, 1.244e+02, 1.244e+02, 1.243e+02, 1.245e+02, 1.245e+02, 1.246e+02, 1.247e+02, 1.246e+02, 1.242e+02, 1.239e+02, 1.238e+02, 1.236e+02, 1.236e+02, 1.235e+02, 1.233e+02, 1.235e+02, 1.241e+02, 1.244e+02, 1.248e+02, 1.247e+02, 1.246e+02, 1.248e+02, 1.248e+02, 1.244e+02, 1.239e+02, 1.234e+02, 1.232e+02, 1.230e+02, 1.232e+02, 1.231e+02, 1.232e+02, 1.232e+02, 1.232e+02, 1.231e+02, 1.234e+02, 1.231e+02, 1.232e+02, 1.231e+02, 1.235e+02, 1.233e+02, 1.233e+02, 1.230e+02, 1.220e+02, 1.220e+02, 1.222e+02, 1.226e+02, 1.226e+02, 1.226e+02, 1.227e+02, 1.230e+02, 1.234e+02]
[2024-05-29 03:40:19] PPL: 1.234e+02
