[2024-05-29 03:43:25] Environments:
------------  --------------------------------------------------------------------------------
sys.platform  linux
python        3.12.3 (main, Apr 27 2024, 19:00:21) [GCC 11.4.0]
datasets      2.19.1 @/home/giung/transformerx/.venv/lib/python3.12/site-packages/datasets
jax           0.4.28 @/home/giung/transformerx/.venv/lib/python3.12/site-packages/jax
jaxlib        0.4.28 @/home/giung/transformerx/.venv/lib/python3.12/site-packages/jaxlib
transformers  4.41.1 @/home/giung/transformerx/.venv/lib/python3.12/site-packages/transformers
------------  --------------------------------------------------------------------------------

[2024-05-29 03:43:25] Command line arguments:
- args.model      : microsoft/Phi-3-medium-4k-instruct
- args.data       : ptb
- args.seqlen     : 2048
- args.bits       : 8
- args.group_size : 16
- args.save       : save/ptb/microsoft/Phi-3-medium-4k-instruct/b8-g16
- args.seed       : 27006450

[2024-05-29 03:43:25] Local devices:
[TpuDevice(id=0, process_index=0, coords=(0,0,0), core_on_chip=0), TpuDevice(id=1, process_index=0, coords=(1,0,0), core_on_chip=0), TpuDevice(id=2, process_index=0, coords=(0,1,0), core_on_chip=0), TpuDevice(id=3, process_index=0, coords=(1,1,0), core_on_chip=0)]

[2024-05-29 03:47:18] nlls=[4.952e+03, 4.742e+03, 4.799e+03, 4.915e+03, 5.024e+03, 4.568e+03, 4.747e+03, 4.406e+03, 4.532e+03, 4.351e+03, 4.735e+03, 4.098e+03, 5.152e+03, 4.941e+03, 4.948e+03, 5.213e+03, 4.732e+03, 4.191e+03, 5.260e+03, 4.383e+03, 4.471e+03, 5.227e+03, 4.633e+03, 5.104e+03, 5.270e+03, 4.581e+03, 4.650e+03, 4.932e+03, 4.576e+03, 5.271e+03, 4.461e+03, 4.806e+03, 4.208e+03, 5.544e+03, 5.030e+03, 5.609e+03, 5.477e+03, 4.991e+03, 4.803e+03, 5.183e+03, 4.984e+03, 4.893e+03, 4.896e+03, 5.310e+03, 4.831e+03, 4.403e+03, 4.628e+03, 4.555e+03, 4.419e+03, 4.590e+03, 4.964e+03, 4.669e+03]
[2024-05-29 03:47:18] ppls=[1.122e+01, 1.066e+01, 1.058e+01, 1.069e+01, 1.087e+01, 1.059e+01, 1.053e+01, 1.026e+01, 1.013e+01, 9.941e+00, 9.955e+00, 9.712e+00, 9.894e+00, 9.980e+00, 1.006e+01, 1.021e+01, 1.020e+01, 1.004e+01, 1.018e+01, 1.009e+01, 1.003e+01, 1.014e+01, 1.012e+01, 1.019e+01, 1.030e+01, 1.026e+01, 1.024e+01, 1.027e+01, 1.023e+01, 1.032e+01, 1.027e+01, 1.027e+01, 1.019e+01, 1.030e+01, 1.034e+01, 1.046e+01, 1.055e+01, 1.057e+01, 1.057e+01, 1.062e+01, 1.063e+01, 1.064e+01, 1.065e+01, 1.070e+01, 1.070e+01, 1.065e+01, 1.062e+01, 1.059e+01, 1.055e+01, 1.053e+01, 1.054e+01, 1.052e+01]
[2024-05-29 03:47:18] PPL: 1.052e+01
