[2024-05-29 04:07:16] Environments:
------------  --------------------------------------------------------------------------------
sys.platform  linux
python        3.12.3 (main, Apr 27 2024, 19:00:21) [GCC 11.4.0]
datasets      2.19.1 @/home/giung/transformerx/.venv/lib/python3.12/site-packages/datasets
jax           0.4.28 @/home/giung/transformerx/.venv/lib/python3.12/site-packages/jax
jaxlib        0.4.28 @/home/giung/transformerx/.venv/lib/python3.12/site-packages/jaxlib
transformers  4.41.1 @/home/giung/transformerx/.venv/lib/python3.12/site-packages/transformers
------------  --------------------------------------------------------------------------------

[2024-05-29 04:07:16] Command line arguments:
- args.model      : microsoft/Phi-3-mini-4k-instruct
- args.data       : ptb
- args.seqlen     : 2048
- args.bits       : 8
- args.group_size : 32
- args.save       : save/ptb/microsoft/Phi-3-mini-4k-instruct/b8-g32
- args.seed       : 17845427

[2024-05-29 04:07:16] Local devices:
[TpuDevice(id=0, process_index=0, coords=(0,0,0), core_on_chip=0), TpuDevice(id=1, process_index=0, coords=(1,0,0), core_on_chip=0), TpuDevice(id=2, process_index=0, coords=(0,1,0), core_on_chip=0), TpuDevice(id=3, process_index=0, coords=(1,1,0), core_on_chip=0)]

[2024-05-29 04:08:40] nlls=[5.501e+03, 5.208e+03, 5.324e+03, 5.436e+03, 5.506e+03, 5.087e+03, 5.205e+03, 4.917e+03, 4.891e+03, 4.878e+03, 5.266e+03, 4.585e+03, 5.539e+03, 5.477e+03, 5.478e+03, 5.716e+03, 5.202e+03, 4.616e+03, 5.767e+03, 4.907e+03, 5.002e+03, 5.712e+03, 5.087e+03, 5.545e+03, 5.660e+03, 4.995e+03, 5.120e+03, 5.431e+03, 5.087e+03, 5.699e+03, 5.006e+03, 5.104e+03, 4.731e+03, 6.007e+03, 5.519e+03, 6.037e+03, 5.983e+03, 5.523e+03, 5.320e+03, 5.713e+03, 5.534e+03, 5.540e+03, 5.335e+03, 5.781e+03, 5.283e+03, 4.862e+03, 5.221e+03, 5.118e+03, 4.804e+03, 5.091e+03, 5.529e+03, 5.290e+03]
[2024-05-29 04:08:40] ppls=[1.467e+01, 1.366e+01, 1.359e+01, 1.375e+01, 1.393e+01, 1.359e+01, 1.346e+01, 1.313e+01, 1.286e+01, 1.264e+01, 1.268e+01, 1.236e+01, 1.255e+01, 1.268e+01, 1.279e+01, 1.299e+01, 1.297e+01, 1.275e+01, 1.293e+01, 1.283e+01, 1.276e+01, 1.290e+01, 1.286e+01, 1.294e+01, 1.305e+01, 1.298e+01, 1.295e+01, 1.299e+01, 1.296e+01, 1.305e+01, 1.300e+01, 1.297e+01, 1.287e+01, 1.302e+01, 1.306e+01, 1.320e+01, 1.332e+01, 1.336e+01, 1.336e+01, 1.343e+01, 1.346e+01, 1.350e+01, 1.350e+01, 1.357e+01, 1.356e+01, 1.349e+01, 1.347e+01, 1.345e+01, 1.338e+01, 1.335e+01, 1.338e+01, 1.337e+01]
[2024-05-29 04:08:40] PPL: 1.337e+01
