[2024-05-29 03:29:11] Environments:
------------  --------------------------------------------------------------------------------
sys.platform  linux
python        3.12.3 (main, Apr 27 2024, 19:00:21) [GCC 11.4.0]
datasets      2.19.1 @/home/giung/transformerx/.venv/lib/python3.12/site-packages/datasets
jax           0.4.28 @/home/giung/transformerx/.venv/lib/python3.12/site-packages/jax
jaxlib        0.4.28 @/home/giung/transformerx/.venv/lib/python3.12/site-packages/jaxlib
transformers  4.41.1 @/home/giung/transformerx/.venv/lib/python3.12/site-packages/transformers
------------  --------------------------------------------------------------------------------

[2024-05-29 03:29:11] Command line arguments:
- args.model      : microsoft/Phi-3-medium-4k-instruct
- args.data       : wikitext2
- args.seqlen     : 2048
- args.bits       : 5
- args.group_size : 32
- args.save       : save/wikitext2/microsoft/Phi-3-medium-4k-instruct/b5-g32
- args.seed       : 12940519

[2024-05-29 03:29:11] Local devices:
[TpuDevice(id=0, process_index=0, coords=(0,0,0), core_on_chip=0), TpuDevice(id=1, process_index=0, coords=(1,0,0), core_on_chip=0), TpuDevice(id=2, process_index=0, coords=(0,1,0), core_on_chip=0), TpuDevice(id=3, process_index=0, coords=(1,1,0), core_on_chip=0)]

[2024-05-29 03:33:51] nlls=[2.836e+03, 3.002e+03, 3.419e+03, 3.422e+03, 3.111e+03, 3.311e+03, 2.706e+03, 2.296e+03, 3.260e+03, 3.588e+03, 3.877e+03, 3.731e+03, 3.255e+03, 3.618e+03, 3.591e+03, 3.715e+03, 3.639e+03, 3.650e+03, 4.123e+03, 3.465e+03, 3.508e+03, 3.205e+03, 2.325e+03, 3.115e+03, 3.268e+03, 3.104e+03, 3.326e+03, 3.047e+03, 3.218e+03, 3.626e+03, 4.615e+03, 4.259e+03, 3.845e+03, 3.116e+03, 2.539e+03, 2.534e+03, 2.265e+03, 2.697e+03, 2.961e+03, 3.301e+03, 3.182e+03, 2.664e+03, 2.417e+03, 2.786e+03, 2.495e+03, 2.701e+03, 3.007e+03, 3.597e+03, 4.676e+03, 4.820e+03, 4.291e+03, 3.753e+03, 3.497e+03, 3.695e+03, 3.950e+03, 3.996e+03, 2.974e+03, 3.849e+03, 3.255e+03, 2.997e+03, 3.069e+03, 3.052e+03, 2.774e+03, 2.919e+03, 2.669e+03, 2.536e+03, 2.798e+03, 3.050e+03, 3.734e+03, 3.943e+03, 4.112e+03, 4.298e+03, 4.370e+03, 2.869e+03, 3.124e+03, 3.625e+03, 3.114e+03, 3.091e+03, 3.253e+03, 3.268e+03, 2.397e+03, 3.092e+03, 3.831e+03, 4.180e+03, 3.945e+03, 3.225e+03, 3.650e+03, 3.514e+03, 3.615e+03, 3.489e+03, 3.622e+03, 3.276e+03, 3.792e+03, 3.113e+03, 3.174e+03, 3.151e+03, 3.126e+03, 3.336e+03, 3.163e+03, 3.109e+03, 3.719e+03, 3.802e+03, 3.419e+03, 4.005e+03, 4.853e+03, 4.613e+03, 4.379e+03, 4.239e+03, 4.651e+03, 4.390e+03, 3.872e+03, 3.857e+03, 3.584e+03, 3.852e+03, 3.284e+03, 4.174e+03, 4.506e+03, 4.062e+03, 3.284e+03, 3.478e+03, 3.063e+03, 3.947e+03, 3.331e+03, 3.501e+03, 3.312e+03, 2.855e+03, 2.980e+03, 2.886e+03, 3.069e+03, 3.361e+03, 3.723e+03, 3.616e+03, 3.251e+03, 3.663e+03, 3.092e+03, 3.662e+03, 3.566e+03, 3.913e+03, 3.366e+03, 3.251e+03, 3.152e+03, 3.500e+03, 2.894e+03, 4.070e+03, 3.370e+03, 3.568e+03, 3.134e+03, 3.229e+03, 3.050e+03, 3.862e+03, 2.974e+03, 2.699e+03, 3.050e+03, 3.237e+03, 3.180e+03, 3.565e+03, 2.971e+03, 2.093e+03, 3.682e+03, 3.846e+03, 4.253e+03, 3.644e+03, 3.304e+03, 3.803e+03, 3.768e+03, 4.431e+03]
[2024-05-29 03:33:51] ppls=[3.995e+00, 4.159e+00, 4.512e+00, 4.701e+00, 4.674e+00, 4.732e+00, 4.577e+00, 4.354e+00, 4.413e+00, 4.532e+00, 4.693e+00, 4.802e+00, 4.809e+00, 4.877e+00, 4.932e+00, 5.000e+00, 5.049e+00, 5.095e+00, 5.200e+00, 5.211e+00, 5.226e+00, 5.205e+00, 5.090e+00, 5.068e+00, 5.062e+00, 5.041e+00, 5.043e+00, 5.019e+00, 5.012e+00, 5.038e+00, 5.143e+00, 5.214e+00, 5.250e+00, 5.229e+00, 5.168e+00, 5.110e+00, 5.038e+00, 4.998e+00, 4.977e+00, 4.978e+00, 4.972e+00, 4.936e+00, 4.889e+00, 4.864e+00, 4.824e+00, 4.798e+00, 4.788e+00, 4.807e+00, 4.877e+00, 4.953e+00, 5.001e+00, 5.022e+00, 5.031e+00, 5.049e+00, 5.077e+00, 5.107e+00, 5.091e+00, 5.113e+00, 5.110e+00, 5.095e+00, 5.085e+00, 5.073e+00, 5.052e+00, 5.036e+00, 5.012e+00, 4.984e+00, 4.966e+00, 4.958e+00, 4.974e+00, 4.997e+00, 5.025e+00, 5.059e+00, 5.094e+00, 5.079e+00, 5.072e+00, 5.082e+00, 5.075e+00, 5.067e+00, 5.065e+00, 5.063e+00, 5.035e+00, 5.029e+00, 5.044e+00, 5.070e+00, 5.088e+00, 5.085e+00, 5.094e+00, 5.099e+00, 5.107e+00, 5.111e+00, 5.119e+00, 5.117e+00, 5.129e+00, 5.123e+00, 5.118e+00, 5.113e+00, 5.107e+00, 5.107e+00, 5.103e+00, 5.097e+00, 5.107e+00, 5.118e+00, 5.120e+00, 5.136e+00, 5.172e+00, 5.201e+00, 5.225e+00, 5.246e+00, 5.275e+00, 5.298e+00, 5.309e+00, 5.319e+00, 5.323e+00, 5.332e+00, 5.329e+00, 5.346e+00, 5.370e+00, 5.384e+00, 5.380e+00, 5.381e+00, 5.373e+00, 5.383e+00, 5.381e+00, 5.382e+00, 5.379e+00, 5.367e+00, 5.357e+00, 5.346e+00, 5.339e+00, 5.337e+00, 5.343e+00, 5.347e+00, 5.343e+00, 5.348e+00, 5.341e+00, 5.346e+00, 5.348e+00, 5.357e+00, 5.356e+00, 5.352e+00, 5.347e+00, 5.348e+00, 5.338e+00, 5.350e+00, 5.349e+00, 5.351e+00, 5.346e+00, 5.342e+00, 5.336e+00, 5.343e+00, 5.335e+00, 5.323e+00, 5.316e+00, 5.313e+00, 5.309e+00, 5.312e+00, 5.304e+00, 5.283e+00, 5.287e+00, 5.294e+00, 5.308e+00, 5.311e+00, 5.309e+00, 5.315e+00, 5.321e+00, 5.337e+00]
[2024-05-29 03:33:51] PPL: 5.337e+00
