[2024-05-29 04:01:59] Environments:
------------  --------------------------------------------------------------------------------
sys.platform  linux
python        3.12.3 (main, Apr 27 2024, 19:00:21) [GCC 11.4.0]
datasets      2.19.1 @/home/giung/transformerx/.venv/lib/python3.12/site-packages/datasets
jax           0.4.28 @/home/giung/transformerx/.venv/lib/python3.12/site-packages/jax
jaxlib        0.4.28 @/home/giung/transformerx/.venv/lib/python3.12/site-packages/jaxlib
transformers  4.41.1 @/home/giung/transformerx/.venv/lib/python3.12/site-packages/transformers
------------  --------------------------------------------------------------------------------

[2024-05-29 04:01:59] Command line arguments:
- args.model      : microsoft/Phi-3-mini-4k-instruct
- args.data       : wikitext2
- args.seqlen     : 2048
- args.bits       : 7
- args.group_size : 32
- args.save       : save/wikitext2/microsoft/Phi-3-mini-4k-instruct/b7-g32
- args.seed       : 60272348

[2024-05-29 04:01:59] Local devices:
[TpuDevice(id=0, process_index=0, coords=(0,0,0), core_on_chip=0), TpuDevice(id=1, process_index=0, coords=(1,0,0), core_on_chip=0), TpuDevice(id=2, process_index=0, coords=(0,1,0), core_on_chip=0), TpuDevice(id=3, process_index=0, coords=(1,1,0), core_on_chip=0)]

[2024-05-29 04:03:45] nlls=[3.142e+03, 3.794e+03, 4.309e+03, 3.921e+03, 3.425e+03, 3.664e+03, 3.205e+03, 2.783e+03, 3.709e+03, 3.872e+03, 4.741e+03, 3.932e+03, 3.596e+03, 3.979e+03, 3.943e+03, 4.313e+03, 4.463e+03, 4.260e+03, 5.506e+03, 4.087e+03, 4.162e+03, 3.486e+03, 3.044e+03, 3.892e+03, 4.081e+03, 3.946e+03, 4.021e+03, 3.808e+03, 4.090e+03, 3.920e+03, 4.866e+03, 4.621e+03, 4.171e+03, 3.464e+03, 3.031e+03, 2.904e+03, 2.608e+03, 3.265e+03, 3.343e+03, 3.941e+03, 3.596e+03, 3.004e+03, 2.668e+03, 3.158e+03, 2.785e+03, 2.999e+03, 3.359e+03, 3.950e+03, 4.964e+03, 5.039e+03, 4.533e+03, 4.282e+03, 4.132e+03, 3.970e+03, 4.389e+03, 4.417e+03, 3.371e+03, 4.135e+03, 3.502e+03, 3.216e+03, 3.337e+03, 3.226e+03, 2.964e+03, 3.135e+03, 2.943e+03, 2.761e+03, 2.977e+03, 3.565e+03, 3.944e+03, 4.393e+03, 4.557e+03, 4.524e+03, 4.574e+03, 3.164e+03, 3.438e+03, 4.022e+03, 3.520e+03, 3.444e+03, 3.612e+03, 3.675e+03, 2.654e+03, 3.373e+03, 4.126e+03, 4.685e+03, 4.277e+03, 3.496e+03, 4.044e+03, 3.880e+03, 4.033e+03, 4.040e+03, 3.847e+03, 3.785e+03, 4.343e+03, 3.485e+03, 3.618e+03, 3.642e+03, 3.535e+03, 3.613e+03, 3.515e+03, 3.533e+03, 4.092e+03, 4.210e+03, 3.918e+03, 4.450e+03, 5.296e+03, 5.018e+03, 4.773e+03, 4.588e+03, 5.002e+03, 4.827e+03, 4.241e+03, 4.244e+03, 3.895e+03, 4.229e+03, 3.494e+03, 3.968e+03, 4.258e+03, 4.086e+03, 3.649e+03, 3.907e+03, 3.681e+03, 3.998e+03, 3.835e+03, 3.444e+03, 3.495e+03, 3.098e+03, 3.147e+03, 3.220e+03, 3.344e+03, 3.563e+03, 4.042e+03, 4.533e+03, 4.234e+03, 4.557e+03, 3.400e+03, 3.887e+03, 3.969e+03, 4.194e+03, 3.599e+03, 3.515e+03, 3.451e+03, 3.755e+03, 3.199e+03, 4.330e+03, 3.704e+03, 3.998e+03, 3.418e+03, 3.555e+03, 3.223e+03, 4.205e+03, 3.451e+03, 3.516e+03, 3.585e+03, 4.013e+03, 3.847e+03, 3.827e+03, 3.435e+03, 2.267e+03, 4.153e+03, 4.154e+03, 4.977e+03, 4.357e+03, 3.681e+03, 4.024e+03, 4.249e+03, 5.201e+03]
[2024-05-29 04:03:45] ppls=[4.638e+00, 5.437e+00, 6.235e+00, 6.367e+00, 6.144e+00, 6.117e+00, 5.905e+00, 5.605e+00, 5.660e+00, 5.750e+00, 6.053e+00, 6.114e+00, 6.088e+00, 6.148e+00, 6.193e+00, 6.303e+00, 6.430e+00, 6.508e+00, 6.794e+00, 6.821e+00, 6.857e+00, 6.788e+00, 6.663e+00, 6.664e+00, 6.689e+00, 6.696e+00, 6.711e+00, 6.701e+00, 6.723e+00, 6.725e+00, 6.827e+00, 6.899e+00, 6.921e+00, 6.872e+00, 6.785e+00, 6.692e+00, 6.579e+00, 6.529e+00, 6.489e+00, 6.497e+00, 6.479e+00, 6.417e+00, 6.335e+00, 6.291e+00, 6.225e+00, 6.176e+00, 6.152e+00, 6.166e+00, 6.243e+00, 6.322e+00, 6.368e+00, 6.397e+00, 6.417e+00, 6.426e+00, 6.459e+00, 6.493e+00, 6.467e+00, 6.484e+00, 6.467e+00, 6.435e+00, 6.411e+00, 6.381e+00, 6.340e+00, 6.309e+00, 6.270e+00, 6.224e+00, 6.189e+00, 6.182e+00, 6.191e+00, 6.220e+00, 6.254e+00, 6.287e+00, 6.321e+00, 6.296e+00, 6.282e+00, 6.293e+00, 6.283e+00, 6.270e+00, 6.264e+00, 6.261e+00, 6.220e+00, 6.206e+00, 6.220e+00, 6.254e+00, 6.273e+00, 6.264e+00, 6.274e+00, 6.278e+00, 6.287e+00, 6.297e+00, 6.299e+00, 6.300e+00, 6.319e+00, 6.309e+00, 6.304e+00, 6.300e+00, 6.293e+00, 6.288e+00, 6.280e+00, 6.273e+00, 6.283e+00, 6.297e+00, 6.301e+00, 6.321e+00, 6.366e+00, 6.402e+00, 6.431e+00, 6.453e+00, 6.488e+00, 6.516e+00, 6.528e+00, 6.539e+00, 6.541e+00, 6.551e+00, 6.542e+00, 6.545e+00, 6.556e+00, 6.563e+00, 6.557e+00, 6.559e+00, 6.554e+00, 6.558e+00, 6.557e+00, 6.547e+00, 6.538e+00, 6.519e+00, 6.502e+00, 6.487e+00, 6.475e+00, 6.468e+00, 6.473e+00, 6.490e+00, 6.500e+00, 6.517e+00, 6.507e+00, 6.508e+00, 6.511e+00, 6.519e+00, 6.514e+00, 6.507e+00, 6.498e+00, 6.496e+00, 6.482e+00, 6.493e+00, 6.490e+00, 6.494e+00, 6.485e+00, 6.479e+00, 6.466e+00, 6.475e+00, 6.467e+00, 6.460e+00, 6.455e+00, 6.459e+00, 6.460e+00, 6.460e+00, 6.452e+00, 6.421e+00, 6.428e+00, 6.435e+00, 6.458e+00, 6.468e+00, 6.465e+00, 6.469e+00, 6.477e+00, 6.504e+00]
[2024-05-29 04:03:45] PPL: 6.504e+00
