[2024-05-29 03:12:29] Environments:
------------  --------------------------------------------------------------------------------
sys.platform  linux
python        3.12.3 (main, Apr 27 2024, 19:00:21) [GCC 11.4.0]
datasets      2.19.1 @/home/giung/transformerx/.venv/lib/python3.12/site-packages/datasets
jax           0.4.28 @/home/giung/transformerx/.venv/lib/python3.12/site-packages/jax
jaxlib        0.4.28 @/home/giung/transformerx/.venv/lib/python3.12/site-packages/jaxlib
transformers  4.41.1 @/home/giung/transformerx/.venv/lib/python3.12/site-packages/transformers
------------  --------------------------------------------------------------------------------

[2024-05-29 03:12:29] Command line arguments:
- args.model      : microsoft/Phi-3-medium-4k-instruct
- args.data       : wikitext2
- args.seqlen     : 2048
- args.bits       : 5
- args.group_size : 1
- args.save       : save/wikitext2/microsoft/Phi-3-medium-4k-instruct/b5-g1
- args.seed       : 30234721

[2024-05-29 03:12:29] Local devices:
[TpuDevice(id=0, process_index=0, coords=(0,0,0), core_on_chip=0), TpuDevice(id=1, process_index=0, coords=(1,0,0), core_on_chip=0), TpuDevice(id=2, process_index=0, coords=(0,1,0), core_on_chip=0), TpuDevice(id=3, process_index=0, coords=(1,1,0), core_on_chip=0)]

[2024-05-29 03:24:13] nlls=[2.591e+03, 2.065e+03, 2.263e+03, 2.444e+03, 3.032e+03, 3.144e+03, 2.517e+03, 2.061e+03, 3.200e+03, 3.484e+03, 3.843e+03, 3.595e+03, 3.138e+03, 3.490e+03, 3.275e+03, 3.420e+03, 3.479e+03, 3.369e+03, 3.886e+03, 3.097e+03, 3.376e+03, 3.034e+03, 1.726e+03, 2.399e+03, 2.713e+03, 2.540e+03, 2.580e+03, 2.312e+03, 2.488e+03, 3.405e+03, 4.545e+03, 4.176e+03, 3.616e+03, 2.848e+03, 2.138e+03, 2.146e+03, 1.783e+03, 2.175e+03, 2.674e+03, 2.937e+03, 2.786e+03, 2.579e+03, 2.327e+03, 2.678e+03, 2.346e+03, 2.576e+03, 2.874e+03, 3.417e+03, 4.546e+03, 4.686e+03, 3.928e+03, 3.209e+03, 3.012e+03, 3.593e+03, 3.844e+03, 3.875e+03, 2.892e+03, 3.694e+03, 3.174e+03, 2.862e+03, 2.934e+03, 2.943e+03, 2.591e+03, 2.814e+03, 2.524e+03, 2.388e+03, 2.568e+03, 2.986e+03, 3.693e+03, 3.793e+03, 4.010e+03, 4.196e+03, 4.264e+03, 2.796e+03, 3.049e+03, 3.523e+03, 3.054e+03, 3.014e+03, 3.205e+03, 3.160e+03, 2.255e+03, 2.459e+03, 3.736e+03, 4.065e+03, 3.883e+03, 3.138e+03, 3.579e+03, 3.463e+03, 3.568e+03, 3.379e+03, 3.489e+03, 2.738e+03, 3.323e+03, 2.924e+03, 2.955e+03, 2.814e+03, 2.872e+03, 3.259e+03, 3.067e+03, 2.968e+03, 3.624e+03, 3.674e+03, 3.284e+03, 3.901e+03, 4.773e+03, 4.509e+03, 4.272e+03, 4.122e+03, 4.512e+03, 4.287e+03, 3.820e+03, 3.723e+03, 3.537e+03, 3.750e+03, 3.068e+03, 4.034e+03, 4.387e+03, 3.936e+03, 2.817e+03, 2.620e+03, 2.522e+03, 3.619e+03, 2.889e+03, 3.035e+03, 2.832e+03, 2.630e+03, 2.681e+03, 2.370e+03, 2.910e+03, 3.224e+03, 3.540e+03, 3.226e+03, 2.985e+03, 2.963e+03, 2.950e+03, 3.557e+03, 3.494e+03, 3.727e+03, 3.236e+03, 3.166e+03, 3.035e+03, 3.363e+03, 2.708e+03, 3.911e+03, 3.306e+03, 3.517e+03, 3.006e+03, 3.136e+03, 2.940e+03, 3.696e+03, 2.577e+03, 2.027e+03, 2.497e+03, 2.472e+03, 2.805e+03, 3.370e+03, 2.856e+03, 2.068e+03, 3.510e+03, 3.688e+03, 4.214e+03, 3.413e+03, 3.076e+03, 3.592e+03, 3.686e+03, 4.325e+03]
[2024-05-29 03:24:13] ppls=[3.544e+00, 3.117e+00, 3.084e+00, 3.136e+00, 3.355e+00, 3.542e+00, 3.524e+00, 3.414e+00, 3.543e+00, 3.701e+00, 3.897e+00, 4.028e+00, 4.071e+00, 4.159e+00, 4.208e+00, 4.269e+00, 4.332e+00, 4.375e+00, 4.473e+00, 4.476e+00, 4.508e+00, 4.503e+00, 4.376e+00, 4.320e+00, 4.297e+00, 4.261e+00, 4.231e+00, 4.184e+00, 4.153e+00, 4.186e+00, 4.294e+00, 4.372e+00, 4.411e+00, 4.399e+00, 4.344e+00, 4.294e+00, 4.226e+00, 4.184e+00, 4.171e+00, 4.171e+00, 4.165e+00, 4.148e+00, 4.120e+00, 4.110e+00, 4.086e+00, 4.073e+00, 4.073e+00, 4.095e+00, 4.163e+00, 4.236e+00, 4.275e+00, 4.285e+00, 4.286e+00, 4.310e+00, 4.342e+00, 4.375e+00, 4.370e+00, 4.395e+00, 4.400e+00, 4.394e+00, 4.391e+00, 4.388e+00, 4.373e+00, 4.366e+00, 4.350e+00, 4.330e+00, 4.316e+00, 4.316e+00, 4.337e+00, 4.361e+00, 4.391e+00, 4.426e+00, 4.462e+00, 4.454e+00, 4.454e+00, 4.467e+00, 4.467e+00, 4.466e+00, 4.469e+00, 4.472e+00, 4.450e+00, 4.434e+00, 4.452e+00, 4.478e+00, 4.499e+00, 4.501e+00, 4.513e+00, 4.523e+00, 4.535e+00, 4.542e+00, 4.551e+00, 4.542e+00, 4.548e+00, 4.544e+00, 4.540e+00, 4.534e+00, 4.528e+00, 4.532e+00, 4.532e+00, 4.529e+00, 4.540e+00, 4.553e+00, 4.557e+00, 4.574e+00, 4.609e+00, 4.639e+00, 4.663e+00, 4.683e+00, 4.712e+00, 4.735e+00, 4.748e+00, 4.759e+00, 4.766e+00, 4.777e+00, 4.775e+00, 4.792e+00, 4.815e+00, 4.829e+00, 4.821e+00, 4.810e+00, 4.796e+00, 4.804e+00, 4.798e+00, 4.794e+00, 4.787e+00, 4.777e+00, 4.767e+00, 4.752e+00, 4.747e+00, 4.748e+00, 4.754e+00, 4.754e+00, 4.751e+00, 4.747e+00, 4.743e+00, 4.749e+00, 4.754e+00, 4.763e+00, 4.764e+00, 4.763e+00, 4.761e+00, 4.763e+00, 4.755e+00, 4.767e+00, 4.769e+00, 4.774e+00, 4.771e+00, 4.770e+00, 4.766e+00, 4.773e+00, 4.764e+00, 4.746e+00, 4.735e+00, 4.725e+00, 4.719e+00, 4.722e+00, 4.717e+00, 4.701e+00, 4.706e+00, 4.713e+00, 4.728e+00, 4.732e+00, 4.730e+00, 4.736e+00, 4.743e+00, 4.759e+00]
[2024-05-29 03:24:13] PPL: 4.759e+00
