[2024-05-29 03:47:30] Environments:
------------  --------------------------------------------------------------------------------
sys.platform  linux
python        3.12.3 (main, Apr 27 2024, 19:00:21) [GCC 11.4.0]
datasets      2.19.1 @/home/giung/transformerx/.venv/lib/python3.12/site-packages/datasets
jax           0.4.28 @/home/giung/transformerx/.venv/lib/python3.12/site-packages/jax
jaxlib        0.4.28 @/home/giung/transformerx/.venv/lib/python3.12/site-packages/jaxlib
transformers  4.41.1 @/home/giung/transformerx/.venv/lib/python3.12/site-packages/transformers
------------  --------------------------------------------------------------------------------

[2024-05-29 03:47:30] Command line arguments:
- args.model      : microsoft/Phi-3-medium-4k-instruct
- args.data       : ptb
- args.seqlen     : 2048
- args.bits       : 8
- args.group_size : 32
- args.save       : save/ptb/microsoft/Phi-3-medium-4k-instruct/b8-g32
- args.seed       : 32042268

[2024-05-29 03:47:30] Local devices:
[TpuDevice(id=0, process_index=0, coords=(0,0,0), core_on_chip=0), TpuDevice(id=1, process_index=0, coords=(1,0,0), core_on_chip=0), TpuDevice(id=2, process_index=0, coords=(0,1,0), core_on_chip=0), TpuDevice(id=3, process_index=0, coords=(1,1,0), core_on_chip=0)]

[2024-05-29 03:51:43] nlls=[4.957e+03, 4.751e+03, 4.798e+03, 4.915e+03, 5.029e+03, 4.575e+03, 4.750e+03, 4.403e+03, 4.537e+03, 4.354e+03, 4.742e+03, 4.105e+03, 5.162e+03, 4.946e+03, 4.950e+03, 5.215e+03, 4.741e+03, 4.202e+03, 5.267e+03, 4.385e+03, 4.472e+03, 5.236e+03, 4.638e+03, 5.110e+03, 5.275e+03, 4.586e+03, 4.653e+03, 4.939e+03, 4.575e+03, 5.279e+03, 4.464e+03, 4.807e+03, 4.210e+03, 5.558e+03, 5.037e+03, 5.624e+03, 5.491e+03, 4.999e+03, 4.804e+03, 5.194e+03, 4.992e+03, 4.905e+03, 4.910e+03, 5.322e+03, 4.839e+03, 4.413e+03, 4.635e+03, 4.560e+03, 4.418e+03, 4.593e+03, 4.975e+03, 4.676e+03]
[2024-05-29 03:51:43] ppls=[1.125e+01, 1.070e+01, 1.060e+01, 1.070e+01, 1.089e+01, 1.061e+01, 1.055e+01, 1.028e+01, 1.015e+01, 9.957e+00, 9.972e+00, 9.730e+00, 9.915e+00, 1.000e+01, 1.008e+01, 1.023e+01, 1.022e+01, 1.007e+01, 1.021e+01, 1.012e+01, 1.005e+01, 1.017e+01, 1.014e+01, 1.022e+01, 1.032e+01, 1.028e+01, 1.026e+01, 1.029e+01, 1.026e+01, 1.034e+01, 1.029e+01, 1.030e+01, 1.021e+01, 1.033e+01, 1.037e+01, 1.048e+01, 1.058e+01, 1.060e+01, 1.060e+01, 1.064e+01, 1.066e+01, 1.067e+01, 1.068e+01, 1.073e+01, 1.073e+01, 1.068e+01, 1.066e+01, 1.062e+01, 1.058e+01, 1.056e+01, 1.057e+01, 1.055e+01]
[2024-05-29 03:51:43] PPL: 1.055e+01
