[2024-05-29 03:50:58] Environments:
------------  --------------------------------------------------------------------------------
sys.platform  linux
python        3.12.3 (main, Apr 27 2024, 19:00:21) [GCC 11.4.0]
datasets      2.19.1 @/home/giung/transformerx/.venv/lib/python3.12/site-packages/datasets
jax           0.4.28 @/home/giung/transformerx/.venv/lib/python3.12/site-packages/jax
jaxlib        0.4.28 @/home/giung/transformerx/.venv/lib/python3.12/site-packages/jaxlib
transformers  4.41.1 @/home/giung/transformerx/.venv/lib/python3.12/site-packages/transformers
------------  --------------------------------------------------------------------------------

[2024-05-29 03:50:58] Command line arguments:
- args.model      : microsoft/Phi-3-medium-4k-instruct
- args.data       : ptb
- args.seqlen     : 2048
- args.bits       : 5
- args.group_size : 128
- args.save       : save/ptb/microsoft/Phi-3-medium-4k-instruct/b5-g128
- args.seed       : 59889030

[2024-05-29 03:50:58] Local devices:
[TpuDevice(id=0, process_index=0, coords=(0,0,0), core_on_chip=0), TpuDevice(id=1, process_index=0, coords=(1,0,0), core_on_chip=0), TpuDevice(id=2, process_index=0, coords=(0,1,0), core_on_chip=0), TpuDevice(id=3, process_index=0, coords=(1,1,0), core_on_chip=0)]

[2024-05-29 03:55:10] nlls=[5.481e+03, 5.206e+03, 5.276e+03, 5.420e+03, 5.553e+03, 4.985e+03, 5.248e+03, 4.950e+03, 4.989e+03, 4.922e+03, 5.163e+03, 4.617e+03, 5.675e+03, 5.396e+03, 5.437e+03, 5.703e+03, 5.321e+03, 4.708e+03, 5.875e+03, 4.961e+03, 4.903e+03, 5.745e+03, 5.161e+03, 5.633e+03, 5.718e+03, 5.031e+03, 5.131e+03, 5.447e+03, 4.988e+03, 5.723e+03, 4.983e+03, 5.107e+03, 4.721e+03, 5.972e+03, 5.624e+03, 6.140e+03, 6.053e+03, 5.526e+03, 5.274e+03, 5.695e+03, 5.538e+03, 5.500e+03, 5.316e+03, 5.775e+03, 5.420e+03, 4.921e+03, 5.103e+03, 5.054e+03, 4.854e+03, 5.070e+03, 5.464e+03, 5.223e+03]
[2024-05-29 03:55:10] ppls=[1.453e+01, 1.359e+01, 1.344e+01, 1.360e+01, 1.388e+01, 1.343e+01, 1.337e+01, 1.308e+01, 1.288e+01, 1.269e+01, 1.266e+01, 1.237e+01, 1.261e+01, 1.270e+01, 1.280e+01, 1.299e+01, 1.302e+01, 1.282e+01, 1.304e+01, 1.294e+01, 1.284e+01, 1.299e+01, 1.297e+01, 1.307e+01, 1.318e+01, 1.312e+01, 1.309e+01, 1.313e+01, 1.307e+01, 1.316e+01, 1.310e+01, 1.307e+01, 1.297e+01, 1.310e+01, 1.317e+01, 1.332e+01, 1.345e+01, 1.349e+01, 1.348e+01, 1.354e+01, 1.357e+01, 1.360e+01, 1.359e+01, 1.366e+01, 1.367e+01, 1.361e+01, 1.357e+01, 1.353e+01, 1.347e+01, 1.343e+01, 1.345e+01, 1.344e+01]
[2024-05-29 03:55:10] PPL: 1.344e+01
