[2024-05-29 03:57:26] Environments:
------------  --------------------------------------------------------------------------------
sys.platform  linux
python        3.12.3 (main, Apr 27 2024, 19:00:21) [GCC 11.4.0]
datasets      2.19.1 @/home/giung/transformerx/.venv/lib/python3.12/site-packages/datasets
jax           0.4.28 @/home/giung/transformerx/.venv/lib/python3.12/site-packages/jax
jaxlib        0.4.28 @/home/giung/transformerx/.venv/lib/python3.12/site-packages/jaxlib
transformers  4.41.1 @/home/giung/transformerx/.venv/lib/python3.12/site-packages/transformers
------------  --------------------------------------------------------------------------------

[2024-05-29 03:57:26] Command line arguments:
- args.model      : microsoft/Phi-3-mini-4k-instruct
- args.data       : wikitext2
- args.seqlen     : 2048
- args.bits       : 5
- args.group_size : 16
- args.save       : save/wikitext2/microsoft/Phi-3-mini-4k-instruct/b5-g16
- args.seed       : 27532171

[2024-05-29 03:57:26] Local devices:
[TpuDevice(id=0, process_index=0, coords=(0,0,0), core_on_chip=0), TpuDevice(id=1, process_index=0, coords=(1,0,0), core_on_chip=0), TpuDevice(id=2, process_index=0, coords=(0,1,0), core_on_chip=0), TpuDevice(id=3, process_index=0, coords=(1,1,0), core_on_chip=0)]

[2024-05-29 03:58:55] nlls=[3.350e+03, 4.160e+03, 4.597e+03, 4.262e+03, 3.628e+03, 4.052e+03, 3.470e+03, 3.187e+03, 3.977e+03, 4.070e+03, 4.958e+03, 4.192e+03, 3.784e+03, 4.135e+03, 4.271e+03, 4.519e+03, 4.605e+03, 4.630e+03, 5.486e+03, 4.285e+03, 4.339e+03, 3.650e+03, 3.415e+03, 4.189e+03, 4.300e+03, 4.212e+03, 4.311e+03, 4.081e+03, 4.370e+03, 4.079e+03, 5.145e+03, 4.867e+03, 4.403e+03, 3.751e+03, 3.342e+03, 3.180e+03, 2.969e+03, 3.561e+03, 3.553e+03, 4.311e+03, 3.961e+03, 3.190e+03, 2.852e+03, 3.338e+03, 3.043e+03, 3.245e+03, 3.539e+03, 4.242e+03, 5.136e+03, 5.257e+03, 4.776e+03, 4.675e+03, 4.372e+03, 4.125e+03, 4.561e+03, 4.748e+03, 3.621e+03, 4.311e+03, 3.794e+03, 3.567e+03, 3.454e+03, 3.464e+03, 3.146e+03, 3.370e+03, 3.211e+03, 2.881e+03, 3.324e+03, 3.752e+03, 4.123e+03, 4.573e+03, 4.777e+03, 4.635e+03, 4.817e+03, 3.395e+03, 3.681e+03, 4.152e+03, 3.697e+03, 3.603e+03, 3.867e+03, 3.845e+03, 2.874e+03, 3.585e+03, 4.379e+03, 4.919e+03, 4.551e+03, 3.746e+03, 4.381e+03, 4.021e+03, 4.280e+03, 4.157e+03, 4.003e+03, 3.994e+03, 4.579e+03, 3.631e+03, 3.880e+03, 3.850e+03, 3.820e+03, 3.842e+03, 3.733e+03, 3.773e+03, 4.242e+03, 4.357e+03, 4.154e+03, 4.697e+03, 5.446e+03, 5.271e+03, 5.000e+03, 4.883e+03, 5.224e+03, 5.056e+03, 4.411e+03, 4.425e+03, 4.072e+03, 4.423e+03, 3.629e+03, 4.129e+03, 4.417e+03, 4.197e+03, 4.022e+03, 4.144e+03, 4.058e+03, 4.286e+03, 4.118e+03, 3.689e+03, 3.688e+03, 3.422e+03, 3.348e+03, 3.569e+03, 3.634e+03, 3.815e+03, 4.304e+03, 4.943e+03, 4.660e+03, 4.891e+03, 3.705e+03, 4.125e+03, 4.233e+03, 4.434e+03, 3.740e+03, 3.623e+03, 3.688e+03, 3.934e+03, 3.458e+03, 4.614e+03, 3.907e+03, 4.118e+03, 3.612e+03, 3.784e+03, 3.404e+03, 4.382e+03, 3.625e+03, 3.827e+03, 3.819e+03, 4.415e+03, 4.179e+03, 4.090e+03, 3.391e+03, 2.448e+03, 4.281e+03, 4.379e+03, 5.411e+03, 4.381e+03, 4.006e+03, 4.400e+03, 4.404e+03, 5.421e+03]
[2024-05-29 03:58:55] ppls=[5.134e+00, 6.257e+00, 7.176e+00, 7.377e+00, 7.049e+00, 7.079e+00, 6.818e+00, 6.516e+00, 6.565e+00, 6.634e+00, 6.961e+00, 7.023e+00, 6.969e+00, 7.007e+00, 7.072e+00, 7.184e+00, 7.302e+00, 7.413e+00, 7.681e+00, 7.702e+00, 7.730e+00, 7.638e+00, 7.518e+00, 7.527e+00, 7.551e+00, 7.561e+00, 7.584e+00, 7.575e+00, 7.604e+00, 7.595e+00, 7.714e+00, 7.795e+00, 7.818e+00, 7.766e+00, 7.674e+00, 7.571e+00, 7.455e+00, 7.402e+00, 7.351e+00, 7.372e+00, 7.360e+00, 7.284e+00, 7.184e+00, 7.128e+00, 7.053e+00, 6.997e+00, 6.964e+00, 6.983e+00, 7.064e+00, 7.151e+00, 7.202e+00, 7.245e+00, 7.266e+00, 7.271e+00, 7.303e+00, 7.346e+00, 7.317e+00, 7.331e+00, 7.314e+00, 7.284e+00, 7.248e+00, 7.214e+00, 7.164e+00, 7.128e+00, 7.085e+00, 7.026e+00, 6.992e+00, 6.980e+00, 6.987e+00, 7.016e+00, 7.054e+00, 7.085e+00, 7.123e+00, 7.094e+00, 7.078e+00, 7.085e+00, 7.071e+00, 7.053e+00, 7.047e+00, 7.041e+00, 6.993e+00, 6.977e+00, 6.993e+00, 7.031e+00, 7.054e+00, 7.043e+00, 7.059e+00, 7.059e+00, 7.070e+00, 7.076e+00, 7.076e+00, 7.075e+00, 7.096e+00, 7.082e+00, 7.078e+00, 7.072e+00, 7.065e+00, 7.060e+00, 7.050e+00, 7.043e+00, 7.051e+00, 7.063e+00, 7.068e+00, 7.091e+00, 7.138e+00, 7.179e+00, 7.211e+00, 7.238e+00, 7.276e+00, 7.309e+00, 7.319e+00, 7.331e+00, 7.330e+00, 7.341e+00, 7.327e+00, 7.328e+00, 7.339e+00, 7.342e+00, 7.340e+00, 7.342e+00, 7.342e+00, 7.348e+00, 7.349e+00, 7.337e+00, 7.326e+00, 7.307e+00, 7.287e+00, 7.273e+00, 7.261e+00, 7.255e+00, 7.261e+00, 7.285e+00, 7.301e+00, 7.323e+00, 7.313e+00, 7.314e+00, 7.318e+00, 7.327e+00, 7.319e+00, 7.307e+00, 7.297e+00, 7.294e+00, 7.279e+00, 7.292e+00, 7.288e+00, 7.290e+00, 7.279e+00, 7.272e+00, 7.256e+00, 7.264e+00, 7.254e+00, 7.248e+00, 7.243e+00, 7.251e+00, 7.254e+00, 7.254e+00, 7.239e+00, 7.204e+00, 7.209e+00, 7.216e+00, 7.246e+00, 7.253e+00, 7.252e+00, 7.259e+00, 7.267e+00, 7.296e+00]
[2024-05-29 03:58:55] PPL: 7.296e+00
