[2024-05-24 17:53:16] Environments:
------------  --------------------------------------------------------------------------------
sys.platform  linux
python        3.12.3 (main, Apr 27 2024, 19:00:21) [GCC 11.4.0]
datasets      2.19.1 @/home/giung/transformerx/.venv/lib/python3.12/site-packages/datasets
jax           0.4.28 @/home/giung/transformerx/.venv/lib/python3.12/site-packages/jax
jaxlib        0.4.28 @/home/giung/transformerx/.venv/lib/python3.12/site-packages/jaxlib
transformers  4.41.1 @/home/giung/transformerx/.venv/lib/python3.12/site-packages/transformers
------------  --------------------------------------------------------------------------------

[2024-05-24 17:53:16] Command line arguments:
- args.model  : microsoft/Phi-3-mini-4k-instruct
- args.data   : wikitext2
- args.seqlen : 2048
- args.quant  : None
- args.save   : save/microsoft/Phi-3-mini-4k-instruct
- args.seed   : 16871717

[2024-05-24 17:53:16] Local devices:
[TpuDevice(id=0, process_index=0, coords=(0,0,0), core_on_chip=0), TpuDevice(id=1, process_index=0, coords=(1,0,0), core_on_chip=0), TpuDevice(id=2, process_index=0, coords=(0,1,0), core_on_chip=0), TpuDevice(id=3, process_index=0, coords=(1,1,0), core_on_chip=0)]

[2024-05-24 17:54:17] nlls=[1.098e+04, 1.110e+04, 1.176e+04, 1.226e+04, 1.088e+04, 1.195e+04, 1.122e+04, 1.048e+04, 1.083e+04, 1.077e+04, 1.131e+04, 1.137e+04, 1.148e+04, 1.132e+04, 1.056e+04, 1.074e+04, 1.091e+04, 1.088e+04, 1.110e+04, 1.071e+04, 1.158e+04, 1.077e+04, 1.205e+04, 1.088e+04, 1.120e+04, 1.130e+04, 1.109e+04, 1.086e+04, 1.083e+04, 1.131e+04, 1.131e+04, 1.135e+04, 1.223e+04, 1.246e+04, 1.235e+04, 1.224e+04, 1.258e+04, 1.254e+04, 1.236e+04, 1.224e+04, 1.112e+04, 1.170e+04, 1.072e+04, 1.094e+04, 1.057e+04, 1.003e+04, 1.090e+04, 1.194e+04, 1.184e+04, 1.171e+04, 1.169e+04, 1.133e+04, 1.085e+04, 1.096e+04, 1.130e+04, 1.137e+04, 1.080e+04, 1.198e+04, 1.142e+04, 1.165e+04, 1.029e+04, 1.114e+04, 1.125e+04, 1.085e+04, 1.139e+04, 1.105e+04, 1.070e+04, 1.313e+04, 1.133e+04, 1.110e+04, 1.151e+04, 1.137e+04, 1.148e+04, 1.162e+04, 1.173e+04, 1.163e+04, 1.093e+04, 1.088e+04, 1.142e+04, 1.110e+04, 1.045e+04, 1.126e+04, 1.179e+04, 1.188e+04, 1.152e+04, 1.048e+04, 1.040e+04, 1.080e+04, 1.081e+04, 1.134e+04, 1.148e+04, 1.216e+04, 1.182e+04, 1.166e+04, 1.116e+04, 1.207e+04, 1.189e+04, 1.087e+04, 1.047e+04, 1.085e+04, 1.102e+04, 1.167e+04, 1.152e+04, 1.173e+04, 1.191e+04, 1.190e+04, 1.127e+04, 1.189e+04, 1.202e+04, 1.174e+04, 1.121e+04, 1.160e+04, 1.086e+04, 1.117e+04, 1.077e+04, 1.103e+04, 1.170e+04, 1.132e+04, 1.088e+04, 1.130e+04, 1.145e+04, 1.206e+04, 1.089e+04, 1.190e+04, 1.108e+04, 1.072e+04, 1.044e+04, 1.171e+04, 1.204e+04, 1.146e+04, 1.160e+04, 1.157e+04, 1.189e+04, 1.139e+04, 1.096e+04, 1.158e+04, 1.151e+04, 1.221e+04, 1.181e+04, 1.178e+04, 1.169e+04, 1.183e+04, 1.112e+04, 1.199e+04, 1.116e+04, 1.185e+04, 1.004e+04, 1.115e+04, 1.106e+04, 1.221e+04, 1.112e+04, 1.131e+04, 1.139e+04, 1.218e+04, 1.142e+04, 1.150e+04, 1.118e+04, 1.060e+04, 1.088e+04, 1.111e+04, 1.139e+04, 1.146e+04, 1.071e+04, 1.145e+04, 1.185e+04, 1.173e+04]
[2024-05-24 17:54:17] ppls=[5.363e+00, 5.393e+00, 5.509e+00, 5.628e+00, 5.564e+00, 5.610e+00, 5.591e+00, 5.532e+00, 5.505e+00, 5.480e+00, 5.484e+00, 5.490e+00, 5.499e+00, 5.501e+00, 5.478e+00, 5.463e+00, 5.455e+00, 5.447e+00, 5.446e+00, 5.435e+00, 5.445e+00, 5.437e+00, 5.456e+00, 5.450e+00, 5.451e+00, 5.453e+00, 5.452e+00, 5.447e+00, 5.441e+00, 5.444e+00, 5.446e+00, 5.449e+00, 5.465e+00, 5.483e+00, 5.499e+00, 5.512e+00, 5.529e+00, 5.545e+00, 5.557e+00, 5.568e+00, 5.565e+00, 5.568e+00, 5.560e+00, 5.555e+00, 5.547e+00, 5.533e+00, 5.528e+00, 5.534e+00, 5.539e+00, 5.543e+00, 5.546e+00, 5.546e+00, 5.541e+00, 5.538e+00, 5.537e+00, 5.537e+00, 5.533e+00, 5.538e+00, 5.539e+00, 5.541e+00, 5.533e+00, 5.531e+00, 5.531e+00, 5.527e+00, 5.528e+00, 5.526e+00, 5.521e+00, 5.534e+00, 5.534e+00, 5.533e+00, 5.534e+00, 5.534e+00, 5.535e+00, 5.537e+00, 5.540e+00, 5.541e+00, 5.539e+00, 5.536e+00, 5.536e+00, 5.535e+00, 5.529e+00, 5.529e+00, 5.532e+00, 5.535e+00, 5.536e+00, 5.531e+00, 5.526e+00, 5.523e+00, 5.520e+00, 5.521e+00, 5.522e+00, 5.526e+00, 5.529e+00, 5.530e+00, 5.530e+00, 5.533e+00, 5.536e+00, 5.534e+00, 5.530e+00, 5.527e+00, 5.526e+00, 5.528e+00, 5.529e+00, 5.530e+00, 5.533e+00, 5.536e+00, 5.535e+00, 5.538e+00, 5.541e+00, 5.543e+00, 5.542e+00, 5.543e+00, 5.541e+00, 5.540e+00, 5.538e+00, 5.537e+00, 5.538e+00, 5.538e+00, 5.536e+00, 5.536e+00, 5.536e+00, 5.539e+00, 5.537e+00, 5.540e+00, 5.539e+00, 5.536e+00, 5.533e+00, 5.534e+00, 5.537e+00, 5.537e+00, 5.538e+00, 5.539e+00, 5.541e+00, 5.541e+00, 5.540e+00, 5.541e+00, 5.541e+00, 5.544e+00, 5.546e+00, 5.547e+00, 5.549e+00, 5.550e+00, 5.549e+00, 5.551e+00, 5.551e+00, 5.552e+00, 5.548e+00, 5.547e+00, 5.546e+00, 5.549e+00, 5.548e+00, 5.548e+00, 5.548e+00, 5.551e+00, 5.551e+00, 5.551e+00, 5.551e+00, 5.548e+00, 5.547e+00, 5.546e+00, 5.546e+00, 5.547e+00, 5.545e+00, 5.545e+00, 5.546e+00, 5.547e+00]
[2024-05-24 17:54:17] PPL: 5.547e+00
