[2024-05-24 17:54:02] Environments:
------------  --------------------------------------------------------------------------------
sys.platform  linux
python        3.12.3 (main, Apr 27 2024, 19:00:21) [GCC 11.4.0]
datasets      2.19.1 @/home/giung/transformerx/.venv/lib/python3.12/site-packages/datasets
jax           0.4.28 @/home/giung/transformerx/.venv/lib/python3.12/site-packages/jax
jaxlib        0.4.28 @/home/giung/transformerx/.venv/lib/python3.12/site-packages/jaxlib
transformers  4.41.1 @/home/giung/transformerx/.venv/lib/python3.12/site-packages/transformers
------------  --------------------------------------------------------------------------------

[2024-05-24 17:54:02] Command line arguments:
- args.model  : microsoft/Phi-3-mini-4k-instruct
- args.data   : wikitext2
- args.seqlen : 2048
- args.quant  : Q3_0
- args.save   : save/microsoft/Phi-3-mini-4k-instruct
- args.seed   : 3010057

[2024-05-24 17:54:02] Local devices:
[TpuDevice(id=0, process_index=0, coords=(0,0,0), core_on_chip=0), TpuDevice(id=1, process_index=0, coords=(1,0,0), core_on_chip=0), TpuDevice(id=2, process_index=0, coords=(0,1,0), core_on_chip=0), TpuDevice(id=3, process_index=0, coords=(1,1,0), core_on_chip=0)]

[2024-05-24 17:55:25] nlls=[2.710e+04, 2.589e+04, 2.771e+04, 2.716e+04, 2.673e+04, 2.801e+04, 2.897e+04, 2.487e+04, 2.993e+04, 2.698e+04, 2.910e+04, 2.945e+04, 2.546e+04, 3.188e+04, 3.160e+04, 3.074e+04, 2.598e+04, 2.996e+04, 3.185e+04, 3.400e+04, 2.700e+04, 2.443e+04, 2.739e+04, 2.940e+04, 2.783e+04, 2.567e+04, 2.478e+04, 2.612e+04, 2.858e+04, 2.933e+04, 2.740e+04, 2.849e+04, 3.022e+04, 3.034e+04, 2.956e+04, 2.671e+04, 3.049e+04, 2.799e+04, 2.726e+04, 2.787e+04, 2.837e+04, 3.006e+04, 2.585e+04, 2.685e+04, 2.752e+04, 2.690e+04, 3.076e+04, 2.782e+04, 2.551e+04, 3.146e+04, 2.922e+04, 3.208e+04, 2.794e+04, 2.868e+04, 2.846e+04, 2.758e+04, 2.520e+04, 2.950e+04, 3.141e+04, 2.873e+04, 2.960e+04, 2.665e+04, 2.837e+04, 2.967e+04, 2.657e+04, 2.747e+04, 3.355e+04, 2.652e+04, 2.637e+04, 2.878e+04, 2.794e+04, 2.827e+04, 2.864e+04, 3.599e+04, 2.829e+04, 2.817e+04, 2.789e+04, 2.936e+04, 2.945e+04, 2.821e+04, 2.382e+04, 2.752e+04, 2.929e+04, 2.660e+04, 2.819e+04, 2.765e+04, 2.754e+04, 2.783e+04, 2.727e+04, 2.813e+04, 3.206e+04, 2.848e+04, 2.937e+04, 2.744e+04, 2.696e+04, 2.648e+04, 2.722e+04, 3.073e+04, 2.546e+04, 2.596e+04, 2.576e+04, 2.692e+04, 2.900e+04, 2.776e+04, 3.138e+04, 3.183e+04, 2.968e+04, 3.017e+04, 2.778e+04, 2.641e+04, 2.891e+04, 2.810e+04, 2.873e+04, 3.025e+04, 2.847e+04, 3.017e+04, 2.752e+04, 3.092e+04, 2.973e+04, 2.730e+04, 2.496e+04, 2.943e+04, 2.562e+04, 2.964e+04, 2.952e+04, 2.903e+04, 2.897e+04, 2.967e+04, 2.909e+04, 3.087e+04, 2.640e+04, 2.690e+04, 2.726e+04, 3.321e+04, 2.957e+04, 2.948e+04, 2.842e+04, 2.611e+04, 3.049e+04, 2.825e+04, 2.889e+04, 2.859e+04, 2.938e+04, 2.527e+04, 2.852e+04, 2.950e+04, 2.855e+04, 2.602e+04, 2.811e+04, 2.557e+04, 2.892e+04, 2.680e+04, 2.831e+04, 2.712e+04, 2.639e+04, 2.962e+04, 3.080e+04, 2.412e+04, 2.835e+04, 2.652e+04, 2.982e+04, 3.157e+04, 2.768e+04, 3.319e+04, 2.577e+04, 2.648e+04]
[2024-05-24 17:55:25] ppls=[1.323e+01, 1.294e+01, 1.313e+01, 1.317e+01, 1.314e+01, 1.323e+01, 1.336e+01, 1.321e+01, 1.337e+01, 1.335e+01, 1.343e+01, 1.351e+01, 1.342e+01, 1.358e+01, 1.370e+01, 1.378e+01, 1.372e+01, 1.377e+01, 1.386e+01, 1.400e+01, 1.396e+01, 1.387e+01, 1.385e+01, 1.387e+01, 1.386e+01, 1.381e+01, 1.374e+01, 1.371e+01, 1.372e+01, 1.374e+01, 1.372e+01, 1.373e+01, 1.376e+01, 1.379e+01, 1.381e+01, 1.379e+01, 1.382e+01, 1.381e+01, 1.380e+01, 1.380e+01, 1.380e+01, 1.382e+01, 1.379e+01, 1.378e+01, 1.377e+01, 1.375e+01, 1.378e+01, 1.378e+01, 1.375e+01, 1.378e+01, 1.379e+01, 1.383e+01, 1.382e+01, 1.383e+01, 1.383e+01, 1.382e+01, 1.380e+01, 1.381e+01, 1.383e+01, 1.384e+01, 1.385e+01, 1.383e+01, 1.383e+01, 1.384e+01, 1.383e+01, 1.382e+01, 1.386e+01, 1.385e+01, 1.383e+01, 1.384e+01, 1.383e+01, 1.383e+01, 1.384e+01, 1.389e+01, 1.389e+01, 1.388e+01, 1.388e+01, 1.389e+01, 1.389e+01, 1.389e+01, 1.386e+01, 1.386e+01, 1.386e+01, 1.385e+01, 1.385e+01, 1.385e+01, 1.384e+01, 1.384e+01, 1.383e+01, 1.383e+01, 1.385e+01, 1.385e+01, 1.386e+01, 1.385e+01, 1.385e+01, 1.384e+01, 1.383e+01, 1.384e+01, 1.383e+01, 1.382e+01, 1.381e+01, 1.380e+01, 1.380e+01, 1.380e+01, 1.381e+01, 1.383e+01, 1.384e+01, 1.385e+01, 1.384e+01, 1.383e+01, 1.384e+01, 1.384e+01, 1.384e+01, 1.385e+01, 1.385e+01, 1.385e+01, 1.385e+01, 1.386e+01, 1.387e+01, 1.386e+01, 1.385e+01, 1.385e+01, 1.384e+01, 1.385e+01, 1.385e+01, 1.385e+01, 1.386e+01, 1.386e+01, 1.386e+01, 1.387e+01, 1.387e+01, 1.386e+01, 1.386e+01, 1.387e+01, 1.388e+01, 1.388e+01, 1.388e+01, 1.387e+01, 1.388e+01, 1.388e+01, 1.388e+01, 1.388e+01, 1.389e+01, 1.387e+01, 1.387e+01, 1.388e+01, 1.388e+01, 1.387e+01, 1.387e+01, 1.386e+01, 1.386e+01, 1.386e+01, 1.386e+01, 1.385e+01, 1.385e+01, 1.385e+01, 1.386e+01, 1.385e+01, 1.385e+01, 1.384e+01, 1.384e+01, 1.385e+01, 1.385e+01, 1.387e+01, 1.386e+01, 1.385e+01]
[2024-05-24 17:55:25] PPL: 1.385e+01
