[2024-05-24 17:53:58] Environments:
------------  --------------------------------------------------------------------------------
sys.platform  linux
python        3.12.3 (main, Apr 27 2024, 19:00:21) [GCC 11.4.0]
datasets      2.19.1 @/home/giung/transformerx/.venv/lib/python3.12/site-packages/datasets
jax           0.4.28 @/home/giung/transformerx/.venv/lib/python3.12/site-packages/jax
jaxlib        0.4.28 @/home/giung/transformerx/.venv/lib/python3.12/site-packages/jaxlib
transformers  4.41.1 @/home/giung/transformerx/.venv/lib/python3.12/site-packages/transformers
------------  --------------------------------------------------------------------------------

[2024-05-24 17:53:58] Command line arguments:
- args.model  : microsoft/Phi-3-mini-4k-instruct
- args.data   : wikitext2
- args.seqlen : 2048
- args.quant  : Q4_0
- args.save   : save/microsoft/Phi-3-mini-4k-instruct
- args.seed   : 58659269

[2024-05-24 17:53:58] Local devices:
[TpuDevice(id=0, process_index=0, coords=(0,0,0), core_on_chip=0), TpuDevice(id=1, process_index=0, coords=(1,0,0), core_on_chip=0), TpuDevice(id=2, process_index=0, coords=(0,1,0), core_on_chip=0), TpuDevice(id=3, process_index=0, coords=(1,1,0), core_on_chip=0)]

[2024-05-24 17:55:16] nlls=[1.134e+04, 1.135e+04, 1.200e+04, 1.264e+04, 1.133e+04, 1.227e+04, 1.103e+04, 1.160e+04, 1.117e+04, 1.112e+04, 1.151e+04, 1.190e+04, 1.195e+04, 1.178e+04, 1.094e+04, 1.098e+04, 1.140e+04, 1.148e+04, 1.146e+04, 1.105e+04, 1.183e+04, 1.111e+04, 1.282e+04, 1.130e+04, 1.150e+04, 1.179e+04, 1.129e+04, 1.123e+04, 1.115e+04, 1.190e+04, 1.163e+04, 1.176e+04, 1.259e+04, 1.267e+04, 1.281e+04, 1.239e+04, 1.302e+04, 1.272e+04, 1.251e+04, 1.284e+04, 1.159e+04, 1.240e+04, 1.122e+04, 1.107e+04, 1.107e+04, 1.062e+04, 1.112e+04, 1.208e+04, 1.214e+04, 1.196e+04, 1.198e+04, 1.209e+04, 1.132e+04, 1.121e+04, 1.158e+04, 1.148e+04, 1.100e+04, 1.205e+04, 1.162e+04, 1.182e+04, 1.063e+04, 1.138e+04, 1.157e+04, 1.122e+04, 1.160e+04, 1.137e+04, 1.145e+04, 1.387e+04, 1.245e+04, 1.138e+04, 1.193e+04, 1.170e+04, 1.152e+04, 1.201e+04, 1.213e+04, 1.172e+04, 1.114e+04, 1.108e+04, 1.150e+04, 1.142e+04, 1.201e+04, 1.211e+04, 1.193e+04, 1.193e+04, 1.174e+04, 1.105e+04, 1.088e+04, 1.109e+04, 1.124e+04, 1.178e+04, 1.179e+04, 1.256e+04, 1.190e+04, 1.182e+04, 1.127e+04, 1.202e+04, 1.204e+04, 1.112e+04, 1.080e+04, 1.109e+04, 1.115e+04, 1.238e+04, 1.169e+04, 1.197e+04, 1.223e+04, 1.206e+04, 1.138e+04, 1.222e+04, 1.210e+04, 1.179e+04, 1.181e+04, 1.196e+04, 1.088e+04, 1.127e+04, 1.112e+04, 1.107e+04, 1.176e+04, 1.135e+04, 1.120e+04, 1.121e+04, 1.187e+04, 1.213e+04, 1.141e+04, 1.205e+04, 1.159e+04, 1.102e+04, 1.087e+04, 1.214e+04, 1.260e+04, 1.180e+04, 1.176e+04, 1.172e+04, 1.201e+04, 1.160e+04, 1.124e+04, 1.224e+04, 1.161e+04, 1.259e+04, 1.230e+04, 1.232e+04, 1.239e+04, 1.202e+04, 1.128e+04, 1.224e+04, 1.141e+04, 1.162e+04, 1.101e+04, 1.205e+04, 1.150e+04, 1.237e+04, 1.137e+04, 1.154e+04, 1.149e+04, 1.269e+04, 1.177e+04, 1.183e+04, 1.229e+04, 1.111e+04, 1.114e+04, 1.136e+04, 1.169e+04, 1.180e+04, 1.093e+04, 1.150e+04, 1.200e+04, 1.217e+04]
[2024-05-24 17:55:16] ppls=[5.536e+00, 5.539e+00, 5.646e+00, 5.777e+00, 5.728e+00, 5.772e+00, 5.717e+00, 5.710e+00, 5.681e+00, 5.656e+00, 5.653e+00, 5.666e+00, 5.679e+00, 5.684e+00, 5.661e+00, 5.642e+00, 5.638e+00, 5.636e+00, 5.634e+00, 5.622e+00, 5.629e+00, 5.620e+00, 5.648e+00, 5.642e+00, 5.642e+00, 5.646e+00, 5.641e+00, 5.635e+00, 5.629e+00, 5.635e+00, 5.636e+00, 5.640e+00, 5.655e+00, 5.671e+00, 5.687e+00, 5.697e+00, 5.715e+00, 5.728e+00, 5.738e+00, 5.751e+00, 5.749e+00, 5.756e+00, 5.750e+00, 5.742e+00, 5.734e+00, 5.723e+00, 5.716e+00, 5.720e+00, 5.724e+00, 5.727e+00, 5.729e+00, 5.732e+00, 5.729e+00, 5.724e+00, 5.723e+00, 5.720e+00, 5.714e+00, 5.717e+00, 5.717e+00, 5.718e+00, 5.709e+00, 5.706e+00, 5.706e+00, 5.702e+00, 5.701e+00, 5.699e+00, 5.697e+00, 5.713e+00, 5.719e+00, 5.716e+00, 5.718e+00, 5.718e+00, 5.716e+00, 5.718e+00, 5.721e+00, 5.721e+00, 5.718e+00, 5.714e+00, 5.712e+00, 5.711e+00, 5.713e+00, 5.715e+00, 5.716e+00, 5.718e+00, 5.718e+00, 5.714e+00, 5.709e+00, 5.706e+00, 5.704e+00, 5.704e+00, 5.705e+00, 5.709e+00, 5.710e+00, 5.711e+00, 5.709e+00, 5.711e+00, 5.712e+00, 5.709e+00, 5.705e+00, 5.702e+00, 5.699e+00, 5.703e+00, 5.703e+00, 5.704e+00, 5.707e+00, 5.709e+00, 5.707e+00, 5.710e+00, 5.711e+00, 5.712e+00, 5.712e+00, 5.713e+00, 5.710e+00, 5.708e+00, 5.706e+00, 5.703e+00, 5.703e+00, 5.702e+00, 5.700e+00, 5.698e+00, 5.699e+00, 5.701e+00, 5.700e+00, 5.701e+00, 5.701e+00, 5.698e+00, 5.695e+00, 5.697e+00, 5.701e+00, 5.701e+00, 5.701e+00, 5.702e+00, 5.703e+00, 5.703e+00, 5.701e+00, 5.703e+00, 5.703e+00, 5.706e+00, 5.708e+00, 5.710e+00, 5.713e+00, 5.714e+00, 5.712e+00, 5.714e+00, 5.713e+00, 5.713e+00, 5.711e+00, 5.712e+00, 5.711e+00, 5.713e+00, 5.712e+00, 5.712e+00, 5.711e+00, 5.714e+00, 5.715e+00, 5.715e+00, 5.717e+00, 5.715e+00, 5.713e+00, 5.712e+00, 5.712e+00, 5.712e+00, 5.710e+00, 5.710e+00, 5.710e+00, 5.712e+00]
[2024-05-24 17:55:16] PPL: 5.712e+00
