[2024-05-24 17:53:51] Environments:
------------  --------------------------------------------------------------------------------
sys.platform  linux
python        3.12.3 (main, Apr 27 2024, 19:00:21) [GCC 11.4.0]
datasets      2.19.1 @/home/giung/transformerx/.venv/lib/python3.12/site-packages/datasets
jax           0.4.28 @/home/giung/transformerx/.venv/lib/python3.12/site-packages/jax
jaxlib        0.4.28 @/home/giung/transformerx/.venv/lib/python3.12/site-packages/jaxlib
transformers  4.41.1 @/home/giung/transformerx/.venv/lib/python3.12/site-packages/transformers
------------  --------------------------------------------------------------------------------

[2024-05-24 17:53:51] Command line arguments:
- args.model  : microsoft/Phi-3-mini-4k-instruct
- args.data   : wikitext2
- args.seqlen : 2048
- args.quant  : Q5_0
- args.save   : save/microsoft/Phi-3-mini-4k-instruct
- args.seed   : 51882240

[2024-05-24 17:53:51] Local devices:
[TpuDevice(id=0, process_index=0, coords=(0,0,0), core_on_chip=0), TpuDevice(id=1, process_index=0, coords=(1,0,0), core_on_chip=0), TpuDevice(id=2, process_index=0, coords=(0,1,0), core_on_chip=0), TpuDevice(id=3, process_index=0, coords=(1,1,0), core_on_chip=0)]

[2024-05-24 17:55:12] nlls=[1.091e+04, 1.113e+04, 1.178e+04, 1.215e+04, 1.072e+04, 1.199e+04, 1.101e+04, 1.042e+04, 1.105e+04, 1.077e+04, 1.131e+04, 1.159e+04, 1.135e+04, 1.155e+04, 1.074e+04, 1.095e+04, 1.088e+04, 1.087e+04, 1.125e+04, 1.075e+04, 1.148e+04, 1.064e+04, 1.160e+04, 1.098e+04, 1.128e+04, 1.127e+04, 1.113e+04, 1.076e+04, 1.078e+04, 1.136e+04, 1.143e+04, 1.143e+04, 1.240e+04, 1.276e+04, 1.261e+04, 1.250e+04, 1.287e+04, 1.274e+04, 1.258e+04, 1.218e+04, 1.128e+04, 1.152e+04, 1.065e+04, 1.065e+04, 1.054e+04, 1.012e+04, 1.089e+04, 1.181e+04, 1.191e+04, 1.161e+04, 1.188e+04, 1.134e+04, 1.092e+04, 1.099e+04, 1.147e+04, 1.133e+04, 1.088e+04, 1.202e+04, 1.143e+04, 1.160e+04, 1.038e+04, 1.120e+04, 1.111e+04, 1.100e+04, 1.125e+04, 1.129e+04, 1.088e+04, 1.302e+04, 1.142e+04, 1.119e+04, 1.138e+04, 1.147e+04, 1.158e+04, 1.151e+04, 1.173e+04, 1.187e+04, 1.098e+04, 1.099e+04, 1.131e+04, 1.101e+04, 1.058e+04, 1.131e+04, 1.194e+04, 1.196e+04, 1.164e+04, 1.026e+04, 1.031e+04, 1.091e+04, 1.088e+04, 1.137e+04, 1.147e+04, 1.231e+04, 1.211e+04, 1.157e+04, 1.125e+04, 1.207e+04, 1.208e+04, 1.078e+04, 1.057e+04, 1.082e+04, 1.101e+04, 1.168e+04, 1.165e+04, 1.170e+04, 1.184e+04, 1.197e+04, 1.147e+04, 1.201e+04, 1.205e+04, 1.171e+04, 1.111e+04, 1.167e+04, 1.089e+04, 1.113e+04, 1.078e+04, 1.075e+04, 1.180e+04, 1.135e+04, 1.077e+04, 1.145e+04, 1.144e+04, 1.192e+04, 1.086e+04, 1.173e+04, 1.104e+04, 1.069e+04, 1.048e+04, 1.171e+04, 1.206e+04, 1.172e+04, 1.163e+04, 1.172e+04, 1.166e+04, 1.139e+04, 1.105e+04, 1.179e+04, 1.141e+04, 1.210e+04, 1.187e+04, 1.189e+04, 1.183e+04, 1.163e+04, 1.126e+04, 1.207e+04, 1.111e+04, 1.168e+04, 1.003e+04, 1.104e+04, 1.106e+04, 1.219e+04, 1.100e+04, 1.136e+04, 1.133e+04, 1.222e+04, 1.159e+04, 1.149e+04, 1.110e+04, 1.041e+04, 1.094e+04, 1.123e+04, 1.135e+04, 1.155e+04, 1.081e+04, 1.166e+04, 1.179e+04, 1.184e+04]
[2024-05-24 17:55:12] ppls=[5.326e+00, 5.380e+00, 5.503e+00, 5.610e+00, 5.535e+00, 5.588e+00, 5.558e+00, 5.499e+00, 5.487e+00, 5.464e+00, 5.470e+00, 5.486e+00, 5.490e+00, 5.501e+00, 5.484e+00, 5.475e+00, 5.466e+00, 5.457e+00, 5.459e+00, 5.448e+00, 5.456e+00, 5.444e+00, 5.454e+00, 5.450e+00, 5.452e+00, 5.454e+00, 5.453e+00, 5.446e+00, 5.440e+00, 5.443e+00, 5.448e+00, 5.452e+00, 5.470e+00, 5.493e+00, 5.512e+00, 5.528e+00, 5.548e+00, 5.566e+00, 5.581e+00, 5.590e+00, 5.588e+00, 5.589e+00, 5.580e+00, 5.571e+00, 5.562e+00, 5.548e+00, 5.543e+00, 5.548e+00, 5.553e+00, 5.556e+00, 5.561e+00, 5.560e+00, 5.556e+00, 5.552e+00, 5.553e+00, 5.553e+00, 5.549e+00, 5.554e+00, 5.555e+00, 5.556e+00, 5.548e+00, 5.547e+00, 5.545e+00, 5.542e+00, 5.542e+00, 5.541e+00, 5.538e+00, 5.550e+00, 5.550e+00, 5.549e+00, 5.549e+00, 5.550e+00, 5.551e+00, 5.552e+00, 5.555e+00, 5.558e+00, 5.555e+00, 5.553e+00, 5.552e+00, 5.550e+00, 5.545e+00, 5.545e+00, 5.549e+00, 5.552e+00, 5.554e+00, 5.547e+00, 5.541e+00, 5.539e+00, 5.536e+00, 5.537e+00, 5.537e+00, 5.542e+00, 5.546e+00, 5.548e+00, 5.547e+00, 5.551e+00, 5.554e+00, 5.551e+00, 5.547e+00, 5.545e+00, 5.543e+00, 5.545e+00, 5.546e+00, 5.548e+00, 5.550e+00, 5.553e+00, 5.553e+00, 5.556e+00, 5.559e+00, 5.560e+00, 5.559e+00, 5.560e+00, 5.558e+00, 5.557e+00, 5.555e+00, 5.552e+00, 5.554e+00, 5.554e+00, 5.551e+00, 5.551e+00, 5.552e+00, 5.554e+00, 5.552e+00, 5.553e+00, 5.552e+00, 5.549e+00, 5.546e+00, 5.547e+00, 5.550e+00, 5.551e+00, 5.552e+00, 5.554e+00, 5.555e+00, 5.555e+00, 5.553e+00, 5.555e+00, 5.555e+00, 5.558e+00, 5.559e+00, 5.561e+00, 5.563e+00, 5.563e+00, 5.563e+00, 5.565e+00, 5.564e+00, 5.565e+00, 5.561e+00, 5.560e+00, 5.558e+00, 5.561e+00, 5.560e+00, 5.560e+00, 5.560e+00, 5.562e+00, 5.563e+00, 5.563e+00, 5.562e+00, 5.559e+00, 5.558e+00, 5.557e+00, 5.557e+00, 5.558e+00, 5.556e+00, 5.557e+00, 5.558e+00, 5.559e+00]
[2024-05-24 17:55:12] PPL: 5.559e+00
