[2024-05-24 17:54:05] Environments:
------------  --------------------------------------------------------------------------------
sys.platform  linux
python        3.12.3 (main, Apr 27 2024, 19:00:21) [GCC 11.4.0]
datasets      2.19.1 @/home/giung/transformerx/.venv/lib/python3.12/site-packages/datasets
jax           0.4.28 @/home/giung/transformerx/.venv/lib/python3.12/site-packages/jax
jaxlib        0.4.28 @/home/giung/transformerx/.venv/lib/python3.12/site-packages/jaxlib
transformers  4.41.1 @/home/giung/transformerx/.venv/lib/python3.12/site-packages/transformers
------------  --------------------------------------------------------------------------------

[2024-05-24 17:54:05] Command line arguments:
- args.model  : microsoft/Phi-3-mini-4k-instruct
- args.data   : wikitext2
- args.seqlen : 2048
- args.quant  : Q6_0
- args.save   : save/microsoft/Phi-3-mini-4k-instruct
- args.seed   : 5407670

[2024-05-24 17:54:05] Local devices:
[TpuDevice(id=0, process_index=0, coords=(0,0,0), core_on_chip=0), TpuDevice(id=1, process_index=0, coords=(1,0,0), core_on_chip=0), TpuDevice(id=2, process_index=0, coords=(0,1,0), core_on_chip=0), TpuDevice(id=3, process_index=0, coords=(1,1,0), core_on_chip=0)]

[2024-05-24 17:55:25] nlls=[1.097e+04, 1.113e+04, 1.178e+04, 1.227e+04, 1.079e+04, 1.195e+04, 1.125e+04, 1.040e+04, 1.088e+04, 1.075e+04, 1.133e+04, 1.143e+04, 1.151e+04, 1.126e+04, 1.058e+04, 1.076e+04, 1.085e+04, 1.081e+04, 1.116e+04, 1.064e+04, 1.150e+04, 1.073e+04, 1.173e+04, 1.090e+04, 1.123e+04, 1.138e+04, 1.119e+04, 1.080e+04, 1.081e+04, 1.134e+04, 1.133e+04, 1.134e+04, 1.224e+04, 1.252e+04, 1.244e+04, 1.230e+04, 1.259e+04, 1.256e+04, 1.237e+04, 1.216e+04, 1.107e+04, 1.152e+04, 1.061e+04, 1.088e+04, 1.070e+04, 1.006e+04, 1.091e+04, 1.188e+04, 1.186e+04, 1.171e+04, 1.172e+04, 1.133e+04, 1.087e+04, 1.096e+04, 1.129e+04, 1.122e+04, 1.078e+04, 1.200e+04, 1.145e+04, 1.163e+04, 1.029e+04, 1.120e+04, 1.139e+04, 1.085e+04, 1.142e+04, 1.098e+04, 1.068e+04, 1.313e+04, 1.149e+04, 1.106e+04, 1.143e+04, 1.137e+04, 1.152e+04, 1.155e+04, 1.176e+04, 1.176e+04, 1.112e+04, 1.098e+04, 1.151e+04, 1.109e+04, 1.038e+04, 1.131e+04, 1.177e+04, 1.184e+04, 1.150e+04, 1.038e+04, 1.047e+04, 1.081e+04, 1.083e+04, 1.129e+04, 1.144e+04, 1.219e+04, 1.194e+04, 1.171e+04, 1.126e+04, 1.201e+04, 1.181e+04, 1.080e+04, 1.054e+04, 1.082e+04, 1.103e+04, 1.168e+04, 1.150e+04, 1.174e+04, 1.188e+04, 1.188e+04, 1.131e+04, 1.188e+04, 1.203e+04, 1.171e+04, 1.109e+04, 1.162e+04, 1.086e+04, 1.122e+04, 1.078e+04, 1.099e+04, 1.167e+04, 1.133e+04, 1.087e+04, 1.133e+04, 1.145e+04, 1.190e+04, 1.088e+04, 1.192e+04, 1.111e+04, 1.075e+04, 1.045e+04, 1.166e+04, 1.202e+04, 1.156e+04, 1.160e+04, 1.163e+04, 1.167e+04, 1.144e+04, 1.090e+04, 1.159e+04, 1.136e+04, 1.218e+04, 1.179e+04, 1.174e+04, 1.172e+04, 1.164e+04, 1.114e+04, 1.200e+04, 1.126e+04, 1.191e+04, 1.003e+04, 1.103e+04, 1.104e+04, 1.214e+04, 1.114e+04, 1.136e+04, 1.133e+04, 1.214e+04, 1.147e+04, 1.150e+04, 1.105e+04, 1.054e+04, 1.086e+04, 1.113e+04, 1.134e+04, 1.144e+04, 1.082e+04, 1.154e+04, 1.182e+04, 1.178e+04]
[2024-05-24 17:55:25] ppls=[5.354e+00, 5.394e+00, 5.513e+00, 5.632e+00, 5.560e+00, 5.606e+00, 5.590e+00, 5.526e+00, 5.502e+00, 5.477e+00, 5.482e+00, 5.491e+00, 5.501e+00, 5.500e+00, 5.478e+00, 5.464e+00, 5.454e+00, 5.445e+00, 5.445e+00, 5.432e+00, 5.441e+00, 5.432e+00, 5.445e+00, 5.440e+00, 5.441e+00, 5.446e+00, 5.446e+00, 5.440e+00, 5.435e+00, 5.438e+00, 5.441e+00, 5.444e+00, 5.460e+00, 5.479e+00, 5.496e+00, 5.510e+00, 5.528e+00, 5.544e+00, 5.556e+00, 5.566e+00, 5.562e+00, 5.563e+00, 5.555e+00, 5.549e+00, 5.542e+00, 5.528e+00, 5.524e+00, 5.530e+00, 5.535e+00, 5.539e+00, 5.542e+00, 5.542e+00, 5.538e+00, 5.534e+00, 5.534e+00, 5.533e+00, 5.528e+00, 5.534e+00, 5.535e+00, 5.537e+00, 5.529e+00, 5.528e+00, 5.528e+00, 5.525e+00, 5.526e+00, 5.523e+00, 5.519e+00, 5.532e+00, 5.533e+00, 5.531e+00, 5.532e+00, 5.532e+00, 5.533e+00, 5.535e+00, 5.537e+00, 5.540e+00, 5.539e+00, 5.536e+00, 5.537e+00, 5.536e+00, 5.530e+00, 5.530e+00, 5.533e+00, 5.536e+00, 5.537e+00, 5.531e+00, 5.526e+00, 5.524e+00, 5.521e+00, 5.521e+00, 5.522e+00, 5.526e+00, 5.529e+00, 5.531e+00, 5.531e+00, 5.535e+00, 5.537e+00, 5.534e+00, 5.530e+00, 5.528e+00, 5.527e+00, 5.528e+00, 5.529e+00, 5.531e+00, 5.534e+00, 5.536e+00, 5.536e+00, 5.539e+00, 5.542e+00, 5.543e+00, 5.542e+00, 5.543e+00, 5.541e+00, 5.541e+00, 5.538e+00, 5.537e+00, 5.538e+00, 5.538e+00, 5.536e+00, 5.536e+00, 5.537e+00, 5.539e+00, 5.537e+00, 5.539e+00, 5.538e+00, 5.536e+00, 5.533e+00, 5.534e+00, 5.536e+00, 5.537e+00, 5.538e+00, 5.539e+00, 5.540e+00, 5.541e+00, 5.539e+00, 5.540e+00, 5.540e+00, 5.543e+00, 5.545e+00, 5.546e+00, 5.547e+00, 5.548e+00, 5.547e+00, 5.550e+00, 5.549e+00, 5.551e+00, 5.547e+00, 5.545e+00, 5.544e+00, 5.547e+00, 5.546e+00, 5.546e+00, 5.546e+00, 5.549e+00, 5.549e+00, 5.549e+00, 5.548e+00, 5.546e+00, 5.544e+00, 5.544e+00, 5.544e+00, 5.544e+00, 5.542e+00, 5.543e+00, 5.544e+00, 5.545e+00]
[2024-05-24 17:55:25] PPL: 5.545e+00
