[2024-05-24 17:53:55] Environments:
------------  --------------------------------------------------------------------------------
sys.platform  linux
python        3.12.3 (main, Apr 27 2024, 19:00:21) [GCC 11.4.0]
datasets      2.19.1 @/home/giung/transformerx/.venv/lib/python3.12/site-packages/datasets
jax           0.4.28 @/home/giung/transformerx/.venv/lib/python3.12/site-packages/jax
jaxlib        0.4.28 @/home/giung/transformerx/.venv/lib/python3.12/site-packages/jaxlib
transformers  4.41.1 @/home/giung/transformerx/.venv/lib/python3.12/site-packages/transformers
------------  --------------------------------------------------------------------------------

[2024-05-24 17:53:55] Command line arguments:
- args.model  : microsoft/Phi-3-mini-4k-instruct
- args.data   : wikitext2
- args.seqlen : 2048
- args.quant  : Q7_0
- args.save   : save/microsoft/Phi-3-mini-4k-instruct
- args.seed   : 55453484

[2024-05-24 17:53:55] Local devices:
[TpuDevice(id=0, process_index=0, coords=(0,0,0), core_on_chip=0), TpuDevice(id=1, process_index=0, coords=(1,0,0), core_on_chip=0), TpuDevice(id=2, process_index=0, coords=(0,1,0), core_on_chip=0), TpuDevice(id=3, process_index=0, coords=(1,1,0), core_on_chip=0)]

[2024-05-24 17:55:29] nlls=[1.101e+04, 1.112e+04, 1.174e+04, 1.225e+04, 1.084e+04, 1.197e+04, 1.120e+04, 1.049e+04, 1.092e+04, 1.079e+04, 1.132e+04, 1.139e+04, 1.148e+04, 1.135e+04, 1.060e+04, 1.078e+04, 1.090e+04, 1.091e+04, 1.114e+04, 1.068e+04, 1.157e+04, 1.076e+04, 1.199e+04, 1.086e+04, 1.119e+04, 1.134e+04, 1.113e+04, 1.085e+04, 1.084e+04, 1.130e+04, 1.134e+04, 1.136e+04, 1.223e+04, 1.248e+04, 1.237e+04, 1.233e+04, 1.259e+04, 1.256e+04, 1.238e+04, 1.219e+04, 1.112e+04, 1.173e+04, 1.072e+04, 1.098e+04, 1.057e+04, 1.001e+04, 1.091e+04, 1.193e+04, 1.182e+04, 1.167e+04, 1.170e+04, 1.133e+04, 1.085e+04, 1.098e+04, 1.131e+04, 1.135e+04, 1.081e+04, 1.200e+04, 1.143e+04, 1.164e+04, 1.028e+04, 1.116e+04, 1.121e+04, 1.078e+04, 1.142e+04, 1.105e+04, 1.068e+04, 1.318e+04, 1.137e+04, 1.111e+04, 1.150e+04, 1.137e+04, 1.150e+04, 1.166e+04, 1.174e+04, 1.162e+04, 1.091e+04, 1.084e+04, 1.144e+04, 1.108e+04, 1.058e+04, 1.130e+04, 1.185e+04, 1.191e+04, 1.152e+04, 1.043e+04, 1.041e+04, 1.089e+04, 1.084e+04, 1.133e+04, 1.150e+04, 1.216e+04, 1.182e+04, 1.164e+04, 1.115e+04, 1.208e+04, 1.189e+04, 1.086e+04, 1.048e+04, 1.084e+04, 1.102e+04, 1.167e+04, 1.151e+04, 1.173e+04, 1.192e+04, 1.192e+04, 1.132e+04, 1.194e+04, 1.202e+04, 1.174e+04, 1.123e+04, 1.165e+04, 1.087e+04, 1.118e+04, 1.077e+04, 1.104e+04, 1.170e+04, 1.137e+04, 1.088e+04, 1.128e+04, 1.148e+04, 1.211e+04, 1.091e+04, 1.187e+04, 1.108e+04, 1.070e+04, 1.048e+04, 1.170e+04, 1.211e+04, 1.150e+04, 1.158e+04, 1.163e+04, 1.184e+04, 1.139e+04, 1.097e+04, 1.158e+04, 1.152e+04, 1.222e+04, 1.180e+04, 1.185e+04, 1.174e+04, 1.187e+04, 1.114e+04, 1.201e+04, 1.120e+04, 1.181e+04, 1.005e+04, 1.117e+04, 1.106e+04, 1.224e+04, 1.116e+04, 1.130e+04, 1.139e+04, 1.217e+04, 1.144e+04, 1.151e+04, 1.128e+04, 1.071e+04, 1.087e+04, 1.112e+04, 1.137e+04, 1.147e+04, 1.072e+04, 1.150e+04, 1.183e+04, 1.172e+04]
[2024-05-24 17:55:29] ppls=[5.375e+00, 5.402e+00, 5.512e+00, 5.630e+00, 5.562e+00, 5.610e+00, 5.590e+00, 5.531e+00, 5.509e+00, 5.485e+00, 5.489e+00, 5.495e+00, 5.503e+00, 5.506e+00, 5.484e+00, 5.470e+00, 5.462e+00, 5.454e+00, 5.453e+00, 5.442e+00, 5.452e+00, 5.443e+00, 5.461e+00, 5.454e+00, 5.455e+00, 5.458e+00, 5.457e+00, 5.451e+00, 5.446e+00, 5.448e+00, 5.451e+00, 5.454e+00, 5.470e+00, 5.488e+00, 5.504e+00, 5.518e+00, 5.535e+00, 5.551e+00, 5.564e+00, 5.573e+00, 5.570e+00, 5.573e+00, 5.566e+00, 5.561e+00, 5.552e+00, 5.538e+00, 5.533e+00, 5.539e+00, 5.544e+00, 5.547e+00, 5.550e+00, 5.550e+00, 5.545e+00, 5.542e+00, 5.541e+00, 5.541e+00, 5.537e+00, 5.542e+00, 5.543e+00, 5.545e+00, 5.537e+00, 5.535e+00, 5.534e+00, 5.530e+00, 5.531e+00, 5.529e+00, 5.524e+00, 5.538e+00, 5.538e+00, 5.536e+00, 5.537e+00, 5.537e+00, 5.538e+00, 5.541e+00, 5.543e+00, 5.545e+00, 5.542e+00, 5.539e+00, 5.539e+00, 5.538e+00, 5.533e+00, 5.533e+00, 5.536e+00, 5.539e+00, 5.540e+00, 5.535e+00, 5.530e+00, 5.527e+00, 5.525e+00, 5.525e+00, 5.526e+00, 5.530e+00, 5.533e+00, 5.535e+00, 5.534e+00, 5.537e+00, 5.540e+00, 5.538e+00, 5.533e+00, 5.531e+00, 5.530e+00, 5.531e+00, 5.532e+00, 5.534e+00, 5.537e+00, 5.539e+00, 5.539e+00, 5.542e+00, 5.545e+00, 5.547e+00, 5.546e+00, 5.547e+00, 5.545e+00, 5.545e+00, 5.542e+00, 5.541e+00, 5.542e+00, 5.542e+00, 5.540e+00, 5.540e+00, 5.541e+00, 5.544e+00, 5.542e+00, 5.544e+00, 5.543e+00, 5.540e+00, 5.537e+00, 5.538e+00, 5.541e+00, 5.542e+00, 5.543e+00, 5.544e+00, 5.545e+00, 5.546e+00, 5.544e+00, 5.545e+00, 5.546e+00, 5.549e+00, 5.550e+00, 5.552e+00, 5.553e+00, 5.555e+00, 5.554e+00, 5.556e+00, 5.556e+00, 5.557e+00, 5.553e+00, 5.552e+00, 5.551e+00, 5.554e+00, 5.553e+00, 5.553e+00, 5.553e+00, 5.555e+00, 5.556e+00, 5.556e+00, 5.556e+00, 5.554e+00, 5.552e+00, 5.551e+00, 5.551e+00, 5.552e+00, 5.550e+00, 5.550e+00, 5.551e+00, 5.553e+00]
[2024-05-24 17:55:29] PPL: 5.553e+00
