[2024-05-24 17:54:05] Environments:
------------  --------------------------------------------------------------------------------
sys.platform  linux
python        3.12.3 (main, Apr 27 2024, 19:00:21) [GCC 11.4.0]
datasets      2.19.1 @/home/giung/transformerx/.venv/lib/python3.12/site-packages/datasets
jax           0.4.28 @/home/giung/transformerx/.venv/lib/python3.12/site-packages/jax
jaxlib        0.4.28 @/home/giung/transformerx/.venv/lib/python3.12/site-packages/jaxlib
transformers  4.41.1 @/home/giung/transformerx/.venv/lib/python3.12/site-packages/transformers
------------  --------------------------------------------------------------------------------

[2024-05-24 17:54:05] Command line arguments:
- args.model  : microsoft/Phi-3-mini-4k-instruct
- args.data   : wikitext2
- args.seqlen : 2048
- args.quant  : Q8_0
- args.save   : save/microsoft/Phi-3-mini-4k-instruct
- args.seed   : 5484385

[2024-05-24 17:54:05] Local devices:
[TpuDevice(id=0, process_index=0, coords=(0,0,0), core_on_chip=0), TpuDevice(id=1, process_index=0, coords=(1,0,0), core_on_chip=0), TpuDevice(id=2, process_index=0, coords=(0,1,0), core_on_chip=0), TpuDevice(id=3, process_index=0, coords=(1,1,0), core_on_chip=0)]

[2024-05-24 17:55:28] nlls=[1.101e+04, 1.113e+04, 1.177e+04, 1.226e+04, 1.088e+04, 1.198e+04, 1.124e+04, 1.049e+04, 1.086e+04, 1.078e+04, 1.132e+04, 1.139e+04, 1.150e+04, 1.132e+04, 1.060e+04, 1.076e+04, 1.094e+04, 1.089e+04, 1.114e+04, 1.073e+04, 1.159e+04, 1.078e+04, 1.202e+04, 1.090e+04, 1.122e+04, 1.132e+04, 1.110e+04, 1.087e+04, 1.085e+04, 1.132e+04, 1.133e+04, 1.136e+04, 1.225e+04, 1.249e+04, 1.237e+04, 1.224e+04, 1.261e+04, 1.255e+04, 1.239e+04, 1.223e+04, 1.115e+04, 1.173e+04, 1.072e+04, 1.092e+04, 1.060e+04, 1.002e+04, 1.089e+04, 1.195e+04, 1.187e+04, 1.173e+04, 1.172e+04, 1.133e+04, 1.085e+04, 1.095e+04, 1.132e+04, 1.138e+04, 1.082e+04, 1.199e+04, 1.143e+04, 1.168e+04, 1.030e+04, 1.115e+04, 1.129e+04, 1.089e+04, 1.143e+04, 1.106e+04, 1.072e+04, 1.312e+04, 1.131e+04, 1.112e+04, 1.152e+04, 1.138e+04, 1.150e+04, 1.164e+04, 1.173e+04, 1.166e+04, 1.095e+04, 1.092e+04, 1.145e+04, 1.111e+04, 1.046e+04, 1.127e+04, 1.180e+04, 1.189e+04, 1.153e+04, 1.049e+04, 1.041e+04, 1.080e+04, 1.084e+04, 1.135e+04, 1.150e+04, 1.219e+04, 1.187e+04, 1.170e+04, 1.120e+04, 1.212e+04, 1.193e+04, 1.087e+04, 1.049e+04, 1.085e+04, 1.103e+04, 1.169e+04, 1.153e+04, 1.175e+04, 1.192e+04, 1.191e+04, 1.128e+04, 1.191e+04, 1.204e+04, 1.175e+04, 1.121e+04, 1.161e+04, 1.087e+04, 1.118e+04, 1.078e+04, 1.103e+04, 1.169e+04, 1.135e+04, 1.090e+04, 1.133e+04, 1.147e+04, 1.205e+04, 1.090e+04, 1.192e+04, 1.110e+04, 1.074e+04, 1.045e+04, 1.172e+04, 1.205e+04, 1.146e+04, 1.161e+04, 1.158e+04, 1.183e+04, 1.138e+04, 1.096e+04, 1.159e+04, 1.151e+04, 1.223e+04, 1.183e+04, 1.177e+04, 1.167e+04, 1.185e+04, 1.113e+04, 1.200e+04, 1.121e+04, 1.190e+04, 1.007e+04, 1.117e+04, 1.107e+04, 1.222e+04, 1.115e+04, 1.134e+04, 1.142e+04, 1.221e+04, 1.143e+04, 1.151e+04, 1.121e+04, 1.061e+04, 1.090e+04, 1.111e+04, 1.140e+04, 1.148e+04, 1.074e+04, 1.148e+04, 1.186e+04, 1.175e+04]
[2024-05-24 17:55:28] ppls=[5.374e+00, 5.403e+00, 5.518e+00, 5.635e+00, 5.571e+00, 5.617e+00, 5.599e+00, 5.539e+00, 5.513e+00, 5.488e+00, 5.491e+00, 5.497e+00, 5.506e+00, 5.508e+00, 5.486e+00, 5.471e+00, 5.463e+00, 5.455e+00, 5.455e+00, 5.444e+00, 5.454e+00, 5.445e+00, 5.464e+00, 5.458e+00, 5.459e+00, 5.461e+00, 5.460e+00, 5.454e+00, 5.449e+00, 5.452e+00, 5.454e+00, 5.457e+00, 5.473e+00, 5.492e+00, 5.507e+00, 5.520e+00, 5.537e+00, 5.553e+00, 5.566e+00, 5.576e+00, 5.573e+00, 5.576e+00, 5.568e+00, 5.563e+00, 5.554e+00, 5.540e+00, 5.535e+00, 5.542e+00, 5.547e+00, 5.550e+00, 5.554e+00, 5.553e+00, 5.549e+00, 5.545e+00, 5.545e+00, 5.545e+00, 5.540e+00, 5.546e+00, 5.546e+00, 5.549e+00, 5.540e+00, 5.539e+00, 5.538e+00, 5.535e+00, 5.536e+00, 5.534e+00, 5.529e+00, 5.542e+00, 5.542e+00, 5.540e+00, 5.541e+00, 5.542e+00, 5.543e+00, 5.544e+00, 5.547e+00, 5.549e+00, 5.546e+00, 5.544e+00, 5.544e+00, 5.543e+00, 5.537e+00, 5.537e+00, 5.540e+00, 5.543e+00, 5.544e+00, 5.539e+00, 5.534e+00, 5.531e+00, 5.528e+00, 5.528e+00, 5.529e+00, 5.534e+00, 5.537e+00, 5.538e+00, 5.538e+00, 5.542e+00, 5.545e+00, 5.542e+00, 5.538e+00, 5.535e+00, 5.534e+00, 5.536e+00, 5.537e+00, 5.539e+00, 5.541e+00, 5.544e+00, 5.544e+00, 5.546e+00, 5.549e+00, 5.551e+00, 5.550e+00, 5.551e+00, 5.549e+00, 5.548e+00, 5.546e+00, 5.544e+00, 5.546e+00, 5.546e+00, 5.544e+00, 5.544e+00, 5.544e+00, 5.547e+00, 5.545e+00, 5.547e+00, 5.546e+00, 5.544e+00, 5.541e+00, 5.542e+00, 5.545e+00, 5.545e+00, 5.546e+00, 5.547e+00, 5.548e+00, 5.549e+00, 5.547e+00, 5.548e+00, 5.548e+00, 5.551e+00, 5.553e+00, 5.555e+00, 5.556e+00, 5.557e+00, 5.556e+00, 5.558e+00, 5.558e+00, 5.560e+00, 5.555e+00, 5.554e+00, 5.553e+00, 5.556e+00, 5.556e+00, 5.555e+00, 5.556e+00, 5.558e+00, 5.558e+00, 5.559e+00, 5.558e+00, 5.556e+00, 5.554e+00, 5.553e+00, 5.554e+00, 5.554e+00, 5.552e+00, 5.552e+00, 5.554e+00, 5.555e+00]
[2024-05-24 17:55:28] PPL: 5.555e+00
