[2024-05-29 03:40:30] Environments:
------------  --------------------------------------------------------------------------------
sys.platform  linux
python        3.12.3 (main, Apr 27 2024, 19:00:21) [GCC 11.4.0]
datasets      2.19.1 @/home/giung/transformerx/.venv/lib/python3.12/site-packages/datasets
jax           0.4.28 @/home/giung/transformerx/.venv/lib/python3.12/site-packages/jax
jaxlib        0.4.28 @/home/giung/transformerx/.venv/lib/python3.12/site-packages/jaxlib
transformers  4.41.1 @/home/giung/transformerx/.venv/lib/python3.12/site-packages/transformers
------------  --------------------------------------------------------------------------------

[2024-05-29 03:40:30] Command line arguments:
- args.model      : microsoft/Phi-3-medium-4k-instruct
- args.data       : ptb
- args.seqlen     : 2048
- args.bits       : 4
- args.group_size : 1
- args.save       : save/ptb/microsoft/Phi-3-medium-4k-instruct/b4-g1
- args.seed       : 32127670

[2024-05-29 03:40:30] Local devices:
[TpuDevice(id=0, process_index=0, coords=(0,0,0), core_on_chip=0), TpuDevice(id=1, process_index=0, coords=(1,0,0), core_on_chip=0), TpuDevice(id=2, process_index=0, coords=(0,1,0), core_on_chip=0), TpuDevice(id=3, process_index=0, coords=(1,1,0), core_on_chip=0)]

[2024-05-29 03:43:55] nlls=[5.502e+03, 5.132e+03, 5.277e+03, 5.305e+03, 5.415e+03, 4.849e+03, 5.173e+03, 4.836e+03, 4.966e+03, 4.760e+03, 5.089e+03, 4.496e+03, 5.599e+03, 5.396e+03, 5.371e+03, 5.590e+03, 5.249e+03, 4.589e+03, 5.575e+03, 4.836e+03, 4.959e+03, 5.574e+03, 5.008e+03, 5.588e+03, 5.809e+03, 4.965e+03, 5.191e+03, 5.288e+03, 4.922e+03, 5.696e+03, 4.906e+03, 5.143e+03, 4.688e+03, 5.931e+03, 5.487e+03, 5.980e+03, 5.956e+03, 5.523e+03, 5.275e+03, 5.630e+03, 5.385e+03, 5.384e+03, 5.324e+03, 5.766e+03, 5.223e+03, 4.763e+03, 5.092e+03, 5.000e+03, 4.765e+03, 4.915e+03, 5.412e+03, 5.151e+03]
[2024-05-29 03:43:55] ppls=[1.468e+01, 1.341e+01, 1.333e+01, 1.333e+01, 1.347e+01, 1.296e+01, 1.289e+01, 1.258e+01, 1.243e+01, 1.219e+01, 1.217e+01, 1.187e+01, 1.211e+01, 1.223e+01, 1.233e+01, 1.250e+01, 1.252e+01, 1.233e+01, 1.246e+01, 1.236e+01, 1.231e+01, 1.243e+01, 1.239e+01, 1.250e+01, 1.265e+01, 1.260e+01, 1.260e+01, 1.262e+01, 1.256e+01, 1.267e+01, 1.261e+01, 1.260e+01, 1.251e+01, 1.264e+01, 1.270e+01, 1.283e+01, 1.295e+01, 1.300e+01, 1.300e+01, 1.306e+01, 1.308e+01, 1.310e+01, 1.311e+01, 1.318e+01, 1.317e+01, 1.310e+01, 1.308e+01, 1.304e+01, 1.298e+01, 1.294e+01, 1.296e+01, 1.294e+01]
[2024-05-29 03:43:55] PPL: 1.294e+01
