[2024-05-29 03:44:47] Environments:
------------  --------------------------------------------------------------------------------
sys.platform  linux
python        3.12.3 (main, Apr 27 2024, 19:00:21) [GCC 11.4.0]
datasets      2.19.1 @/home/giung/transformerx/.venv/lib/python3.12/site-packages/datasets
jax           0.4.28 @/home/giung/transformerx/.venv/lib/python3.12/site-packages/jax
jaxlib        0.4.28 @/home/giung/transformerx/.venv/lib/python3.12/site-packages/jaxlib
transformers  4.41.1 @/home/giung/transformerx/.venv/lib/python3.12/site-packages/transformers
------------  --------------------------------------------------------------------------------

[2024-05-29 03:44:47] Command line arguments:
- args.model      : microsoft/Phi-3-medium-4k-instruct
- args.data       : ptb
- args.seqlen     : 2048
- args.bits       : 6
- args.group_size : 32
- args.save       : save/ptb/microsoft/Phi-3-medium-4k-instruct/b6-g32
- args.seed       : 48980101

[2024-05-29 03:44:47] Local devices:
[TpuDevice(id=0, process_index=0, coords=(0,0,0), core_on_chip=0), TpuDevice(id=1, process_index=0, coords=(1,0,0), core_on_chip=0), TpuDevice(id=2, process_index=0, coords=(0,1,0), core_on_chip=0), TpuDevice(id=3, process_index=0, coords=(1,1,0), core_on_chip=0)]

[2024-05-29 03:48:40] nlls=[5.010e+03, 4.770e+03, 4.819e+03, 4.944e+03, 5.085e+03, 4.577e+03, 4.766e+03, 4.448e+03, 4.570e+03, 4.369e+03, 4.755e+03, 4.104e+03, 5.200e+03, 4.990e+03, 4.998e+03, 5.216e+03, 4.782e+03, 4.242e+03, 5.263e+03, 4.426e+03, 4.533e+03, 5.236e+03, 4.674e+03, 5.132e+03, 5.332e+03, 4.593e+03, 4.704e+03, 4.952e+03, 4.618e+03, 5.274e+03, 4.498e+03, 4.807e+03, 4.270e+03, 5.553e+03, 5.057e+03, 5.627e+03, 5.504e+03, 5.031e+03, 4.848e+03, 5.207e+03, 5.003e+03, 4.921e+03, 4.927e+03, 5.336e+03, 4.871e+03, 4.423e+03, 4.655e+03, 4.584e+03, 4.488e+03, 4.604e+03, 4.979e+03, 4.728e+03]
[2024-05-29 03:48:40] ppls=[1.155e+01, 1.089e+01, 1.076e+01, 1.087e+01, 1.108e+01, 1.077e+01, 1.069e+01, 1.043e+01, 1.030e+01, 1.010e+01, 1.011e+01, 9.850e+00, 1.004e+01, 1.014e+01, 1.022e+01, 1.036e+01, 1.036e+01, 1.021e+01, 1.034e+01, 1.025e+01, 1.020e+01, 1.031e+01, 1.028e+01, 1.036e+01, 1.047e+01, 1.043e+01, 1.041e+01, 1.044e+01, 1.040e+01, 1.049e+01, 1.043e+01, 1.043e+01, 1.035e+01, 1.047e+01, 1.050e+01, 1.062e+01, 1.071e+01, 1.074e+01, 1.074e+01, 1.078e+01, 1.080e+01, 1.080e+01, 1.081e+01, 1.087e+01, 1.086e+01, 1.081e+01, 1.079e+01, 1.075e+01, 1.071e+01, 1.069e+01, 1.070e+01, 1.069e+01]
[2024-05-29 03:48:40] PPL: 1.069e+01
