[2024-05-29 02:06:49] Environments:
------------  --------------------------------------------------------------------------------
sys.platform  linux
python        3.12.3 (main, Apr 27 2024, 19:00:21) [GCC 11.4.0]
datasets      2.19.1 @/home/giung/transformerx/.venv/lib/python3.12/site-packages/datasets
jax           0.4.28 @/home/giung/transformerx/.venv/lib/python3.12/site-packages/jax
jaxlib        0.4.28 @/home/giung/transformerx/.venv/lib/python3.12/site-packages/jaxlib
transformers  4.41.1 @/home/giung/transformerx/.venv/lib/python3.12/site-packages/transformers
------------  --------------------------------------------------------------------------------

[2024-05-29 02:06:49] Command line arguments:
- args.model      : microsoft/Phi-3-mini-4k-instruct
- args.data       : ptb
- args.seqlen     : 2048
- args.bits       : 0
- args.group_size : 128
- args.save       : save/ptb/microsoft/Phi-3-mini-4k-instruct/b0
- args.seed       : 50283326

[2024-05-29 02:06:49] Local devices:
[TpuDevice(id=0, process_index=0, coords=(0,0,0), core_on_chip=0), TpuDevice(id=1, process_index=0, coords=(1,0,0), core_on_chip=0), TpuDevice(id=2, process_index=0, coords=(0,1,0), core_on_chip=0), TpuDevice(id=3, process_index=0, coords=(1,1,0), core_on_chip=0)]

[2024-05-29 02:07:38] nlls=[5.505e+03, 5.204e+03, 5.317e+03, 5.426e+03, 5.499e+03, 5.093e+03, 5.202e+03, 4.912e+03, 4.888e+03, 4.870e+03, 5.258e+03, 4.577e+03, 5.532e+03, 5.462e+03, 5.463e+03, 5.706e+03, 5.190e+03, 4.623e+03, 5.756e+03, 4.910e+03, 4.992e+03, 5.713e+03, 5.086e+03, 5.541e+03, 5.659e+03, 4.983e+03, 5.122e+03, 5.424e+03, 5.075e+03, 5.683e+03, 5.008e+03, 5.094e+03, 4.727e+03, 6.002e+03, 5.514e+03, 6.031e+03, 5.975e+03, 5.510e+03, 5.305e+03, 5.704e+03, 5.535e+03, 5.553e+03, 5.320e+03, 5.776e+03, 5.276e+03, 4.861e+03, 5.217e+03, 5.112e+03, 4.796e+03, 5.088e+03, 5.528e+03, 5.288e+03]
[2024-05-29 02:07:38] ppls=[1.470e+01, 1.366e+01, 1.358e+01, 1.372e+01, 1.390e+01, 1.357e+01, 1.344e+01, 1.311e+01, 1.284e+01, 1.262e+01, 1.265e+01, 1.234e+01, 1.252e+01, 1.264e+01, 1.275e+01, 1.295e+01, 1.293e+01, 1.271e+01, 1.289e+01, 1.279e+01, 1.272e+01, 1.287e+01, 1.283e+01, 1.291e+01, 1.301e+01, 1.295e+01, 1.292e+01, 1.296e+01, 1.292e+01, 1.302e+01, 1.297e+01, 1.294e+01, 1.284e+01, 1.298e+01, 1.303e+01, 1.317e+01, 1.329e+01, 1.332e+01, 1.332e+01, 1.339e+01, 1.342e+01, 1.346e+01, 1.346e+01, 1.353e+01, 1.352e+01, 1.345e+01, 1.344e+01, 1.341e+01, 1.334e+01, 1.331e+01, 1.334e+01, 1.334e+01]
[2024-05-29 02:07:38] PPL: 1.334e+01
