[2024-05-29 03:28:09] Environments:
------------  --------------------------------------------------------------------------------
sys.platform  linux
python        3.12.3 (main, Apr 27 2024, 19:00:21) [GCC 11.4.0]
datasets      2.19.1 @/home/giung/transformerx/.venv/lib/python3.12/site-packages/datasets
jax           0.4.28 @/home/giung/transformerx/.venv/lib/python3.12/site-packages/jax
jaxlib        0.4.28 @/home/giung/transformerx/.venv/lib/python3.12/site-packages/jaxlib
transformers  4.41.1 @/home/giung/transformerx/.venv/lib/python3.12/site-packages/transformers
------------  --------------------------------------------------------------------------------

[2024-05-29 03:28:09] Command line arguments:
- args.model      : microsoft/Phi-3-medium-4k-instruct
- args.data       : wikitext2
- args.seqlen     : 2048
- args.bits       : 6
- args.group_size : 32
- args.save       : save/wikitext2/microsoft/Phi-3-medium-4k-instruct/b6-g32
- args.seed       : 10924988

[2024-05-29 03:28:09] Local devices:
[TpuDevice(id=0, process_index=0, coords=(0,0,0), core_on_chip=0), TpuDevice(id=1, process_index=0, coords=(1,0,0), core_on_chip=0), TpuDevice(id=2, process_index=0, coords=(0,1,0), core_on_chip=0), TpuDevice(id=3, process_index=0, coords=(1,1,0), core_on_chip=0)]

[2024-05-29 03:32:03] nlls=[2.470e+03, 1.743e+03, 1.845e+03, 2.217e+03, 3.023e+03, 3.075e+03, 2.516e+03, 2.029e+03, 3.113e+03, 3.487e+03, 3.769e+03, 3.597e+03, 3.122e+03, 3.455e+03, 3.066e+03, 3.343e+03, 3.440e+03, 3.321e+03, 3.887e+03, 3.132e+03, 3.380e+03, 2.974e+03, 1.603e+03, 2.194e+03, 2.525e+03, 2.281e+03, 2.368e+03, 2.042e+03, 2.163e+03, 3.227e+03, 4.519e+03, 4.158e+03, 3.593e+03, 2.783e+03, 1.986e+03, 1.983e+03, 1.686e+03, 2.038e+03, 2.533e+03, 2.818e+03, 2.653e+03, 2.527e+03, 2.308e+03, 2.678e+03, 2.334e+03, 2.542e+03, 2.877e+03, 3.347e+03, 4.540e+03, 4.649e+03, 3.873e+03, 3.149e+03, 2.824e+03, 3.581e+03, 3.818e+03, 3.888e+03, 2.874e+03, 3.638e+03, 3.160e+03, 2.833e+03, 2.906e+03, 2.916e+03, 2.615e+03, 2.776e+03, 2.540e+03, 2.338e+03, 2.522e+03, 2.914e+03, 3.663e+03, 3.768e+03, 3.989e+03, 4.201e+03, 4.271e+03, 2.781e+03, 3.018e+03, 3.509e+03, 3.057e+03, 2.981e+03, 3.185e+03, 3.130e+03, 2.218e+03, 2.402e+03, 3.728e+03, 4.054e+03, 3.816e+03, 3.127e+03, 3.552e+03, 3.447e+03, 3.547e+03, 3.361e+03, 3.482e+03, 2.560e+03, 3.156e+03, 2.870e+03, 2.914e+03, 2.732e+03, 2.806e+03, 3.234e+03, 3.019e+03, 2.936e+03, 3.628e+03, 3.672e+03, 3.245e+03, 3.877e+03, 4.780e+03, 4.491e+03, 4.310e+03, 4.120e+03, 4.509e+03, 4.274e+03, 3.814e+03, 3.735e+03, 3.513e+03, 3.727e+03, 3.052e+03, 4.039e+03, 4.432e+03, 3.915e+03, 2.650e+03, 2.485e+03, 2.280e+03, 3.588e+03, 2.825e+03, 2.849e+03, 2.705e+03, 2.420e+03, 2.598e+03, 2.209e+03, 2.773e+03, 3.238e+03, 3.480e+03, 3.156e+03, 2.779e+03, 2.762e+03, 3.000e+03, 3.545e+03, 3.418e+03, 3.740e+03, 3.225e+03, 3.140e+03, 3.007e+03, 3.312e+03, 2.660e+03, 3.892e+03, 3.322e+03, 3.508e+03, 2.956e+03, 3.099e+03, 2.925e+03, 3.696e+03, 2.425e+03, 1.776e+03, 2.174e+03, 2.092e+03, 2.776e+03, 3.326e+03, 2.823e+03, 2.015e+03, 3.456e+03, 3.682e+03, 4.203e+03, 3.362e+03, 3.060e+03, 3.580e+03, 3.669e+03, 4.280e+03]
[2024-05-29 03:32:03] ppls=[3.340e+00, 2.797e+00, 2.680e+00, 2.746e+00, 3.014e+00, 3.221e+00, 3.248e+00, 3.173e+00, 3.304e+00, 3.476e+00, 3.669e+00, 3.812e+00, 3.867e+00, 3.960e+00, 3.992e+00, 4.055e+00, 4.122e+00, 4.169e+00, 4.274e+00, 4.290e+00, 4.330e+00, 4.327e+00, 4.201e+00, 4.138e+00, 4.107e+00, 4.060e+00, 4.023e+00, 3.967e+00, 3.923e+00, 3.950e+00, 4.058e+00, 4.139e+00, 4.181e+00, 4.172e+00, 4.118e+00, 4.067e+00, 4.004e+00, 3.962e+00, 3.948e+00, 3.949e+00, 3.941e+00, 3.928e+00, 3.906e+00, 3.901e+00, 3.882e+00, 3.872e+00, 3.877e+00, 3.899e+00, 3.968e+00, 4.039e+00, 4.079e+00, 4.089e+00, 4.087e+00, 4.113e+00, 4.147e+00, 4.182e+00, 4.180e+00, 4.205e+00, 4.213e+00, 4.209e+00, 4.207e+00, 4.207e+00, 4.196e+00, 4.191e+00, 4.178e+00, 4.160e+00, 4.148e+00, 4.148e+00, 4.170e+00, 4.195e+00, 4.225e+00, 4.261e+00, 4.298e+00, 4.293e+00, 4.294e+00, 4.308e+00, 4.310e+00, 4.310e+00, 4.315e+00, 4.318e+00, 4.298e+00, 4.283e+00, 4.302e+00, 4.329e+00, 4.349e+00, 4.352e+00, 4.365e+00, 4.376e+00, 4.388e+00, 4.396e+00, 4.407e+00, 4.396e+00, 4.399e+00, 4.395e+00, 4.392e+00, 4.385e+00, 4.381e+00, 4.385e+00, 4.385e+00, 4.383e+00, 4.396e+00, 4.409e+00, 4.414e+00, 4.431e+00, 4.467e+00, 4.496e+00, 4.521e+00, 4.543e+00, 4.571e+00, 4.595e+00, 4.609e+00, 4.621e+00, 4.629e+00, 4.640e+00, 4.639e+00, 4.656e+00, 4.681e+00, 4.696e+00, 4.686e+00, 4.673e+00, 4.656e+00, 4.665e+00, 4.658e+00, 4.653e+00, 4.645e+00, 4.632e+00, 4.622e+00, 4.606e+00, 4.600e+00, 4.602e+00, 4.608e+00, 4.608e+00, 4.602e+00, 4.596e+00, 4.594e+00, 4.601e+00, 4.606e+00, 4.616e+00, 4.617e+00, 4.617e+00, 4.615e+00, 4.618e+00, 4.611e+00, 4.623e+00, 4.626e+00, 4.631e+00, 4.629e+00, 4.628e+00, 4.625e+00, 4.633e+00, 4.622e+00, 4.602e+00, 4.588e+00, 4.573e+00, 4.569e+00, 4.572e+00, 4.568e+00, 4.552e+00, 4.557e+00, 4.565e+00, 4.580e+00, 4.584e+00, 4.583e+00, 4.589e+00, 4.597e+00, 4.612e+00]
[2024-05-29 03:32:03] PPL: 4.612e+00
