[2024-05-29 03:55:15] Environments:
------------  --------------------------------------------------------------------------------
sys.platform  linux
python        3.12.3 (main, Apr 27 2024, 19:00:21) [GCC 11.4.0]
datasets      2.19.1 @/home/giung/transformerx/.venv/lib/python3.12/site-packages/datasets
jax           0.4.28 @/home/giung/transformerx/.venv/lib/python3.12/site-packages/jax
jaxlib        0.4.28 @/home/giung/transformerx/.venv/lib/python3.12/site-packages/jaxlib
transformers  4.41.1 @/home/giung/transformerx/.venv/lib/python3.12/site-packages/transformers
------------  --------------------------------------------------------------------------------

[2024-05-29 03:55:15] Command line arguments:
- args.model      : microsoft/Phi-3-mini-4k-instruct
- args.data       : wikitext2
- args.seqlen     : 2048
- args.bits       : 6
- args.group_size : 16
- args.save       : save/wikitext2/microsoft/Phi-3-mini-4k-instruct/b6-g16
- args.seed       : 16360631

[2024-05-29 03:55:15] Local devices:
[TpuDevice(id=0, process_index=0, coords=(0,0,0), core_on_chip=0), TpuDevice(id=1, process_index=0, coords=(1,0,0), core_on_chip=0), TpuDevice(id=2, process_index=0, coords=(0,1,0), core_on_chip=0), TpuDevice(id=3, process_index=0, coords=(1,1,0), core_on_chip=0)]

[2024-05-29 03:56:44] nlls=[3.171e+03, 3.945e+03, 4.389e+03, 4.067e+03, 3.452e+03, 3.743e+03, 3.253e+03, 2.928e+03, 3.925e+03, 4.011e+03, 4.823e+03, 3.975e+03, 3.615e+03, 4.003e+03, 4.005e+03, 4.423e+03, 4.641e+03, 4.367e+03, 5.863e+03, 4.274e+03, 4.295e+03, 3.513e+03, 3.140e+03, 3.966e+03, 4.148e+03, 4.030e+03, 4.171e+03, 3.984e+03, 4.193e+03, 3.961e+03, 4.888e+03, 4.713e+03, 4.199e+03, 3.531e+03, 3.087e+03, 2.955e+03, 2.678e+03, 3.406e+03, 3.392e+03, 4.043e+03, 3.742e+03, 3.021e+03, 2.716e+03, 3.187e+03, 2.902e+03, 3.027e+03, 3.400e+03, 4.060e+03, 4.969e+03, 5.141e+03, 4.562e+03, 4.481e+03, 4.178e+03, 4.032e+03, 4.561e+03, 4.534e+03, 3.419e+03, 4.174e+03, 3.574e+03, 3.242e+03, 3.367e+03, 3.260e+03, 2.970e+03, 3.149e+03, 2.922e+03, 2.779e+03, 3.009e+03, 3.589e+03, 3.966e+03, 4.536e+03, 4.579e+03, 4.594e+03, 4.648e+03, 3.206e+03, 3.518e+03, 4.124e+03, 3.559e+03, 3.517e+03, 3.656e+03, 3.697e+03, 2.655e+03, 3.392e+03, 4.182e+03, 4.731e+03, 4.342e+03, 3.521e+03, 4.143e+03, 3.893e+03, 4.142e+03, 4.069e+03, 3.876e+03, 3.835e+03, 4.437e+03, 3.547e+03, 3.718e+03, 3.721e+03, 3.646e+03, 3.668e+03, 3.559e+03, 3.571e+03, 4.105e+03, 4.281e+03, 3.932e+03, 4.641e+03, 5.356e+03, 5.092e+03, 4.865e+03, 4.689e+03, 5.067e+03, 4.866e+03, 4.260e+03, 4.308e+03, 3.943e+03, 4.308e+03, 3.623e+03, 4.010e+03, 4.435e+03, 4.160e+03, 3.721e+03, 3.980e+03, 3.783e+03, 4.122e+03, 3.860e+03, 3.583e+03, 3.573e+03, 3.146e+03, 3.336e+03, 3.326e+03, 3.374e+03, 3.622e+03, 4.095e+03, 5.129e+03, 4.551e+03, 4.863e+03, 3.468e+03, 3.897e+03, 4.049e+03, 4.225e+03, 3.603e+03, 3.539e+03, 3.451e+03, 3.799e+03, 3.275e+03, 4.397e+03, 3.756e+03, 4.079e+03, 3.450e+03, 3.615e+03, 3.220e+03, 4.241e+03, 3.502e+03, 3.613e+03, 3.624e+03, 4.103e+03, 3.802e+03, 3.970e+03, 3.799e+03, 2.319e+03, 4.195e+03, 4.255e+03, 5.302e+03, 4.369e+03, 3.731e+03, 4.119e+03, 4.266e+03, 5.302e+03]
[2024-05-29 03:56:44] ppls=[4.704e+00, 5.682e+00, 6.505e+00, 6.692e+00, 6.410e+00, 6.377e+00, 6.141e+00, 5.852e+00, 5.950e+00, 6.055e+00, 6.368e+00, 6.416e+00, 6.370e+00, 6.417e+00, 6.458e+00, 6.578e+00, 6.728e+00, 6.813e+00, 7.160e+00, 7.202e+00, 7.245e+00, 7.158e+00, 7.024e+00, 7.020e+00, 7.042e+00, 7.046e+00, 7.068e+00, 7.065e+00, 7.088e+00, 7.082e+00, 7.181e+00, 7.255e+00, 7.270e+00, 7.215e+00, 7.119e+00, 7.017e+00, 6.896e+00, 6.848e+00, 6.801e+00, 6.811e+00, 6.796e+00, 6.725e+00, 6.635e+00, 6.584e+00, 6.516e+00, 6.460e+00, 6.432e+00, 6.448e+00, 6.523e+00, 6.606e+00, 6.650e+00, 6.688e+00, 6.705e+00, 6.714e+00, 6.753e+00, 6.790e+00, 6.761e+00, 6.775e+00, 6.756e+00, 6.719e+00, 6.691e+00, 6.657e+00, 6.610e+00, 6.574e+00, 6.528e+00, 6.477e+00, 6.439e+00, 6.428e+00, 6.435e+00, 6.468e+00, 6.502e+00, 6.535e+00, 6.570e+00, 6.542e+00, 6.528e+00, 6.540e+00, 6.528e+00, 6.515e+00, 6.508e+00, 6.502e+00, 6.456e+00, 6.440e+00, 6.454e+00, 6.488e+00, 6.507e+00, 6.495e+00, 6.507e+00, 6.509e+00, 6.520e+00, 6.528e+00, 6.529e+00, 6.529e+00, 6.549e+00, 6.539e+00, 6.535e+00, 6.531e+00, 6.524e+00, 6.518e+00, 6.509e+00, 6.501e+00, 6.510e+00, 6.523e+00, 6.526e+00, 6.551e+00, 6.597e+00, 6.634e+00, 6.664e+00, 6.689e+00, 6.724e+00, 6.753e+00, 6.763e+00, 6.775e+00, 6.775e+00, 6.787e+00, 6.778e+00, 6.781e+00, 6.795e+00, 6.802e+00, 6.796e+00, 6.798e+00, 6.794e+00, 6.799e+00, 6.797e+00, 6.788e+00, 6.779e+00, 6.759e+00, 6.744e+00, 6.729e+00, 6.715e+00, 6.708e+00, 6.713e+00, 6.744e+00, 6.760e+00, 6.783e+00, 6.772e+00, 6.771e+00, 6.775e+00, 6.782e+00, 6.774e+00, 6.766e+00, 6.755e+00, 6.752e+00, 6.737e+00, 6.749e+00, 6.745e+00, 6.749e+00, 6.739e+00, 6.732e+00, 6.717e+00, 6.724e+00, 6.716e+00, 6.709e+00, 6.704e+00, 6.708e+00, 6.706e+00, 6.708e+00, 6.705e+00, 6.673e+00, 6.679e+00, 6.687e+00, 6.715e+00, 6.725e+00, 6.721e+00, 6.726e+00, 6.733e+00, 6.761e+00]
[2024-05-29 03:56:44] PPL: 6.761e+00
