[2024-05-29 03:58:41] Environments:
------------  --------------------------------------------------------------------------------
sys.platform  linux
python        3.12.3 (main, Apr 27 2024, 19:00:21) [GCC 11.4.0]
datasets      2.19.1 @/home/giung/transformerx/.venv/lib/python3.12/site-packages/datasets
jax           0.4.28 @/home/giung/transformerx/.venv/lib/python3.12/site-packages/jax
jaxlib        0.4.28 @/home/giung/transformerx/.venv/lib/python3.12/site-packages/jaxlib
transformers  4.41.1 @/home/giung/transformerx/.venv/lib/python3.12/site-packages/transformers
------------  --------------------------------------------------------------------------------

[2024-05-29 03:58:41] Command line arguments:
- args.model      : microsoft/Phi-3-mini-4k-instruct
- args.data       : wikitext2
- args.seqlen     : 2048
- args.bits       : 8
- args.group_size : 16
- args.save       : save/wikitext2/microsoft/Phi-3-mini-4k-instruct/b8-g16
- args.seed       : 42596708

[2024-05-29 03:58:41] Local devices:
[TpuDevice(id=0, process_index=0, coords=(0,0,0), core_on_chip=0), TpuDevice(id=1, process_index=0, coords=(1,0,0), core_on_chip=0), TpuDevice(id=2, process_index=0, coords=(0,1,0), core_on_chip=0), TpuDevice(id=3, process_index=0, coords=(1,1,0), core_on_chip=0)]

[2024-05-29 04:00:23] nlls=[3.119e+03, 3.739e+03, 4.270e+03, 3.866e+03, 3.398e+03, 3.656e+03, 3.161e+03, 2.749e+03, 3.653e+03, 3.843e+03, 4.537e+03, 3.936e+03, 3.564e+03, 3.928e+03, 3.865e+03, 4.231e+03, 4.348e+03, 4.241e+03, 5.529e+03, 4.076e+03, 4.098e+03, 3.472e+03, 3.019e+03, 3.859e+03, 4.071e+03, 3.913e+03, 4.019e+03, 3.836e+03, 4.038e+03, 3.885e+03, 4.861e+03, 4.581e+03, 4.152e+03, 3.457e+03, 2.995e+03, 2.871e+03, 2.596e+03, 3.256e+03, 3.314e+03, 3.906e+03, 3.569e+03, 2.972e+03, 2.646e+03, 3.131e+03, 2.783e+03, 2.967e+03, 3.347e+03, 3.927e+03, 4.949e+03, 4.996e+03, 4.511e+03, 4.228e+03, 4.095e+03, 3.962e+03, 4.400e+03, 4.385e+03, 3.355e+03, 4.107e+03, 3.485e+03, 3.191e+03, 3.307e+03, 3.206e+03, 2.946e+03, 3.121e+03, 2.920e+03, 2.754e+03, 2.916e+03, 3.517e+03, 3.921e+03, 4.387e+03, 4.511e+03, 4.512e+03, 4.559e+03, 3.135e+03, 3.425e+03, 3.997e+03, 3.508e+03, 3.445e+03, 3.597e+03, 3.649e+03, 2.613e+03, 3.358e+03, 4.098e+03, 4.650e+03, 4.269e+03, 3.467e+03, 4.062e+03, 3.859e+03, 4.010e+03, 3.988e+03, 3.845e+03, 3.741e+03, 4.303e+03, 3.462e+03, 3.604e+03, 3.634e+03, 3.522e+03, 3.597e+03, 3.502e+03, 3.524e+03, 4.075e+03, 4.154e+03, 3.892e+03, 4.449e+03, 5.299e+03, 5.011e+03, 4.769e+03, 4.583e+03, 5.001e+03, 4.811e+03, 4.200e+03, 4.233e+03, 3.882e+03, 4.197e+03, 3.471e+03, 3.939e+03, 4.252e+03, 4.037e+03, 3.602e+03, 3.865e+03, 3.651e+03, 4.005e+03, 3.777e+03, 3.404e+03, 3.460e+03, 3.065e+03, 3.158e+03, 3.201e+03, 3.316e+03, 3.547e+03, 4.024e+03, 4.515e+03, 4.189e+03, 4.494e+03, 3.388e+03, 3.878e+03, 3.990e+03, 4.170e+03, 3.571e+03, 3.476e+03, 3.433e+03, 3.734e+03, 3.201e+03, 4.298e+03, 3.683e+03, 3.967e+03, 3.408e+03, 3.555e+03, 3.199e+03, 4.188e+03, 3.451e+03, 3.496e+03, 3.530e+03, 3.988e+03, 3.667e+03, 3.807e+03, 3.425e+03, 2.268e+03, 4.137e+03, 4.133e+03, 4.819e+03, 4.348e+03, 3.679e+03, 3.984e+03, 4.202e+03, 5.146e+03]
[2024-05-29 04:00:23] ppls=[4.587e+00, 5.336e+00, 6.119e+00, 6.237e+00, 6.027e+00, 6.016e+00, 5.804e+00, 5.509e+00, 5.557e+00, 5.647e+00, 5.901e+00, 5.974e+00, 5.952e+00, 6.010e+00, 6.048e+00, 6.149e+00, 6.261e+00, 6.344e+00, 6.635e+00, 6.667e+00, 6.700e+00, 6.638e+00, 6.518e+00, 6.520e+00, 6.550e+00, 6.558e+00, 6.578e+00, 6.575e+00, 6.595e+00, 6.598e+00, 6.702e+00, 6.772e+00, 6.796e+00, 6.751e+00, 6.665e+00, 6.574e+00, 6.465e+00, 6.418e+00, 6.379e+00, 6.388e+00, 6.370e+00, 6.310e+00, 6.230e+00, 6.187e+00, 6.124e+00, 6.076e+00, 6.054e+00, 6.068e+00, 6.145e+00, 6.222e+00, 6.268e+00, 6.295e+00, 6.314e+00, 6.325e+00, 6.360e+00, 6.393e+00, 6.369e+00, 6.386e+00, 6.370e+00, 6.338e+00, 6.314e+00, 6.286e+00, 6.246e+00, 6.216e+00, 6.178e+00, 6.134e+00, 6.098e+00, 6.090e+00, 6.100e+00, 6.129e+00, 6.162e+00, 6.195e+00, 6.230e+00, 6.205e+00, 6.192e+00, 6.202e+00, 6.193e+00, 6.182e+00, 6.177e+00, 6.174e+00, 6.133e+00, 6.120e+00, 6.134e+00, 6.167e+00, 6.186e+00, 6.177e+00, 6.189e+00, 6.193e+00, 6.202e+00, 6.211e+00, 6.214e+00, 6.214e+00, 6.233e+00, 6.223e+00, 6.219e+00, 6.215e+00, 6.209e+00, 6.204e+00, 6.197e+00, 6.191e+00, 6.201e+00, 6.213e+00, 6.218e+00, 6.238e+00, 6.283e+00, 6.320e+00, 6.348e+00, 6.371e+00, 6.406e+00, 6.435e+00, 6.446e+00, 6.457e+00, 6.459e+00, 6.469e+00, 6.460e+00, 6.463e+00, 6.475e+00, 6.480e+00, 6.474e+00, 6.475e+00, 6.471e+00, 6.475e+00, 6.474e+00, 6.463e+00, 6.454e+00, 6.435e+00, 6.419e+00, 6.404e+00, 6.393e+00, 6.387e+00, 6.392e+00, 6.409e+00, 6.418e+00, 6.434e+00, 6.424e+00, 6.426e+00, 6.430e+00, 6.438e+00, 6.433e+00, 6.425e+00, 6.417e+00, 6.415e+00, 6.402e+00, 6.413e+00, 6.410e+00, 6.413e+00, 6.405e+00, 6.400e+00, 6.387e+00, 6.395e+00, 6.388e+00, 6.382e+00, 6.376e+00, 6.380e+00, 6.378e+00, 6.378e+00, 6.371e+00, 6.341e+00, 6.348e+00, 6.354e+00, 6.374e+00, 6.385e+00, 6.383e+00, 6.386e+00, 6.394e+00, 6.419e+00]
[2024-05-29 04:00:23] PPL: 6.419e+00
