[2024-05-29 04:05:35] Environments:
------------  --------------------------------------------------------------------------------
sys.platform  linux
python        3.12.3 (main, Apr 27 2024, 19:00:21) [GCC 11.4.0]
datasets      2.19.1 @/home/giung/transformerx/.venv/lib/python3.12/site-packages/datasets
jax           0.4.28 @/home/giung/transformerx/.venv/lib/python3.12/site-packages/jax
jaxlib        0.4.28 @/home/giung/transformerx/.venv/lib/python3.12/site-packages/jaxlib
transformers  4.41.1 @/home/giung/transformerx/.venv/lib/python3.12/site-packages/transformers
------------  --------------------------------------------------------------------------------

[2024-05-29 04:05:35] Command line arguments:
- args.model      : microsoft/Phi-3-mini-4k-instruct
- args.data       : ptb
- args.seqlen     : 2048
- args.bits       : 5
- args.group_size : 32
- args.save       : save/ptb/microsoft/Phi-3-mini-4k-instruct/b5-g32
- args.seed       : 37142357

[2024-05-29 04:05:35] Local devices:
[TpuDevice(id=0, process_index=0, coords=(0,0,0), core_on_chip=0), TpuDevice(id=1, process_index=0, coords=(1,0,0), core_on_chip=0), TpuDevice(id=2, process_index=0, coords=(0,1,0), core_on_chip=0), TpuDevice(id=3, process_index=0, coords=(1,1,0), core_on_chip=0)]

[2024-05-29 04:07:00] nlls=[5.879e+03, 5.514e+03, 5.692e+03, 5.736e+03, 5.813e+03, 5.489e+03, 5.469e+03, 5.262e+03, 5.141e+03, 5.227e+03, 5.552e+03, 4.942e+03, 5.846e+03, 5.802e+03, 5.840e+03, 6.053e+03, 5.572e+03, 4.909e+03, 6.079e+03, 5.201e+03, 5.281e+03, 6.014e+03, 5.367e+03, 5.888e+03, 5.843e+03, 5.274e+03, 5.470e+03, 5.697e+03, 5.378e+03, 5.988e+03, 5.417e+03, 5.390e+03, 5.128e+03, 6.286e+03, 5.894e+03, 6.349e+03, 6.274e+03, 5.874e+03, 5.698e+03, 5.957e+03, 5.884e+03, 5.934e+03, 5.689e+03, 6.048e+03, 5.599e+03, 5.123e+03, 5.607e+03, 5.493e+03, 5.047e+03, 5.343e+03, 5.859e+03, 5.577e+03]
[2024-05-29 04:07:00] ppls=[1.764e+01, 1.614e+01, 1.613e+01, 1.621e+01, 1.638e+01, 1.607e+01, 1.583e+01, 1.545e+01, 1.507e+01, 1.483e+01, 1.485e+01, 1.450e+01, 1.470e+01, 1.485e+01, 1.501e+01, 1.524e+01, 1.524e+01, 1.496e+01, 1.517e+01, 1.504e+01, 1.494e+01, 1.510e+01, 1.504e+01, 1.514e+01, 1.522e+01, 1.514e+01, 1.511e+01, 1.515e+01, 1.510e+01, 1.521e+01, 1.517e+01, 1.513e+01, 1.503e+01, 1.519e+01, 1.526e+01, 1.542e+01, 1.555e+01, 1.561e+01, 1.562e+01, 1.568e+01, 1.573e+01, 1.578e+01, 1.579e+01, 1.586e+01, 1.585e+01, 1.576e+01, 1.575e+01, 1.573e+01, 1.563e+01, 1.559e+01, 1.562e+01, 1.562e+01]
[2024-05-29 04:07:00] PPL: 1.562e+01
