[2024-05-29 03:32:14] Environments:
------------  --------------------------------------------------------------------------------
sys.platform  linux
python        3.12.3 (main, Apr 27 2024, 19:00:21) [GCC 11.4.0]
datasets      2.19.1 @/home/giung/transformerx/.venv/lib/python3.12/site-packages/datasets
jax           0.4.28 @/home/giung/transformerx/.venv/lib/python3.12/site-packages/jax
jaxlib        0.4.28 @/home/giung/transformerx/.venv/lib/python3.12/site-packages/jaxlib
transformers  4.41.1 @/home/giung/transformerx/.venv/lib/python3.12/site-packages/transformers
------------  --------------------------------------------------------------------------------

[2024-05-29 03:32:14] Command line arguments:
- args.model      : microsoft/Phi-3-medium-4k-instruct
- args.data       : wikitext2
- args.seqlen     : 2048
- args.bits       : 6
- args.group_size : 128
- args.save       : save/wikitext2/microsoft/Phi-3-medium-4k-instruct/b6-g128
- args.seed       : 15723785

[2024-05-29 03:32:14] Local devices:
[TpuDevice(id=0, process_index=0, coords=(0,0,0), core_on_chip=0), TpuDevice(id=1, process_index=0, coords=(1,0,0), core_on_chip=0), TpuDevice(id=2, process_index=0, coords=(0,1,0), core_on_chip=0), TpuDevice(id=3, process_index=0, coords=(1,1,0), core_on_chip=0)]

[2024-05-29 03:37:12] nlls=[2.615e+03, 2.237e+03, 2.395e+03, 2.535e+03, 3.065e+03, 3.186e+03, 2.637e+03, 2.156e+03, 3.334e+03, 3.606e+03, 3.947e+03, 3.660e+03, 3.190e+03, 3.572e+03, 3.259e+03, 3.548e+03, 3.686e+03, 3.509e+03, 4.057e+03, 3.404e+03, 3.604e+03, 3.054e+03, 1.871e+03, 2.549e+03, 2.854e+03, 2.708e+03, 2.790e+03, 2.495e+03, 2.650e+03, 3.432e+03, 4.548e+03, 4.228e+03, 3.751e+03, 3.004e+03, 2.254e+03, 2.328e+03, 2.025e+03, 2.508e+03, 2.740e+03, 3.083e+03, 2.884e+03, 2.587e+03, 2.362e+03, 2.709e+03, 2.410e+03, 2.588e+03, 2.913e+03, 3.428e+03, 4.616e+03, 4.740e+03, 4.052e+03, 3.323e+03, 3.127e+03, 3.666e+03, 3.938e+03, 3.950e+03, 2.927e+03, 3.729e+03, 3.240e+03, 2.899e+03, 2.997e+03, 2.992e+03, 2.659e+03, 2.835e+03, 2.623e+03, 2.441e+03, 2.633e+03, 2.980e+03, 3.772e+03, 3.880e+03, 4.072e+03, 4.240e+03, 4.359e+03, 2.828e+03, 3.083e+03, 3.549e+03, 3.108e+03, 3.004e+03, 3.236e+03, 3.187e+03, 2.252e+03, 2.700e+03, 3.764e+03, 4.103e+03, 3.880e+03, 3.203e+03, 3.576e+03, 3.528e+03, 3.624e+03, 3.426e+03, 3.538e+03, 2.805e+03, 3.542e+03, 3.008e+03, 3.112e+03, 2.957e+03, 2.947e+03, 3.282e+03, 3.091e+03, 3.022e+03, 3.698e+03, 3.723e+03, 3.355e+03, 3.947e+03, 4.866e+03, 4.549e+03, 4.397e+03, 4.215e+03, 4.539e+03, 4.309e+03, 3.880e+03, 3.772e+03, 3.533e+03, 3.793e+03, 3.133e+03, 4.208e+03, 4.569e+03, 4.093e+03, 2.893e+03, 2.904e+03, 2.727e+03, 3.753e+03, 3.068e+03, 3.078e+03, 3.060e+03, 2.623e+03, 2.755e+03, 2.531e+03, 2.924e+03, 3.326e+03, 3.559e+03, 3.393e+03, 2.985e+03, 3.288e+03, 3.061e+03, 3.586e+03, 3.507e+03, 3.790e+03, 3.288e+03, 3.169e+03, 3.086e+03, 3.396e+03, 2.792e+03, 3.965e+03, 3.385e+03, 3.599e+03, 3.043e+03, 3.203e+03, 2.975e+03, 3.769e+03, 2.635e+03, 2.191e+03, 2.571e+03, 2.524e+03, 3.086e+03, 3.427e+03, 2.885e+03, 2.073e+03, 3.568e+03, 3.759e+03, 4.294e+03, 3.438e+03, 3.200e+03, 3.756e+03, 3.759e+03, 4.379e+03]
[2024-05-29 03:37:12] ppls=[3.586e+00, 3.269e+00, 3.253e+00, 3.301e+00, 3.506e+00, 3.687e+00, 3.678e+00, 3.565e+00, 3.709e+00, 3.880e+00, 4.087e+00, 4.218e+00, 4.257e+00, 4.347e+00, 4.383e+00, 4.453e+00, 4.534e+00, 4.585e+00, 4.697e+00, 4.724e+00, 4.771e+00, 4.756e+00, 4.624e+00, 4.569e+00, 4.546e+00, 4.513e+00, 4.489e+00, 4.444e+00, 4.413e+00, 4.442e+00, 4.547e+00, 4.626e+00, 4.668e+00, 4.658e+00, 4.600e+00, 4.551e+00, 4.487e+00, 4.454e+00, 4.436e+00, 4.438e+00, 4.429e+00, 4.405e+00, 4.372e+00, 4.357e+00, 4.328e+00, 4.309e+00, 4.306e+00, 4.325e+00, 4.395e+00, 4.469e+00, 4.512e+00, 4.522e+00, 4.523e+00, 4.547e+00, 4.581e+00, 4.614e+00, 4.606e+00, 4.629e+00, 4.633e+00, 4.624e+00, 4.619e+00, 4.614e+00, 4.597e+00, 4.587e+00, 4.570e+00, 4.547e+00, 4.532e+00, 4.528e+00, 4.550e+00, 4.574e+00, 4.605e+00, 4.640e+00, 4.677e+00, 4.667e+00, 4.665e+00, 4.677e+00, 4.675e+00, 4.671e+00, 4.673e+00, 4.674e+00, 4.649e+00, 4.636e+00, 4.653e+00, 4.679e+00, 4.698e+00, 4.699e+00, 4.710e+00, 4.719e+00, 4.731e+00, 4.737e+00, 4.746e+00, 4.736e+00, 4.745e+00, 4.741e+00, 4.739e+00, 4.734e+00, 4.728e+00, 4.730e+00, 4.728e+00, 4.724e+00, 4.736e+00, 4.748e+00, 4.752e+00, 4.769e+00, 4.806e+00, 4.836e+00, 4.862e+00, 4.883e+00, 4.911e+00, 4.934e+00, 4.948e+00, 4.958e+00, 4.964e+00, 4.975e+00, 4.972e+00, 4.991e+00, 5.018e+00, 5.034e+00, 5.025e+00, 5.017e+00, 5.006e+00, 5.015e+00, 5.010e+00, 5.006e+00, 5.001e+00, 4.988e+00, 4.978e+00, 4.963e+00, 4.957e+00, 4.957e+00, 4.963e+00, 4.965e+00, 4.959e+00, 4.959e+00, 4.956e+00, 4.961e+00, 4.965e+00, 4.974e+00, 4.974e+00, 4.972e+00, 4.969e+00, 4.970e+00, 4.962e+00, 4.974e+00, 4.975e+00, 4.981e+00, 4.976e+00, 4.975e+00, 4.970e+00, 4.978e+00, 4.967e+00, 4.950e+00, 4.939e+00, 4.927e+00, 4.924e+00, 4.927e+00, 4.921e+00, 4.903e+00, 4.908e+00, 4.915e+00, 4.931e+00, 4.933e+00, 4.932e+00, 4.939e+00, 4.946e+00, 4.963e+00]
[2024-05-29 03:37:12] PPL: 4.963e+00
