[2024-05-29 04:04:19] Environments:
------------  --------------------------------------------------------------------------------
sys.platform  linux
python        3.12.3 (main, Apr 27 2024, 19:00:21) [GCC 11.4.0]
datasets      2.19.1 @/home/giung/transformerx/.venv/lib/python3.12/site-packages/datasets
jax           0.4.28 @/home/giung/transformerx/.venv/lib/python3.12/site-packages/jax
jaxlib        0.4.28 @/home/giung/transformerx/.venv/lib/python3.12/site-packages/jaxlib
transformers  4.41.1 @/home/giung/transformerx/.venv/lib/python3.12/site-packages/transformers
------------  --------------------------------------------------------------------------------

[2024-05-29 04:04:19] Command line arguments:
- args.model      : microsoft/Phi-3-mini-4k-instruct
- args.data       : wikitext2
- args.seqlen     : 2048
- args.bits       : 3
- args.group_size : 32
- args.save       : save/wikitext2/microsoft/Phi-3-mini-4k-instruct/b3-g32
- args.seed       : 20694035

[2024-05-29 04:04:19] Local devices:
[TpuDevice(id=0, process_index=0, coords=(0,0,0), core_on_chip=0), TpuDevice(id=1, process_index=0, coords=(1,0,0), core_on_chip=0), TpuDevice(id=2, process_index=0, coords=(0,1,0), core_on_chip=0), TpuDevice(id=3, process_index=0, coords=(1,1,0), core_on_chip=0)]

[2024-05-29 04:05:59] nlls=[3.115e+04, 2.868e+04, 3.006e+04, 2.948e+04, 2.845e+04, 3.199e+04, 2.818e+04, 2.693e+04, 2.763e+04, 2.637e+04, 3.012e+04, 3.045e+04, 2.976e+04, 2.903e+04, 2.693e+04, 2.732e+04, 2.959e+04, 2.874e+04, 3.055e+04, 3.001e+04, 2.978e+04, 2.978e+04, 3.167e+04, 2.810e+04, 2.781e+04, 2.988e+04, 2.842e+04, 2.751e+04, 2.912e+04, 2.878e+04, 2.970e+04, 2.898e+04, 2.695e+04, 2.996e+04, 2.834e+04, 2.963e+04, 2.686e+04, 3.059e+04, 2.719e+04, 3.256e+04, 2.647e+04, 2.929e+04, 2.674e+04, 3.086e+04, 2.734e+04, 2.842e+04, 2.875e+04, 3.328e+04, 3.117e+04, 2.933e+04, 3.107e+04, 2.809e+04, 2.667e+04, 3.149e+04, 2.930e+04, 3.018e+04, 2.858e+04, 2.881e+04, 2.717e+04, 2.905e+04, 2.855e+04, 2.695e+04, 2.747e+04, 3.171e+04, 2.785e+04, 3.025e+04, 3.067e+04, 3.033e+04, 3.086e+04, 2.827e+04, 2.836e+04, 2.993e+04, 3.020e+04, 3.106e+04, 3.048e+04, 3.181e+04, 2.968e+04, 2.958e+04, 2.788e+04, 2.603e+04, 2.684e+04, 2.932e+04, 2.895e+04, 2.841e+04, 3.084e+04, 2.779e+04, 2.803e+04, 3.039e+04, 2.854e+04, 2.840e+04, 3.010e+04, 2.922e+04, 2.936e+04, 2.785e+04, 2.980e+04, 2.903e+04, 2.665e+04, 3.066e+04, 2.911e+04, 2.887e+04, 3.154e+04, 2.678e+04, 2.930e+04, 2.806e+04, 2.827e+04, 2.979e+04, 2.930e+04, 3.171e+04, 2.825e+04, 3.047e+04, 2.957e+04, 3.003e+04, 3.046e+04, 2.897e+04, 2.972e+04, 2.860e+04, 2.993e+04, 2.977e+04, 2.916e+04, 2.773e+04, 2.900e+04, 2.827e+04, 2.786e+04, 2.927e+04, 3.072e+04, 2.854e+04, 3.055e+04, 2.793e+04, 2.951e+04, 2.751e+04, 2.992e+04, 2.966e+04, 2.954e+04, 2.745e+04, 2.599e+04, 3.021e+04, 2.638e+04, 2.943e+04, 2.977e+04, 2.817e+04, 3.004e+04, 2.606e+04, 2.894e+04, 2.742e+04, 2.902e+04, 2.864e+04, 2.764e+04, 2.978e+04, 2.583e+04, 3.145e+04, 3.076e+04, 2.876e+04, 3.088e+04, 2.704e+04, 3.008e+04, 3.026e+04, 2.737e+04, 3.038e+04, 2.914e+04, 2.813e+04, 2.992e+04, 2.819e+04, 2.913e+04, 2.913e+04, 3.055e+04, 3.035e+04]
[2024-05-29 04:05:59] ppls=[4.033e+06, 2.208e+06, 2.260e+06, 2.130e+06, 1.859e+06, 2.263e+06, 1.998e+06, 1.686e+06, 1.535e+06, 1.339e+06, 1.414e+06, 1.500e+06, 1.536e+06, 1.529e+06, 1.421e+06, 1.350e+06, 1.376e+06, 1.369e+06, 1.426e+06, 1.461e+06, 1.486e+06, 1.508e+06, 1.592e+06, 1.555e+06, 1.513e+06, 1.534e+06, 1.514e+06, 1.471e+06, 1.472e+06, 1.465e+06, 1.479e+06, 1.477e+06, 1.431e+06, 1.450e+06, 1.436e+06, 1.447e+06, 1.406e+06, 1.435e+06, 1.402e+06, 1.465e+06, 1.420e+06, 1.425e+06, 1.388e+06, 1.418e+06, 1.393e+06, 1.384e+06, 1.381e+06, 1.444e+06, 1.474e+06, 1.478e+06, 1.506e+06, 1.491e+06, 1.458e+06, 1.491e+06, 1.493e+06, 1.507e+06, 1.500e+06, 1.496e+06, 1.472e+06, 1.472e+06, 1.465e+06, 1.441e+06, 1.423e+06, 1.453e+06, 1.440e+06, 1.453e+06, 1.470e+06, 1.483e+06, 1.502e+06, 1.493e+06, 1.485e+06, 1.493e+06, 1.504e+06, 1.524e+06, 1.537e+06, 1.563e+06, 1.568e+06, 1.571e+06, 1.558e+06, 1.528e+06, 1.507e+06, 1.509e+06, 1.507e+06, 1.501e+06, 1.516e+06, 1.504e+06, 1.495e+06, 1.505e+06, 1.501e+06, 1.495e+06, 1.503e+06, 1.503e+06, 1.505e+06, 1.495e+06, 1.500e+06, 1.500e+06, 1.481e+06, 1.493e+06, 1.493e+06, 1.491e+06, 1.509e+06, 1.492e+06, 1.493e+06, 1.486e+06, 1.480e+06, 1.485e+06, 1.486e+06, 1.503e+06, 1.498e+06, 1.507e+06, 1.509e+06, 1.515e+06, 1.524e+06, 1.523e+06, 1.526e+06, 1.523e+06, 1.528e+06, 1.532e+06, 1.532e+06, 1.523e+06, 1.522e+06, 1.516e+06, 1.509e+06, 1.509e+06, 1.519e+06, 1.515e+06, 1.523e+06, 1.516e+06, 1.518e+06, 1.509e+06, 1.513e+06, 1.516e+06, 1.519e+06, 1.509e+06, 1.492e+06, 1.498e+06, 1.483e+06, 1.485e+06, 1.489e+06, 1.484e+06, 1.489e+06, 1.473e+06, 1.472e+06, 1.464e+06, 1.464e+06, 1.462e+06, 1.455e+06, 1.458e+06, 1.443e+06, 1.454e+06, 1.462e+06, 1.461e+06, 1.469e+06, 1.460e+06, 1.464e+06, 1.470e+06, 1.462e+06, 1.468e+06, 1.468e+06, 1.464e+06, 1.468e+06, 1.464e+06, 1.464e+06, 1.464e+06, 1.471e+06, 1.476e+06]
[2024-05-29 04:05:59] PPL: 1.476e+06
