[2024-05-29 03:31:44] Environments:
------------  --------------------------------------------------------------------------------
sys.platform  linux
python        3.12.3 (main, Apr 27 2024, 19:00:21) [GCC 11.4.0]
datasets      2.19.1 @/home/giung/transformerx/.venv/lib/python3.12/site-packages/datasets
jax           0.4.28 @/home/giung/transformerx/.venv/lib/python3.12/site-packages/jax
jaxlib        0.4.28 @/home/giung/transformerx/.venv/lib/python3.12/site-packages/jaxlib
transformers  4.41.1 @/home/giung/transformerx/.venv/lib/python3.12/site-packages/transformers
------------  --------------------------------------------------------------------------------

[2024-05-29 03:31:44] Command line arguments:
- args.model      : microsoft/Phi-3-medium-4k-instruct
- args.data       : wikitext2
- args.seqlen     : 2048
- args.bits       : 7
- args.group_size : 32
- args.save       : save/wikitext2/microsoft/Phi-3-medium-4k-instruct/b7-g32
- args.seed       : 45525277

[2024-05-29 03:31:44] Local devices:
[TpuDevice(id=0, process_index=0, coords=(0,0,0), core_on_chip=0), TpuDevice(id=1, process_index=0, coords=(1,0,0), core_on_chip=0), TpuDevice(id=2, process_index=0, coords=(0,1,0), core_on_chip=0), TpuDevice(id=3, process_index=0, coords=(1,1,0), core_on_chip=0)]

[2024-05-29 03:36:25] nlls=[2.382e+03, 1.453e+03, 1.636e+03, 1.924e+03, 2.973e+03, 2.987e+03, 2.469e+03, 1.963e+03, 3.028e+03, 3.420e+03, 3.748e+03, 3.554e+03, 3.067e+03, 3.436e+03, 3.007e+03, 3.182e+03, 3.319e+03, 3.164e+03, 3.720e+03, 2.822e+03, 3.233e+03, 2.902e+03, 1.381e+03, 1.924e+03, 2.256e+03, 1.948e+03, 2.027e+03, 1.701e+03, 1.740e+03, 3.152e+03, 4.404e+03, 4.123e+03, 3.539e+03, 2.675e+03, 1.763e+03, 1.868e+03, 1.455e+03, 1.805e+03, 2.426e+03, 2.623e+03, 2.506e+03, 2.475e+03, 2.261e+03, 2.613e+03, 2.279e+03, 2.487e+03, 2.817e+03, 3.266e+03, 4.507e+03, 4.650e+03, 3.734e+03, 2.910e+03, 2.629e+03, 3.540e+03, 3.793e+03, 3.851e+03, 2.833e+03, 3.581e+03, 3.077e+03, 2.775e+03, 2.896e+03, 2.888e+03, 2.570e+03, 2.756e+03, 2.526e+03, 2.335e+03, 2.474e+03, 2.848e+03, 3.641e+03, 3.701e+03, 3.929e+03, 4.155e+03, 4.208e+03, 2.712e+03, 2.987e+03, 3.464e+03, 2.997e+03, 2.960e+03, 3.135e+03, 3.104e+03, 2.172e+03, 2.232e+03, 3.673e+03, 3.983e+03, 3.782e+03, 3.062e+03, 3.535e+03, 3.412e+03, 3.483e+03, 3.305e+03, 3.436e+03, 2.345e+03, 2.890e+03, 2.788e+03, 2.782e+03, 2.601e+03, 2.653e+03, 3.174e+03, 2.991e+03, 2.915e+03, 3.571e+03, 3.588e+03, 3.141e+03, 3.812e+03, 4.699e+03, 4.449e+03, 4.243e+03, 4.073e+03, 4.482e+03, 4.222e+03, 3.767e+03, 3.695e+03, 3.460e+03, 3.682e+03, 2.956e+03, 3.962e+03, 4.366e+03, 3.823e+03, 2.511e+03, 2.143e+03, 2.050e+03, 3.479e+03, 2.662e+03, 2.778e+03, 2.524e+03, 2.251e+03, 2.372e+03, 1.984e+03, 2.676e+03, 3.150e+03, 3.409e+03, 3.021e+03, 2.635e+03, 2.510e+03, 2.916e+03, 3.479e+03, 3.373e+03, 3.652e+03, 3.186e+03, 3.121e+03, 2.977e+03, 3.278e+03, 2.616e+03, 3.830e+03, 3.271e+03, 3.462e+03, 2.903e+03, 3.038e+03, 2.884e+03, 3.652e+03, 2.270e+03, 1.490e+03, 1.931e+03, 1.782e+03, 2.679e+03, 3.287e+03, 2.779e+03, 1.978e+03, 3.413e+03, 3.647e+03, 4.154e+03, 3.308e+03, 2.882e+03, 3.410e+03, 3.611e+03, 4.233e+03]
[2024-05-29 03:36:25] ppls=[3.199e+00, 2.550e+00, 2.436e+00, 2.466e+00, 2.753e+00, 2.965e+00, 3.015e+00, 2.961e+00, 3.093e+00, 3.265e+00, 3.463e+00, 3.608e+00, 3.668e+00, 3.769e+00, 3.804e+00, 3.856e+00, 3.918e+00, 3.958e+00, 4.050e+00, 4.046e+00, 4.081e+00, 4.083e+00, 3.955e+00, 3.884e+00, 3.845e+00, 3.787e+00, 3.739e+00, 3.674e+00, 3.618e+00, 3.648e+00, 3.750e+00, 3.832e+00, 3.877e+00, 3.872e+00, 3.818e+00, 3.772e+00, 3.710e+00, 3.668e+00, 3.658e+00, 3.656e+00, 3.650e+00, 3.642e+00, 3.626e+00, 3.625e+00, 3.611e+00, 3.606e+00, 3.613e+00, 3.636e+00, 3.704e+00, 3.776e+00, 3.813e+00, 3.819e+00, 3.815e+00, 3.843e+00, 3.878e+00, 3.915e+00, 3.916e+00, 3.942e+00, 3.951e+00, 3.949e+00, 3.952e+00, 3.954e+00, 3.947e+00, 3.945e+00, 3.937e+00, 3.923e+00, 3.914e+00, 3.915e+00, 3.939e+00, 3.963e+00, 3.994e+00, 4.030e+00, 4.066e+00, 4.062e+00, 4.065e+00, 4.080e+00, 4.084e+00, 4.086e+00, 4.092e+00, 4.097e+00, 4.080e+00, 4.064e+00, 4.083e+00, 4.109e+00, 4.130e+00, 4.134e+00, 4.149e+00, 4.160e+00, 4.173e+00, 4.182e+00, 4.193e+00, 4.180e+00, 4.179e+00, 4.176e+00, 4.173e+00, 4.166e+00, 4.160e+00, 4.166e+00, 4.167e+00, 4.167e+00, 4.180e+00, 4.193e+00, 4.197e+00, 4.215e+00, 4.249e+00, 4.278e+00, 4.303e+00, 4.324e+00, 4.353e+00, 4.376e+00, 4.391e+00, 4.404e+00, 4.412e+00, 4.424e+00, 4.422e+00, 4.439e+00, 4.464e+00, 4.478e+00, 4.467e+00, 4.451e+00, 4.433e+00, 4.440e+00, 4.433e+00, 4.429e+00, 4.420e+00, 4.406e+00, 4.395e+00, 4.377e+00, 4.371e+00, 4.374e+00, 4.380e+00, 4.380e+00, 4.374e+00, 4.365e+00, 4.364e+00, 4.371e+00, 4.377e+00, 4.386e+00, 4.389e+00, 4.390e+00, 4.389e+00, 4.393e+00, 4.387e+00, 4.399e+00, 4.402e+00, 4.409e+00, 4.407e+00, 4.407e+00, 4.404e+00, 4.413e+00, 4.402e+00, 4.380e+00, 4.365e+00, 4.348e+00, 4.344e+00, 4.347e+00, 4.344e+00, 4.330e+00, 4.336e+00, 4.344e+00, 4.360e+00, 4.363e+00, 4.362e+00, 4.367e+00, 4.374e+00, 4.390e+00]
[2024-05-29 03:36:25] PPL: 4.390e+00
