[2024-05-29 04:10:19] Environments:
------------  --------------------------------------------------------------------------------
sys.platform  linux
python        3.12.3 (main, Apr 27 2024, 19:00:21) [GCC 11.4.0]
datasets      2.19.1 @/home/giung/transformerx/.venv/lib/python3.12/site-packages/datasets
jax           0.4.28 @/home/giung/transformerx/.venv/lib/python3.12/site-packages/jax
jaxlib        0.4.28 @/home/giung/transformerx/.venv/lib/python3.12/site-packages/jaxlib
transformers  4.41.1 @/home/giung/transformerx/.venv/lib/python3.12/site-packages/transformers
------------  --------------------------------------------------------------------------------

[2024-05-29 04:10:19] Command line arguments:
- args.model      : microsoft/Phi-3-mini-4k-instruct
- args.data       : ptb
- args.seqlen     : 2048
- args.bits       : 7
- args.group_size : 128
- args.save       : save/ptb/microsoft/Phi-3-mini-4k-instruct/b7-g128
- args.seed       : 20864831

[2024-05-29 04:10:19] Local devices:
[TpuDevice(id=0, process_index=0, coords=(0,0,0), core_on_chip=0), TpuDevice(id=1, process_index=0, coords=(1,0,0), core_on_chip=0), TpuDevice(id=2, process_index=0, coords=(0,1,0), core_on_chip=0), TpuDevice(id=3, process_index=0, coords=(1,1,0), core_on_chip=0)]

[2024-05-29 04:11:50] nlls=[5.531e+03, 5.220e+03, 5.365e+03, 5.444e+03, 5.542e+03, 5.068e+03, 5.230e+03, 4.954e+03, 4.922e+03, 4.918e+03, 5.282e+03, 4.607e+03, 5.589e+03, 5.497e+03, 5.488e+03, 5.734e+03, 5.212e+03, 4.646e+03, 5.774e+03, 4.936e+03, 5.041e+03, 5.741e+03, 5.117e+03, 5.601e+03, 5.660e+03, 4.993e+03, 5.163e+03, 5.457e+03, 5.111e+03, 5.708e+03, 5.068e+03, 5.139e+03, 4.779e+03, 6.021e+03, 5.558e+03, 6.024e+03, 6.016e+03, 5.547e+03, 5.344e+03, 5.713e+03, 5.555e+03, 5.565e+03, 5.327e+03, 5.801e+03, 5.308e+03, 4.884e+03, 5.208e+03, 5.206e+03, 4.808e+03, 5.116e+03, 5.561e+03, 5.345e+03]
[2024-05-29 04:11:50] ppls=[1.489e+01, 1.380e+01, 1.378e+01, 1.390e+01, 1.411e+01, 1.371e+01, 1.358e+01, 1.326e+01, 1.300e+01, 1.279e+01, 1.282e+01, 1.251e+01, 1.270e+01, 1.283e+01, 1.294e+01, 1.314e+01, 1.311e+01, 1.289e+01, 1.307e+01, 1.297e+01, 1.291e+01, 1.305e+01, 1.301e+01, 1.310e+01, 1.320e+01, 1.313e+01, 1.311e+01, 1.315e+01, 1.311e+01, 1.321e+01, 1.316e+01, 1.313e+01, 1.304e+01, 1.318e+01, 1.323e+01, 1.336e+01, 1.349e+01, 1.353e+01, 1.353e+01, 1.359e+01, 1.362e+01, 1.366e+01, 1.366e+01, 1.372e+01, 1.371e+01, 1.365e+01, 1.362e+01, 1.361e+01, 1.353e+01, 1.350e+01, 1.353e+01, 1.353e+01]
[2024-05-29 04:11:50] PPL: 1.353e+01
