[2024-05-29 04:00:36] Environments:
------------  --------------------------------------------------------------------------------
sys.platform  linux
python        3.12.3 (main, Apr 27 2024, 19:00:21) [GCC 11.4.0]
datasets      2.19.1 @/home/giung/transformerx/.venv/lib/python3.12/site-packages/datasets
jax           0.4.28 @/home/giung/transformerx/.venv/lib/python3.12/site-packages/jax
jaxlib        0.4.28 @/home/giung/transformerx/.venv/lib/python3.12/site-packages/jaxlib
transformers  4.41.1 @/home/giung/transformerx/.venv/lib/python3.12/site-packages/transformers
------------  --------------------------------------------------------------------------------

[2024-05-29 04:00:36] Command line arguments:
- args.model      : microsoft/Phi-3-mini-4k-instruct
- args.data       : wikitext2
- args.seqlen     : 2048
- args.bits       : 3
- args.group_size : 1
- args.save       : save/wikitext2/microsoft/Phi-3-mini-4k-instruct/b3-g1
- args.seed       : 38181012

[2024-05-29 04:00:36] Local devices:
[TpuDevice(id=0, process_index=0, coords=(0,0,0), core_on_chip=0), TpuDevice(id=1, process_index=0, coords=(1,0,0), core_on_chip=0), TpuDevice(id=2, process_index=0, coords=(0,1,0), core_on_chip=0), TpuDevice(id=3, process_index=0, coords=(1,1,0), core_on_chip=0)]

[2024-05-29 04:02:29] nlls=[2.491e+04, 2.650e+04, 2.589e+04, 2.547e+04, 2.737e+04, 2.501e+04, 2.420e+04, 2.271e+04, 2.347e+04, 2.444e+04, 2.641e+04, 2.625e+04, 2.498e+04, 2.404e+04, 2.641e+04, 2.639e+04, 2.610e+04, 2.643e+04, 2.582e+04, 2.626e+04, 2.522e+04, 2.428e+04, 2.485e+04, 2.666e+04, 2.612e+04, 2.528e+04, 2.576e+04, 2.591e+04, 2.713e+04, 2.693e+04, 2.547e+04, 2.670e+04, 2.646e+04, 2.728e+04, 2.719e+04, 2.460e+04, 2.911e+04, 2.835e+04, 2.671e+04, 2.550e+04, 2.561e+04, 2.565e+04, 2.487e+04, 2.379e+04, 2.585e+04, 2.511e+04, 2.443e+04, 2.483e+04, 2.675e+04, 2.578e+04, 2.609e+04, 2.581e+04, 2.630e+04, 2.691e+04, 2.441e+04, 2.629e+04, 2.558e+04, 2.694e+04, 2.738e+04, 2.618e+04, 2.554e+04, 2.491e+04, 2.604e+04, 2.661e+04, 2.585e+04, 2.578e+04, 2.534e+04, 2.623e+04, 2.703e+04, 2.576e+04, 2.672e+04, 2.635e+04, 2.661e+04, 2.586e+04, 2.675e+04, 2.473e+04, 2.666e+04, 2.523e+04, 2.639e+04, 2.488e+04, 2.057e+04, 2.476e+04, 2.699e+04, 2.700e+04, 2.629e+04, 2.509e+04, 2.322e+04, 2.445e+04, 2.728e+04, 2.655e+04, 2.647e+04, 2.724e+04, 2.752e+04, 2.717e+04, 2.675e+04, 2.607e+04, 2.588e+04, 2.673e+04, 2.552e+04, 2.649e+04, 2.542e+04, 2.544e+04, 2.524e+04, 2.763e+04, 2.750e+04, 2.748e+04, 2.631e+04, 2.569e+04, 2.616e+04, 2.619e+04, 2.747e+04, 2.670e+04, 2.562e+04, 2.630e+04, 2.557e+04, 2.684e+04, 2.419e+04, 2.477e+04, 2.556e+04, 2.450e+04, 2.453e+04, 2.680e+04, 2.532e+04, 2.650e+04, 2.653e+04, 2.569e+04, 2.373e+04, 2.783e+04, 2.534e+04, 2.432e+04, 2.549e+04, 2.688e+04, 2.646e+04, 2.644e+04, 2.609e+04, 2.527e+04, 2.509e+04, 2.658e+04, 2.664e+04, 2.665e+04, 2.523e+04, 2.417e+04, 2.585e+04, 2.663e+04, 2.553e+04, 2.501e+04, 2.603e+04, 2.667e+04, 2.410e+04, 2.524e+04, 2.561e+04, 2.507e+04, 2.537e+04, 2.575e+04, 2.500e+04, 2.565e+04, 2.461e+04, 2.368e+04, 2.578e+04, 2.533e+04, 2.548e+04, 2.471e+04, 2.495e+04, 2.564e+04, 2.582e+04, 2.562e+04]
[2024-05-29 04:02:29] ppls=[1.917e+05, 2.822e+05, 2.911e+05, 2.808e+05, 3.309e+05, 3.047e+05, 2.713e+05, 2.272e+05, 2.062e+05, 2.000e+05, 2.129e+05, 2.229e+05, 2.209e+05, 2.121e+05, 2.212e+05, 2.294e+05, 2.349e+05, 2.420e+05, 2.447e+05, 2.498e+05, 2.484e+05, 2.421e+05, 2.394e+05, 2.458e+05, 2.491e+05, 2.484e+05, 2.498e+05, 2.518e+05, 2.589e+05, 2.649e+05, 2.644e+05, 2.690e+05, 2.725e+05, 2.790e+05, 2.849e+05, 2.806e+05, 2.936e+05, 3.034e+05, 3.067e+05, 3.053e+05, 3.044e+05, 3.037e+05, 3.003e+05, 2.936e+05, 2.938e+05, 2.917e+05, 2.876e+05, 2.850e+05, 2.879e+05, 2.880e+05, 2.889e+05, 2.891e+05, 2.906e+05, 2.936e+05, 2.900e+05, 2.914e+05, 2.909e+05, 2.938e+05, 2.977e+05, 2.986e+05, 2.980e+05, 2.959e+05, 2.964e+05, 2.982e+05, 2.983e+05, 2.982e+05, 2.972e+05, 2.981e+05, 3.007e+05, 3.005e+05, 3.024e+05, 3.034e+05, 3.049e+05, 3.049e+05, 3.067e+05, 3.045e+05, 3.060e+05, 3.048e+05, 3.058e+05, 3.039e+05, 2.944e+05, 2.926e+05, 2.947e+05, 2.968e+05, 2.976e+05, 2.964e+05, 2.921e+05, 2.900e+05, 2.924e+05, 2.936e+05, 2.947e+05, 2.970e+05, 2.997e+05, 3.018e+05, 3.032e+05, 3.035e+05, 3.036e+05, 3.049e+05, 3.044e+05, 3.053e+05, 3.047e+05, 3.041e+05, 3.032e+05, 3.057e+05, 3.080e+05, 3.103e+05, 3.109e+05, 3.106e+05, 3.110e+05, 3.113e+05, 3.135e+05, 3.146e+05, 3.142e+05, 3.147e+05, 3.142e+05, 3.154e+05, 3.131e+05, 3.116e+05, 3.112e+05, 3.094e+05, 3.077e+05, 3.089e+05, 3.082e+05, 3.089e+05, 3.097e+05, 3.094e+05, 3.069e+05, 3.092e+05, 3.085e+05, 3.067e+05, 3.063e+05, 3.074e+05, 3.081e+05, 3.087e+05, 3.090e+05, 3.083e+05, 3.074e+05, 3.082e+05, 3.090e+05, 3.098e+05, 3.091e+05, 3.073e+05, 3.072e+05, 3.080e+05, 3.077e+05, 3.068e+05, 3.069e+05, 3.077e+05, 3.059e+05, 3.053e+05, 3.051e+05, 3.043e+05, 3.038e+05, 3.037e+05, 3.029e+05, 3.027e+05, 3.016e+05, 2.995e+05, 2.995e+05, 2.991e+05, 2.987e+05, 2.978e+05, 2.970e+05, 2.968e+05, 2.968e+05, 2.967e+05]
[2024-05-29 04:02:29] PPL: 2.967e+05
