[2024-05-29 03:55:22] Environments:
------------  --------------------------------------------------------------------------------
sys.platform  linux
python        3.12.3 (main, Apr 27 2024, 19:00:21) [GCC 11.4.0]
datasets      2.19.1 @/home/giung/transformerx/.venv/lib/python3.12/site-packages/datasets
jax           0.4.28 @/home/giung/transformerx/.venv/lib/python3.12/site-packages/jax
jaxlib        0.4.28 @/home/giung/transformerx/.venv/lib/python3.12/site-packages/jaxlib
transformers  4.41.1 @/home/giung/transformerx/.venv/lib/python3.12/site-packages/transformers
------------  --------------------------------------------------------------------------------

[2024-05-29 03:55:22] Command line arguments:
- args.model      : microsoft/Phi-3-mini-4k-instruct
- args.data       : wikitext2
- args.seqlen     : 2048
- args.bits       : 5
- args.group_size : 1
- args.save       : save/wikitext2/microsoft/Phi-3-mini-4k-instruct/b5-g1
- args.seed       : 23267434

[2024-05-29 03:55:22] Local devices:
[TpuDevice(id=0, process_index=0, coords=(0,0,0), core_on_chip=0), TpuDevice(id=1, process_index=0, coords=(1,0,0), core_on_chip=0), TpuDevice(id=2, process_index=0, coords=(0,1,0), core_on_chip=0), TpuDevice(id=3, process_index=0, coords=(1,1,0), core_on_chip=0)]

[2024-05-29 03:57:16] nlls=[3.237e+03, 3.959e+03, 4.559e+03, 4.130e+03, 3.510e+03, 3.800e+03, 3.385e+03, 3.116e+03, 3.911e+03, 4.047e+03, 4.995e+03, 4.033e+03, 3.661e+03, 4.018e+03, 4.110e+03, 4.410e+03, 4.688e+03, 4.415e+03, 5.837e+03, 4.299e+03, 4.326e+03, 3.625e+03, 3.201e+03, 4.059e+03, 4.130e+03, 4.072e+03, 4.139e+03, 3.985e+03, 4.222e+03, 4.129e+03, 5.039e+03, 4.781e+03, 4.295e+03, 3.606e+03, 3.135e+03, 3.018e+03, 2.778e+03, 3.403e+03, 3.401e+03, 4.155e+03, 3.764e+03, 3.137e+03, 2.730e+03, 3.226e+03, 2.911e+03, 3.038e+03, 3.424e+03, 4.129e+03, 5.062e+03, 5.150e+03, 4.629e+03, 4.427e+03, 4.258e+03, 4.079e+03, 4.569e+03, 4.558e+03, 3.502e+03, 4.270e+03, 3.657e+03, 3.377e+03, 3.410e+03, 3.332e+03, 3.033e+03, 3.263e+03, 3.047e+03, 2.801e+03, 3.098e+03, 3.653e+03, 4.054e+03, 4.581e+03, 4.694e+03, 4.604e+03, 4.723e+03, 3.260e+03, 3.491e+03, 4.197e+03, 3.647e+03, 3.574e+03, 3.769e+03, 3.766e+03, 2.770e+03, 3.496e+03, 4.271e+03, 4.836e+03, 4.388e+03, 3.609e+03, 4.134e+03, 3.950e+03, 4.133e+03, 4.221e+03, 3.975e+03, 3.987e+03, 4.493e+03, 3.585e+03, 3.755e+03, 3.760e+03, 3.689e+03, 3.691e+03, 3.607e+03, 3.666e+03, 4.175e+03, 4.254e+03, 4.002e+03, 4.635e+03, 5.421e+03, 5.177e+03, 4.888e+03, 4.703e+03, 5.129e+03, 4.883e+03, 4.327e+03, 4.280e+03, 3.952e+03, 4.302e+03, 3.564e+03, 4.065e+03, 4.391e+03, 4.263e+03, 3.891e+03, 4.030e+03, 3.911e+03, 4.135e+03, 3.975e+03, 3.573e+03, 3.694e+03, 3.202e+03, 3.339e+03, 3.399e+03, 3.437e+03, 3.682e+03, 4.149e+03, 5.020e+03, 4.413e+03, 4.754e+03, 3.516e+03, 4.014e+03, 4.138e+03, 4.332e+03, 3.716e+03, 3.654e+03, 3.605e+03, 3.868e+03, 3.299e+03, 4.511e+03, 3.807e+03, 4.093e+03, 3.557e+03, 3.748e+03, 3.282e+03, 4.297e+03, 3.554e+03, 3.668e+03, 3.752e+03, 4.151e+03, 4.089e+03, 3.929e+03, 3.479e+03, 2.344e+03, 4.262e+03, 4.287e+03, 5.115e+03, 4.469e+03, 3.860e+03, 4.156e+03, 4.323e+03, 5.354e+03]
[2024-05-29 03:57:16] ppls=[4.857e+00, 5.793e+00, 6.774e+00, 6.951e+00, 6.645e+00, 6.603e+00, 6.385e+00, 6.125e+00, 6.192e+00, 6.287e+00, 6.640e+00, 6.682e+00, 6.625e+00, 6.659e+00, 6.708e+00, 6.814e+00, 6.964e+00, 7.047e+00, 7.388e+00, 7.425e+00, 7.463e+00, 7.382e+00, 7.244e+00, 7.244e+00, 7.255e+00, 7.256e+00, 7.267e+00, 7.257e+00, 7.277e+00, 7.285e+00, 7.397e+00, 7.475e+00, 7.494e+00, 7.438e+00, 7.338e+00, 7.233e+00, 7.112e+00, 7.056e+00, 7.003e+00, 7.018e+00, 6.999e+00, 6.930e+00, 6.834e+00, 6.780e+00, 6.706e+00, 6.646e+00, 6.614e+00, 6.632e+00, 6.711e+00, 6.793e+00, 6.839e+00, 6.871e+00, 6.890e+00, 6.898e+00, 6.936e+00, 6.972e+00, 6.943e+00, 6.961e+00, 6.943e+00, 6.909e+00, 6.879e+00, 6.846e+00, 6.798e+00, 6.764e+00, 6.720e+00, 6.665e+00, 6.627e+00, 6.617e+00, 6.625e+00, 6.658e+00, 6.695e+00, 6.728e+00, 6.765e+00, 6.735e+00, 6.717e+00, 6.730e+00, 6.719e+00, 6.705e+00, 6.700e+00, 6.695e+00, 6.649e+00, 6.634e+00, 6.650e+00, 6.687e+00, 6.706e+00, 6.695e+00, 6.704e+00, 6.706e+00, 6.715e+00, 6.726e+00, 6.729e+00, 6.732e+00, 6.753e+00, 6.741e+00, 6.736e+00, 6.731e+00, 6.724e+00, 6.716e+00, 6.707e+00, 6.699e+00, 6.708e+00, 6.720e+00, 6.723e+00, 6.746e+00, 6.794e+00, 6.833e+00, 6.863e+00, 6.886e+00, 6.923e+00, 6.951e+00, 6.962e+00, 6.971e+00, 6.971e+00, 6.980e+00, 6.968e+00, 6.971e+00, 6.983e+00, 6.991e+00, 6.988e+00, 6.990e+00, 6.988e+00, 6.992e+00, 6.992e+00, 6.980e+00, 6.973e+00, 6.952e+00, 6.935e+00, 6.920e+00, 6.906e+00, 6.899e+00, 6.904e+00, 6.931e+00, 6.942e+00, 6.962e+00, 6.951e+00, 6.952e+00, 6.956e+00, 6.965e+00, 6.959e+00, 6.951e+00, 6.942e+00, 6.940e+00, 6.924e+00, 6.937e+00, 6.933e+00, 6.936e+00, 6.927e+00, 6.922e+00, 6.906e+00, 6.914e+00, 6.905e+00, 6.898e+00, 6.894e+00, 6.898e+00, 6.901e+00, 6.901e+00, 6.890e+00, 6.856e+00, 6.863e+00, 6.870e+00, 6.894e+00, 6.905e+00, 6.903e+00, 6.907e+00, 6.915e+00, 6.943e+00]
[2024-05-29 03:57:16] PPL: 6.943e+00
