[2024-05-29 01:52:02] Environments:
------------  --------------------------------------------------------------------------------
sys.platform  linux
python        3.12.3 (main, Apr 27 2024, 19:00:21) [GCC 11.4.0]
datasets      2.19.1 @/home/giung/transformerx/.venv/lib/python3.12/site-packages/datasets
jax           0.4.28 @/home/giung/transformerx/.venv/lib/python3.12/site-packages/jax
jaxlib        0.4.28 @/home/giung/transformerx/.venv/lib/python3.12/site-packages/jaxlib
transformers  4.41.1 @/home/giung/transformerx/.venv/lib/python3.12/site-packages/transformers
------------  --------------------------------------------------------------------------------

[2024-05-29 01:52:02] Command line arguments:
- args.model      : microsoft/Phi-3-medium-4k-instruct
- args.data       : wikitext2
- args.seqlen     : 2048
- args.bits       : 0
- args.group_size : 128
- args.save       : save/wikitext2/microsoft/Phi-3-medium-4k-instruct/b0
- args.seed       : 2677359

[2024-05-29 01:52:02] Local devices:
[TpuDevice(id=0, process_index=0, coords=(0,0,0), core_on_chip=0), TpuDevice(id=1, process_index=0, coords=(1,0,0), core_on_chip=0), TpuDevice(id=2, process_index=0, coords=(0,1,0), core_on_chip=0), TpuDevice(id=3, process_index=0, coords=(1,1,0), core_on_chip=0)]

[2024-05-29 02:02:52] nlls=[2.338e+03, 1.368e+03, 1.533e+03, 1.843e+03, 2.962e+03, 2.951e+03, 2.429e+03, 1.905e+03, 2.978e+03, 3.401e+03, 3.726e+03, 3.537e+03, 3.064e+03, 3.399e+03, 2.933e+03, 3.096e+03, 3.282e+03, 3.120e+03, 3.683e+03, 2.749e+03, 3.190e+03, 2.888e+03, 1.295e+03, 1.807e+03, 2.168e+03, 1.842e+03, 1.935e+03, 1.577e+03, 1.612e+03, 3.103e+03, 4.399e+03, 4.120e+03, 3.514e+03, 2.625e+03, 1.679e+03, 1.781e+03, 1.415e+03, 1.687e+03, 2.344e+03, 2.559e+03, 2.448e+03, 2.469e+03, 2.246e+03, 2.592e+03, 2.262e+03, 2.461e+03, 2.792e+03, 3.238e+03, 4.476e+03, 4.615e+03, 3.701e+03, 2.877e+03, 2.564e+03, 3.525e+03, 3.769e+03, 3.825e+03, 2.818e+03, 3.568e+03, 3.073e+03, 2.746e+03, 2.869e+03, 2.867e+03, 2.546e+03, 2.743e+03, 2.494e+03, 2.327e+03, 2.456e+03, 2.833e+03, 3.615e+03, 3.673e+03, 3.917e+03, 4.140e+03, 4.194e+03, 2.695e+03, 2.968e+03, 3.438e+03, 2.972e+03, 2.936e+03, 3.110e+03, 3.078e+03, 2.160e+03, 2.113e+03, 3.664e+03, 3.967e+03, 3.761e+03, 3.047e+03, 3.509e+03, 3.387e+03, 3.464e+03, 3.299e+03, 3.416e+03, 2.268e+03, 2.796e+03, 2.757e+03, 2.738e+03, 2.532e+03, 2.604e+03, 3.161e+03, 2.985e+03, 2.888e+03, 3.562e+03, 3.562e+03, 3.116e+03, 3.792e+03, 4.671e+03, 4.435e+03, 4.217e+03, 4.048e+03, 4.465e+03, 4.201e+03, 3.746e+03, 3.672e+03, 3.444e+03, 3.658e+03, 2.952e+03, 3.980e+03, 4.348e+03, 3.788e+03, 2.463e+03, 2.070e+03, 1.909e+03, 3.451e+03, 2.597e+03, 2.692e+03, 2.438e+03, 2.196e+03, 2.324e+03, 1.914e+03, 2.626e+03, 3.144e+03, 3.384e+03, 2.944e+03, 2.504e+03, 2.379e+03, 2.901e+03, 3.467e+03, 3.342e+03, 3.629e+03, 3.163e+03, 3.100e+03, 2.944e+03, 3.266e+03, 2.577e+03, 3.821e+03, 3.262e+03, 3.445e+03, 2.894e+03, 3.025e+03, 2.877e+03, 3.645e+03, 2.260e+03, 1.398e+03, 1.829e+03, 1.669e+03, 2.573e+03, 3.244e+03, 2.763e+03, 1.961e+03, 3.371e+03, 3.615e+03, 4.064e+03, 3.279e+03, 2.852e+03, 3.405e+03, 3.578e+03, 4.209e+03]
[2024-05-29 02:02:52] ppls=[3.132e+00, 2.471e+00, 2.346e+00, 2.374e+00, 2.667e+00, 2.879e+00, 2.933e+00, 2.880e+00, 3.009e+00, 3.182e+00, 3.380e+00, 3.526e+00, 3.591e+00, 3.690e+00, 3.721e+00, 3.767e+00, 3.829e+00, 3.868e+00, 3.960e+00, 3.953e+00, 3.988e+00, 3.992e+00, 3.864e+00, 3.789e+00, 3.748e+00, 3.688e+00, 3.639e+00, 3.571e+00, 3.512e+00, 3.543e+00, 3.645e+00, 3.728e+00, 3.773e+00, 3.768e+00, 3.714e+00, 3.668e+00, 3.609e+00, 3.565e+00, 3.554e+00, 3.552e+00, 3.546e+00, 3.541e+00, 3.527e+00, 3.527e+00, 3.515e+00, 3.511e+00, 3.519e+00, 3.543e+00, 3.610e+00, 3.681e+00, 3.717e+00, 3.724e+00, 3.719e+00, 3.747e+00, 3.783e+00, 3.819e+00, 3.822e+00, 3.848e+00, 3.858e+00, 3.858e+00, 3.861e+00, 3.864e+00, 3.857e+00, 3.857e+00, 3.849e+00, 3.837e+00, 3.828e+00, 3.830e+00, 3.854e+00, 3.879e+00, 3.909e+00, 3.945e+00, 3.982e+00, 3.978e+00, 3.982e+00, 3.997e+00, 4.001e+00, 4.003e+00, 4.010e+00, 4.016e+00, 3.999e+00, 3.982e+00, 4.001e+00, 4.028e+00, 4.049e+00, 4.053e+00, 4.068e+00, 4.079e+00, 4.092e+00, 4.101e+00, 4.113e+00, 4.099e+00, 4.097e+00, 4.094e+00, 4.091e+00, 4.084e+00, 4.078e+00, 4.084e+00, 4.086e+00, 4.086e+00, 4.100e+00, 4.113e+00, 4.117e+00, 4.134e+00, 4.169e+00, 4.198e+00, 4.222e+00, 4.243e+00, 4.272e+00, 4.295e+00, 4.310e+00, 4.322e+00, 4.331e+00, 4.343e+00, 4.342e+00, 4.360e+00, 4.384e+00, 4.398e+00, 4.388e+00, 4.371e+00, 4.351e+00, 4.359e+00, 4.351e+00, 4.346e+00, 4.336e+00, 4.323e+00, 4.312e+00, 4.294e+00, 4.288e+00, 4.291e+00, 4.297e+00, 4.296e+00, 4.289e+00, 4.279e+00, 4.278e+00, 4.286e+00, 4.291e+00, 4.301e+00, 4.304e+00, 4.305e+00, 4.305e+00, 4.309e+00, 4.303e+00, 4.315e+00, 4.319e+00, 4.325e+00, 4.324e+00, 4.324e+00, 4.322e+00, 4.332e+00, 4.321e+00, 4.299e+00, 4.283e+00, 4.265e+00, 4.260e+00, 4.264e+00, 4.261e+00, 4.248e+00, 4.253e+00, 4.262e+00, 4.276e+00, 4.280e+00, 4.278e+00, 4.283e+00, 4.291e+00, 4.307e+00]
[2024-05-29 02:02:52] PPL: 4.307e+00
