[2024-05-29 03:18:24] Environments:
------------  --------------------------------------------------------------------------------
sys.platform  linux
python        3.12.3 (main, Apr 27 2024, 19:00:21) [GCC 11.4.0]
datasets      2.19.1 @/home/giung/transformerx/.venv/lib/python3.12/site-packages/datasets
jax           0.4.28 @/home/giung/transformerx/.venv/lib/python3.12/site-packages/jax
jaxlib        0.4.28 @/home/giung/transformerx/.venv/lib/python3.12/site-packages/jaxlib
transformers  4.41.1 @/home/giung/transformerx/.venv/lib/python3.12/site-packages/transformers
------------  --------------------------------------------------------------------------------

[2024-05-29 03:18:24] Command line arguments:
- args.model      : microsoft/Phi-3-medium-4k-instruct
- args.data       : wikitext2
- args.seqlen     : 2048
- args.bits       : 3
- args.group_size : 1
- args.save       : save/wikitext2/microsoft/Phi-3-medium-4k-instruct/b3-g1
- args.seed       : 25394409

[2024-05-29 03:18:24] Local devices:
[TpuDevice(id=0, process_index=0, coords=(0,0,0), core_on_chip=0), TpuDevice(id=1, process_index=0, coords=(1,0,0), core_on_chip=0), TpuDevice(id=2, process_index=0, coords=(0,1,0), core_on_chip=0), TpuDevice(id=3, process_index=0, coords=(1,1,0), core_on_chip=0)]

[2024-05-29 03:29:36] nlls=[2.094e+04, 2.082e+04, 2.044e+04, 2.007e+04, 2.048e+04, 2.108e+04, 1.976e+04, 2.084e+04, 2.131e+04, 2.122e+04, 2.154e+04, 2.084e+04, 2.050e+04, 2.135e+04, 1.984e+04, 2.122e+04, 2.114e+04, 2.188e+04, 2.050e+04, 2.160e+04, 2.072e+04, 2.025e+04, 2.003e+04, 2.093e+04, 2.103e+04, 2.059e+04, 2.039e+04, 2.050e+04, 2.026e+04, 2.110e+04, 2.068e+04, 2.037e+04, 2.140e+04, 2.095e+04, 2.042e+04, 2.048e+04, 2.079e+04, 2.053e+04, 2.159e+04, 2.114e+04, 1.928e+04, 2.116e+04, 2.055e+04, 1.984e+04, 2.108e+04, 2.039e+04, 2.134e+04, 2.159e+04, 2.042e+04, 2.084e+04, 1.952e+04, 2.042e+04, 2.017e+04, 2.088e+04, 2.037e+04, 1.995e+04, 1.972e+04, 2.051e+04, 2.072e+04, 2.098e+04, 1.993e+04, 2.062e+04, 2.066e+04, 2.033e+04, 2.075e+04, 1.996e+04, 2.005e+04, 2.123e+04, 2.120e+04, 2.046e+04, 2.098e+04, 2.081e+04, 2.115e+04, 2.129e+04, 2.180e+04, 2.137e+04, 2.224e+04, 2.108e+04, 2.115e+04, 2.130e+04, 1.960e+04, 1.910e+04, 2.064e+04, 1.953e+04, 2.116e+04, 2.204e+04, 2.108e+04, 2.083e+04, 2.105e+04, 2.228e+04, 2.074e+04, 1.971e+04, 1.988e+04, 1.992e+04, 2.113e+04, 2.094e+04, 2.065e+04, 2.067e+04, 2.024e+04, 2.033e+04, 2.062e+04, 1.906e+04, 2.062e+04, 2.060e+04, 2.015e+04, 1.957e+04, 2.032e+04, 2.112e+04, 2.006e+04, 2.078e+04, 2.081e+04, 2.016e+04, 2.136e+04, 2.142e+04, 2.063e+04, 2.054e+04, 2.095e+04, 2.041e+04, 2.082e+04, 2.059e+04, 1.962e+04, 2.152e+04, 2.136e+04, 2.116e+04, 2.072e+04, 2.022e+04, 1.958e+04, 2.077e+04, 2.101e+04, 2.048e+04, 2.123e+04, 2.211e+04, 2.132e+04, 2.145e+04, 1.999e+04, 2.008e+04, 2.009e+04, 2.200e+04, 2.256e+04, 2.064e+04, 2.103e+04, 2.186e+04, 2.177e+04, 2.054e+04, 2.176e+04, 2.147e+04, 2.153e+04, 2.219e+04, 2.055e+04, 2.093e+04, 2.100e+04, 2.143e+04, 2.119e+04, 2.063e+04, 1.973e+04, 2.120e+04, 2.141e+04, 2.029e+04, 2.028e+04, 2.189e+04, 2.177e+04, 2.101e+04, 2.012e+04, 2.108e+04, 2.030e+04, 2.102e+04]
[2024-05-29 03:29:36] ppls=[2.751e+04, 2.674e+04, 2.489e+04, 2.295e+04, 2.275e+04, 2.377e+04, 2.237e+04, 2.282e+04, 2.378e+04, 2.446e+04, 2.539e+04, 2.546e+04, 2.520e+04, 2.573e+04, 2.493e+04, 2.531e+04, 2.558e+04, 2.635e+04, 2.612e+04, 2.662e+04, 2.653e+04, 2.617e+04, 2.573e+04, 2.580e+04, 2.591e+04, 2.580e+04, 2.561e+04, 2.548e+04, 2.526e+04, 2.540e+04, 2.537e+04, 2.522e+04, 2.546e+04, 2.552e+04, 2.539e+04, 2.529e+04, 2.530e+04, 2.522e+04, 2.549e+04, 2.560e+04, 2.514e+04, 2.526e+04, 2.520e+04, 2.495e+04, 2.504e+04, 2.495e+04, 2.510e+04, 2.532e+04, 2.523e+04, 2.526e+04, 2.496e+04, 2.488e+04, 2.475e+04, 2.479e+04, 2.471e+04, 2.455e+04, 2.434e+04, 2.431e+04, 2.431e+04, 2.437e+04, 2.423e+04, 2.422e+04, 2.421e+04, 2.415e+04, 2.416e+04, 2.404e+04, 2.393e+04, 2.403e+04, 2.412e+04, 2.409e+04, 2.414e+04, 2.416e+04, 2.424e+04, 2.434e+04, 2.452e+04, 2.462e+04, 2.486e+04, 2.492e+04, 2.498e+04, 2.507e+04, 2.489e+04, 2.465e+04, 2.464e+04, 2.448e+04, 2.454e+04, 2.473e+04, 2.478e+04, 2.479e+04, 2.484e+04, 2.505e+04, 2.505e+04, 2.491e+04, 2.480e+04, 2.469e+04, 2.475e+04, 2.478e+04, 2.477e+04, 2.476e+04, 2.470e+04, 2.465e+04, 2.464e+04, 2.445e+04, 2.444e+04, 2.443e+04, 2.437e+04, 2.424e+04, 2.420e+04, 2.425e+04, 2.419e+04, 2.420e+04, 2.421e+04, 2.416e+04, 2.423e+04, 2.431e+04, 2.430e+04, 2.429e+04, 2.432e+04, 2.429e+04, 2.430e+04, 2.429e+04, 2.419e+04, 2.427e+04, 2.434e+04, 2.438e+04, 2.439e+04, 2.434e+04, 2.424e+04, 2.425e+04, 2.428e+04, 2.426e+04, 2.431e+04, 2.444e+04, 2.450e+04, 2.456e+04, 2.450e+04, 2.445e+04, 2.439e+04, 2.451e+04, 2.467e+04, 2.466e+04, 2.469e+04, 2.479e+04, 2.487e+04, 2.486e+04, 2.495e+04, 2.501e+04, 2.507e+04, 2.519e+04, 2.518e+04, 2.519e+04, 2.521e+04, 2.527e+04, 2.530e+04, 2.529e+04, 2.521e+04, 2.524e+04, 2.529e+04, 2.526e+04, 2.522e+04, 2.531e+04, 2.538e+04, 2.540e+04, 2.535e+04, 2.538e+04, 2.534e+04, 2.536e+04]
[2024-05-29 03:29:36] PPL: 2.536e+04
