[2024-05-29 04:00:47] Environments:
------------  --------------------------------------------------------------------------------
sys.platform  linux
python        3.12.3 (main, Apr 27 2024, 19:00:21) [GCC 11.4.0]
datasets      2.19.1 @/home/giung/transformerx/.venv/lib/python3.12/site-packages/datasets
jax           0.4.28 @/home/giung/transformerx/.venv/lib/python3.12/site-packages/jax
jaxlib        0.4.28 @/home/giung/transformerx/.venv/lib/python3.12/site-packages/jaxlib
transformers  4.41.1 @/home/giung/transformerx/.venv/lib/python3.12/site-packages/transformers
------------  --------------------------------------------------------------------------------

[2024-05-29 04:00:47] Command line arguments:
- args.model      : microsoft/Phi-3-mini-4k-instruct
- args.data       : wikitext2
- args.seqlen     : 2048
- args.bits       : 5
- args.group_size : 128
- args.save       : save/wikitext2/microsoft/Phi-3-mini-4k-instruct/b5-g128
- args.seed       : 49193695

[2024-05-29 04:00:47] Local devices:
[TpuDevice(id=0, process_index=0, coords=(0,0,0), core_on_chip=0), TpuDevice(id=1, process_index=0, coords=(1,0,0), core_on_chip=0), TpuDevice(id=2, process_index=0, coords=(0,1,0), core_on_chip=0), TpuDevice(id=3, process_index=0, coords=(1,1,0), core_on_chip=0)]

[2024-05-29 04:02:35] nlls=[4.008e+03, 4.780e+03, 5.428e+03, 5.157e+03, 4.214e+03, 4.715e+03, 4.005e+03, 3.886e+03, 4.838e+03, 5.014e+03, 5.168e+03, 4.624e+03, 4.328e+03, 4.525e+03, 5.061e+03, 5.391e+03, 5.351e+03, 5.540e+03, 5.592e+03, 4.859e+03, 4.855e+03, 4.224e+03, 3.877e+03, 4.954e+03, 4.784e+03, 4.696e+03, 4.798e+03, 4.484e+03, 5.142e+03, 4.643e+03, 5.792e+03, 5.590e+03, 4.844e+03, 4.489e+03, 4.013e+03, 4.075e+03, 3.857e+03, 4.158e+03, 4.009e+03, 4.826e+03, 4.456e+03, 3.546e+03, 3.347e+03, 3.931e+03, 3.522e+03, 3.693e+03, 4.058e+03, 4.747e+03, 5.656e+03, 5.729e+03, 5.538e+03, 5.735e+03, 5.094e+03, 4.608e+03, 4.783e+03, 5.061e+03, 4.079e+03, 4.914e+03, 4.416e+03, 4.142e+03, 3.993e+03, 3.905e+03, 3.626e+03, 3.950e+03, 3.591e+03, 3.548e+03, 4.257e+03, 4.538e+03, 4.690e+03, 5.074e+03, 5.251e+03, 5.152e+03, 5.251e+03, 4.201e+03, 4.265e+03, 4.746e+03, 4.149e+03, 4.120e+03, 4.287e+03, 4.388e+03, 3.674e+03, 4.151e+03, 5.097e+03, 5.661e+03, 5.164e+03, 4.195e+03, 4.664e+03, 4.465e+03, 4.695e+03, 4.677e+03, 4.510e+03, 4.553e+03, 5.107e+03, 4.006e+03, 4.281e+03, 4.356e+03, 4.376e+03, 4.238e+03, 4.293e+03, 4.317e+03, 4.905e+03, 4.937e+03, 4.772e+03, 5.190e+03, 5.995e+03, 5.710e+03, 5.534e+03, 5.528e+03, 5.672e+03, 5.455e+03, 4.811e+03, 5.023e+03, 4.421e+03, 5.158e+03, 4.437e+03, 4.854e+03, 5.098e+03, 4.741e+03, 4.751e+03, 5.032e+03, 4.851e+03, 5.027e+03, 4.699e+03, 4.156e+03, 4.192e+03, 4.069e+03, 3.999e+03, 4.252e+03, 4.237e+03, 4.383e+03, 4.835e+03, 5.147e+03, 5.239e+03, 5.070e+03, 4.102e+03, 4.628e+03, 5.021e+03, 4.971e+03, 4.181e+03, 4.197e+03, 4.179e+03, 4.549e+03, 4.153e+03, 5.219e+03, 4.310e+03, 4.619e+03, 4.057e+03, 4.240e+03, 3.871e+03, 4.961e+03, 4.127e+03, 4.389e+03, 4.453e+03, 5.110e+03, 4.392e+03, 4.548e+03, 3.871e+03, 2.967e+03, 4.805e+03, 4.861e+03, 5.610e+03, 4.839e+03, 4.776e+03, 4.778e+03, 5.079e+03, 5.926e+03]
[2024-05-29 04:02:35] ppls=[7.079e+00, 8.548e+00, 1.011e+01, 1.064e+01, 1.001e+01, 1.001e+01, 9.523e+00, 9.108e+00, 9.264e+00, 9.472e+00, 9.712e+00, 9.699e+00, 9.581e+00, 9.547e+00, 9.685e+00, 9.906e+00, 1.009e+01, 1.032e+01, 1.053e+01, 1.054e+01, 1.055e+01, 1.041e+01, 1.021e+01, 1.025e+01, 1.025e+01, 1.024e+01, 1.025e+01, 1.020e+01, 1.026e+01, 1.024e+01, 1.041e+01, 1.054e+01, 1.054e+01, 1.049e+01, 1.037e+01, 1.027e+01, 1.015e+01, 1.007e+01, 9.982e+00, 9.996e+00, 9.965e+00, 9.831e+00, 9.683e+00, 9.607e+00, 9.491e+00, 9.400e+00, 9.348e+00, 9.364e+00, 9.465e+00, 9.570e+00, 9.653e+00, 9.753e+00, 9.792e+00, 9.786e+00, 9.796e+00, 9.829e+00, 9.778e+00, 9.798e+00, 9.777e+00, 9.736e+00, 9.684e+00, 9.627e+00, 9.552e+00, 9.503e+00, 9.430e+00, 9.358e+00, 9.336e+00, 9.333e+00, 9.341e+00, 9.373e+00, 9.416e+00, 9.452e+00, 9.494e+00, 9.468e+00, 9.447e+00, 9.456e+00, 9.429e+00, 9.401e+00, 9.383e+00, 9.372e+00, 9.321e+00, 9.298e+00, 9.327e+00, 9.386e+00, 9.417e+00, 9.396e+00, 9.400e+00, 9.393e+00, 9.399e+00, 9.403e+00, 9.399e+00, 9.398e+00, 9.423e+00, 9.395e+00, 9.380e+00, 9.369e+00, 9.359e+00, 9.343e+00, 9.330e+00, 9.318e+00, 9.333e+00, 9.350e+00, 9.358e+00, 9.385e+00, 9.447e+00, 9.495e+00, 9.535e+00, 9.575e+00, 9.620e+00, 9.655e+00, 9.662e+00, 9.678e+00, 9.668e+00, 9.689e+00, 9.681e+00, 9.689e+00, 9.707e+00, 9.711e+00, 9.714e+00, 9.729e+00, 9.737e+00, 9.751e+00, 9.752e+00, 9.733e+00, 9.715e+00, 9.693e+00, 9.669e+00, 9.654e+00, 9.639e+00, 9.630e+00, 9.637e+00, 9.655e+00, 9.676e+00, 9.691e+00, 9.672e+00, 9.671e+00, 9.684e+00, 9.695e+00, 9.679e+00, 9.664e+00, 9.648e+00, 9.645e+00, 9.629e+00, 9.648e+00, 9.637e+00, 9.637e+00, 9.618e+00, 9.605e+00, 9.581e+00, 9.592e+00, 9.576e+00, 9.569e+00, 9.564e+00, 9.578e+00, 9.571e+00, 9.569e+00, 9.546e+00, 9.498e+00, 9.503e+00, 9.511e+00, 9.539e+00, 9.546e+00, 9.550e+00, 9.555e+00, 9.568e+00, 9.604e+00]
[2024-05-29 04:02:35] PPL: 9.604e+00
