[2024-05-29 03:29:48] Environments:
------------  --------------------------------------------------------------------------------
sys.platform  linux
python        3.12.3 (main, Apr 27 2024, 19:00:21) [GCC 11.4.0]
datasets      2.19.1 @/home/giung/transformerx/.venv/lib/python3.12/site-packages/datasets
jax           0.4.28 @/home/giung/transformerx/.venv/lib/python3.12/site-packages/jax
jaxlib        0.4.28 @/home/giung/transformerx/.venv/lib/python3.12/site-packages/jaxlib
transformers  4.41.1 @/home/giung/transformerx/.venv/lib/python3.12/site-packages/transformers
------------  --------------------------------------------------------------------------------

[2024-05-29 03:29:48] Command line arguments:
- args.model      : microsoft/Phi-3-medium-4k-instruct
- args.data       : wikitext2
- args.seqlen     : 2048
- args.bits       : 3
- args.group_size : 16
- args.save       : save/wikitext2/microsoft/Phi-3-medium-4k-instruct/b3-g16
- args.seed       : 49774224

[2024-05-29 03:29:48] Local devices:
[TpuDevice(id=0, process_index=0, coords=(0,0,0), core_on_chip=0), TpuDevice(id=1, process_index=0, coords=(1,0,0), core_on_chip=0), TpuDevice(id=2, process_index=0, coords=(0,1,0), core_on_chip=0), TpuDevice(id=3, process_index=0, coords=(1,1,0), core_on_chip=0)]

[2024-05-29 03:34:18] nlls=[3.007e+04, 2.955e+04, 2.995e+04, 3.048e+04, 2.988e+04, 2.990e+04, 2.752e+04, 2.714e+04, 2.819e+04, 2.909e+04, 3.006e+04, 2.947e+04, 3.029e+04, 2.936e+04, 2.972e+04, 2.995e+04, 2.974e+04, 2.996e+04, 3.022e+04, 2.984e+04, 2.933e+04, 2.910e+04, 2.770e+04, 3.045e+04, 3.009e+04, 2.893e+04, 2.965e+04, 2.923e+04, 2.965e+04, 3.015e+04, 2.987e+04, 3.003e+04, 3.075e+04, 3.123e+04, 3.156e+04, 3.020e+04, 3.049e+04, 3.068e+04, 3.074e+04, 3.053e+04, 3.021e+04, 2.891e+04, 2.910e+04, 2.864e+04, 2.878e+04, 2.909e+04, 2.878e+04, 2.898e+04, 3.053e+04, 2.986e+04, 2.990e+04, 2.991e+04, 2.985e+04, 2.973e+04, 2.950e+04, 2.932e+04, 2.910e+04, 3.016e+04, 2.988e+04, 2.977e+04, 3.026e+04, 3.024e+04, 2.969e+04, 2.973e+04, 2.970e+04, 2.905e+04, 2.995e+04, 2.986e+04, 2.983e+04, 3.054e+04, 3.012e+04, 3.003e+04, 3.101e+04, 3.076e+04, 3.162e+04, 3.162e+04, 3.063e+04, 3.176e+04, 3.043e+04, 2.957e+04, 2.644e+04, 2.862e+04, 3.012e+04, 2.988e+04, 2.993e+04, 2.995e+04, 2.876e+04, 2.935e+04, 3.013e+04, 2.953e+04, 2.953e+04, 3.021e+04, 2.957e+04, 2.975e+04, 2.995e+04, 2.942e+04, 2.953e+04, 3.009e+04, 2.940e+04, 2.990e+04, 3.006e+04, 2.948e+04, 2.986e+04, 3.065e+04, 3.047e+04, 3.012e+04, 2.982e+04, 2.998e+04, 2.937e+04, 3.017e+04, 3.024e+04, 3.084e+04, 2.966e+04, 3.031e+04, 2.971e+04, 3.025e+04, 3.007e+04, 2.923e+04, 2.976e+04, 2.881e+04, 2.911e+04, 3.038e+04, 3.006e+04, 2.967e+04, 2.943e+04, 3.083e+04, 2.976e+04, 3.024e+04, 3.036e+04, 2.975e+04, 3.017e+04, 3.062e+04, 3.050e+04, 3.049e+04, 2.957e+04, 2.965e+04, 2.907e+04, 2.992e+04, 2.982e+04, 2.900e+04, 2.934e+04, 2.930e+04, 3.021e+04, 3.022e+04, 2.923e+04, 3.026e+04, 3.033e+04, 2.956e+04, 2.992e+04, 3.027e+04, 2.962e+04, 2.988e+04, 2.996e+04, 3.055e+04, 3.073e+04, 2.977e+04, 2.852e+04, 2.693e+04, 2.928e+04, 3.071e+04, 3.025e+04, 2.915e+04, 3.004e+04, 2.997e+04, 3.038e+04, 3.028e+04]
[2024-05-29 03:34:18] ppls=[2.382e+06, 2.095e+06, 2.144e+06, 2.314e+06, 2.284e+06, 2.268e+06, 1.912e+06, 1.643e+06, 1.546e+06, 1.539e+06, 1.601e+06, 1.615e+06, 1.677e+06, 1.678e+06, 1.698e+06, 1.728e+06, 1.744e+06, 1.769e+06, 1.804e+06, 1.819e+06, 1.811e+06, 1.794e+06, 1.728e+06, 1.765e+06, 1.786e+06, 1.768e+06, 1.774e+06, 1.766e+06, 1.772e+06, 1.792e+06, 1.803e+06, 1.817e+06, 1.851e+06, 1.896e+06, 1.948e+06, 1.963e+06, 1.984e+06, 2.009e+06, 2.035e+06, 2.054e+06, 2.065e+06, 2.044e+06, 2.029e+06, 2.005e+06, 1.984e+06, 1.972e+06, 1.953e+06, 1.940e+06, 1.957e+06, 1.960e+06, 1.964e+06, 1.969e+06, 1.972e+06, 1.973e+06, 1.969e+06, 1.963e+06, 1.954e+06, 1.962e+06, 1.965e+06, 1.966e+06, 1.976e+06, 1.984e+06, 1.984e+06, 1.985e+06, 1.985e+06, 1.975e+06, 1.979e+06, 1.981e+06, 1.983e+06, 1.995e+06, 2.001e+06, 2.005e+06, 2.022e+06, 2.036e+06, 2.061e+06, 2.086e+06, 2.097e+06, 2.122e+06, 2.130e+06, 2.126e+06, 2.083e+06, 2.069e+06, 2.073e+06, 2.074e+06, 2.076e+06, 2.078e+06, 2.066e+06, 2.061e+06, 2.065e+06, 2.062e+06, 2.059e+06, 2.064e+06, 2.062e+06, 2.062e+06, 2.063e+06, 2.060e+06, 2.057e+06, 2.060e+06, 2.057e+06, 2.058e+06, 2.061e+06, 2.058e+06, 2.059e+06, 2.067e+06, 2.074e+06, 2.077e+06, 2.077e+06, 2.079e+06, 2.075e+06, 2.079e+06, 2.083e+06, 2.092e+06, 2.091e+06, 2.096e+06, 2.095e+06, 2.099e+06, 2.101e+06, 2.096e+06, 2.095e+06, 2.087e+06, 2.081e+06, 2.086e+06, 2.088e+06, 2.087e+06, 2.084e+06, 2.093e+06, 2.092e+06, 2.096e+06, 2.100e+06, 2.100e+06, 2.102e+06, 2.109e+06, 2.114e+06, 2.119e+06, 2.117e+06, 2.115e+06, 2.110e+06, 2.111e+06, 2.111e+06, 2.104e+06, 2.101e+06, 2.097e+06, 2.100e+06, 2.103e+06, 2.099e+06, 2.102e+06, 2.106e+06, 2.104e+06, 2.105e+06, 2.108e+06, 2.106e+06, 2.107e+06, 2.108e+06, 2.112e+06, 2.118e+06, 2.118e+06, 2.109e+06, 2.091e+06, 2.087e+06, 2.093e+06, 2.096e+06, 2.092e+06, 2.093e+06, 2.094e+06, 2.098e+06, 2.101e+06]
[2024-05-29 03:34:18] PPL: 2.101e+06
