[2024-05-29 03:42:31] Environments:
------------  --------------------------------------------------------------------------------
sys.platform  linux
python        3.12.3 (main, Apr 27 2024, 19:00:21) [GCC 11.4.0]
datasets      2.19.1 @/home/giung/transformerx/.venv/lib/python3.12/site-packages/datasets
jax           0.4.28 @/home/giung/transformerx/.venv/lib/python3.12/site-packages/jax
jaxlib        0.4.28 @/home/giung/transformerx/.venv/lib/python3.12/site-packages/jaxlib
transformers  4.41.1 @/home/giung/transformerx/.venv/lib/python3.12/site-packages/transformers
------------  --------------------------------------------------------------------------------

[2024-05-29 03:42:31] Command line arguments:
- args.model      : microsoft/Phi-3-medium-4k-instruct
- args.data       : ptb
- args.seqlen     : 2048
- args.bits       : 5
- args.group_size : 16
- args.save       : save/ptb/microsoft/Phi-3-medium-4k-instruct/b5-g16
- args.seed       : 32829195

[2024-05-29 03:42:31] Local devices:
[TpuDevice(id=0, process_index=0, coords=(0,0,0), core_on_chip=0), TpuDevice(id=1, process_index=0, coords=(1,0,0), core_on_chip=0), TpuDevice(id=2, process_index=0, coords=(0,1,0), core_on_chip=0), TpuDevice(id=3, process_index=0, coords=(1,1,0), core_on_chip=0)]

[2024-05-29 03:46:31] nlls=[5.111e+03, 4.851e+03, 4.860e+03, 5.056e+03, 5.166e+03, 4.729e+03, 4.879e+03, 4.566e+03, 4.698e+03, 4.502e+03, 4.872e+03, 4.234e+03, 5.339e+03, 5.041e+03, 5.050e+03, 5.330e+03, 4.895e+03, 4.362e+03, 5.434e+03, 4.518e+03, 4.619e+03, 5.357e+03, 4.787e+03, 5.232e+03, 5.432e+03, 4.765e+03, 4.779e+03, 5.088e+03, 4.658e+03, 5.431e+03, 4.629e+03, 4.843e+03, 4.355e+03, 5.711e+03, 5.180e+03, 5.783e+03, 5.689e+03, 5.149e+03, 4.960e+03, 5.344e+03, 5.097e+03, 5.109e+03, 4.979e+03, 5.484e+03, 5.037e+03, 4.583e+03, 4.779e+03, 4.665e+03, 4.513e+03, 4.718e+03, 5.120e+03, 4.805e+03]
[2024-05-29 03:46:31] ppls=[1.213e+01, 1.138e+01, 1.116e+01, 1.132e+01, 1.154e+01, 1.128e+01, 1.121e+01, 1.095e+01, 1.083e+01, 1.063e+01, 1.065e+01, 1.039e+01, 1.060e+01, 1.068e+01, 1.075e+01, 1.090e+01, 1.090e+01, 1.075e+01, 1.091e+01, 1.081e+01, 1.074e+01, 1.086e+01, 1.084e+01, 1.092e+01, 1.103e+01, 1.100e+01, 1.097e+01, 1.101e+01, 1.096e+01, 1.106e+01, 1.101e+01, 1.099e+01, 1.090e+01, 1.103e+01, 1.107e+01, 1.120e+01, 1.131e+01, 1.134e+01, 1.134e+01, 1.139e+01, 1.140e+01, 1.142e+01, 1.142e+01, 1.148e+01, 1.149e+01, 1.144e+01, 1.141e+01, 1.137e+01, 1.132e+01, 1.129e+01, 1.131e+01, 1.129e+01]
[2024-05-29 03:46:31] PPL: 1.129e+01
