[2024-05-25 09:39:57] Environments:
------------  --------------------------------------------------------------------------------
sys.platform  linux
python        3.12.3 (main, Apr 27 2024, 19:00:21) [GCC 11.4.0]
datasets      2.19.1 @/home/giung/transformerx/.venv/lib/python3.12/site-packages/datasets
jax           0.4.28 @/home/giung/transformerx/.venv/lib/python3.12/site-packages/jax
jaxlib        0.4.28 @/home/giung/transformerx/.venv/lib/python3.12/site-packages/jaxlib
transformers  4.41.1 @/home/giung/transformerx/.venv/lib/python3.12/site-packages/transformers
------------  --------------------------------------------------------------------------------

[2024-05-25 09:39:57] Command line arguments:
- args.model  : microsoft/Phi-3-mini-4k-instruct
- args.tasks  : ['arc_e', 'arc_c', 'commonsense_qa', 'hellaswag', 'piqa']
- args.shot   : 0
- args.maxlen : 2048
- args.quant  : None
- args.save   : examples/mmlu/save/reasoning-0shot/microsoft/Phi-3-mini-4k-instruct
- args.seed   : 58296850

[2024-05-25 09:39:57] Local devices:
[TpuDevice(id=0, process_index=0, coords=(0,0,0), core_on_chip=0), TpuDevice(id=1, process_index=0, coords=(1,0,0), core_on_chip=0), TpuDevice(id=2, process_index=0, coords=(0,1,0), core_on_chip=0), TpuDevice(id=3, process_index=0, coords=(1,1,0), core_on_chip=0)]

[2024-05-25 09:41:34] arc_e: 543 / 570
[2024-05-25 09:41:55] arc_c: 262 / 299
[2024-05-25 09:43:21] commonsense_qa: 927 / 1221
[2024-05-25 09:55:12] hellaswag: 8216 / 10042
[2024-05-25 09:57:21] piqa: 1546 / 1838
[2024-05-25 09:57:21] Detailed results:
         taskname  correct  num_doc
0           arc_e      543      570
1           arc_c      262      299
2  commonsense_qa      927     1221
3       hellaswag     8216    10042
4            piqa     1546     1838

[2024-05-25 09:57:21] arc_e macro-average: 0.9526
[2024-05-25 09:57:21] arc_e micro-average: 0.9526
[2024-05-25 09:57:21] arc_c macro-average: 0.8763
[2024-05-25 09:57:21] arc_c micro-average: 0.8763
[2024-05-25 09:57:21] commonsense_qa macro-average: 0.7592
[2024-05-25 09:57:21] commonsense_qa micro-average: 0.7592
[2024-05-25 09:57:21] hellaswag macro-average: 0.8182
[2024-05-25 09:57:21] hellaswag micro-average: 0.8182
[2024-05-25 09:57:21] piqa macro-average: 0.8411
[2024-05-25 09:57:21] piqa micro-average: 0.8411
[2024-05-25 09:57:21] total macro-average: 0.8495
[2024-05-25 09:57:21] total micro-average: 0.8228
