[2024-05-29 03:34:47] Environments:
------------  --------------------------------------------------------------------------------
sys.platform  linux
python        3.12.3 (main, Apr 27 2024, 19:00:21) [GCC 11.4.0]
datasets      2.19.1 @/home/giung/transformerx/.venv/lib/python3.12/site-packages/datasets
jax           0.4.28 @/home/giung/transformerx/.venv/lib/python3.12/site-packages/jax
jaxlib        0.4.28 @/home/giung/transformerx/.venv/lib/python3.12/site-packages/jaxlib
transformers  4.41.1 @/home/giung/transformerx/.venv/lib/python3.12/site-packages/transformers
------------  --------------------------------------------------------------------------------

[2024-05-29 03:34:47] Command line arguments:
- args.model      : microsoft/Phi-3-medium-4k-instruct
- args.data       : wikitext2
- args.seqlen     : 2048
- args.bits       : 8
- args.group_size : 128
- args.save       : save/wikitext2/microsoft/Phi-3-medium-4k-instruct/b8-g128
- args.seed       : 48605181

[2024-05-29 03:34:47] Local devices:
[TpuDevice(id=0, process_index=0, coords=(0,0,0), core_on_chip=0), TpuDevice(id=1, process_index=0, coords=(1,0,0), core_on_chip=0), TpuDevice(id=2, process_index=0, coords=(0,1,0), core_on_chip=0), TpuDevice(id=3, process_index=0, coords=(1,1,0), core_on_chip=0)]

[2024-05-29 03:39:42] nlls=[2.358e+03, 1.398e+03, 1.549e+03, 1.887e+03, 2.970e+03, 2.960e+03, 2.422e+03, 1.923e+03, 2.981e+03, 3.405e+03, 3.718e+03, 3.544e+03, 3.056e+03, 3.412e+03, 2.959e+03, 3.112e+03, 3.326e+03, 3.158e+03, 3.735e+03, 2.801e+03, 3.208e+03, 2.890e+03, 1.319e+03, 1.867e+03, 2.183e+03, 1.897e+03, 1.966e+03, 1.637e+03, 1.678e+03, 3.125e+03, 4.398e+03, 4.117e+03, 3.519e+03, 2.646e+03, 1.719e+03, 1.814e+03, 1.444e+03, 1.715e+03, 2.378e+03, 2.590e+03, 2.455e+03, 2.478e+03, 2.246e+03, 2.596e+03, 2.255e+03, 2.465e+03, 2.792e+03, 3.250e+03, 4.473e+03, 4.620e+03, 3.717e+03, 2.920e+03, 2.598e+03, 3.519e+03, 3.776e+03, 3.822e+03, 2.818e+03, 3.576e+03, 3.070e+03, 2.754e+03, 2.874e+03, 2.871e+03, 2.546e+03, 2.748e+03, 2.492e+03, 2.330e+03, 2.463e+03, 2.844e+03, 3.631e+03, 3.689e+03, 3.923e+03, 4.141e+03, 4.198e+03, 2.697e+03, 2.975e+03, 3.441e+03, 2.976e+03, 2.953e+03, 3.113e+03, 3.080e+03, 2.160e+03, 2.146e+03, 3.668e+03, 3.981e+03, 3.760e+03, 3.042e+03, 3.513e+03, 3.391e+03, 3.469e+03, 3.301e+03, 3.419e+03, 2.314e+03, 2.830e+03, 2.776e+03, 2.753e+03, 2.563e+03, 2.614e+03, 3.167e+03, 2.986e+03, 2.906e+03, 3.566e+03, 3.566e+03, 3.108e+03, 3.794e+03, 4.676e+03, 4.441e+03, 4.237e+03, 4.049e+03, 4.468e+03, 4.220e+03, 3.745e+03, 3.678e+03, 3.444e+03, 3.675e+03, 2.946e+03, 3.987e+03, 4.366e+03, 3.794e+03, 2.481e+03, 2.096e+03, 1.930e+03, 3.455e+03, 2.609e+03, 2.705e+03, 2.459e+03, 2.196e+03, 2.326e+03, 1.935e+03, 2.623e+03, 3.150e+03, 3.390e+03, 2.981e+03, 2.547e+03, 2.437e+03, 2.909e+03, 3.475e+03, 3.354e+03, 3.636e+03, 3.176e+03, 3.111e+03, 2.947e+03, 3.277e+03, 2.593e+03, 3.814e+03, 3.263e+03, 3.447e+03, 2.901e+03, 3.040e+03, 2.883e+03, 3.647e+03, 2.264e+03, 1.420e+03, 1.843e+03, 1.749e+03, 2.607e+03, 3.257e+03, 2.771e+03, 1.955e+03, 3.377e+03, 3.615e+03, 4.052e+03, 3.287e+03, 2.873e+03, 3.427e+03, 3.598e+03, 4.212e+03]
[2024-05-29 03:39:42] ppls=[3.163e+00, 2.502e+00, 2.371e+00, 2.406e+00, 2.698e+00, 2.909e+00, 2.957e+00, 2.904e+00, 3.033e+00, 3.205e+00, 3.400e+00, 3.547e+00, 3.609e+00, 3.709e+00, 3.743e+00, 3.790e+00, 3.855e+00, 3.897e+00, 3.993e+00, 3.990e+00, 4.024e+00, 4.028e+00, 3.899e+00, 3.827e+00, 3.785e+00, 3.726e+00, 3.677e+00, 3.612e+00, 3.555e+00, 3.585e+00, 3.687e+00, 3.769e+00, 3.814e+00, 3.809e+00, 3.755e+00, 3.710e+00, 3.650e+00, 3.606e+00, 3.595e+00, 3.593e+00, 3.586e+00, 3.581e+00, 3.566e+00, 3.566e+00, 3.552e+00, 3.547e+00, 3.554e+00, 3.578e+00, 3.645e+00, 3.716e+00, 3.753e+00, 3.760e+00, 3.756e+00, 3.784e+00, 3.819e+00, 3.855e+00, 3.857e+00, 3.884e+00, 3.893e+00, 3.892e+00, 3.895e+00, 3.898e+00, 3.890e+00, 3.889e+00, 3.881e+00, 3.868e+00, 3.859e+00, 3.861e+00, 3.885e+00, 3.910e+00, 3.940e+00, 3.976e+00, 4.013e+00, 4.009e+00, 4.012e+00, 4.028e+00, 4.031e+00, 4.033e+00, 4.040e+00, 4.045e+00, 4.028e+00, 4.011e+00, 4.031e+00, 4.057e+00, 4.078e+00, 4.082e+00, 4.096e+00, 4.108e+00, 4.121e+00, 4.130e+00, 4.141e+00, 4.128e+00, 4.126e+00, 4.124e+00, 4.121e+00, 4.114e+00, 4.108e+00, 4.113e+00, 4.115e+00, 4.115e+00, 4.129e+00, 4.142e+00, 4.146e+00, 4.163e+00, 4.197e+00, 4.226e+00, 4.251e+00, 4.272e+00, 4.300e+00, 4.324e+00, 4.338e+00, 4.351e+00, 4.359e+00, 4.372e+00, 4.370e+00, 4.388e+00, 4.412e+00, 4.426e+00, 4.416e+00, 4.399e+00, 4.380e+00, 4.387e+00, 4.380e+00, 4.374e+00, 4.365e+00, 4.351e+00, 4.339e+00, 4.322e+00, 4.316e+00, 4.318e+00, 4.324e+00, 4.324e+00, 4.317e+00, 4.308e+00, 4.307e+00, 4.314e+00, 4.320e+00, 4.330e+00, 4.332e+00, 4.334e+00, 4.333e+00, 4.337e+00, 4.331e+00, 4.343e+00, 4.347e+00, 4.353e+00, 4.352e+00, 4.352e+00, 4.350e+00, 4.359e+00, 4.349e+00, 4.326e+00, 4.310e+00, 4.294e+00, 4.288e+00, 4.292e+00, 4.289e+00, 4.276e+00, 4.281e+00, 4.289e+00, 4.303e+00, 4.307e+00, 4.306e+00, 4.311e+00, 4.319e+00, 4.334e+00]
[2024-05-29 03:39:42] PPL: 4.334e+00
