[2024-05-29 04:07:05] Environments:
------------  --------------------------------------------------------------------------------
sys.platform  linux
python        3.12.3 (main, Apr 27 2024, 19:00:21) [GCC 11.4.0]
datasets      2.19.1 @/home/giung/transformerx/.venv/lib/python3.12/site-packages/datasets
jax           0.4.28 @/home/giung/transformerx/.venv/lib/python3.12/site-packages/jax
jaxlib        0.4.28 @/home/giung/transformerx/.venv/lib/python3.12/site-packages/jaxlib
transformers  4.41.1 @/home/giung/transformerx/.venv/lib/python3.12/site-packages/transformers
------------  --------------------------------------------------------------------------------

[2024-05-29 04:07:05] Command line arguments:
- args.model      : microsoft/Phi-3-mini-4k-instruct
- args.data       : ptb
- args.seqlen     : 2048
- args.bits       : 7
- args.group_size : 16
- args.save       : save/ptb/microsoft/Phi-3-mini-4k-instruct/b7-g16
- args.seed       : 6794890

[2024-05-29 04:07:05] Local devices:
[TpuDevice(id=0, process_index=0, coords=(0,0,0), core_on_chip=0), TpuDevice(id=1, process_index=0, coords=(1,0,0), core_on_chip=0), TpuDevice(id=2, process_index=0, coords=(0,1,0), core_on_chip=0), TpuDevice(id=3, process_index=0, coords=(1,1,0), core_on_chip=0)]

[2024-05-29 04:08:33] nlls=[5.513e+03, 5.205e+03, 5.332e+03, 5.425e+03, 5.503e+03, 5.068e+03, 5.219e+03, 4.920e+03, 4.894e+03, 4.896e+03, 5.255e+03, 4.591e+03, 5.546e+03, 5.475e+03, 5.456e+03, 5.713e+03, 5.210e+03, 4.639e+03, 5.763e+03, 4.915e+03, 5.013e+03, 5.719e+03, 5.096e+03, 5.560e+03, 5.669e+03, 4.978e+03, 5.148e+03, 5.422e+03, 5.081e+03, 5.697e+03, 5.038e+03, 5.112e+03, 4.751e+03, 5.988e+03, 5.536e+03, 6.022e+03, 5.973e+03, 5.512e+03, 5.319e+03, 5.718e+03, 5.516e+03, 5.567e+03, 5.334e+03, 5.770e+03, 5.276e+03, 4.853e+03, 5.207e+03, 5.149e+03, 4.806e+03, 5.099e+03, 5.536e+03, 5.300e+03]
[2024-05-29 04:08:33] ppls=[1.476e+01, 1.369e+01, 1.363e+01, 1.375e+01, 1.394e+01, 1.357e+01, 1.346e+01, 1.313e+01, 1.286e+01, 1.265e+01, 1.268e+01, 1.237e+01, 1.256e+01, 1.269e+01, 1.279e+01, 1.299e+01, 1.297e+01, 1.276e+01, 1.294e+01, 1.284e+01, 1.277e+01, 1.291e+01, 1.288e+01, 1.296e+01, 1.307e+01, 1.300e+01, 1.297e+01, 1.301e+01, 1.298e+01, 1.307e+01, 1.302e+01, 1.300e+01, 1.290e+01, 1.304e+01, 1.309e+01, 1.322e+01, 1.334e+01, 1.338e+01, 1.338e+01, 1.345e+01, 1.348e+01, 1.352e+01, 1.352e+01, 1.358e+01, 1.357e+01, 1.350e+01, 1.348e+01, 1.346e+01, 1.339e+01, 1.336e+01, 1.339e+01, 1.339e+01]
[2024-05-29 04:08:33] PPL: 1.339e+01
