[2024-05-29 03:56:32] Environments:
------------  --------------------------------------------------------------------------------
sys.platform  linux
python        3.12.3 (main, Apr 27 2024, 19:00:21) [GCC 11.4.0]
datasets      2.19.1 @/home/giung/transformerx/.venv/lib/python3.12/site-packages/datasets
jax           0.4.28 @/home/giung/transformerx/.venv/lib/python3.12/site-packages/jax
jaxlib        0.4.28 @/home/giung/transformerx/.venv/lib/python3.12/site-packages/jaxlib
transformers  4.41.1 @/home/giung/transformerx/.venv/lib/python3.12/site-packages/transformers
------------  --------------------------------------------------------------------------------

[2024-05-29 03:56:32] Command line arguments:
- args.model      : microsoft/Phi-3-mini-4k-instruct
- args.data       : wikitext2
- args.seqlen     : 2048
- args.bits       : 4
- args.group_size : 1
- args.save       : save/wikitext2/microsoft/Phi-3-mini-4k-instruct/b4-g1
- args.seed       : 33690805

[2024-05-29 03:56:32] Local devices:
[TpuDevice(id=0, process_index=0, coords=(0,0,0), core_on_chip=0), TpuDevice(id=1, process_index=0, coords=(1,0,0), core_on_chip=0), TpuDevice(id=2, process_index=0, coords=(0,1,0), core_on_chip=0), TpuDevice(id=3, process_index=0, coords=(1,1,0), core_on_chip=0)]

[2024-05-29 03:58:36] nlls=[3.817e+03, 4.561e+03, 5.198e+03, 5.097e+03, 4.168e+03, 4.576e+03, 3.865e+03, 3.478e+03, 4.258e+03, 4.459e+03, 4.983e+03, 4.528e+03, 4.166e+03, 4.464e+03, 4.739e+03, 4.902e+03, 5.118e+03, 5.116e+03, 5.515e+03, 4.743e+03, 4.721e+03, 4.333e+03, 3.990e+03, 4.710e+03, 4.791e+03, 4.531e+03, 4.670e+03, 4.364e+03, 4.824e+03, 4.561e+03, 5.575e+03, 5.190e+03, 4.855e+03, 4.308e+03, 4.071e+03, 3.988e+03, 3.695e+03, 4.107e+03, 3.962e+03, 4.691e+03, 4.378e+03, 3.489e+03, 3.291e+03, 3.713e+03, 3.496e+03, 3.620e+03, 3.959e+03, 4.715e+03, 5.528e+03, 5.630e+03, 5.292e+03, 5.608e+03, 5.047e+03, 4.504e+03, 4.762e+03, 4.976e+03, 3.985e+03, 4.977e+03, 4.355e+03, 4.002e+03, 3.925e+03, 3.830e+03, 3.583e+03, 3.672e+03, 3.610e+03, 3.390e+03, 3.837e+03, 4.278e+03, 4.633e+03, 4.939e+03, 5.201e+03, 5.077e+03, 5.234e+03, 3.997e+03, 4.181e+03, 4.742e+03, 4.132e+03, 4.144e+03, 4.279e+03, 4.345e+03, 3.413e+03, 4.049e+03, 4.771e+03, 5.520e+03, 4.997e+03, 4.111e+03, 4.533e+03, 4.434e+03, 4.693e+03, 4.748e+03, 4.473e+03, 4.518e+03, 5.064e+03, 4.006e+03, 4.093e+03, 4.187e+03, 4.248e+03, 4.224e+03, 4.094e+03, 4.330e+03, 4.705e+03, 4.796e+03, 4.656e+03, 5.146e+03, 5.871e+03, 5.802e+03, 5.419e+03, 5.393e+03, 5.661e+03, 5.494e+03, 4.919e+03, 4.883e+03, 4.424e+03, 4.833e+03, 4.119e+03, 4.510e+03, 4.801e+03, 4.674e+03, 4.427e+03, 4.631e+03, 4.579e+03, 4.826e+03, 4.471e+03, 4.095e+03, 4.248e+03, 3.944e+03, 3.881e+03, 4.072e+03, 4.335e+03, 4.308e+03, 4.746e+03, 5.153e+03, 4.989e+03, 5.071e+03, 4.048e+03, 4.597e+03, 4.642e+03, 5.005e+03, 4.159e+03, 4.033e+03, 4.186e+03, 4.445e+03, 4.048e+03, 5.149e+03, 4.186e+03, 4.603e+03, 4.017e+03, 4.174e+03, 3.834e+03, 4.836e+03, 4.092e+03, 4.262e+03, 4.354e+03, 5.009e+03, 4.285e+03, 4.428e+03, 3.768e+03, 2.651e+03, 4.698e+03, 4.863e+03, 5.454e+03, 4.681e+03, 4.381e+03, 4.736e+03, 5.035e+03, 5.708e+03]
[2024-05-29 03:58:36] ppls=[6.447e+00, 7.732e+00, 9.112e+00, 9.771e+00, 9.305e+00, 9.311e+00, 8.865e+00, 8.344e+00, 8.305e+00, 8.355e+00, 8.594e+00, 8.637e+00, 8.556e+00, 8.576e+00, 8.671e+00, 8.799e+00, 8.968e+00, 9.121e+00, 9.356e+00, 9.393e+00, 9.422e+00, 9.368e+00, 9.251e+00, 9.280e+00, 9.321e+00, 9.314e+00, 9.331e+00, 9.297e+00, 9.337e+00, 9.335e+00, 9.483e+00, 9.568e+00, 9.601e+00, 9.556e+00, 9.483e+00, 9.404e+00, 9.293e+00, 9.238e+00, 9.170e+00, 9.187e+00, 9.169e+00, 9.058e+00, 8.933e+00, 8.857e+00, 8.764e+00, 8.688e+00, 8.646e+00, 8.672e+00, 8.768e+00, 8.870e+00, 8.940e+00, 9.035e+00, 9.080e+00, 9.078e+00, 9.098e+00, 9.134e+00, 9.092e+00, 9.127e+00, 9.114e+00, 9.075e+00, 9.032e+00, 8.984e+00, 8.921e+00, 8.866e+00, 8.809e+00, 8.739e+00, 8.701e+00, 8.692e+00, 8.704e+00, 8.735e+00, 8.781e+00, 8.818e+00, 8.864e+00, 8.837e+00, 8.821e+00, 8.837e+00, 8.818e+00, 8.801e+00, 8.791e+00, 8.786e+00, 8.731e+00, 8.711e+00, 8.728e+00, 8.783e+00, 8.811e+00, 8.793e+00, 8.797e+00, 8.796e+00, 8.808e+00, 8.822e+00, 8.823e+00, 8.825e+00, 8.853e+00, 8.832e+00, 8.816e+00, 8.804e+00, 8.794e+00, 8.784e+00, 8.769e+00, 8.764e+00, 8.775e+00, 8.790e+00, 8.798e+00, 8.827e+00, 8.885e+00, 8.939e+00, 8.978e+00, 9.014e+00, 9.061e+00, 9.100e+00, 9.116e+00, 9.131e+00, 9.126e+00, 9.138e+00, 9.122e+00, 9.122e+00, 9.132e+00, 9.138e+00, 9.134e+00, 9.137e+00, 9.139e+00, 9.150e+00, 9.148e+00, 9.132e+00, 9.122e+00, 9.101e+00, 9.079e+00, 9.063e+00, 9.057e+00, 9.050e+00, 9.058e+00, 9.080e+00, 9.095e+00, 9.114e+00, 9.098e+00, 9.100e+00, 9.104e+00, 9.120e+00, 9.108e+00, 9.092e+00, 9.082e+00, 9.080e+00, 9.065e+00, 9.085e+00, 9.074e+00, 9.077e+00, 9.062e+00, 9.052e+00, 9.032e+00, 9.041e+00, 9.029e+00, 9.022e+00, 9.018e+00, 9.032e+00, 9.026e+00, 9.024e+00, 9.003e+00, 8.952e+00, 8.957e+00, 8.968e+00, 8.994e+00, 8.999e+00, 8.996e+00, 9.002e+00, 9.016e+00, 9.048e+00]
[2024-05-29 03:58:36] PPL: 9.048e+00
