[2024-05-29 03:46:43] Environments:
------------  --------------------------------------------------------------------------------
sys.platform  linux
python        3.12.3 (main, Apr 27 2024, 19:00:21) [GCC 11.4.0]
datasets      2.19.1 @/home/giung/transformerx/.venv/lib/python3.12/site-packages/datasets
jax           0.4.28 @/home/giung/transformerx/.venv/lib/python3.12/site-packages/jax
jaxlib        0.4.28 @/home/giung/transformerx/.venv/lib/python3.12/site-packages/jaxlib
transformers  4.41.1 @/home/giung/transformerx/.venv/lib/python3.12/site-packages/transformers
------------  --------------------------------------------------------------------------------

[2024-05-29 03:46:43] Command line arguments:
- args.model      : microsoft/Phi-3-medium-4k-instruct
- args.data       : ptb
- args.seqlen     : 2048
- args.bits       : 5
- args.group_size : 32
- args.save       : save/ptb/microsoft/Phi-3-medium-4k-instruct/b5-g32
- args.seed       : 45112657

[2024-05-29 03:46:43] Local devices:
[TpuDevice(id=0, process_index=0, coords=(0,0,0), core_on_chip=0), TpuDevice(id=1, process_index=0, coords=(1,0,0), core_on_chip=0), TpuDevice(id=2, process_index=0, coords=(0,1,0), core_on_chip=0), TpuDevice(id=3, process_index=0, coords=(1,1,0), core_on_chip=0)]

[2024-05-29 03:50:46] nlls=[5.120e+03, 4.879e+03, 4.904e+03, 5.082e+03, 5.194e+03, 4.734e+03, 4.896e+03, 4.579e+03, 4.709e+03, 4.531e+03, 4.879e+03, 4.285e+03, 5.356e+03, 5.087e+03, 5.095e+03, 5.356e+03, 4.901e+03, 4.379e+03, 5.489e+03, 4.568e+03, 4.637e+03, 5.408e+03, 4.813e+03, 5.283e+03, 5.444e+03, 4.742e+03, 4.812e+03, 5.079e+03, 4.682e+03, 5.447e+03, 4.654e+03, 4.870e+03, 4.334e+03, 5.731e+03, 5.208e+03, 5.820e+03, 5.671e+03, 5.192e+03, 4.974e+03, 5.353e+03, 5.145e+03, 5.131e+03, 4.986e+03, 5.500e+03, 5.026e+03, 4.581e+03, 4.816e+03, 4.716e+03, 4.527e+03, 4.747e+03, 5.127e+03, 4.850e+03]
[2024-05-29 03:50:46] ppls=[1.218e+01, 1.149e+01, 1.131e+01, 1.147e+01, 1.169e+01, 1.141e+01, 1.134e+01, 1.107e+01, 1.094e+01, 1.074e+01, 1.075e+01, 1.050e+01, 1.072e+01, 1.080e+01, 1.088e+01, 1.104e+01, 1.103e+01, 1.087e+01, 1.104e+01, 1.095e+01, 1.088e+01, 1.101e+01, 1.098e+01, 1.107e+01, 1.118e+01, 1.114e+01, 1.111e+01, 1.114e+01, 1.109e+01, 1.119e+01, 1.114e+01, 1.113e+01, 1.103e+01, 1.116e+01, 1.120e+01, 1.133e+01, 1.144e+01, 1.147e+01, 1.146e+01, 1.151e+01, 1.153e+01, 1.155e+01, 1.155e+01, 1.161e+01, 1.161e+01, 1.156e+01, 1.153e+01, 1.150e+01, 1.144e+01, 1.142e+01, 1.143e+01, 1.142e+01]
[2024-05-29 03:50:46] PPL: 1.142e+01
