[2024-05-29 04:02:45] Environments:
------------  --------------------------------------------------------------------------------
sys.platform  linux
python        3.12.3 (main, Apr 27 2024, 19:00:21) [GCC 11.4.0]
datasets      2.19.1 @/home/giung/transformerx/.venv/lib/python3.12/site-packages/datasets
jax           0.4.28 @/home/giung/transformerx/.venv/lib/python3.12/site-packages/jax
jaxlib        0.4.28 @/home/giung/transformerx/.venv/lib/python3.12/site-packages/jaxlib
transformers  4.41.1 @/home/giung/transformerx/.venv/lib/python3.12/site-packages/transformers
------------  --------------------------------------------------------------------------------

[2024-05-29 04:02:45] Command line arguments:
- args.model      : microsoft/Phi-3-mini-4k-instruct
- args.data       : ptb
- args.seqlen     : 2048
- args.bits       : 5
- args.group_size : 1
- args.save       : save/ptb/microsoft/Phi-3-mini-4k-instruct/b5-g1
- args.seed       : 46360196

[2024-05-29 04:02:45] Local devices:
[TpuDevice(id=0, process_index=0, coords=(0,0,0), core_on_chip=0), TpuDevice(id=1, process_index=0, coords=(1,0,0), core_on_chip=0), TpuDevice(id=2, process_index=0, coords=(0,1,0), core_on_chip=0), TpuDevice(id=3, process_index=0, coords=(1,1,0), core_on_chip=0)]

[2024-05-29 04:03:58] nlls=[5.613e+03, 5.331e+03, 5.457e+03, 5.545e+03, 5.630e+03, 5.234e+03, 5.319e+03, 5.069e+03, 4.999e+03, 5.020e+03, 5.350e+03, 4.678e+03, 5.667e+03, 5.559e+03, 5.590e+03, 5.824e+03, 5.332e+03, 4.734e+03, 5.874e+03, 5.013e+03, 5.087e+03, 5.837e+03, 5.153e+03, 5.660e+03, 5.770e+03, 5.066e+03, 5.232e+03, 5.558e+03, 5.201e+03, 5.769e+03, 5.124e+03, 5.148e+03, 4.874e+03, 6.097e+03, 5.635e+03, 6.139e+03, 6.127e+03, 5.648e+03, 5.425e+03, 5.830e+03, 5.671e+03, 5.680e+03, 5.443e+03, 5.885e+03, 5.439e+03, 4.960e+03, 5.326e+03, 5.252e+03, 4.917e+03, 5.224e+03, 5.662e+03, 5.388e+03]
[2024-05-29 04:03:58] ppls=[1.550e+01, 1.447e+01, 1.443e+01, 1.457e+01, 1.478e+01, 1.444e+01, 1.429e+01, 1.397e+01, 1.367e+01, 1.344e+01, 1.346e+01, 1.311e+01, 1.331e+01, 1.343e+01, 1.355e+01, 1.375e+01, 1.374e+01, 1.350e+01, 1.369e+01, 1.358e+01, 1.350e+01, 1.365e+01, 1.359e+01, 1.368e+01, 1.379e+01, 1.371e+01, 1.368e+01, 1.373e+01, 1.369e+01, 1.378e+01, 1.373e+01, 1.368e+01, 1.358e+01, 1.373e+01, 1.378e+01, 1.393e+01, 1.406e+01, 1.411e+01, 1.411e+01, 1.418e+01, 1.422e+01, 1.426e+01, 1.426e+01, 1.433e+01, 1.433e+01, 1.425e+01, 1.424e+01, 1.421e+01, 1.413e+01, 1.411e+01, 1.414e+01, 1.413e+01]
[2024-05-29 04:03:58] PPL: 1.413e+01
