[2024-05-29 04:02:38] Environments:
------------  --------------------------------------------------------------------------------
sys.platform  linux
python        3.12.3 (main, Apr 27 2024, 19:00:21) [GCC 11.4.0]
datasets      2.19.1 @/home/giung/transformerx/.venv/lib/python3.12/site-packages/datasets
jax           0.4.28 @/home/giung/transformerx/.venv/lib/python3.12/site-packages/jax
jaxlib        0.4.28 @/home/giung/transformerx/.venv/lib/python3.12/site-packages/jaxlib
transformers  4.41.1 @/home/giung/transformerx/.venv/lib/python3.12/site-packages/transformers
------------  --------------------------------------------------------------------------------

[2024-05-29 04:02:38] Command line arguments:
- args.model      : microsoft/Phi-3-mini-4k-instruct
- args.data       : wikitext2
- args.seqlen     : 2048
- args.bits       : 3
- args.group_size : 16
- args.save       : save/wikitext2/microsoft/Phi-3-mini-4k-instruct/b3-g16
- args.seed       : 39632238

[2024-05-29 04:02:38] Local devices:
[TpuDevice(id=0, process_index=0, coords=(0,0,0), core_on_chip=0), TpuDevice(id=1, process_index=0, coords=(1,0,0), core_on_chip=0), TpuDevice(id=2, process_index=0, coords=(0,1,0), core_on_chip=0), TpuDevice(id=3, process_index=0, coords=(1,1,0), core_on_chip=0)]

[2024-05-29 04:04:09] nlls=[3.163e+04, 2.878e+04, 2.922e+04, 2.746e+04, 2.675e+04, 2.656e+04, 2.816e+04, 2.634e+04, 2.602e+04, 2.842e+04, 2.733e+04, 2.808e+04, 2.761e+04, 2.626e+04, 2.813e+04, 2.819e+04, 2.550e+04, 3.229e+04, 2.745e+04, 2.650e+04, 2.935e+04, 2.743e+04, 2.612e+04, 3.026e+04, 2.723e+04, 2.878e+04, 2.976e+04, 2.938e+04, 2.802e+04, 2.963e+04, 3.005e+04, 3.113e+04, 2.639e+04, 2.881e+04, 2.812e+04, 2.747e+04, 2.789e+04, 2.853e+04, 2.975e+04, 2.960e+04, 2.777e+04, 2.728e+04, 2.922e+04, 2.600e+04, 2.529e+04, 2.661e+04, 2.782e+04, 2.861e+04, 3.164e+04, 2.767e+04, 3.014e+04, 2.993e+04, 2.842e+04, 2.947e+04, 2.933e+04, 2.951e+04, 2.845e+04, 2.726e+04, 2.964e+04, 2.798e+04, 2.851e+04, 2.804e+04, 3.014e+04, 2.889e+04, 2.675e+04, 2.769e+04, 2.747e+04, 2.661e+04, 2.957e+04, 2.706e+04, 2.675e+04, 2.739e+04, 2.843e+04, 2.799e+04, 2.762e+04, 2.787e+04, 2.702e+04, 2.952e+04, 3.095e+04, 2.466e+04, 2.475e+04, 2.622e+04, 2.876e+04, 3.260e+04, 2.966e+04, 2.670e+04, 2.570e+04, 2.873e+04, 2.836e+04, 2.837e+04, 2.828e+04, 2.843e+04, 2.899e+04, 3.118e+04, 3.012e+04, 2.871e+04, 2.991e+04, 3.188e+04, 3.007e+04, 2.930e+04, 3.014e+04, 3.054e+04, 2.804e+04, 2.915e+04, 2.718e+04, 3.237e+04, 3.057e+04, 2.732e+04, 3.056e+04, 2.943e+04, 3.389e+04, 2.857e+04, 2.855e+04, 2.768e+04, 2.747e+04, 2.621e+04, 2.870e+04, 2.661e+04, 2.941e+04, 2.841e+04, 2.629e+04, 2.756e+04, 2.975e+04, 2.513e+04, 2.576e+04, 2.601e+04, 2.894e+04, 2.762e+04, 2.808e+04, 2.886e+04, 2.750e+04, 2.768e+04, 2.734e+04, 3.053e+04, 2.792e+04, 2.752e+04, 2.678e+04, 2.540e+04, 2.966e+04, 2.726e+04, 2.645e+04, 2.894e+04, 2.986e+04, 2.800e+04, 2.823e+04, 2.807e+04, 2.972e+04, 3.061e+04, 2.562e+04, 2.858e+04, 2.797e+04, 2.633e+04, 2.711e+04, 2.866e+04, 2.774e+04, 2.661e+04, 2.837e+04, 2.719e+04, 3.147e+04, 2.808e+04, 2.860e+04, 3.015e+04, 2.652e+04, 2.606e+04, 3.005e+04, 2.848e+04]
[2024-05-29 04:04:09] ppls=[5.105e+06, 2.542e+06, 2.166e+06, 1.613e+06, 1.261e+06, 1.053e+06, 1.036e+06, 9.151e+05, 8.168e+05, 8.388e+05, 8.167e+05, 8.234e+05, 8.145e+05, 7.698e+05, 7.792e+05, 7.890e+05, 7.383e+05, 8.369e+05, 8.267e+05, 7.989e+05, 8.276e+05, 8.188e+05, 7.887e+05, 8.291e+05, 8.181e+05, 8.321e+05, 8.603e+05, 8.815e+05, 8.813e+05, 9.044e+05, 9.327e+05, 9.761e+05, 9.496e+05, 9.582e+05, 9.570e+05, 9.475e+05, 9.439e+05, 9.482e+05, 9.670e+05, 9.834e+05, 9.778e+05, 9.669e+05, 9.779e+05, 9.538e+05, 9.242e+05, 9.093e+05, 9.067e+05, 9.115e+05, 9.441e+05, 9.394e+05, 9.574e+05, 9.731e+05, 9.747e+05, 9.855e+05, 9.949e+05, 1.006e+06, 1.007e+06, 9.980e+05, 1.009e+06, 1.006e+06, 1.008e+06, 1.006e+06, 1.020e+06, 1.025e+06, 1.012e+06, 1.008e+06, 1.001e+06, 9.894e+05, 9.985e+05, 9.900e+05, 9.797e+05, 9.740e+05, 9.752e+05, 9.736e+05, 9.697e+05, 9.674e+05, 9.600e+05, 9.680e+05, 9.844e+05, 9.629e+05, 9.430e+05, 9.321e+05, 9.354e+05, 9.599e+05, 9.679e+05, 9.596e+05, 9.462e+05, 9.491e+05, 9.499e+05, 9.509e+05, 9.513e+05, 9.525e+05, 9.565e+05, 9.714e+05, 9.808e+05, 9.831e+05, 9.913e+05, 1.009e+06, 1.018e+06, 1.023e+06, 1.032e+06, 1.043e+06, 1.041e+06, 1.045e+06, 1.039e+06, 1.058e+06, 1.069e+06, 1.063e+06, 1.074e+06, 1.078e+06, 1.104e+06, 1.105e+06, 1.105e+06, 1.101e+06, 1.096e+06, 1.086e+06, 1.087e+06, 1.079e+06, 1.083e+06, 1.083e+06, 1.073e+06, 1.070e+06, 1.075e+06, 1.061e+06, 1.050e+06, 1.041e+06, 1.043e+06, 1.040e+06, 1.039e+06, 1.041e+06, 1.037e+06, 1.035e+06, 1.031e+06, 1.039e+06, 1.037e+06, 1.034e+06, 1.028e+06, 1.017e+06, 1.022e+06, 1.018e+06, 1.012e+06, 1.014e+06, 1.019e+06, 1.018e+06, 1.018e+06, 1.017e+06, 1.022e+06, 1.029e+06, 1.020e+06, 1.021e+06, 1.020e+06, 1.013e+06, 1.009e+06, 1.011e+06, 1.009e+06, 1.003e+06, 1.004e+06, 1.000e+06, 1.010e+06, 1.009e+06, 1.010e+06, 1.016e+06, 1.010e+06, 1.003e+06, 1.009e+06, 1.009e+06]
[2024-05-29 04:04:09] PPL: 1.009e+06
