[2024-05-29 04:00:13] Environments:
------------  --------------------------------------------------------------------------------
sys.platform  linux
python        3.12.3 (main, Apr 27 2024, 19:00:21) [GCC 11.4.0]
datasets      2.19.1 @/home/giung/transformerx/.venv/lib/python3.12/site-packages/datasets
jax           0.4.28 @/home/giung/transformerx/.venv/lib/python3.12/site-packages/jax
jaxlib        0.4.28 @/home/giung/transformerx/.venv/lib/python3.12/site-packages/jaxlib
transformers  4.41.1 @/home/giung/transformerx/.venv/lib/python3.12/site-packages/transformers
------------  --------------------------------------------------------------------------------

[2024-05-29 04:00:13] Command line arguments:
- args.model      : microsoft/Phi-3-mini-4k-instruct
- args.data       : ptb
- args.seqlen     : 2048
- args.bits       : 6
- args.group_size : 1
- args.save       : save/ptb/microsoft/Phi-3-mini-4k-instruct/b6-g1
- args.seed       : 15258473

[2024-05-29 04:00:13] Local devices:
[TpuDevice(id=0, process_index=0, coords=(0,0,0), core_on_chip=0), TpuDevice(id=1, process_index=0, coords=(1,0,0), core_on_chip=0), TpuDevice(id=2, process_index=0, coords=(0,1,0), core_on_chip=0), TpuDevice(id=3, process_index=0, coords=(1,1,0), core_on_chip=0)]

[2024-05-29 04:01:23] nlls=[5.548e+03, 5.218e+03, 5.347e+03, 5.454e+03, 5.520e+03, 5.115e+03, 5.230e+03, 4.944e+03, 4.926e+03, 4.944e+03, 5.291e+03, 4.605e+03, 5.579e+03, 5.482e+03, 5.517e+03, 5.749e+03, 5.247e+03, 4.669e+03, 5.785e+03, 4.938e+03, 5.009e+03, 5.740e+03, 5.124e+03, 5.569e+03, 5.682e+03, 5.022e+03, 5.151e+03, 5.466e+03, 5.091e+03, 5.711e+03, 5.035e+03, 5.133e+03, 4.763e+03, 6.032e+03, 5.550e+03, 6.062e+03, 6.006e+03, 5.540e+03, 5.322e+03, 5.737e+03, 5.584e+03, 5.592e+03, 5.361e+03, 5.791e+03, 5.337e+03, 4.909e+03, 5.327e+03, 5.160e+03, 4.829e+03, 5.116e+03, 5.542e+03, 5.335e+03]
[2024-05-29 04:01:23] ppls=[1.502e+01, 1.385e+01, 1.377e+01, 1.391e+01, 1.409e+01, 1.374e+01, 1.361e+01, 1.328e+01, 1.302e+01, 1.282e+01, 1.286e+01, 1.254e+01, 1.273e+01, 1.285e+01, 1.297e+01, 1.317e+01, 1.316e+01, 1.294e+01, 1.312e+01, 1.302e+01, 1.294e+01, 1.308e+01, 1.304e+01, 1.313e+01, 1.323e+01, 1.317e+01, 1.314e+01, 1.318e+01, 1.314e+01, 1.323e+01, 1.318e+01, 1.315e+01, 1.305e+01, 1.319e+01, 1.324e+01, 1.338e+01, 1.351e+01, 1.354e+01, 1.354e+01, 1.361e+01, 1.364e+01, 1.368e+01, 1.368e+01, 1.375e+01, 1.374e+01, 1.368e+01, 1.367e+01, 1.365e+01, 1.358e+01, 1.355e+01, 1.357e+01, 1.357e+01]
[2024-05-29 04:01:23] PPL: 1.357e+01
