[2024-05-29 03:58:45] Environments:
------------  --------------------------------------------------------------------------------
sys.platform  linux
python        3.12.3 (main, Apr 27 2024, 19:00:21) [GCC 11.4.0]
datasets      2.19.1 @/home/giung/transformerx/.venv/lib/python3.12/site-packages/datasets
jax           0.4.28 @/home/giung/transformerx/.venv/lib/python3.12/site-packages/jax
jaxlib        0.4.28 @/home/giung/transformerx/.venv/lib/python3.12/site-packages/jaxlib
transformers  4.41.1 @/home/giung/transformerx/.venv/lib/python3.12/site-packages/transformers
------------  --------------------------------------------------------------------------------

[2024-05-29 03:58:45] Command line arguments:
- args.model      : microsoft/Phi-3-mini-4k-instruct
- args.data       : wikitext2
- args.seqlen     : 2048
- args.bits       : 4
- args.group_size : 16
- args.save       : save/wikitext2/microsoft/Phi-3-mini-4k-instruct/b4-g16
- args.seed       : 47069077

[2024-05-29 03:58:45] Local devices:
[TpuDevice(id=0, process_index=0, coords=(0,0,0), core_on_chip=0), TpuDevice(id=1, process_index=0, coords=(1,0,0), core_on_chip=0), TpuDevice(id=2, process_index=0, coords=(0,1,0), core_on_chip=0), TpuDevice(id=3, process_index=0, coords=(1,1,0), core_on_chip=0)]

[2024-05-29 04:00:18] nlls=[4.655e+03, 5.488e+03, 6.015e+03, 6.124e+03, 4.796e+03, 5.464e+03, 4.714e+03, 4.505e+03, 5.158e+03, 5.391e+03, 5.670e+03, 5.337e+03, 5.181e+03, 5.412e+03, 5.661e+03, 5.641e+03, 5.691e+03, 5.779e+03, 6.622e+03, 5.460e+03, 5.493e+03, 4.938e+03, 4.773e+03, 5.846e+03, 5.510e+03, 5.302e+03, 5.624e+03, 5.410e+03, 5.752e+03, 5.344e+03, 6.286e+03, 6.004e+03, 5.569e+03, 5.564e+03, 5.204e+03, 5.529e+03, 4.967e+03, 5.069e+03, 4.930e+03, 5.391e+03, 5.292e+03, 4.318e+03, 4.064e+03, 4.484e+03, 4.302e+03, 4.488e+03, 4.663e+03, 5.471e+03, 6.159e+03, 6.408e+03, 6.055e+03, 6.541e+03, 5.691e+03, 5.460e+03, 5.608e+03, 5.478e+03, 4.653e+03, 5.716e+03, 5.080e+03, 4.954e+03, 4.778e+03, 4.560e+03, 4.492e+03, 4.546e+03, 4.359e+03, 4.213e+03, 4.676e+03, 5.109e+03, 5.522e+03, 5.890e+03, 5.845e+03, 5.850e+03, 6.205e+03, 4.756e+03, 5.384e+03, 5.689e+03, 5.156e+03, 5.335e+03, 4.884e+03, 5.004e+03, 4.356e+03, 4.902e+03, 5.764e+03, 6.583e+03, 5.846e+03, 4.939e+03, 5.305e+03, 5.010e+03, 5.457e+03, 5.588e+03, 5.312e+03, 5.347e+03, 5.904e+03, 4.681e+03, 4.882e+03, 5.080e+03, 5.089e+03, 5.027e+03, 4.983e+03, 5.244e+03, 5.532e+03, 5.595e+03, 5.618e+03, 5.973e+03, 6.628e+03, 6.468e+03, 6.143e+03, 6.525e+03, 6.422e+03, 6.318e+03, 5.611e+03, 5.658e+03, 4.968e+03, 5.573e+03, 5.208e+03, 5.306e+03, 5.658e+03, 5.483e+03, 5.504e+03, 5.433e+03, 5.346e+03, 5.732e+03, 5.346e+03, 4.867e+03, 5.023e+03, 4.873e+03, 4.699e+03, 5.062e+03, 5.319e+03, 5.169e+03, 5.503e+03, 5.893e+03, 5.684e+03, 5.920e+03, 4.950e+03, 5.178e+03, 5.466e+03, 5.699e+03, 4.876e+03, 4.739e+03, 4.913e+03, 5.202e+03, 5.042e+03, 6.287e+03, 4.997e+03, 5.510e+03, 4.741e+03, 4.639e+03, 4.637e+03, 5.778e+03, 4.778e+03, 5.069e+03, 4.943e+03, 5.953e+03, 5.057e+03, 5.123e+03, 4.540e+03, 3.285e+03, 5.575e+03, 5.563e+03, 6.187e+03, 5.465e+03, 5.426e+03, 5.678e+03, 5.921e+03, 6.551e+03]
[2024-05-29 04:00:18] ppls=[9.708e+00, 1.190e+01, 1.387e+01, 1.518e+01, 1.408e+01, 1.413e+01, 1.345e+01, 1.279e+01, 1.275e+01, 1.286e+01, 1.311e+01, 1.315e+01, 1.310e+01, 1.317e+01, 1.333e+01, 1.347e+01, 1.361e+01, 1.377e+01, 1.422e+01, 1.423e+01, 1.425e+01, 1.409e+01, 1.390e+01, 1.403e+01, 1.406e+01, 1.403e+01, 1.408e+01, 1.408e+01, 1.416e+01, 1.414e+01, 1.433e+01, 1.445e+01, 1.447e+01, 1.449e+01, 1.444e+01, 1.445e+01, 1.436e+01, 1.428e+01, 1.419e+01, 1.418e+01, 1.416e+01, 1.398e+01, 1.377e+01, 1.363e+01, 1.348e+01, 1.336e+01, 1.327e+01, 1.329e+01, 1.341e+01, 1.355e+01, 1.365e+01, 1.380e+01, 1.384e+01, 1.385e+01, 1.388e+01, 1.389e+01, 1.380e+01, 1.384e+01, 1.381e+01, 1.376e+01, 1.369e+01, 1.361e+01, 1.352e+01, 1.344e+01, 1.334e+01, 1.323e+01, 1.317e+01, 1.316e+01, 1.318e+01, 1.324e+01, 1.329e+01, 1.334e+01, 1.342e+01, 1.337e+01, 1.337e+01, 1.341e+01, 1.339e+01, 1.340e+01, 1.336e+01, 1.333e+01, 1.326e+01, 1.323e+01, 1.326e+01, 1.336e+01, 1.341e+01, 1.338e+01, 1.338e+01, 1.335e+01, 1.337e+01, 1.339e+01, 1.339e+01, 1.339e+01, 1.343e+01, 1.338e+01, 1.336e+01, 1.334e+01, 1.333e+01, 1.331e+01, 1.329e+01, 1.328e+01, 1.330e+01, 1.332e+01, 1.334e+01, 1.338e+01, 1.346e+01, 1.353e+01, 1.358e+01, 1.365e+01, 1.372e+01, 1.378e+01, 1.379e+01, 1.381e+01, 1.379e+01, 1.380e+01, 1.379e+01, 1.378e+01, 1.380e+01, 1.381e+01, 1.381e+01, 1.382e+01, 1.381e+01, 1.383e+01, 1.383e+01, 1.380e+01, 1.379e+01, 1.376e+01, 1.372e+01, 1.371e+01, 1.371e+01, 1.370e+01, 1.370e+01, 1.373e+01, 1.375e+01, 1.377e+01, 1.375e+01, 1.374e+01, 1.375e+01, 1.376e+01, 1.374e+01, 1.371e+01, 1.369e+01, 1.368e+01, 1.367e+01, 1.371e+01, 1.369e+01, 1.370e+01, 1.367e+01, 1.364e+01, 1.361e+01, 1.363e+01, 1.360e+01, 1.359e+01, 1.357e+01, 1.360e+01, 1.359e+01, 1.358e+01, 1.354e+01, 1.346e+01, 1.347e+01, 1.348e+01, 1.351e+01, 1.352e+01, 1.352e+01, 1.354e+01, 1.356e+01, 1.361e+01]
[2024-05-29 04:00:18] PPL: 1.361e+01
