[2024-05-29 03:14:54] Environments:
------------  --------------------------------------------------------------------------------
sys.platform  linux
python        3.12.3 (main, Apr 27 2024, 19:00:21) [GCC 11.4.0]
datasets      2.19.1 @/home/giung/transformerx/.venv/lib/python3.12/site-packages/datasets
jax           0.4.28 @/home/giung/transformerx/.venv/lib/python3.12/site-packages/jax
jaxlib        0.4.28 @/home/giung/transformerx/.venv/lib/python3.12/site-packages/jaxlib
transformers  4.41.1 @/home/giung/transformerx/.venv/lib/python3.12/site-packages/transformers
------------  --------------------------------------------------------------------------------

[2024-05-29 03:14:54] Command line arguments:
- args.model      : microsoft/Phi-3-medium-4k-instruct
- args.data       : wikitext2
- args.seqlen     : 2048
- args.bits       : 4
- args.group_size : 1
- args.save       : save/wikitext2/microsoft/Phi-3-medium-4k-instruct/b4-g1
- args.seed       : 55276269

[2024-05-29 03:14:54] Local devices:
[TpuDevice(id=0, process_index=0, coords=(0,0,0), core_on_chip=0), TpuDevice(id=1, process_index=0, coords=(1,0,0), core_on_chip=0), TpuDevice(id=2, process_index=0, coords=(0,1,0), core_on_chip=0), TpuDevice(id=3, process_index=0, coords=(1,1,0), core_on_chip=0)]

[2024-05-29 03:25:31] nlls=[3.382e+03, 4.805e+03, 5.517e+03, 5.174e+03, 3.510e+03, 3.775e+03, 3.257e+03, 3.033e+03, 3.795e+03, 4.144e+03, 4.281e+03, 3.997e+03, 3.606e+03, 4.040e+03, 4.384e+03, 4.281e+03, 4.086e+03, 4.177e+03, 4.669e+03, 4.206e+03, 4.116e+03, 3.720e+03, 3.638e+03, 4.039e+03, 4.075e+03, 3.827e+03, 4.192e+03, 3.968e+03, 4.224e+03, 4.280e+03, 5.061e+03, 4.616e+03, 4.420e+03, 3.669e+03, 3.238e+03, 3.414e+03, 3.036e+03, 3.249e+03, 3.565e+03, 4.277e+03, 4.156e+03, 2.990e+03, 2.779e+03, 3.129e+03, 2.768e+03, 3.004e+03, 3.332e+03, 4.038e+03, 4.941e+03, 5.192e+03, 5.008e+03, 4.847e+03, 4.877e+03, 4.027e+03, 4.382e+03, 4.336e+03, 3.327e+03, 4.255e+03, 3.691e+03, 3.442e+03, 3.368e+03, 3.410e+03, 3.064e+03, 3.289e+03, 3.026e+03, 2.864e+03, 3.243e+03, 3.562e+03, 4.181e+03, 4.353e+03, 4.512e+03, 4.522e+03, 4.682e+03, 3.313e+03, 3.442e+03, 3.947e+03, 3.524e+03, 3.491e+03, 3.564e+03, 3.638e+03, 2.745e+03, 3.947e+03, 4.312e+03, 4.639e+03, 4.356e+03, 3.542e+03, 3.917e+03, 3.872e+03, 4.056e+03, 3.960e+03, 3.881e+03, 4.413e+03, 5.056e+03, 3.527e+03, 3.601e+03, 3.817e+03, 3.935e+03, 3.672e+03, 3.553e+03, 3.552e+03, 4.094e+03, 4.237e+03, 3.914e+03, 4.250e+03, 5.419e+03, 5.108e+03, 4.743e+03, 4.759e+03, 4.916e+03, 4.744e+03, 4.235e+03, 4.213e+03, 3.867e+03, 4.184e+03, 3.794e+03, 4.426e+03, 5.040e+03, 4.698e+03, 3.847e+03, 4.713e+03, 4.135e+03, 4.791e+03, 4.091e+03, 4.430e+03, 4.463e+03, 3.540e+03, 3.973e+03, 4.102e+03, 3.668e+03, 3.797e+03, 4.207e+03, 4.312e+03, 4.008e+03, 4.425e+03, 3.460e+03, 4.153e+03, 4.069e+03, 4.183e+03, 3.673e+03, 3.593e+03, 3.503e+03, 3.886e+03, 3.347e+03, 4.462e+03, 3.680e+03, 4.057e+03, 3.503e+03, 3.572e+03, 3.316e+03, 4.176e+03, 3.628e+03, 3.847e+03, 4.251e+03, 4.470e+03, 3.841e+03, 4.014e+03, 3.416e+03, 2.299e+03, 4.032e+03, 4.232e+03, 4.695e+03, 4.046e+03, 3.798e+03, 4.417e+03, 4.344e+03, 4.781e+03]
[2024-05-29 03:25:31] ppls=[5.215e+00, 7.380e+00, 9.304e+00, 1.002e+01, 8.902e+00, 8.407e+00, 7.784e+00, 7.248e+00, 7.146e+00, 7.186e+00, 7.264e+00, 7.245e+00, 7.124e+00, 7.129e+00, 7.213e+00, 7.265e+00, 7.270e+00, 7.293e+00, 7.406e+00, 7.425e+00, 7.427e+00, 7.363e+00, 7.293e+00, 7.289e+00, 7.290e+00, 7.257e+00, 7.274e+00, 7.262e+00, 7.282e+00, 7.308e+00, 7.422e+00, 7.480e+00, 7.513e+00, 7.464e+00, 7.373e+00, 7.305e+00, 7.206e+00, 7.133e+00, 7.092e+00, 7.115e+00, 7.127e+00, 7.042e+00, 6.945e+00, 6.880e+00, 6.793e+00, 6.727e+00, 6.687e+00, 6.697e+00, 6.767e+00, 6.852e+00, 6.922e+00, 6.980e+00, 7.038e+00, 7.040e+00, 7.064e+00, 7.085e+00, 7.043e+00, 7.059e+00, 7.040e+00, 7.009e+00, 6.974e+00, 6.943e+00, 6.894e+00, 6.860e+00, 6.812e+00, 6.759e+00, 6.726e+00, 6.709e+00, 6.723e+00, 6.744e+00, 6.772e+00, 6.800e+00, 6.834e+00, 6.806e+00, 6.785e+00, 6.786e+00, 6.769e+00, 6.751e+00, 6.737e+00, 6.725e+00, 6.679e+00, 6.681e+00, 6.698e+00, 6.727e+00, 6.744e+00, 6.730e+00, 6.731e+00, 6.729e+00, 6.735e+00, 6.737e+00, 6.736e+00, 6.754e+00, 6.795e+00, 6.781e+00, 6.770e+00, 6.766e+00, 6.767e+00, 6.759e+00, 6.747e+00, 6.735e+00, 6.741e+00, 6.752e+00, 6.752e+00, 6.763e+00, 6.810e+00, 6.847e+00, 6.872e+00, 6.897e+00, 6.927e+00, 6.951e+00, 6.959e+00, 6.967e+00, 6.963e+00, 6.970e+00, 6.964e+00, 6.977e+00, 7.008e+00, 7.029e+00, 7.025e+00, 7.045e+00, 7.049e+00, 7.072e+00, 7.074e+00, 7.086e+00, 7.098e+00, 7.085e+00, 7.084e+00, 7.087e+00, 7.078e+00, 7.072e+00, 7.077e+00, 7.085e+00, 7.085e+00, 7.096e+00, 7.082e+00, 7.085e+00, 7.087e+00, 7.091e+00, 7.083e+00, 7.073e+00, 7.060e+00, 7.057e+00, 7.042e+00, 7.053e+00, 7.045e+00, 7.047e+00, 7.035e+00, 7.025e+00, 7.010e+00, 7.014e+00, 7.006e+00, 7.003e+00, 7.008e+00, 7.019e+00, 7.016e+00, 7.016e+00, 7.004e+00, 6.967e+00, 6.969e+00, 6.974e+00, 6.989e+00, 6.991e+00, 6.987e+00, 6.996e+00, 7.003e+00, 7.020e+00]
[2024-05-29 03:25:31] PPL: 7.020e+00
