[2024-05-29 03:39:18] Environments:
------------  --------------------------------------------------------------------------------
sys.platform  linux
python        3.12.3 (main, Apr 27 2024, 19:00:21) [GCC 11.4.0]
datasets      2.19.1 @/home/giung/transformerx/.venv/lib/python3.12/site-packages/datasets
jax           0.4.28 @/home/giung/transformerx/.venv/lib/python3.12/site-packages/jax
jaxlib        0.4.28 @/home/giung/transformerx/.venv/lib/python3.12/site-packages/jaxlib
transformers  4.41.1 @/home/giung/transformerx/.venv/lib/python3.12/site-packages/transformers
------------  --------------------------------------------------------------------------------

[2024-05-29 03:39:18] Command line arguments:
- args.model      : microsoft/Phi-3-medium-4k-instruct
- args.data       : wikitext2
- args.seqlen     : 2048
- args.bits       : 3
- args.group_size : 128
- args.save       : save/wikitext2/microsoft/Phi-3-medium-4k-instruct/b3-g128
- args.seed       : 19367481

[2024-05-29 03:39:18] Local devices:
[TpuDevice(id=0, process_index=0, coords=(0,0,0), core_on_chip=0), TpuDevice(id=1, process_index=0, coords=(1,0,0), core_on_chip=0), TpuDevice(id=2, process_index=0, coords=(0,1,0), core_on_chip=0), TpuDevice(id=3, process_index=0, coords=(1,1,0), core_on_chip=0)]

[2024-05-29 03:43:58] nlls=[2.983e+04, 2.978e+04, 3.017e+04, 3.051e+04, 3.105e+04, 2.988e+04, 3.205e+04, 3.022e+04, 3.042e+04, 3.060e+04, 3.095e+04, 3.245e+04, 3.207e+04, 3.188e+04, 3.178e+04, 3.085e+04, 3.066e+04, 3.032e+04, 3.100e+04, 3.081e+04, 3.065e+04, 3.016e+04, 3.074e+04, 3.052e+04, 3.142e+04, 3.058e+04, 3.057e+04, 3.171e+04, 3.162e+04, 3.046e+04, 3.066e+04, 3.009e+04, 3.005e+04, 3.039e+04, 3.110e+04, 3.024e+04, 3.004e+04, 2.934e+04, 3.052e+04, 3.042e+04, 3.191e+04, 3.091e+04, 3.105e+04, 3.029e+04, 3.084e+04, 3.098e+04, 3.077e+04, 3.114e+04, 3.075e+04, 3.093e+04, 3.049e+04, 3.006e+04, 3.091e+04, 3.210e+04, 3.127e+04, 3.081e+04, 3.045e+04, 3.100e+04, 2.926e+04, 3.038e+04, 3.174e+04, 3.142e+04, 3.050e+04, 3.074e+04, 3.037e+04, 3.095e+04, 3.128e+04, 3.015e+04, 3.133e+04, 3.192e+04, 3.182e+04, 3.139e+04, 3.168e+04, 3.110e+04, 3.187e+04, 3.125e+04, 3.209e+04, 3.182e+04, 3.103e+04, 3.008e+04, 2.826e+04, 3.052e+04, 3.086e+04, 3.122e+04, 3.112e+04, 3.111e+04, 3.064e+04, 3.081e+04, 3.105e+04, 3.101e+04, 3.065e+04, 2.991e+04, 3.087e+04, 3.065e+04, 2.986e+04, 3.047e+04, 3.073e+04, 3.266e+04, 3.222e+04, 3.156e+04, 3.130e+04, 3.156e+04, 3.140e+04, 3.170e+04, 3.046e+04, 2.986e+04, 3.108e+04, 3.031e+04, 3.175e+04, 3.074e+04, 3.176e+04, 2.976e+04, 3.192e+04, 3.097e+04, 3.025e+04, 3.142e+04, 2.974e+04, 3.039e+04, 3.064e+04, 2.942e+04, 2.976e+04, 2.955e+04, 3.104e+04, 3.078e+04, 3.189e+04, 3.086e+04, 3.082e+04, 3.273e+04, 3.092e+04, 3.078e+04, 3.139e+04, 3.110e+04, 3.103e+04, 3.210e+04, 3.099e+04, 3.114e+04, 3.148e+04, 3.104e+04, 3.153e+04, 3.090e+04, 3.031e+04, 3.132e+04, 3.294e+04, 3.168e+04, 3.115e+04, 3.148e+04, 3.164e+04, 3.288e+04, 3.039e+04, 3.208e+04, 3.074e+04, 3.105e+04, 3.130e+04, 3.262e+04, 2.988e+04, 3.036e+04, 3.150e+04, 2.891e+04, 3.099e+04, 3.066e+04, 3.180e+04, 3.178e+04, 3.167e+04, 3.138e+04, 3.109e+04, 3.005e+04]
[2024-05-29 03:43:58] ppls=[2.116e+06, 2.090e+06, 2.218e+06, 2.382e+06, 2.621e+06, 2.540e+06, 2.889e+06, 2.847e+06, 2.844e+06, 2.868e+06, 2.931e+06, 3.173e+06, 3.346e+06, 3.479e+06, 3.585e+06, 3.579e+06, 3.554e+06, 3.500e+06, 3.512e+06, 3.508e+06, 3.490e+06, 3.437e+06, 3.431e+06, 3.410e+06, 3.452e+06, 3.435e+06, 3.420e+06, 3.474e+06, 3.519e+06, 3.496e+06, 3.485e+06, 3.445e+06, 3.405e+06, 3.385e+06, 3.400e+06, 3.374e+06, 3.341e+06, 3.280e+06, 3.272e+06, 3.259e+06, 3.306e+06, 3.312e+06, 3.324e+06, 3.307e+06, 3.310e+06, 3.318e+06, 3.319e+06, 3.332e+06, 3.332e+06, 3.338e+06, 3.329e+06, 3.307e+06, 3.312e+06, 3.353e+06, 3.368e+06, 3.369e+06, 3.359e+06, 3.365e+06, 3.323e+06, 3.313e+06, 3.340e+06, 3.357e+06, 3.350e+06, 3.349e+06, 3.339e+06, 3.344e+06, 3.356e+06, 3.341e+06, 3.355e+06, 3.382e+06, 3.406e+06, 3.419e+06, 3.439e+06, 3.446e+06, 3.469e+06, 3.478e+06, 3.506e+06, 3.527e+06, 3.530e+06, 3.513e+06, 3.458e+06, 3.452e+06, 3.452e+06, 3.460e+06, 3.466e+06, 3.471e+06, 3.467e+06, 3.467e+06, 3.471e+06, 3.474e+06, 3.470e+06, 3.453e+06, 3.454e+06, 3.451e+06, 3.433e+06, 3.427e+06, 3.426e+06, 3.457e+06, 3.481e+06, 3.493e+06, 3.501e+06, 3.513e+06, 3.522e+06, 3.535e+06, 3.528e+06, 3.512e+06, 3.515e+06, 3.507e+06, 3.520e+06, 3.518e+06, 3.532e+06, 3.515e+06, 3.531e+06, 3.533e+06, 3.523e+06, 3.531e+06, 3.514e+06, 3.507e+06, 3.504e+06, 3.484e+06, 3.468e+06, 3.450e+06, 3.453e+06, 3.453e+06, 3.467e+06, 3.467e+06, 3.467e+06, 3.492e+06, 3.493e+06, 3.492e+06, 3.499e+06, 3.502e+06, 3.504e+06, 3.520e+06, 3.521e+06, 3.525e+06, 3.532e+06, 3.535e+06, 3.543e+06, 3.543e+06, 3.536e+06, 3.541e+06, 3.566e+06, 3.576e+06, 3.579e+06, 3.585e+06, 3.594e+06, 3.618e+06, 3.611e+06, 3.625e+06, 3.623e+06, 3.624e+06, 3.628e+06, 3.648e+06, 3.635e+06, 3.629e+06, 3.635e+06, 3.613e+06, 3.613e+06, 3.610e+06, 3.620e+06, 3.629e+06, 3.637e+06, 3.642e+06, 3.644e+06, 3.634e+06]
[2024-05-29 03:43:58] PPL: 3.634e+06
