[2024-05-29 04:05:44] Environments:
------------  --------------------------------------------------------------------------------
sys.platform  linux
python        3.12.3 (main, Apr 27 2024, 19:00:21) [GCC 11.4.0]
datasets      2.19.1 @/home/giung/transformerx/.venv/lib/python3.12/site-packages/datasets
jax           0.4.28 @/home/giung/transformerx/.venv/lib/python3.12/site-packages/jax
jaxlib        0.4.28 @/home/giung/transformerx/.venv/lib/python3.12/site-packages/jaxlib
transformers  4.41.1 @/home/giung/transformerx/.venv/lib/python3.12/site-packages/transformers
------------  --------------------------------------------------------------------------------

[2024-05-29 04:05:44] Command line arguments:
- args.model      : microsoft/Phi-3-mini-4k-instruct
- args.data       : ptb
- args.seqlen     : 2048
- args.bits       : 8
- args.group_size : 16
- args.save       : save/ptb/microsoft/Phi-3-mini-4k-instruct/b8-g16
- args.seed       : 46147697

[2024-05-29 04:05:44] Local devices:
[TpuDevice(id=0, process_index=0, coords=(0,0,0), core_on_chip=0), TpuDevice(id=1, process_index=0, coords=(1,0,0), core_on_chip=0), TpuDevice(id=2, process_index=0, coords=(0,1,0), core_on_chip=0), TpuDevice(id=3, process_index=0, coords=(1,1,0), core_on_chip=0)]

[2024-05-29 04:07:07] nlls=[5.508e+03, 5.208e+03, 5.326e+03, 5.433e+03, 5.505e+03, 5.091e+03, 5.203e+03, 4.917e+03, 4.891e+03, 4.877e+03, 5.267e+03, 4.584e+03, 5.533e+03, 5.473e+03, 5.480e+03, 5.709e+03, 5.194e+03, 4.617e+03, 5.765e+03, 4.909e+03, 5.006e+03, 5.714e+03, 5.090e+03, 5.551e+03, 5.659e+03, 4.995e+03, 5.118e+03, 5.439e+03, 5.079e+03, 5.690e+03, 5.013e+03, 5.100e+03, 4.724e+03, 6.005e+03, 5.518e+03, 6.040e+03, 5.984e+03, 5.524e+03, 5.319e+03, 5.711e+03, 5.529e+03, 5.547e+03, 5.326e+03, 5.781e+03, 5.289e+03, 4.862e+03, 5.215e+03, 5.115e+03, 4.805e+03, 5.090e+03, 5.524e+03, 5.288e+03]
[2024-05-29 04:07:07] ppls=[1.472e+01, 1.368e+01, 1.361e+01, 1.376e+01, 1.394e+01, 1.360e+01, 1.346e+01, 1.313e+01, 1.286e+01, 1.264e+01, 1.268e+01, 1.237e+01, 1.254e+01, 1.267e+01, 1.279e+01, 1.298e+01, 1.296e+01, 1.274e+01, 1.292e+01, 1.282e+01, 1.275e+01, 1.290e+01, 1.286e+01, 1.294e+01, 1.305e+01, 1.298e+01, 1.295e+01, 1.299e+01, 1.296e+01, 1.305e+01, 1.300e+01, 1.297e+01, 1.287e+01, 1.301e+01, 1.306e+01, 1.320e+01, 1.332e+01, 1.336e+01, 1.336e+01, 1.343e+01, 1.346e+01, 1.350e+01, 1.350e+01, 1.356e+01, 1.356e+01, 1.349e+01, 1.347e+01, 1.344e+01, 1.337e+01, 1.334e+01, 1.337e+01, 1.337e+01]
[2024-05-29 04:07:07] PPL: 1.337e+01
