[2024-05-29 03:59:05] Environments:
------------  --------------------------------------------------------------------------------
sys.platform  linux
python        3.12.3 (main, Apr 27 2024, 19:00:21) [GCC 11.4.0]
datasets      2.19.1 @/home/giung/transformerx/.venv/lib/python3.12/site-packages/datasets
jax           0.4.28 @/home/giung/transformerx/.venv/lib/python3.12/site-packages/jax
jaxlib        0.4.28 @/home/giung/transformerx/.venv/lib/python3.12/site-packages/jaxlib
transformers  4.41.1 @/home/giung/transformerx/.venv/lib/python3.12/site-packages/transformers
------------  --------------------------------------------------------------------------------

[2024-05-29 03:59:05] Command line arguments:
- args.model      : microsoft/Phi-3-mini-4k-instruct
- args.data       : wikitext2
- args.seqlen     : 2048
- args.bits       : 5
- args.group_size : 32
- args.save       : save/wikitext2/microsoft/Phi-3-mini-4k-instruct/b5-g32
- args.seed       : 6295171

[2024-05-29 03:59:05] Local devices:
[TpuDevice(id=0, process_index=0, coords=(0,0,0), core_on_chip=0), TpuDevice(id=1, process_index=0, coords=(1,0,0), core_on_chip=0), TpuDevice(id=2, process_index=0, coords=(0,1,0), core_on_chip=0), TpuDevice(id=3, process_index=0, coords=(1,1,0), core_on_chip=0)]

[2024-05-29 04:00:38] nlls=[3.439e+03, 4.440e+03, 4.750e+03, 4.487e+03, 3.736e+03, 4.212e+03, 3.652e+03, 3.373e+03, 4.170e+03, 4.270e+03, 5.150e+03, 4.221e+03, 3.953e+03, 4.268e+03, 4.578e+03, 4.790e+03, 4.896e+03, 4.873e+03, 5.781e+03, 4.474e+03, 4.518e+03, 3.776e+03, 3.546e+03, 4.334e+03, 4.410e+03, 4.322e+03, 4.403e+03, 4.178e+03, 4.502e+03, 4.195e+03, 5.277e+03, 5.192e+03, 4.523e+03, 3.930e+03, 3.467e+03, 3.384e+03, 3.159e+03, 3.648e+03, 3.610e+03, 4.451e+03, 4.078e+03, 3.296e+03, 2.956e+03, 3.408e+03, 3.209e+03, 3.391e+03, 3.676e+03, 4.449e+03, 5.204e+03, 5.437e+03, 4.964e+03, 4.855e+03, 4.512e+03, 4.388e+03, 4.700e+03, 4.947e+03, 3.704e+03, 4.524e+03, 3.950e+03, 3.663e+03, 3.550e+03, 3.596e+03, 3.246e+03, 3.425e+03, 3.394e+03, 3.067e+03, 3.591e+03, 4.034e+03, 4.258e+03, 4.787e+03, 4.938e+03, 4.753e+03, 4.917e+03, 3.570e+03, 3.875e+03, 4.422e+03, 3.856e+03, 3.719e+03, 4.009e+03, 4.024e+03, 2.998e+03, 3.716e+03, 4.478e+03, 5.061e+03, 4.707e+03, 3.854e+03, 4.460e+03, 4.148e+03, 4.340e+03, 4.402e+03, 4.075e+03, 4.050e+03, 4.713e+03, 3.706e+03, 3.929e+03, 4.032e+03, 3.952e+03, 3.943e+03, 3.817e+03, 3.877e+03, 4.362e+03, 4.511e+03, 4.309e+03, 4.854e+03, 5.574e+03, 5.404e+03, 5.099e+03, 5.016e+03, 5.363e+03, 5.188e+03, 4.533e+03, 4.503e+03, 4.116e+03, 4.552e+03, 3.795e+03, 4.274e+03, 4.507e+03, 4.356e+03, 4.139e+03, 4.289e+03, 4.297e+03, 4.413e+03, 4.531e+03, 3.823e+03, 3.882e+03, 3.598e+03, 3.511e+03, 3.700e+03, 3.777e+03, 3.927e+03, 4.375e+03, 5.022e+03, 4.938e+03, 5.180e+03, 3.817e+03, 4.200e+03, 4.414e+03, 4.770e+03, 3.864e+03, 3.724e+03, 3.821e+03, 4.089e+03, 3.617e+03, 4.870e+03, 3.935e+03, 4.299e+03, 3.717e+03, 3.890e+03, 3.482e+03, 4.477e+03, 3.746e+03, 3.869e+03, 3.909e+03, 4.599e+03, 4.078e+03, 4.129e+03, 3.532e+03, 2.515e+03, 4.545e+03, 4.456e+03, 5.729e+03, 4.509e+03, 4.191e+03, 4.426e+03, 4.527e+03, 5.581e+03]
[2024-05-29 04:00:38] ppls=[5.362e+00, 6.846e+00, 7.811e+00, 8.080e+00, 7.662e+00, 7.689e+00, 7.412e+00, 7.089e+00, 7.150e+00, 7.235e+00, 7.596e+00, 7.617e+00, 7.559e+00, 7.592e+00, 7.698e+00, 7.843e+00, 7.997e+00, 8.131e+00, 8.449e+00, 8.470e+00, 8.498e+00, 8.384e+00, 8.242e+00, 8.244e+00, 8.258e+00, 8.258e+00, 8.270e+00, 8.249e+00, 8.274e+00, 8.256e+00, 8.381e+00, 8.489e+00, 8.507e+00, 8.451e+00, 8.345e+00, 8.237e+00, 8.112e+00, 8.046e+00, 7.979e+00, 7.999e+00, 7.982e+00, 7.893e+00, 7.780e+00, 7.711e+00, 7.630e+00, 7.568e+00, 7.531e+00, 7.556e+00, 7.636e+00, 7.732e+00, 7.789e+00, 7.837e+00, 7.858e+00, 7.870e+00, 7.903e+00, 7.953e+00, 7.916e+00, 7.935e+00, 7.916e+00, 7.879e+00, 7.836e+00, 7.798e+00, 7.740e+00, 7.695e+00, 7.650e+00, 7.588e+00, 7.557e+00, 7.551e+00, 7.557e+00, 7.592e+00, 7.633e+00, 7.663e+00, 7.702e+00, 7.671e+00, 7.656e+00, 7.668e+00, 7.653e+00, 7.632e+00, 7.624e+00, 7.618e+00, 7.565e+00, 7.546e+00, 7.561e+00, 7.601e+00, 7.625e+00, 7.612e+00, 7.625e+00, 7.624e+00, 7.632e+00, 7.642e+00, 7.638e+00, 7.634e+00, 7.656e+00, 7.637e+00, 7.628e+00, 7.623e+00, 7.615e+00, 7.607e+00, 7.594e+00, 7.584e+00, 7.592e+00, 7.605e+00, 7.611e+00, 7.636e+00, 7.686e+00, 7.729e+00, 7.762e+00, 7.790e+00, 7.831e+00, 7.865e+00, 7.876e+00, 7.885e+00, 7.881e+00, 7.892e+00, 7.878e+00, 7.879e+00, 7.888e+00, 7.892e+00, 7.889e+00, 7.891e+00, 7.893e+00, 7.899e+00, 7.909e+00, 7.896e+00, 7.885e+00, 7.866e+00, 7.844e+00, 7.829e+00, 7.816e+00, 7.807e+00, 7.812e+00, 7.836e+00, 7.857e+00, 7.884e+00, 7.872e+00, 7.872e+00, 7.877e+00, 7.892e+00, 7.882e+00, 7.868e+00, 7.857e+00, 7.853e+00, 7.837e+00, 7.855e+00, 7.847e+00, 7.849e+00, 7.836e+00, 7.828e+00, 7.809e+00, 7.816e+00, 7.804e+00, 7.795e+00, 7.788e+00, 7.798e+00, 7.795e+00, 7.793e+00, 7.777e+00, 7.736e+00, 7.745e+00, 7.751e+00, 7.787e+00, 7.794e+00, 7.794e+00, 7.799e+00, 7.806e+00, 7.838e+00]
[2024-05-29 04:00:38] PPL: 7.838e+00
