[2024-05-29 04:00:12] Environments:
------------  --------------------------------------------------------------------------------
sys.platform  linux
python        3.12.3 (main, Apr 27 2024, 19:00:21) [GCC 11.4.0]
datasets      2.19.1 @/home/giung/transformerx/.venv/lib/python3.12/site-packages/datasets
jax           0.4.28 @/home/giung/transformerx/.venv/lib/python3.12/site-packages/jax
jaxlib        0.4.28 @/home/giung/transformerx/.venv/lib/python3.12/site-packages/jaxlib
transformers  4.41.1 @/home/giung/transformerx/.venv/lib/python3.12/site-packages/transformers
------------  --------------------------------------------------------------------------------

[2024-05-29 04:00:12] Command line arguments:
- args.model      : microsoft/Phi-3-mini-4k-instruct
- args.data       : wikitext2
- args.seqlen     : 2048
- args.bits       : 7
- args.group_size : 16
- args.save       : save/wikitext2/microsoft/Phi-3-mini-4k-instruct/b7-g16
- args.seed       : 13921219

[2024-05-29 04:00:12] Local devices:
[TpuDevice(id=0, process_index=0, coords=(0,0,0), core_on_chip=0), TpuDevice(id=1, process_index=0, coords=(1,0,0), core_on_chip=0), TpuDevice(id=2, process_index=0, coords=(0,1,0), core_on_chip=0), TpuDevice(id=3, process_index=0, coords=(1,1,0), core_on_chip=0)]

[2024-05-29 04:01:49] nlls=[3.133e+03, 3.801e+03, 4.319e+03, 3.922e+03, 3.411e+03, 3.654e+03, 3.181e+03, 2.801e+03, 3.701e+03, 3.866e+03, 4.620e+03, 3.938e+03, 3.595e+03, 3.972e+03, 3.917e+03, 4.301e+03, 4.509e+03, 4.273e+03, 5.528e+03, 4.133e+03, 4.106e+03, 3.470e+03, 3.034e+03, 3.894e+03, 4.081e+03, 3.936e+03, 4.044e+03, 3.807e+03, 4.067e+03, 3.902e+03, 4.877e+03, 4.640e+03, 4.175e+03, 3.459e+03, 3.022e+03, 2.895e+03, 2.600e+03, 3.254e+03, 3.334e+03, 3.918e+03, 3.606e+03, 2.996e+03, 2.660e+03, 3.157e+03, 2.788e+03, 3.006e+03, 3.370e+03, 3.945e+03, 4.956e+03, 5.026e+03, 4.540e+03, 4.239e+03, 4.110e+03, 3.966e+03, 4.375e+03, 4.393e+03, 3.366e+03, 4.137e+03, 3.503e+03, 3.212e+03, 3.339e+03, 3.229e+03, 2.971e+03, 3.125e+03, 2.942e+03, 2.767e+03, 2.988e+03, 3.562e+03, 3.935e+03, 4.397e+03, 4.553e+03, 4.518e+03, 4.559e+03, 3.167e+03, 3.446e+03, 4.022e+03, 3.513e+03, 3.444e+03, 3.603e+03, 3.668e+03, 2.651e+03, 3.368e+03, 4.121e+03, 4.675e+03, 4.275e+03, 3.492e+03, 4.043e+03, 3.877e+03, 4.020e+03, 4.029e+03, 3.837e+03, 3.769e+03, 4.345e+03, 3.463e+03, 3.601e+03, 3.632e+03, 3.537e+03, 3.608e+03, 3.509e+03, 3.542e+03, 4.091e+03, 4.188e+03, 3.914e+03, 4.446e+03, 5.300e+03, 5.011e+03, 4.761e+03, 4.589e+03, 5.002e+03, 4.820e+03, 4.245e+03, 4.238e+03, 3.894e+03, 4.226e+03, 3.494e+03, 3.972e+03, 4.264e+03, 4.059e+03, 3.647e+03, 3.921e+03, 3.689e+03, 4.000e+03, 3.825e+03, 3.432e+03, 3.489e+03, 3.075e+03, 3.148e+03, 3.218e+03, 3.333e+03, 3.546e+03, 4.030e+03, 4.504e+03, 4.224e+03, 4.507e+03, 3.413e+03, 3.883e+03, 3.981e+03, 4.192e+03, 3.593e+03, 3.521e+03, 3.450e+03, 3.757e+03, 3.197e+03, 4.338e+03, 3.707e+03, 3.990e+03, 3.422e+03, 3.554e+03, 3.222e+03, 4.204e+03, 3.449e+03, 3.502e+03, 3.567e+03, 4.015e+03, 3.775e+03, 3.834e+03, 3.433e+03, 2.267e+03, 4.149e+03, 4.166e+03, 4.918e+03, 4.380e+03, 3.676e+03, 4.032e+03, 4.232e+03, 5.189e+03]
[2024-05-29 04:01:49] ppls=[4.617e+00, 5.435e+00, 6.243e+00, 6.375e+00, 6.141e+00, 6.110e+00, 5.890e+00, 5.598e+00, 5.651e+00, 5.740e+00, 6.012e+00, 6.077e+00, 6.054e+00, 6.114e+00, 6.156e+00, 6.266e+00, 6.402e+00, 6.484e+00, 6.774e+00, 6.809e+00, 6.837e+00, 6.767e+00, 6.641e+00, 6.644e+00, 6.670e+00, 6.676e+00, 6.695e+00, 6.685e+00, 6.705e+00, 6.705e+00, 6.810e+00, 6.884e+00, 6.907e+00, 6.858e+00, 6.770e+00, 6.677e+00, 6.564e+00, 6.514e+00, 6.473e+00, 6.480e+00, 6.463e+00, 6.402e+00, 6.319e+00, 6.276e+00, 6.210e+00, 6.162e+00, 6.139e+00, 6.153e+00, 6.230e+00, 6.308e+00, 6.354e+00, 6.381e+00, 6.400e+00, 6.409e+00, 6.442e+00, 6.475e+00, 6.449e+00, 6.467e+00, 6.449e+00, 6.418e+00, 6.394e+00, 6.365e+00, 6.325e+00, 6.293e+00, 6.254e+00, 6.209e+00, 6.175e+00, 6.168e+00, 6.177e+00, 6.206e+00, 6.240e+00, 6.273e+00, 6.307e+00, 6.282e+00, 6.269e+00, 6.279e+00, 6.269e+00, 6.257e+00, 6.251e+00, 6.248e+00, 6.206e+00, 6.193e+00, 6.207e+00, 6.241e+00, 6.260e+00, 6.250e+00, 6.260e+00, 6.265e+00, 6.274e+00, 6.283e+00, 6.285e+00, 6.285e+00, 6.305e+00, 6.294e+00, 6.289e+00, 6.285e+00, 6.278e+00, 6.273e+00, 6.265e+00, 6.258e+00, 6.269e+00, 6.281e+00, 6.286e+00, 6.306e+00, 6.351e+00, 6.387e+00, 6.415e+00, 6.438e+00, 6.472e+00, 6.501e+00, 6.513e+00, 6.524e+00, 6.526e+00, 6.536e+00, 6.527e+00, 6.530e+00, 6.542e+00, 6.547e+00, 6.542e+00, 6.544e+00, 6.540e+00, 6.544e+00, 6.543e+00, 6.533e+00, 6.523e+00, 6.504e+00, 6.487e+00, 6.472e+00, 6.460e+00, 6.453e+00, 6.458e+00, 6.475e+00, 6.484e+00, 6.500e+00, 6.490e+00, 6.492e+00, 6.495e+00, 6.503e+00, 6.498e+00, 6.491e+00, 6.482e+00, 6.481e+00, 6.467e+00, 6.478e+00, 6.475e+00, 6.479e+00, 6.470e+00, 6.464e+00, 6.452e+00, 6.460e+00, 6.452e+00, 6.446e+00, 6.440e+00, 6.445e+00, 6.444e+00, 6.444e+00, 6.436e+00, 6.406e+00, 6.412e+00, 6.420e+00, 6.441e+00, 6.452e+00, 6.449e+00, 6.454e+00, 6.461e+00, 6.488e+00]
[2024-05-29 04:01:49] PPL: 6.488e+00
