[2024-05-29 04:03:00] Environments:
------------  --------------------------------------------------------------------------------
sys.platform  linux
python        3.12.3 (main, Apr 27 2024, 19:00:21) [GCC 11.4.0]
datasets      2.19.1 @/home/giung/transformerx/.venv/lib/python3.12/site-packages/datasets
jax           0.4.28 @/home/giung/transformerx/.venv/lib/python3.12/site-packages/jax
jaxlib        0.4.28 @/home/giung/transformerx/.venv/lib/python3.12/site-packages/jaxlib
transformers  4.41.1 @/home/giung/transformerx/.venv/lib/python3.12/site-packages/transformers
------------  --------------------------------------------------------------------------------

[2024-05-29 04:03:00] Command line arguments:
- args.model      : microsoft/Phi-3-mini-4k-instruct
- args.data       : ptb
- args.seqlen     : 2048
- args.bits       : 6
- args.group_size : 32
- args.save       : save/ptb/microsoft/Phi-3-mini-4k-instruct/b6-g32
- args.seed       : 1910756

[2024-05-29 04:03:00] Local devices:
[TpuDevice(id=0, process_index=0, coords=(0,0,0), core_on_chip=0), TpuDevice(id=1, process_index=0, coords=(1,0,0), core_on_chip=0), TpuDevice(id=2, process_index=0, coords=(0,1,0), core_on_chip=0), TpuDevice(id=3, process_index=0, coords=(1,1,0), core_on_chip=0)]

[2024-05-29 04:04:30] nlls=[5.599e+03, 5.306e+03, 5.425e+03, 5.517e+03, 5.601e+03, 5.119e+03, 5.303e+03, 5.015e+03, 4.999e+03, 4.988e+03, 5.342e+03, 4.678e+03, 5.637e+03, 5.558e+03, 5.571e+03, 5.818e+03, 5.315e+03, 4.714e+03, 5.812e+03, 4.975e+03, 5.080e+03, 5.827e+03, 5.173e+03, 5.644e+03, 5.753e+03, 5.070e+03, 5.220e+03, 5.539e+03, 5.155e+03, 5.752e+03, 5.104e+03, 5.178e+03, 4.852e+03, 6.073e+03, 5.611e+03, 6.094e+03, 6.096e+03, 5.606e+03, 5.423e+03, 5.789e+03, 5.640e+03, 5.635e+03, 5.421e+03, 5.816e+03, 5.385e+03, 4.969e+03, 5.363e+03, 5.213e+03, 4.872e+03, 5.177e+03, 5.618e+03, 5.390e+03]
[2024-05-29 04:04:30] ppls=[1.539e+01, 1.433e+01, 1.426e+01, 1.439e+01, 1.459e+01, 1.416e+01, 1.404e+01, 1.370e+01, 1.344e+01, 1.322e+01, 1.325e+01, 1.292e+01, 1.312e+01, 1.325e+01, 1.337e+01, 1.358e+01, 1.357e+01, 1.334e+01, 1.351e+01, 1.340e+01, 1.332e+01, 1.348e+01, 1.344e+01, 1.352e+01, 1.364e+01, 1.356e+01, 1.353e+01, 1.358e+01, 1.354e+01, 1.363e+01, 1.358e+01, 1.355e+01, 1.345e+01, 1.359e+01, 1.364e+01, 1.378e+01, 1.391e+01, 1.395e+01, 1.396e+01, 1.402e+01, 1.406e+01, 1.410e+01, 1.410e+01, 1.416e+01, 1.416e+01, 1.409e+01, 1.408e+01, 1.405e+01, 1.397e+01, 1.394e+01, 1.397e+01, 1.397e+01]
[2024-05-29 04:04:30] PPL: 1.397e+01
