[2024-05-29 03:13:46] Environments:
------------  --------------------------------------------------------------------------------
sys.platform  linux
python        3.12.3 (main, Apr 27 2024, 19:00:21) [GCC 11.4.0]
datasets      2.19.1 @/home/giung/transformerx/.venv/lib/python3.12/site-packages/datasets
jax           0.4.28 @/home/giung/transformerx/.venv/lib/python3.12/site-packages/jax
jaxlib        0.4.28 @/home/giung/transformerx/.venv/lib/python3.12/site-packages/jaxlib
transformers  4.41.1 @/home/giung/transformerx/.venv/lib/python3.12/site-packages/transformers
------------  --------------------------------------------------------------------------------

[2024-05-29 03:13:46] Command line arguments:
- args.model      : microsoft/Phi-3-medium-4k-instruct
- args.data       : wikitext2
- args.seqlen     : 2048
- args.bits       : 8
- args.group_size : 1
- args.save       : save/wikitext2/microsoft/Phi-3-medium-4k-instruct/b8-g1
- args.seed       : 47825396

[2024-05-29 03:13:46] Local devices:
[TpuDevice(id=0, process_index=0, coords=(0,0,0), core_on_chip=0), TpuDevice(id=1, process_index=0, coords=(1,0,0), core_on_chip=0), TpuDevice(id=2, process_index=0, coords=(0,1,0), core_on_chip=0), TpuDevice(id=3, process_index=0, coords=(1,1,0), core_on_chip=0)]

[2024-05-29 03:24:46] nlls=[2.343e+03, 1.364e+03, 1.523e+03, 1.838e+03, 2.963e+03, 2.956e+03, 2.429e+03, 1.910e+03, 2.980e+03, 3.399e+03, 3.726e+03, 3.534e+03, 3.063e+03, 3.398e+03, 2.937e+03, 3.098e+03, 3.286e+03, 3.123e+03, 3.683e+03, 2.758e+03, 3.196e+03, 2.887e+03, 1.297e+03, 1.811e+03, 2.170e+03, 1.848e+03, 1.934e+03, 1.585e+03, 1.618e+03, 3.105e+03, 4.397e+03, 4.119e+03, 3.505e+03, 2.622e+03, 1.682e+03, 1.787e+03, 1.419e+03, 1.696e+03, 2.349e+03, 2.555e+03, 2.454e+03, 2.467e+03, 2.248e+03, 2.589e+03, 2.263e+03, 2.464e+03, 2.796e+03, 3.239e+03, 4.476e+03, 4.609e+03, 3.703e+03, 2.878e+03, 2.569e+03, 3.522e+03, 3.766e+03, 3.825e+03, 2.819e+03, 3.569e+03, 3.072e+03, 2.741e+03, 2.864e+03, 2.862e+03, 2.548e+03, 2.739e+03, 2.495e+03, 2.317e+03, 2.455e+03, 2.834e+03, 3.611e+03, 3.672e+03, 3.915e+03, 4.140e+03, 4.193e+03, 2.700e+03, 2.966e+03, 3.440e+03, 2.972e+03, 2.937e+03, 3.107e+03, 3.083e+03, 2.159e+03, 2.115e+03, 3.665e+03, 3.966e+03, 3.758e+03, 3.043e+03, 3.507e+03, 3.385e+03, 3.464e+03, 3.294e+03, 3.416e+03, 2.275e+03, 2.800e+03, 2.753e+03, 2.735e+03, 2.531e+03, 2.610e+03, 3.166e+03, 2.988e+03, 2.886e+03, 3.564e+03, 3.560e+03, 3.115e+03, 3.784e+03, 4.681e+03, 4.437e+03, 4.219e+03, 4.048e+03, 4.464e+03, 4.200e+03, 3.748e+03, 3.674e+03, 3.446e+03, 3.666e+03, 2.949e+03, 3.964e+03, 4.328e+03, 3.777e+03, 2.466e+03, 2.061e+03, 1.917e+03, 3.447e+03, 2.596e+03, 2.687e+03, 2.437e+03, 2.192e+03, 2.324e+03, 1.903e+03, 2.623e+03, 3.146e+03, 3.384e+03, 2.948e+03, 2.518e+03, 2.382e+03, 2.901e+03, 3.461e+03, 3.339e+03, 3.629e+03, 3.165e+03, 3.101e+03, 2.946e+03, 3.267e+03, 2.578e+03, 3.824e+03, 3.257e+03, 3.445e+03, 2.895e+03, 3.022e+03, 2.873e+03, 3.645e+03, 2.258e+03, 1.406e+03, 1.829e+03, 1.668e+03, 2.576e+03, 3.250e+03, 2.761e+03, 1.959e+03, 3.371e+03, 3.611e+03, 4.063e+03, 3.281e+03, 2.855e+03, 3.403e+03, 3.581e+03, 4.209e+03]
[2024-05-29 03:24:46] ppls=[3.140e+00, 2.472e+00, 2.343e+00, 2.370e+00, 2.663e+00, 2.877e+00, 2.931e+00, 2.879e+00, 3.009e+00, 3.182e+00, 3.379e+00, 3.525e+00, 3.590e+00, 3.689e+00, 3.721e+00, 3.767e+00, 3.829e+00, 3.868e+00, 3.960e+00, 3.954e+00, 3.989e+00, 3.994e+00, 3.866e+00, 3.791e+00, 3.750e+00, 3.690e+00, 3.641e+00, 3.574e+00, 3.515e+00, 3.545e+00, 3.648e+00, 3.730e+00, 3.775e+00, 3.770e+00, 3.716e+00, 3.671e+00, 3.611e+00, 3.568e+00, 3.556e+00, 3.554e+00, 3.548e+00, 3.543e+00, 3.529e+00, 3.530e+00, 3.517e+00, 3.513e+00, 3.521e+00, 3.545e+00, 3.612e+00, 3.683e+00, 3.719e+00, 3.726e+00, 3.722e+00, 3.750e+00, 3.785e+00, 3.822e+00, 3.824e+00, 3.851e+00, 3.860e+00, 3.860e+00, 3.863e+00, 3.866e+00, 3.859e+00, 3.858e+00, 3.850e+00, 3.838e+00, 3.829e+00, 3.832e+00, 3.855e+00, 3.880e+00, 3.910e+00, 3.946e+00, 3.983e+00, 3.979e+00, 3.983e+00, 3.998e+00, 4.002e+00, 4.004e+00, 4.011e+00, 4.017e+00, 4.000e+00, 3.983e+00, 4.002e+00, 4.029e+00, 4.050e+00, 4.054e+00, 4.068e+00, 4.080e+00, 4.093e+00, 4.102e+00, 4.114e+00, 4.100e+00, 4.098e+00, 4.095e+00, 4.092e+00, 4.085e+00, 4.079e+00, 4.085e+00, 4.087e+00, 4.087e+00, 4.101e+00, 4.114e+00, 4.118e+00, 4.135e+00, 4.169e+00, 4.199e+00, 4.223e+00, 4.244e+00, 4.273e+00, 4.296e+00, 4.311e+00, 4.323e+00, 4.332e+00, 4.344e+00, 4.343e+00, 4.361e+00, 4.384e+00, 4.398e+00, 4.388e+00, 4.371e+00, 4.351e+00, 4.359e+00, 4.352e+00, 4.346e+00, 4.336e+00, 4.323e+00, 4.311e+00, 4.294e+00, 4.288e+00, 4.290e+00, 4.297e+00, 4.296e+00, 4.289e+00, 4.279e+00, 4.278e+00, 4.286e+00, 4.291e+00, 4.301e+00, 4.304e+00, 4.305e+00, 4.305e+00, 4.309e+00, 4.303e+00, 4.315e+00, 4.319e+00, 4.325e+00, 4.324e+00, 4.324e+00, 4.322e+00, 4.331e+00, 4.321e+00, 4.299e+00, 4.283e+00, 4.265e+00, 4.260e+00, 4.264e+00, 4.261e+00, 4.248e+00, 4.253e+00, 4.262e+00, 4.276e+00, 4.280e+00, 4.278e+00, 4.283e+00, 4.291e+00, 4.307e+00]
[2024-05-29 03:24:46] PPL: 4.307e+00
