[2024-05-29 03:15:20] Environments:
------------  --------------------------------------------------------------------------------
sys.platform  linux
python        3.12.3 (main, Apr 27 2024, 19:00:21) [GCC 11.4.0]
datasets      2.19.1 @/home/giung/transformerx/.venv/lib/python3.12/site-packages/datasets
jax           0.4.28 @/home/giung/transformerx/.venv/lib/python3.12/site-packages/jax
jaxlib        0.4.28 @/home/giung/transformerx/.venv/lib/python3.12/site-packages/jaxlib
transformers  4.41.1 @/home/giung/transformerx/.venv/lib/python3.12/site-packages/transformers
------------  --------------------------------------------------------------------------------

[2024-05-29 03:15:20] Command line arguments:
- args.model      : microsoft/Phi-3-medium-4k-instruct
- args.data       : wikitext2
- args.seqlen     : 2048
- args.bits       : 7
- args.group_size : 1
- args.save       : save/wikitext2/microsoft/Phi-3-medium-4k-instruct/b7-g1
- args.seed       : 22122234

[2024-05-29 03:15:20] Local devices:
[TpuDevice(id=0, process_index=0, coords=(0,0,0), core_on_chip=0), TpuDevice(id=1, process_index=0, coords=(1,0,0), core_on_chip=0), TpuDevice(id=2, process_index=0, coords=(0,1,0), core_on_chip=0), TpuDevice(id=3, process_index=0, coords=(1,1,0), core_on_chip=0)]

[2024-05-29 03:26:40] nlls=[2.348e+03, 1.397e+03, 1.566e+03, 1.872e+03, 2.962e+03, 2.955e+03, 2.452e+03, 1.922e+03, 2.977e+03, 3.386e+03, 3.716e+03, 3.550e+03, 3.071e+03, 3.409e+03, 2.945e+03, 3.123e+03, 3.307e+03, 3.115e+03, 3.700e+03, 2.782e+03, 3.202e+03, 2.898e+03, 1.319e+03, 1.829e+03, 2.204e+03, 1.895e+03, 1.950e+03, 1.626e+03, 1.667e+03, 3.125e+03, 4.404e+03, 4.122e+03, 3.522e+03, 2.643e+03, 1.714e+03, 1.808e+03, 1.425e+03, 1.724e+03, 2.371e+03, 2.587e+03, 2.476e+03, 2.478e+03, 2.254e+03, 2.595e+03, 2.265e+03, 2.468e+03, 2.802e+03, 3.253e+03, 4.489e+03, 4.626e+03, 3.704e+03, 2.904e+03, 2.579e+03, 3.526e+03, 3.771e+03, 3.830e+03, 2.815e+03, 3.582e+03, 3.077e+03, 2.752e+03, 2.876e+03, 2.876e+03, 2.548e+03, 2.749e+03, 2.499e+03, 2.333e+03, 2.465e+03, 2.845e+03, 3.639e+03, 3.686e+03, 3.921e+03, 4.147e+03, 4.199e+03, 2.704e+03, 2.973e+03, 3.442e+03, 2.979e+03, 2.950e+03, 3.118e+03, 3.076e+03, 2.172e+03, 2.145e+03, 3.678e+03, 3.972e+03, 3.761e+03, 3.053e+03, 3.512e+03, 3.388e+03, 3.470e+03, 3.306e+03, 3.420e+03, 2.290e+03, 2.820e+03, 2.771e+03, 2.762e+03, 2.546e+03, 2.628e+03, 3.172e+03, 2.987e+03, 2.907e+03, 3.578e+03, 3.581e+03, 3.124e+03, 3.808e+03, 4.682e+03, 4.449e+03, 4.241e+03, 4.053e+03, 4.475e+03, 4.211e+03, 3.756e+03, 3.681e+03, 3.451e+03, 3.659e+03, 2.971e+03, 3.984e+03, 4.360e+03, 3.768e+03, 2.479e+03, 2.089e+03, 1.943e+03, 3.480e+03, 2.622e+03, 2.739e+03, 2.464e+03, 2.220e+03, 2.339e+03, 1.927e+03, 2.637e+03, 3.147e+03, 3.392e+03, 2.937e+03, 2.559e+03, 2.432e+03, 2.906e+03, 3.470e+03, 3.352e+03, 3.646e+03, 3.170e+03, 3.111e+03, 2.958e+03, 3.275e+03, 2.583e+03, 3.833e+03, 3.267e+03, 3.449e+03, 2.896e+03, 3.022e+03, 2.878e+03, 3.645e+03, 2.276e+03, 1.431e+03, 1.851e+03, 1.720e+03, 2.611e+03, 3.272e+03, 2.777e+03, 1.965e+03, 3.394e+03, 3.630e+03, 4.090e+03, 3.297e+03, 2.873e+03, 3.433e+03, 3.595e+03, 4.219e+03]
[2024-05-29 03:26:40] ppls=[3.148e+00, 2.495e+00, 2.374e+00, 2.404e+00, 2.693e+00, 2.904e+00, 2.959e+00, 2.905e+00, 3.033e+00, 3.202e+00, 3.398e+00, 3.545e+00, 3.610e+00, 3.709e+00, 3.741e+00, 3.789e+00, 3.853e+00, 3.890e+00, 3.982e+00, 3.978e+00, 4.013e+00, 4.017e+00, 3.889e+00, 3.814e+00, 3.774e+00, 3.716e+00, 3.667e+00, 3.601e+00, 3.544e+00, 3.575e+00, 3.677e+00, 3.760e+00, 3.805e+00, 3.800e+00, 3.746e+00, 3.701e+00, 3.640e+00, 3.597e+00, 3.586e+00, 3.585e+00, 3.579e+00, 3.573e+00, 3.559e+00, 3.559e+00, 3.546e+00, 3.541e+00, 3.549e+00, 3.573e+00, 3.641e+00, 3.712e+00, 3.748e+00, 3.755e+00, 3.750e+00, 3.778e+00, 3.814e+00, 3.850e+00, 3.852e+00, 3.879e+00, 3.888e+00, 3.887e+00, 3.890e+00, 3.893e+00, 3.886e+00, 3.885e+00, 3.877e+00, 3.864e+00, 3.856e+00, 3.858e+00, 3.882e+00, 3.907e+00, 3.937e+00, 3.973e+00, 4.010e+00, 4.006e+00, 4.009e+00, 4.025e+00, 4.028e+00, 4.031e+00, 4.037e+00, 4.042e+00, 4.026e+00, 4.009e+00, 4.029e+00, 4.055e+00, 4.076e+00, 4.080e+00, 4.094e+00, 4.106e+00, 4.119e+00, 4.128e+00, 4.139e+00, 4.126e+00, 4.124e+00, 4.121e+00, 4.118e+00, 4.111e+00, 4.105e+00, 4.111e+00, 4.113e+00, 4.113e+00, 4.127e+00, 4.140e+00, 4.144e+00, 4.162e+00, 4.196e+00, 4.225e+00, 4.250e+00, 4.271e+00, 4.300e+00, 4.323e+00, 4.338e+00, 4.351e+00, 4.359e+00, 4.371e+00, 4.370e+00, 4.388e+00, 4.412e+00, 4.426e+00, 4.415e+00, 4.398e+00, 4.379e+00, 4.387e+00, 4.380e+00, 4.375e+00, 4.365e+00, 4.352e+00, 4.341e+00, 4.323e+00, 4.317e+00, 4.319e+00, 4.326e+00, 4.325e+00, 4.318e+00, 4.309e+00, 4.308e+00, 4.315e+00, 4.321e+00, 4.330e+00, 4.333e+00, 4.335e+00, 4.334e+00, 4.338e+00, 4.332e+00, 4.344e+00, 4.348e+00, 4.354e+00, 4.352e+00, 4.353e+00, 4.351e+00, 4.360e+00, 4.349e+00, 4.327e+00, 4.311e+00, 4.294e+00, 4.289e+00, 4.293e+00, 4.290e+00, 4.277e+00, 4.282e+00, 4.291e+00, 4.305e+00, 4.309e+00, 4.308e+00, 4.313e+00, 4.321e+00, 4.336e+00]
[2024-05-29 03:26:40] PPL: 4.336e+00
