[2024-05-29 03:49:16] Environments:
------------  --------------------------------------------------------------------------------
sys.platform  linux
python        3.12.3 (main, Apr 27 2024, 19:00:21) [GCC 11.4.0]
datasets      2.19.1 @/home/giung/transformerx/.venv/lib/python3.12/site-packages/datasets
jax           0.4.28 @/home/giung/transformerx/.venv/lib/python3.12/site-packages/jax
jaxlib        0.4.28 @/home/giung/transformerx/.venv/lib/python3.12/site-packages/jaxlib
transformers  4.41.1 @/home/giung/transformerx/.venv/lib/python3.12/site-packages/transformers
------------  --------------------------------------------------------------------------------

[2024-05-29 03:49:16] Command line arguments:
- args.model      : microsoft/Phi-3-medium-4k-instruct
- args.data       : ptb
- args.seqlen     : 2048
- args.bits       : 7
- args.group_size : 32
- args.save       : save/ptb/microsoft/Phi-3-medium-4k-instruct/b7-g32
- args.seed       : 17742208

[2024-05-29 03:49:16] Local devices:
[TpuDevice(id=0, process_index=0, coords=(0,0,0), core_on_chip=0), TpuDevice(id=1, process_index=0, coords=(1,0,0), core_on_chip=0), TpuDevice(id=2, process_index=0, coords=(0,1,0), core_on_chip=0), TpuDevice(id=3, process_index=0, coords=(1,1,0), core_on_chip=0)]

[2024-05-29 03:53:23] nlls=[4.977e+03, 4.770e+03, 4.815e+03, 4.941e+03, 5.041e+03, 4.581e+03, 4.758e+03, 4.410e+03, 4.548e+03, 4.365e+03, 4.756e+03, 4.112e+03, 5.154e+03, 4.948e+03, 4.970e+03, 5.209e+03, 4.752e+03, 4.223e+03, 5.276e+03, 4.406e+03, 4.478e+03, 5.240e+03, 4.648e+03, 5.129e+03, 5.290e+03, 4.586e+03, 4.665e+03, 4.941e+03, 4.605e+03, 5.289e+03, 4.476e+03, 4.819e+03, 4.225e+03, 5.568e+03, 5.052e+03, 5.613e+03, 5.494e+03, 4.999e+03, 4.816e+03, 5.207e+03, 4.998e+03, 4.913e+03, 4.919e+03, 5.322e+03, 4.844e+03, 4.425e+03, 4.649e+03, 4.575e+03, 4.425e+03, 4.598e+03, 4.983e+03, 4.692e+03]
[2024-05-29 03:53:23] ppls=[1.136e+01, 1.080e+01, 1.070e+01, 1.081e+01, 1.099e+01, 1.070e+01, 1.063e+01, 1.035e+01, 1.022e+01, 1.002e+01, 1.004e+01, 9.793e+00, 9.971e+00, 1.005e+01, 1.013e+01, 1.028e+01, 1.027e+01, 1.012e+01, 1.026e+01, 1.017e+01, 1.011e+01, 1.022e+01, 1.020e+01, 1.027e+01, 1.038e+01, 1.034e+01, 1.032e+01, 1.035e+01, 1.031e+01, 1.040e+01, 1.035e+01, 1.035e+01, 1.027e+01, 1.039e+01, 1.042e+01, 1.054e+01, 1.063e+01, 1.065e+01, 1.065e+01, 1.070e+01, 1.072e+01, 1.072e+01, 1.073e+01, 1.079e+01, 1.078e+01, 1.073e+01, 1.071e+01, 1.068e+01, 1.063e+01, 1.061e+01, 1.062e+01, 1.061e+01]
[2024-05-29 03:53:23] PPL: 1.061e+01
