[2024-05-29 03:23:41] Environments:
------------  --------------------------------------------------------------------------------
sys.platform  linux
python        3.12.3 (main, Apr 27 2024, 19:00:21) [GCC 11.4.0]
datasets      2.19.1 @/home/giung/transformerx/.venv/lib/python3.12/site-packages/datasets
jax           0.4.28 @/home/giung/transformerx/.venv/lib/python3.12/site-packages/jax
jaxlib        0.4.28 @/home/giung/transformerx/.venv/lib/python3.12/site-packages/jaxlib
transformers  4.41.1 @/home/giung/transformerx/.venv/lib/python3.12/site-packages/transformers
------------  --------------------------------------------------------------------------------

[2024-05-29 03:23:41] Command line arguments:
- args.model      : microsoft/Phi-3-medium-4k-instruct
- args.data       : wikitext2
- args.seqlen     : 2048
- args.bits       : 6
- args.group_size : 16
- args.save       : save/wikitext2/microsoft/Phi-3-medium-4k-instruct/b6-g16
- args.seed       : 42334197

[2024-05-29 03:23:41] Local devices:
[TpuDevice(id=0, process_index=0, coords=(0,0,0), core_on_chip=0), TpuDevice(id=1, process_index=0, coords=(1,0,0), core_on_chip=0), TpuDevice(id=2, process_index=0, coords=(0,1,0), core_on_chip=0), TpuDevice(id=3, process_index=0, coords=(1,1,0), core_on_chip=0)]

[2024-05-29 03:27:58] nlls=[2.443e+03, 1.664e+03, 1.785e+03, 2.169e+03, 2.998e+03, 3.037e+03, 2.517e+03, 2.005e+03, 3.071e+03, 3.490e+03, 3.802e+03, 3.585e+03, 3.107e+03, 3.464e+03, 3.008e+03, 3.305e+03, 3.387e+03, 3.278e+03, 3.852e+03, 3.040e+03, 3.309e+03, 2.951e+03, 1.515e+03, 2.119e+03, 2.406e+03, 2.179e+03, 2.250e+03, 1.943e+03, 2.030e+03, 3.200e+03, 4.476e+03, 4.159e+03, 3.565e+03, 2.731e+03, 1.860e+03, 1.922e+03, 1.586e+03, 1.940e+03, 2.503e+03, 2.754e+03, 2.595e+03, 2.502e+03, 2.300e+03, 2.674e+03, 2.304e+03, 2.524e+03, 2.852e+03, 3.346e+03, 4.531e+03, 4.657e+03, 3.840e+03, 3.104e+03, 2.728e+03, 3.582e+03, 3.831e+03, 3.880e+03, 2.854e+03, 3.610e+03, 3.114e+03, 2.814e+03, 2.889e+03, 2.909e+03, 2.591e+03, 2.781e+03, 2.531e+03, 2.342e+03, 2.498e+03, 2.911e+03, 3.694e+03, 3.734e+03, 3.985e+03, 4.190e+03, 4.260e+03, 2.768e+03, 3.027e+03, 3.518e+03, 3.027e+03, 2.980e+03, 3.180e+03, 3.129e+03, 2.201e+03, 2.362e+03, 3.690e+03, 4.024e+03, 3.812e+03, 3.100e+03, 3.535e+03, 3.424e+03, 3.541e+03, 3.316e+03, 3.457e+03, 2.513e+03, 3.103e+03, 2.831e+03, 2.872e+03, 2.746e+03, 2.780e+03, 3.215e+03, 3.012e+03, 2.935e+03, 3.613e+03, 3.653e+03, 3.207e+03, 3.878e+03, 4.767e+03, 4.499e+03, 4.297e+03, 4.114e+03, 4.492e+03, 4.252e+03, 3.807e+03, 3.718e+03, 3.496e+03, 3.725e+03, 3.047e+03, 4.048e+03, 4.448e+03, 3.893e+03, 2.636e+03, 2.400e+03, 2.199e+03, 3.535e+03, 2.738e+03, 2.872e+03, 2.674e+03, 2.358e+03, 2.532e+03, 2.132e+03, 2.734e+03, 3.197e+03, 3.450e+03, 3.099e+03, 2.770e+03, 2.722e+03, 2.964e+03, 3.531e+03, 3.395e+03, 3.704e+03, 3.204e+03, 3.141e+03, 2.975e+03, 3.319e+03, 2.632e+03, 3.877e+03, 3.293e+03, 3.490e+03, 2.933e+03, 3.076e+03, 2.918e+03, 3.679e+03, 2.401e+03, 1.667e+03, 2.079e+03, 1.984e+03, 2.747e+03, 3.321e+03, 2.790e+03, 2.004e+03, 3.445e+03, 3.665e+03, 4.156e+03, 3.376e+03, 3.029e+03, 3.576e+03, 3.662e+03, 4.265e+03]
[2024-05-29 03:27:58] ppls=[3.297e+00, 2.726e+00, 2.609e+00, 2.675e+00, 2.945e+00, 3.149e+00, 3.187e+00, 3.116e+00, 3.244e+00, 3.419e+00, 3.620e+00, 3.763e+00, 3.819e+00, 3.916e+00, 3.943e+00, 4.003e+00, 4.066e+00, 4.111e+00, 4.214e+00, 4.223e+00, 4.259e+00, 4.257e+00, 4.128e+00, 4.063e+00, 4.026e+00, 3.975e+00, 3.934e+00, 3.875e+00, 3.827e+00, 3.855e+00, 3.961e+00, 4.043e+00, 4.085e+00, 4.076e+00, 4.019e+00, 3.968e+00, 3.904e+00, 3.862e+00, 3.849e+00, 3.849e+00, 3.841e+00, 3.830e+00, 3.810e+00, 3.808e+00, 3.790e+00, 3.781e+00, 3.786e+00, 3.810e+00, 3.879e+00, 3.951e+00, 3.990e+00, 4.000e+00, 3.996e+00, 4.023e+00, 4.058e+00, 4.094e+00, 4.093e+00, 4.118e+00, 4.125e+00, 4.122e+00, 4.122e+00, 4.122e+00, 4.112e+00, 4.109e+00, 4.097e+00, 4.081e+00, 4.070e+00, 4.071e+00, 4.094e+00, 4.119e+00, 4.149e+00, 4.186e+00, 4.223e+00, 4.218e+00, 4.220e+00, 4.235e+00, 4.237e+00, 4.238e+00, 4.244e+00, 4.248e+00, 4.229e+00, 4.214e+00, 4.232e+00, 4.259e+00, 4.279e+00, 4.282e+00, 4.296e+00, 4.306e+00, 4.319e+00, 4.327e+00, 4.337e+00, 4.326e+00, 4.328e+00, 4.325e+00, 4.322e+00, 4.316e+00, 4.312e+00, 4.316e+00, 4.317e+00, 4.316e+00, 4.328e+00, 4.342e+00, 4.346e+00, 4.364e+00, 4.399e+00, 4.429e+00, 4.455e+00, 4.476e+00, 4.504e+00, 4.528e+00, 4.542e+00, 4.554e+00, 4.562e+00, 4.574e+00, 4.573e+00, 4.591e+00, 4.616e+00, 4.631e+00, 4.621e+00, 4.608e+00, 4.590e+00, 4.598e+00, 4.591e+00, 4.586e+00, 4.578e+00, 4.565e+00, 4.555e+00, 4.538e+00, 4.532e+00, 4.534e+00, 4.540e+00, 4.540e+00, 4.534e+00, 4.528e+00, 4.526e+00, 4.533e+00, 4.538e+00, 4.548e+00, 4.549e+00, 4.550e+00, 4.548e+00, 4.551e+00, 4.544e+00, 4.556e+00, 4.559e+00, 4.565e+00, 4.562e+00, 4.561e+00, 4.559e+00, 4.567e+00, 4.557e+00, 4.536e+00, 4.521e+00, 4.505e+00, 4.500e+00, 4.504e+00, 4.500e+00, 4.485e+00, 4.490e+00, 4.498e+00, 4.513e+00, 4.516e+00, 4.516e+00, 4.522e+00, 4.530e+00, 4.546e+00]
[2024-05-29 03:27:58] PPL: 4.546e+00
