[2024-05-24 22:03:10] Environments:
------------  --------------------------------------------------------------------------------
sys.platform  linux
python        3.12.3 (main, Apr 27 2024, 19:00:21) [GCC 11.4.0]
datasets      2.19.1 @/home/giung/transformerx/.venv/lib/python3.12/site-packages/datasets
jax           0.4.28 @/home/giung/transformerx/.venv/lib/python3.12/site-packages/jax
jaxlib        0.4.28 @/home/giung/transformerx/.venv/lib/python3.12/site-packages/jaxlib
transformers  4.41.1 @/home/giung/transformerx/.venv/lib/python3.12/site-packages/transformers
------------  --------------------------------------------------------------------------------

[2024-05-24 22:03:10] Command line arguments:
- args.model  : microsoft/Phi-3-medium-4k-instruct
- args.data   : ptb
- args.seqlen : 2048
- args.quant  : None
- args.save   : examples/perplexity/save/ptb/microsoft/Phi-3-medium-4k-instruct
- args.seed   : 11088026

[2024-05-24 22:03:10] Local devices:
[TpuDevice(id=0, process_index=0, coords=(0,0,0), core_on_chip=0), TpuDevice(id=1, process_index=0, coords=(1,0,0), core_on_chip=0), TpuDevice(id=2, process_index=0, coords=(0,1,0), core_on_chip=0), TpuDevice(id=3, process_index=0, coords=(1,1,0), core_on_chip=0)]

[2024-05-24 22:05:03] nlls=[1.183e+04, 1.141e+04, 1.163e+04, 1.144e+04, 1.156e+04, 1.122e+04, 1.146e+04, 1.184e+04, 1.115e+04, 1.162e+04, 1.119e+04, 1.130e+04, 1.022e+04, 1.125e+04, 1.208e+04, 1.112e+04, 1.111e+04, 1.151e+04, 1.138e+04, 1.141e+04, 1.170e+04, 1.117e+04, 1.085e+04, 1.159e+04, 1.097e+04, 1.115e+04, 1.247e+04, 1.091e+04, 1.171e+04, 1.141e+04, 1.182e+04, 1.131e+04, 1.188e+04, 1.085e+04, 1.190e+04, 1.042e+04, 1.117e+04, 1.167e+04, 1.136e+04, 1.169e+04, 1.150e+04, 1.138e+04, 1.120e+04, 1.080e+04, 1.153e+04, 1.138e+04, 1.123e+04, 1.154e+04, 1.174e+04, 1.126e+04, 1.168e+04, 1.135e+04]
[2024-05-24 22:05:03] ppls=[5.775e+00, 5.674e+00, 5.676e+00, 5.653e+00, 5.652e+00, 5.623e+00, 5.619e+00, 5.639e+00, 5.618e+00, 5.623e+00, 5.609e+00, 5.601e+00, 5.554e+00, 5.550e+00, 5.573e+00, 5.564e+00, 5.556e+00, 5.560e+00, 5.560e+00, 5.560e+00, 5.568e+00, 5.562e+00, 5.551e+00, 5.556e+00, 5.548e+00, 5.544e+00, 5.564e+00, 5.555e+00, 5.561e+00, 5.561e+00, 5.568e+00, 5.567e+00, 5.574e+00, 5.565e+00, 5.572e+00, 5.559e+00, 5.556e+00, 5.560e+00, 5.560e+00, 5.563e+00, 5.565e+00, 5.564e+00, 5.562e+00, 5.556e+00, 5.557e+00, 5.557e+00, 5.556e+00, 5.557e+00, 5.561e+00, 5.560e+00, 5.563e+00, 5.562e+00]
[2024-05-24 22:05:03] PPL: 5.562e+00
