[2024-05-24 22:11:36] Environments:
------------  --------------------------------------------------------------------------------
sys.platform  linux
python        3.12.3 (main, Apr 27 2024, 19:00:21) [GCC 11.4.0]
datasets      2.19.1 @/home/giung/transformerx/.venv/lib/python3.12/site-packages/datasets
jax           0.4.28 @/home/giung/transformerx/.venv/lib/python3.12/site-packages/jax
jaxlib        0.4.28 @/home/giung/transformerx/.venv/lib/python3.12/site-packages/jaxlib
transformers  4.41.1 @/home/giung/transformerx/.venv/lib/python3.12/site-packages/transformers
------------  --------------------------------------------------------------------------------

[2024-05-24 22:11:36] Command line arguments:
- args.model  : microsoft/Phi-3-medium-4k-instruct
- args.data   : ptb
- args.seqlen : 2048
- args.quant  : Q3_0
- args.save   : examples/perplexity/save/ptb/microsoft/Phi-3-medium-4k-instruct
- args.seed   : 37058653

[2024-05-24 22:11:36] Local devices:
[TpuDevice(id=0, process_index=0, coords=(0,0,0), core_on_chip=0), TpuDevice(id=1, process_index=0, coords=(1,0,0), core_on_chip=0), TpuDevice(id=2, process_index=0, coords=(0,1,0), core_on_chip=0), TpuDevice(id=3, process_index=0, coords=(1,1,0), core_on_chip=0)]

[2024-05-24 22:14:48] nlls=[1.835e+04, 1.900e+04, 2.083e+04, 1.970e+04, 1.896e+04, 1.778e+04, 2.088e+04, 1.945e+04, 1.920e+04, 2.018e+04, 1.928e+04, 1.812e+04, 2.116e+04, 2.080e+04, 1.925e+04, 1.925e+04, 1.884e+04, 2.010e+04, 1.874e+04, 2.145e+04, 1.747e+04, 1.730e+04, 2.414e+04, 1.923e+04, 1.871e+04, 1.803e+04, 2.268e+04, 1.692e+04, 2.121e+04, 1.888e+04, 1.951e+04, 1.889e+04, 1.890e+04, 1.829e+04, 2.004e+04, 2.007e+04, 1.874e+04, 1.928e+04, 2.246e+04, 1.973e+04, 1.938e+04, 2.023e+04, 1.933e+04, 1.768e+04, 2.205e+04, 2.098e+04, 1.982e+04, 1.909e+04, 2.032e+04, 1.930e+04, 1.985e+04, 2.036e+04]
[2024-05-24 22:14:48] ppls=[8.959e+00, 9.118e+00, 9.468e+00, 9.506e+00, 9.456e+00, 9.327e+00, 9.451e+00, 9.456e+00, 9.447e+00, 9.488e+00, 9.481e+00, 9.429e+00, 9.498e+00, 9.545e+00, 9.536e+00, 9.527e+00, 9.508e+00, 9.525e+00, 9.505e+00, 9.553e+00, 9.505e+00, 9.457e+00, 9.558e+00, 9.551e+00, 9.534e+00, 9.506e+00, 9.565e+00, 9.518e+00, 9.547e+00, 9.536e+00, 9.536e+00, 9.526e+00, 9.517e+00, 9.500e+00, 9.508e+00, 9.516e+00, 9.506e+00, 9.504e+00, 9.541e+00, 9.543e+00, 9.542e+00, 9.550e+00, 9.547e+00, 9.526e+00, 9.554e+00, 9.569e+00, 9.571e+00, 9.566e+00, 9.573e+00, 9.570e+00, 9.573e+00, 9.580e+00]
[2024-05-24 22:14:48] PPL: 9.580e+00
