[2024-05-24 22:11:06] Environments:
------------  --------------------------------------------------------------------------------
sys.platform  linux
python        3.12.3 (main, Apr 27 2024, 19:00:21) [GCC 11.4.0]
datasets      2.19.1 @/home/giung/transformerx/.venv/lib/python3.12/site-packages/datasets
jax           0.4.28 @/home/giung/transformerx/.venv/lib/python3.12/site-packages/jax
jaxlib        0.4.28 @/home/giung/transformerx/.venv/lib/python3.12/site-packages/jaxlib
transformers  4.41.1 @/home/giung/transformerx/.venv/lib/python3.12/site-packages/transformers
------------  --------------------------------------------------------------------------------

[2024-05-24 22:11:06] Command line arguments:
- args.model  : microsoft/Phi-3-medium-4k-instruct
- args.data   : ptb
- args.seqlen : 2048
- args.quant  : Q4_0
- args.save   : examples/perplexity/save/ptb/microsoft/Phi-3-medium-4k-instruct
- args.seed   : 7562262

[2024-05-24 22:11:06] Local devices:
[TpuDevice(id=0, process_index=0, coords=(0,0,0), core_on_chip=0), TpuDevice(id=1, process_index=0, coords=(1,0,0), core_on_chip=0), TpuDevice(id=2, process_index=0, coords=(0,1,0), core_on_chip=0), TpuDevice(id=3, process_index=0, coords=(1,1,0), core_on_chip=0)]

[2024-05-24 22:14:25] nlls=[1.174e+04, 1.155e+04, 1.186e+04, 1.156e+04, 1.164e+04, 1.149e+04, 1.172e+04, 1.187e+04, 1.163e+04, 1.170e+04, 1.123e+04, 1.145e+04, 1.075e+04, 1.150e+04, 1.232e+04, 1.158e+04, 1.130e+04, 1.170e+04, 1.147e+04, 1.147e+04, 1.172e+04, 1.118e+04, 1.103e+04, 1.158e+04, 1.123e+04, 1.125e+04, 1.269e+04, 1.110e+04, 1.199e+04, 1.152e+04, 1.209e+04, 1.152e+04, 1.217e+04, 1.119e+04, 1.224e+04, 1.076e+04, 1.124e+04, 1.163e+04, 1.154e+04, 1.180e+04, 1.166e+04, 1.164e+04, 1.126e+04, 1.090e+04, 1.178e+04, 1.162e+04, 1.144e+04, 1.156e+04, 1.176e+04, 1.133e+04, 1.148e+04, 1.157e+04]
[2024-05-24 22:14:25] ppls=[5.731e+00, 5.686e+00, 5.721e+00, 5.701e+00, 5.698e+00, 5.683e+00, 5.689e+00, 5.702e+00, 5.700e+00, 5.701e+00, 5.681e+00, 5.674e+00, 5.641e+00, 5.639e+00, 5.664e+00, 5.663e+00, 5.655e+00, 5.658e+00, 5.655e+00, 5.652e+00, 5.656e+00, 5.647e+00, 5.636e+00, 5.636e+00, 5.630e+00, 5.625e+00, 5.646e+00, 5.638e+00, 5.645e+00, 5.645e+00, 5.653e+00, 5.652e+00, 5.661e+00, 5.655e+00, 5.664e+00, 5.653e+00, 5.649e+00, 5.649e+00, 5.649e+00, 5.652e+00, 5.653e+00, 5.654e+00, 5.650e+00, 5.642e+00, 5.645e+00, 5.645e+00, 5.644e+00, 5.644e+00, 5.646e+00, 5.644e+00, 5.643e+00, 5.643e+00]
[2024-05-24 22:14:25] PPL: 5.643e+00
