[2024-05-24 22:11:04] Environments:
------------  --------------------------------------------------------------------------------
sys.platform  linux
python        3.12.3 (main, Apr 27 2024, 19:00:21) [GCC 11.4.0]
datasets      2.19.1 @/home/giung/transformerx/.venv/lib/python3.12/site-packages/datasets
jax           0.4.28 @/home/giung/transformerx/.venv/lib/python3.12/site-packages/jax
jaxlib        0.4.28 @/home/giung/transformerx/.venv/lib/python3.12/site-packages/jaxlib
transformers  4.41.1 @/home/giung/transformerx/.venv/lib/python3.12/site-packages/transformers
------------  --------------------------------------------------------------------------------

[2024-05-24 22:11:04] Command line arguments:
- args.model  : microsoft/Phi-3-medium-4k-instruct
- args.data   : ptb
- args.seqlen : 2048
- args.quant  : Q5_0
- args.save   : examples/perplexity/save/ptb/microsoft/Phi-3-medium-4k-instruct
- args.seed   : 5100390

[2024-05-24 22:11:04] Local devices:
[TpuDevice(id=0, process_index=0, coords=(0,0,0), core_on_chip=0), TpuDevice(id=1, process_index=0, coords=(1,0,0), core_on_chip=0), TpuDevice(id=2, process_index=0, coords=(0,1,0), core_on_chip=0), TpuDevice(id=3, process_index=0, coords=(1,1,0), core_on_chip=0)]

[2024-05-24 22:14:14] nlls=[1.175e+04, 1.146e+04, 1.162e+04, 1.149e+04, 1.160e+04, 1.123e+04, 1.155e+04, 1.193e+04, 1.121e+04, 1.168e+04, 1.129e+04, 1.132e+04, 1.025e+04, 1.131e+04, 1.214e+04, 1.117e+04, 1.122e+04, 1.153e+04, 1.140e+04, 1.134e+04, 1.175e+04, 1.122e+04, 1.076e+04, 1.168e+04, 1.110e+04, 1.123e+04, 1.240e+04, 1.090e+04, 1.177e+04, 1.150e+04, 1.189e+04, 1.134e+04, 1.187e+04, 1.090e+04, 1.200e+04, 1.046e+04, 1.120e+04, 1.173e+04, 1.142e+04, 1.170e+04, 1.153e+04, 1.136e+04, 1.127e+04, 1.086e+04, 1.161e+04, 1.147e+04, 1.133e+04, 1.160e+04, 1.171e+04, 1.127e+04, 1.172e+04, 1.138e+04]
[2024-05-24 22:14:14] ppls=[5.738e+00, 5.666e+00, 5.669e+00, 5.654e+00, 5.656e+00, 5.628e+00, 5.629e+00, 5.654e+00, 5.634e+00, 5.641e+00, 5.629e+00, 5.621e+00, 5.573e+00, 5.570e+00, 5.593e+00, 5.585e+00, 5.578e+00, 5.581e+00, 5.580e+00, 5.578e+00, 5.586e+00, 5.581e+00, 5.567e+00, 5.573e+00, 5.567e+00, 5.563e+00, 5.582e+00, 5.572e+00, 5.578e+00, 5.580e+00, 5.587e+00, 5.585e+00, 5.592e+00, 5.584e+00, 5.591e+00, 5.578e+00, 5.575e+00, 5.579e+00, 5.579e+00, 5.583e+00, 5.584e+00, 5.583e+00, 5.581e+00, 5.575e+00, 5.577e+00, 5.577e+00, 5.576e+00, 5.578e+00, 5.581e+00, 5.579e+00, 5.582e+00, 5.582e+00]
[2024-05-24 22:14:14] PPL: 5.582e+00
