[2024-05-24 22:11:11] Environments:
------------  --------------------------------------------------------------------------------
sys.platform  linux
python        3.12.3 (main, Apr 27 2024, 19:00:21) [GCC 11.4.0]
datasets      2.19.1 @/home/giung/transformerx/.venv/lib/python3.12/site-packages/datasets
jax           0.4.28 @/home/giung/transformerx/.venv/lib/python3.12/site-packages/jax
jaxlib        0.4.28 @/home/giung/transformerx/.venv/lib/python3.12/site-packages/jaxlib
transformers  4.41.1 @/home/giung/transformerx/.venv/lib/python3.12/site-packages/transformers
------------  --------------------------------------------------------------------------------

[2024-05-24 22:11:11] Command line arguments:
- args.model  : microsoft/Phi-3-medium-4k-instruct
- args.data   : ptb
- args.seqlen : 2048
- args.quant  : Q6_0
- args.save   : examples/perplexity/save/ptb/microsoft/Phi-3-medium-4k-instruct
- args.seed   : 12335824

[2024-05-24 22:11:11] Local devices:
[TpuDevice(id=0, process_index=0, coords=(0,0,0), core_on_chip=0), TpuDevice(id=1, process_index=0, coords=(1,0,0), core_on_chip=0), TpuDevice(id=2, process_index=0, coords=(0,1,0), core_on_chip=0), TpuDevice(id=3, process_index=0, coords=(1,1,0), core_on_chip=0)]

[2024-05-24 22:14:32] nlls=[1.177e+04, 1.135e+04, 1.159e+04, 1.144e+04, 1.155e+04, 1.120e+04, 1.145e+04, 1.187e+04, 1.116e+04, 1.162e+04, 1.119e+04, 1.128e+04, 1.027e+04, 1.122e+04, 1.206e+04, 1.111e+04, 1.111e+04, 1.150e+04, 1.137e+04, 1.142e+04, 1.168e+04, 1.111e+04, 1.086e+04, 1.156e+04, 1.094e+04, 1.117e+04, 1.244e+04, 1.088e+04, 1.166e+04, 1.135e+04, 1.179e+04, 1.129e+04, 1.186e+04, 1.082e+04, 1.190e+04, 1.043e+04, 1.116e+04, 1.165e+04, 1.135e+04, 1.163e+04, 1.149e+04, 1.136e+04, 1.118e+04, 1.075e+04, 1.153e+04, 1.139e+04, 1.122e+04, 1.153e+04, 1.170e+04, 1.124e+04, 1.171e+04, 1.133e+04]
[2024-05-24 22:14:32] ppls=[5.745e+00, 5.644e+00, 5.649e+00, 5.633e+00, 5.634e+00, 5.606e+00, 5.604e+00, 5.628e+00, 5.608e+00, 5.615e+00, 5.601e+00, 5.593e+00, 5.549e+00, 5.543e+00, 5.566e+00, 5.557e+00, 5.550e+00, 5.553e+00, 5.553e+00, 5.554e+00, 5.561e+00, 5.555e+00, 5.544e+00, 5.548e+00, 5.540e+00, 5.537e+00, 5.557e+00, 5.548e+00, 5.553e+00, 5.553e+00, 5.559e+00, 5.558e+00, 5.565e+00, 5.557e+00, 5.564e+00, 5.551e+00, 5.548e+00, 5.552e+00, 5.551e+00, 5.555e+00, 5.556e+00, 5.556e+00, 5.553e+00, 5.547e+00, 5.548e+00, 5.549e+00, 5.547e+00, 5.549e+00, 5.552e+00, 5.551e+00, 5.554e+00, 5.554e+00]
[2024-05-24 22:14:32] PPL: 5.554e+00
