[2024-05-24 22:10:50] Environments:
------------  --------------------------------------------------------------------------------
sys.platform  linux
python        3.12.3 (main, Apr 27 2024, 19:00:21) [GCC 11.4.0]
datasets      2.19.1 @/home/giung/transformerx/.venv/lib/python3.12/site-packages/datasets
jax           0.4.28 @/home/giung/transformerx/.venv/lib/python3.12/site-packages/jax
jaxlib        0.4.28 @/home/giung/transformerx/.venv/lib/python3.12/site-packages/jaxlib
transformers  4.41.1 @/home/giung/transformerx/.venv/lib/python3.12/site-packages/transformers
------------  --------------------------------------------------------------------------------

[2024-05-24 22:10:50] Command line arguments:
- args.model  : microsoft/Phi-3-medium-4k-instruct
- args.data   : ptb
- args.seqlen : 2048
- args.quant  : Q8_0
- args.save   : examples/perplexity/save/ptb/microsoft/Phi-3-medium-4k-instruct
- args.seed   : 51130979

[2024-05-24 22:10:50] Local devices:
[TpuDevice(id=0, process_index=0, coords=(0,0,0), core_on_chip=0), TpuDevice(id=1, process_index=0, coords=(1,0,0), core_on_chip=0), TpuDevice(id=2, process_index=0, coords=(0,1,0), core_on_chip=0), TpuDevice(id=3, process_index=0, coords=(1,1,0), core_on_chip=0)]

[2024-05-24 22:14:07] nlls=[1.182e+04, 1.142e+04, 1.164e+04, 1.144e+04, 1.156e+04, 1.122e+04, 1.146e+04, 1.185e+04, 1.116e+04, 1.162e+04, 1.119e+04, 1.130e+04, 1.023e+04, 1.126e+04, 1.208e+04, 1.113e+04, 1.113e+04, 1.152e+04, 1.139e+04, 1.140e+04, 1.170e+04, 1.119e+04, 1.086e+04, 1.160e+04, 1.098e+04, 1.116e+04, 1.248e+04, 1.091e+04, 1.170e+04, 1.143e+04, 1.183e+04, 1.132e+04, 1.188e+04, 1.085e+04, 1.190e+04, 1.042e+04, 1.118e+04, 1.167e+04, 1.137e+04, 1.169e+04, 1.152e+04, 1.138e+04, 1.121e+04, 1.081e+04, 1.155e+04, 1.140e+04, 1.123e+04, 1.155e+04, 1.174e+04, 1.127e+04, 1.170e+04, 1.136e+04]
[2024-05-24 22:14:07] ppls=[5.770e+00, 5.673e+00, 5.677e+00, 5.653e+00, 5.652e+00, 5.623e+00, 5.619e+00, 5.640e+00, 5.618e+00, 5.624e+00, 5.609e+00, 5.602e+00, 5.555e+00, 5.551e+00, 5.574e+00, 5.565e+00, 5.558e+00, 5.561e+00, 5.561e+00, 5.562e+00, 5.569e+00, 5.564e+00, 5.553e+00, 5.557e+00, 5.549e+00, 5.546e+00, 5.566e+00, 5.557e+00, 5.563e+00, 5.563e+00, 5.570e+00, 5.569e+00, 5.576e+00, 5.568e+00, 5.575e+00, 5.561e+00, 5.558e+00, 5.562e+00, 5.562e+00, 5.565e+00, 5.567e+00, 5.567e+00, 5.564e+00, 5.558e+00, 5.560e+00, 5.560e+00, 5.558e+00, 5.560e+00, 5.563e+00, 5.562e+00, 5.565e+00, 5.565e+00]
[2024-05-24 22:14:07] PPL: 5.565e+00
