[2024-05-25 09:46:44] Environments:
------------  --------------------------------------------------------------------------------
sys.platform  linux
python        3.12.3 (main, Apr 27 2024, 19:00:21) [GCC 11.4.0]
datasets      2.19.1 @/home/giung/transformerx/.venv/lib/python3.12/site-packages/datasets
jax           0.4.28 @/home/giung/transformerx/.venv/lib/python3.12/site-packages/jax
jaxlib        0.4.28 @/home/giung/transformerx/.venv/lib/python3.12/site-packages/jaxlib
transformers  4.41.1 @/home/giung/transformerx/.venv/lib/python3.12/site-packages/transformers
------------  --------------------------------------------------------------------------------

[2024-05-25 09:46:44] Command line arguments:
- args.model  : microsoft/Phi-3-mini-4k-instruct
- args.tasks  : ['arc_e', 'arc_c', 'commonsense_qa', 'hellaswag', 'piqa']
- args.shot   : 0
- args.maxlen : 2048
- args.quant  : Q8_0
- args.save   : examples/mmlu/save/reasoning-0shot/microsoft/Phi-3-mini-4k-instruct
- args.seed   : 45359014

[2024-05-25 09:46:44] Local devices:
[TpuDevice(id=0, process_index=0, coords=(0,0,0), core_on_chip=0), TpuDevice(id=1, process_index=0, coords=(1,0,0), core_on_chip=0), TpuDevice(id=2, process_index=0, coords=(0,1,0), core_on_chip=0), TpuDevice(id=3, process_index=0, coords=(1,1,0), core_on_chip=0)]

[2024-05-25 09:48:39] arc_e: 542 / 570
[2024-05-25 09:49:00] arc_c: 261 / 299
[2024-05-25 09:50:26] commonsense_qa: 927 / 1221
[2024-05-25 10:02:15] hellaswag: 8212 / 10042
[2024-05-25 10:04:24] piqa: 1541 / 1838
[2024-05-25 10:04:24] Detailed results:
         taskname  correct  num_doc
0           arc_e      542      570
1           arc_c      261      299
2  commonsense_qa      927     1221
3       hellaswag     8212    10042
4            piqa     1541     1838

[2024-05-25 10:04:24] arc_e macro-average: 0.9509
[2024-05-25 10:04:24] arc_e micro-average: 0.9509
[2024-05-25 10:04:24] arc_c macro-average: 0.8729
[2024-05-25 10:04:24] arc_c micro-average: 0.8729
[2024-05-25 10:04:24] commonsense_qa macro-average: 0.7592
[2024-05-25 10:04:24] commonsense_qa micro-average: 0.7592
[2024-05-25 10:04:24] hellaswag macro-average: 0.8178
[2024-05-25 10:04:24] hellaswag micro-average: 0.8178
[2024-05-25 10:04:24] piqa macro-average: 0.8384
[2024-05-25 10:04:24] piqa micro-average: 0.8384
[2024-05-25 10:04:24] total macro-average: 0.8478
[2024-05-25 10:04:24] total micro-average: 0.8220
