[2024-05-29 03:29:52] Environments:
------------  --------------------------------------------------------------------------------
sys.platform  linux
python        3.12.3 (main, Apr 27 2024, 19:00:21) [GCC 11.4.0]
datasets      2.19.1 @/home/giung/transformerx/.venv/lib/python3.12/site-packages/datasets
jax           0.4.28 @/home/giung/transformerx/.venv/lib/python3.12/site-packages/jax
jaxlib        0.4.28 @/home/giung/transformerx/.venv/lib/python3.12/site-packages/jaxlib
transformers  4.41.1 @/home/giung/transformerx/.venv/lib/python3.12/site-packages/transformers
------------  --------------------------------------------------------------------------------

[2024-05-29 03:29:52] Command line arguments:
- args.model      : microsoft/Phi-3-medium-4k-instruct
- args.data       : wikitext2
- args.seqlen     : 2048
- args.bits       : 8
- args.group_size : 32
- args.save       : save/wikitext2/microsoft/Phi-3-medium-4k-instruct/b8-g32
- args.seed       : 53929694

[2024-05-29 03:29:52] Local devices:
[TpuDevice(id=0, process_index=0, coords=(0,0,0), core_on_chip=0), TpuDevice(id=1, process_index=0, coords=(1,0,0), core_on_chip=0), TpuDevice(id=2, process_index=0, coords=(0,1,0), core_on_chip=0), TpuDevice(id=3, process_index=0, coords=(1,1,0), core_on_chip=0)]

[2024-05-29 03:34:35] nlls=[2.349e+03, 1.377e+03, 1.538e+03, 1.866e+03, 2.966e+03, 2.948e+03, 2.426e+03, 1.911e+03, 2.981e+03, 3.392e+03, 3.709e+03, 3.539e+03, 3.062e+03, 3.398e+03, 2.937e+03, 3.095e+03, 3.292e+03, 3.125e+03, 3.701e+03, 2.767e+03, 3.187e+03, 2.889e+03, 1.308e+03, 1.834e+03, 2.186e+03, 1.864e+03, 1.957e+03, 1.594e+03, 1.640e+03, 3.109e+03, 4.400e+03, 4.110e+03, 3.512e+03, 2.623e+03, 1.693e+03, 1.784e+03, 1.423e+03, 1.708e+03, 2.358e+03, 2.564e+03, 2.457e+03, 2.469e+03, 2.248e+03, 2.593e+03, 2.260e+03, 2.460e+03, 2.787e+03, 3.245e+03, 4.469e+03, 4.612e+03, 3.720e+03, 2.911e+03, 2.581e+03, 3.526e+03, 3.772e+03, 3.828e+03, 2.823e+03, 3.569e+03, 3.070e+03, 2.745e+03, 2.873e+03, 2.859e+03, 2.543e+03, 2.748e+03, 2.488e+03, 2.321e+03, 2.463e+03, 2.834e+03, 3.607e+03, 3.676e+03, 3.908e+03, 4.138e+03, 4.190e+03, 2.698e+03, 2.963e+03, 3.436e+03, 2.973e+03, 2.932e+03, 3.115e+03, 3.073e+03, 2.168e+03, 2.109e+03, 3.667e+03, 3.969e+03, 3.762e+03, 3.044e+03, 3.508e+03, 3.383e+03, 3.463e+03, 3.302e+03, 3.419e+03, 2.278e+03, 2.800e+03, 2.761e+03, 2.739e+03, 2.540e+03, 2.610e+03, 3.170e+03, 2.993e+03, 2.890e+03, 3.560e+03, 3.566e+03, 3.105e+03, 3.790e+03, 4.669e+03, 4.438e+03, 4.222e+03, 4.041e+03, 4.464e+03, 4.204e+03, 3.747e+03, 3.673e+03, 3.443e+03, 3.666e+03, 2.947e+03, 3.987e+03, 4.355e+03, 3.782e+03, 2.479e+03, 2.079e+03, 1.928e+03, 3.446e+03, 2.606e+03, 2.692e+03, 2.449e+03, 2.188e+03, 2.309e+03, 1.913e+03, 2.624e+03, 3.147e+03, 3.384e+03, 2.961e+03, 2.510e+03, 2.402e+03, 2.901e+03, 3.467e+03, 3.346e+03, 3.631e+03, 3.161e+03, 3.103e+03, 2.946e+03, 3.270e+03, 2.585e+03, 3.819e+03, 3.264e+03, 3.443e+03, 2.895e+03, 3.022e+03, 2.876e+03, 3.648e+03, 2.261e+03, 1.404e+03, 1.820e+03, 1.696e+03, 2.571e+03, 3.245e+03, 2.772e+03, 1.955e+03, 3.371e+03, 3.610e+03, 4.057e+03, 3.279e+03, 2.862e+03, 3.416e+03, 3.588e+03, 4.209e+03]
[2024-05-29 03:34:35] ppls=[3.149e+00, 2.483e+00, 2.356e+00, 2.388e+00, 2.680e+00, 2.891e+00, 2.942e+00, 2.889e+00, 3.018e+00, 3.190e+00, 3.384e+00, 3.531e+00, 3.595e+00, 3.694e+00, 3.725e+00, 3.771e+00, 3.834e+00, 3.873e+00, 3.966e+00, 3.961e+00, 3.995e+00, 3.999e+00, 3.872e+00, 3.798e+00, 3.758e+00, 3.699e+00, 3.651e+00, 3.584e+00, 3.526e+00, 3.556e+00, 3.658e+00, 3.741e+00, 3.786e+00, 3.780e+00, 3.726e+00, 3.680e+00, 3.620e+00, 3.577e+00, 3.566e+00, 3.564e+00, 3.558e+00, 3.553e+00, 3.539e+00, 3.539e+00, 3.526e+00, 3.522e+00, 3.530e+00, 3.553e+00, 3.620e+00, 3.691e+00, 3.728e+00, 3.736e+00, 3.732e+00, 3.760e+00, 3.795e+00, 3.832e+00, 3.834e+00, 3.860e+00, 3.870e+00, 3.869e+00, 3.872e+00, 3.875e+00, 3.868e+00, 3.867e+00, 3.859e+00, 3.847e+00, 3.838e+00, 3.840e+00, 3.864e+00, 3.888e+00, 3.919e+00, 3.954e+00, 3.991e+00, 3.987e+00, 3.991e+00, 4.006e+00, 4.009e+00, 4.012e+00, 4.018e+00, 4.024e+00, 4.007e+00, 3.990e+00, 4.009e+00, 4.036e+00, 4.057e+00, 4.061e+00, 4.075e+00, 4.087e+00, 4.100e+00, 4.109e+00, 4.121e+00, 4.107e+00, 4.105e+00, 4.102e+00, 4.099e+00, 4.092e+00, 4.086e+00, 4.092e+00, 4.094e+00, 4.094e+00, 4.108e+00, 4.121e+00, 4.125e+00, 4.142e+00, 4.176e+00, 4.205e+00, 4.230e+00, 4.251e+00, 4.279e+00, 4.303e+00, 4.317e+00, 4.330e+00, 4.338e+00, 4.350e+00, 4.349e+00, 4.367e+00, 4.392e+00, 4.405e+00, 4.395e+00, 4.378e+00, 4.359e+00, 4.366e+00, 4.359e+00, 4.354e+00, 4.344e+00, 4.330e+00, 4.319e+00, 4.301e+00, 4.295e+00, 4.298e+00, 4.304e+00, 4.304e+00, 4.296e+00, 4.287e+00, 4.286e+00, 4.293e+00, 4.299e+00, 4.309e+00, 4.311e+00, 4.313e+00, 4.312e+00, 4.316e+00, 4.310e+00, 4.322e+00, 4.326e+00, 4.333e+00, 4.331e+00, 4.331e+00, 4.330e+00, 4.339e+00, 4.328e+00, 4.306e+00, 4.290e+00, 4.273e+00, 4.267e+00, 4.271e+00, 4.268e+00, 4.255e+00, 4.260e+00, 4.268e+00, 4.282e+00, 4.286e+00, 4.285e+00, 4.290e+00, 4.298e+00, 4.314e+00]
[2024-05-29 03:34:35] PPL: 4.314e+00
