[2024-05-29 03:34:02] Environments:
------------  --------------------------------------------------------------------------------
sys.platform  linux
python        3.12.3 (main, Apr 27 2024, 19:00:21) [GCC 11.4.0]
datasets      2.19.1 @/home/giung/transformerx/.venv/lib/python3.12/site-packages/datasets
jax           0.4.28 @/home/giung/transformerx/.venv/lib/python3.12/site-packages/jax
jaxlib        0.4.28 @/home/giung/transformerx/.venv/lib/python3.12/site-packages/jaxlib
transformers  4.41.1 @/home/giung/transformerx/.venv/lib/python3.12/site-packages/transformers
------------  --------------------------------------------------------------------------------

[2024-05-29 03:34:02] Command line arguments:
- args.model      : microsoft/Phi-3-medium-4k-instruct
- args.data       : wikitext2
- args.seqlen     : 2048
- args.bits       : 5
- args.group_size : 128
- args.save       : save/wikitext2/microsoft/Phi-3-medium-4k-instruct/b5-g128
- args.seed       : 4063905

[2024-05-29 03:34:02] Local devices:
[TpuDevice(id=0, process_index=0, coords=(0,0,0), core_on_chip=0), TpuDevice(id=1, process_index=0, coords=(1,0,0), core_on_chip=0), TpuDevice(id=2, process_index=0, coords=(0,1,0), core_on_chip=0), TpuDevice(id=3, process_index=0, coords=(1,1,0), core_on_chip=0)]

[2024-05-29 03:38:54] nlls=[3.480e+03, 4.712e+03, 5.226e+03, 4.668e+03, 3.423e+03, 3.742e+03, 2.975e+03, 2.733e+03, 3.715e+03, 4.039e+03, 4.374e+03, 4.051e+03, 3.594e+03, 3.933e+03, 4.167e+03, 4.214e+03, 4.275e+03, 4.109e+03, 4.527e+03, 4.015e+03, 3.974e+03, 3.639e+03, 3.495e+03, 4.096e+03, 4.033e+03, 3.742e+03, 4.317e+03, 3.823e+03, 4.344e+03, 4.057e+03, 5.023e+03, 4.575e+03, 4.305e+03, 3.628e+03, 3.138e+03, 3.341e+03, 2.993e+03, 3.167e+03, 3.426e+03, 3.953e+03, 3.723e+03, 2.942e+03, 2.740e+03, 3.073e+03, 2.748e+03, 2.997e+03, 3.252e+03, 4.041e+03, 5.036e+03, 5.111e+03, 5.051e+03, 4.801e+03, 4.357e+03, 3.985e+03, 4.210e+03, 4.302e+03, 3.280e+03, 4.384e+03, 3.693e+03, 3.407e+03, 3.426e+03, 3.350e+03, 3.042e+03, 3.266e+03, 2.951e+03, 2.784e+03, 3.202e+03, 3.409e+03, 4.091e+03, 4.510e+03, 4.499e+03, 4.669e+03, 4.859e+03, 3.302e+03, 3.556e+03, 4.088e+03, 3.511e+03, 3.451e+03, 3.666e+03, 3.576e+03, 2.755e+03, 3.739e+03, 4.294e+03, 4.682e+03, 4.343e+03, 3.581e+03, 3.908e+03, 3.854e+03, 4.019e+03, 3.810e+03, 3.945e+03, 4.339e+03, 4.752e+03, 3.415e+03, 3.475e+03, 3.573e+03, 3.711e+03, 3.692e+03, 3.594e+03, 3.606e+03, 4.185e+03, 4.229e+03, 3.850e+03, 4.436e+03, 5.406e+03, 5.008e+03, 4.787e+03, 4.766e+03, 5.002e+03, 4.733e+03, 4.206e+03, 4.215e+03, 3.901e+03, 4.260e+03, 3.624e+03, 4.484e+03, 4.813e+03, 4.287e+03, 3.724e+03, 4.547e+03, 3.716e+03, 4.465e+03, 3.935e+03, 4.099e+03, 3.980e+03, 3.310e+03, 3.485e+03, 3.576e+03, 3.569e+03, 3.772e+03, 4.147e+03, 4.206e+03, 3.727e+03, 4.696e+03, 3.494e+03, 4.018e+03, 4.031e+03, 4.284e+03, 3.716e+03, 3.546e+03, 3.476e+03, 3.941e+03, 3.351e+03, 4.418e+03, 3.712e+03, 3.972e+03, 3.637e+03, 3.632e+03, 3.328e+03, 4.238e+03, 3.624e+03, 3.782e+03, 3.921e+03, 4.327e+03, 3.777e+03, 3.992e+03, 3.292e+03, 2.327e+03, 4.020e+03, 4.296e+03, 4.708e+03, 3.960e+03, 3.735e+03, 4.373e+03, 4.372e+03, 4.873e+03]
[2024-05-29 03:38:54] ppls=[5.469e+00, 7.389e+00, 8.880e+00, 9.095e+00, 8.170e+00, 7.806e+00, 7.163e+00, 6.617e+00, 6.561e+00, 6.621e+00, 6.771e+00, 6.808e+00, 6.723e+00, 6.730e+00, 6.788e+00, 6.848e+00, 6.915e+00, 6.943e+00, 7.043e+00, 7.046e+00, 7.042e+00, 6.986e+00, 6.914e+00, 6.934e+00, 6.943e+00, 6.913e+00, 6.958e+00, 6.940e+00, 6.984e+00, 6.993e+00, 7.108e+00, 7.169e+00, 7.198e+00, 7.155e+00, 7.067e+00, 7.003e+00, 6.912e+00, 6.842e+00, 6.798e+00, 6.801e+00, 6.784e+00, 6.707e+00, 6.620e+00, 6.561e+00, 6.483e+00, 6.426e+00, 6.389e+00, 6.405e+00, 6.484e+00, 6.566e+00, 6.642e+00, 6.699e+00, 6.728e+00, 6.733e+00, 6.751e+00, 6.774e+00, 6.737e+00, 6.764e+00, 6.752e+00, 6.724e+00, 6.699e+00, 6.670e+00, 6.626e+00, 6.596e+00, 6.551e+00, 6.499e+00, 6.470e+00, 6.450e+00, 6.463e+00, 6.494e+00, 6.524e+00, 6.560e+00, 6.605e+00, 6.580e+00, 6.567e+00, 6.577e+00, 6.563e+00, 6.546e+00, 6.539e+00, 6.528e+00, 6.485e+00, 6.482e+00, 6.500e+00, 6.532e+00, 6.551e+00, 6.541e+00, 6.543e+00, 6.543e+00, 6.549e+00, 6.548e+00, 6.551e+00, 6.568e+00, 6.599e+00, 6.584e+00, 6.571e+00, 6.562e+00, 6.557e+00, 6.552e+00, 6.543e+00, 6.536e+00, 6.547e+00, 6.558e+00, 6.558e+00, 6.576e+00, 6.624e+00, 6.659e+00, 6.686e+00, 6.713e+00, 6.746e+00, 6.771e+00, 6.779e+00, 6.788e+00, 6.787e+00, 6.797e+00, 6.789e+00, 6.805e+00, 6.830e+00, 6.840e+00, 6.834e+00, 6.851e+00, 6.845e+00, 6.859e+00, 6.859e+00, 6.863e+00, 6.864e+00, 6.847e+00, 6.835e+00, 6.826e+00, 6.816e+00, 6.812e+00, 6.818e+00, 6.825e+00, 6.820e+00, 6.839e+00, 6.828e+00, 6.830e+00, 6.832e+00, 6.840e+00, 6.835e+00, 6.826e+00, 6.815e+00, 6.815e+00, 6.802e+00, 6.813e+00, 6.808e+00, 6.809e+00, 6.802e+00, 6.796e+00, 6.783e+00, 6.790e+00, 6.783e+00, 6.780e+00, 6.780e+00, 6.789e+00, 6.786e+00, 6.787e+00, 6.774e+00, 6.741e+00, 6.743e+00, 6.751e+00, 6.767e+00, 6.768e+00, 6.765e+00, 6.774e+00, 6.783e+00, 6.802e+00]
[2024-05-29 03:38:54] PPL: 6.802e+00
