[2024-05-29 03:37:24] Environments:
------------  --------------------------------------------------------------------------------
sys.platform  linux
python        3.12.3 (main, Apr 27 2024, 19:00:21) [GCC 11.4.0]
datasets      2.19.1 @/home/giung/transformerx/.venv/lib/python3.12/site-packages/datasets
jax           0.4.28 @/home/giung/transformerx/.venv/lib/python3.12/site-packages/jax
jaxlib        0.4.28 @/home/giung/transformerx/.venv/lib/python3.12/site-packages/jaxlib
transformers  4.41.1 @/home/giung/transformerx/.venv/lib/python3.12/site-packages/transformers
------------  --------------------------------------------------------------------------------

[2024-05-29 03:37:24] Command line arguments:
- args.model      : microsoft/Phi-3-medium-4k-instruct
- args.data       : ptb
- args.seqlen     : 2048
- args.bits       : 6
- args.group_size : 1
- args.save       : save/ptb/microsoft/Phi-3-medium-4k-instruct/b6-g1
- args.seed       : 25459005

[2024-05-29 03:37:24] Local devices:
[TpuDevice(id=0, process_index=0, coords=(0,0,0), core_on_chip=0), TpuDevice(id=1, process_index=0, coords=(1,0,0), core_on_chip=0), TpuDevice(id=2, process_index=0, coords=(0,1,0), core_on_chip=0), TpuDevice(id=3, process_index=0, coords=(1,1,0), core_on_chip=0)]

[2024-05-29 03:40:27] nlls=[4.971e+03, 4.742e+03, 4.798e+03, 4.923e+03, 5.037e+03, 4.553e+03, 4.755e+03, 4.405e+03, 4.543e+03, 4.368e+03, 4.728e+03, 4.110e+03, 5.128e+03, 4.954e+03, 4.959e+03, 5.207e+03, 4.745e+03, 4.215e+03, 5.254e+03, 4.394e+03, 4.497e+03, 5.236e+03, 4.658e+03, 5.123e+03, 5.266e+03, 4.573e+03, 4.661e+03, 4.939e+03, 4.574e+03, 5.264e+03, 4.466e+03, 4.780e+03, 4.224e+03, 5.530e+03, 5.049e+03, 5.582e+03, 5.490e+03, 5.026e+03, 4.817e+03, 5.193e+03, 4.971e+03, 4.904e+03, 4.915e+03, 5.313e+03, 4.837e+03, 4.398e+03, 4.647e+03, 4.567e+03, 4.430e+03, 4.600e+03, 4.975e+03, 4.680e+03]
[2024-05-29 03:40:27] ppls=[1.133e+01, 1.071e+01, 1.061e+01, 1.072e+01, 1.091e+01, 1.061e+01, 1.055e+01, 1.028e+01, 1.016e+01, 9.970e+00, 9.978e+00, 9.737e+00, 9.909e+00, 9.998e+00, 1.008e+01, 1.022e+01, 1.022e+01, 1.007e+01, 1.021e+01, 1.012e+01, 1.006e+01, 1.017e+01, 1.015e+01, 1.023e+01, 1.033e+01, 1.029e+01, 1.027e+01, 1.030e+01, 1.027e+01, 1.035e+01, 1.030e+01, 1.030e+01, 1.021e+01, 1.033e+01, 1.037e+01, 1.048e+01, 1.057e+01, 1.060e+01, 1.060e+01, 1.064e+01, 1.066e+01, 1.067e+01, 1.068e+01, 1.073e+01, 1.073e+01, 1.068e+01, 1.065e+01, 1.062e+01, 1.058e+01, 1.056e+01, 1.057e+01, 1.056e+01]
[2024-05-29 03:40:27] PPL: 1.056e+01
