[2024-05-29 04:08:03] Environments:
------------  --------------------------------------------------------------------------------
sys.platform  linux
python        3.12.3 (main, Apr 27 2024, 19:00:21) [GCC 11.4.0]
datasets      2.19.1 @/home/giung/transformerx/.venv/lib/python3.12/site-packages/datasets
jax           0.4.28 @/home/giung/transformerx/.venv/lib/python3.12/site-packages/jax
jaxlib        0.4.28 @/home/giung/transformerx/.venv/lib/python3.12/site-packages/jaxlib
transformers  4.41.1 @/home/giung/transformerx/.venv/lib/python3.12/site-packages/transformers
------------  --------------------------------------------------------------------------------

[2024-05-29 04:08:03] Command line arguments:
- args.model      : microsoft/Phi-3-mini-4k-instruct
- args.data       : ptb
- args.seqlen     : 2048
- args.bits       : 3
- args.group_size : 1
- args.save       : save/ptb/microsoft/Phi-3-mini-4k-instruct/b3-g1
- args.seed       : 5180974

[2024-05-29 04:08:03] Local devices:
[TpuDevice(id=0, process_index=0, coords=(0,0,0), core_on_chip=0), TpuDevice(id=1, process_index=0, coords=(1,0,0), core_on_chip=0), TpuDevice(id=2, process_index=0, coords=(0,1,0), core_on_chip=0), TpuDevice(id=3, process_index=0, coords=(1,1,0), core_on_chip=0)]

[2024-05-29 04:09:16] nlls=[2.645e+04, 2.610e+04, 2.837e+04, 2.843e+04, 2.716e+04, 2.765e+04, 2.810e+04, 2.683e+04, 2.725e+04, 2.883e+04, 2.697e+04, 2.762e+04, 2.784e+04, 2.618e+04, 2.587e+04, 2.614e+04, 2.666e+04, 2.802e+04, 2.687e+04, 2.801e+04, 2.681e+04, 2.754e+04, 2.777e+04, 2.656e+04, 2.618e+04, 2.613e+04, 2.684e+04, 2.611e+04, 2.711e+04, 2.665e+04, 2.779e+04, 2.674e+04, 2.836e+04, 2.765e+04, 2.795e+04, 2.605e+04, 2.744e+04, 2.760e+04, 2.583e+04, 2.787e+04, 2.666e+04, 2.677e+04, 2.744e+04, 2.566e+04, 2.756e+04, 2.748e+04, 2.622e+04, 2.706e+04, 2.775e+04, 2.639e+04, 2.740e+04, 2.699e+04]
[2024-05-29 04:09:16] ppls=[4.074e+05, 3.740e+05, 5.256e+05, 6.278e+05, 6.167e+05, 6.344e+05, 6.681e+05, 6.426e+05, 6.379e+05, 6.850e+05, 6.685e+05, 6.727e+05, 6.818e+05, 6.509e+05, 6.189e+05, 5.972e+05, 5.874e+05, 6.006e+05, 5.948e+05, 6.061e+05, 5.997e+05, 6.037e+05, 6.102e+05, 6.013e+05, 5.888e+05, 5.770e+05, 5.736e+05, 5.632e+05, 5.632e+05, 5.589e+05, 5.649e+05, 5.617e+05, 5.721e+05, 5.763e+05, 5.827e+05, 5.738e+05, 5.759e+05, 5.792e+05, 5.695e+05, 5.746e+05, 5.712e+05, 5.687e+05, 5.707e+05, 5.614e+05, 5.641e+05, 5.663e+05, 5.609e+05, 5.606e+05, 5.642e+05, 5.602e+05, 5.618e+05, 5.611e+05]
[2024-05-29 04:09:16] PPL: 5.611e+05
