[2024-05-29 03:34:30] Environments:
------------  --------------------------------------------------------------------------------
sys.platform  linux
python        3.12.3 (main, Apr 27 2024, 19:00:21) [GCC 11.4.0]
datasets      2.19.1 @/home/giung/transformerx/.venv/lib/python3.12/site-packages/datasets
jax           0.4.28 @/home/giung/transformerx/.venv/lib/python3.12/site-packages/jax
jaxlib        0.4.28 @/home/giung/transformerx/.venv/lib/python3.12/site-packages/jaxlib
transformers  4.41.1 @/home/giung/transformerx/.venv/lib/python3.12/site-packages/transformers
------------  --------------------------------------------------------------------------------

[2024-05-29 03:34:30] Command line arguments:
- args.model      : microsoft/Phi-3-medium-4k-instruct
- args.data       : wikitext2
- args.seqlen     : 2048
- args.bits       : 3
- args.group_size : 32
- args.save       : save/wikitext2/microsoft/Phi-3-medium-4k-instruct/b3-g32
- args.seed       : 31610790

[2024-05-29 03:34:30] Local devices:
[TpuDevice(id=0, process_index=0, coords=(0,0,0), core_on_chip=0), TpuDevice(id=1, process_index=0, coords=(1,0,0), core_on_chip=0), TpuDevice(id=2, process_index=0, coords=(0,1,0), core_on_chip=0), TpuDevice(id=3, process_index=0, coords=(1,1,0), core_on_chip=0)]

[2024-05-29 03:39:07] nlls=[3.058e+04, 3.024e+04, 3.053e+04, 3.099e+04, 3.017e+04, 3.034e+04, 2.909e+04, 2.794e+04, 2.952e+04, 3.028e+04, 3.079e+04, 3.052e+04, 3.087e+04, 3.052e+04, 3.063e+04, 3.099e+04, 3.057e+04, 3.037e+04, 3.092e+04, 3.068e+04, 3.010e+04, 2.974e+04, 2.961e+04, 3.132e+04, 3.107e+04, 3.052e+04, 3.102e+04, 3.046e+04, 3.150e+04, 3.087e+04, 3.062e+04, 3.097e+04, 3.150e+04, 3.193e+04, 3.183e+04, 3.091e+04, 3.187e+04, 3.131e+04, 3.122e+04, 3.084e+04, 3.072e+04, 2.969e+04, 2.983e+04, 2.965e+04, 2.946e+04, 3.005e+04, 2.938e+04, 3.041e+04, 3.053e+04, 3.089e+04, 3.102e+04, 3.107e+04, 3.057e+04, 3.107e+04, 3.038e+04, 3.043e+04, 3.000e+04, 3.106e+04, 3.071e+04, 3.039e+04, 3.101e+04, 3.068e+04, 3.073e+04, 3.076e+04, 3.067e+04, 3.023e+04, 3.098e+04, 3.053e+04, 3.008e+04, 3.203e+04, 3.129e+04, 3.117e+04, 3.218e+04, 3.164e+04, 3.224e+04, 3.261e+04, 3.193e+04, 3.254e+04, 3.108e+04, 3.026e+04, 2.664e+04, 2.955e+04, 3.123e+04, 3.071e+04, 3.095e+04, 3.058e+04, 2.952e+04, 3.017e+04, 3.094e+04, 3.049e+04, 3.086e+04, 3.076e+04, 3.097e+04, 3.034e+04, 3.069e+04, 3.021e+04, 3.045e+04, 3.128e+04, 3.107e+04, 3.106e+04, 3.078e+04, 3.079e+04, 3.062e+04, 3.174e+04, 3.103e+04, 3.116e+04, 3.089e+04, 3.104e+04, 3.040e+04, 3.106e+04, 3.173e+04, 3.192e+04, 3.088e+04, 3.114e+04, 3.090e+04, 3.093e+04, 3.094e+04, 3.016e+04, 3.044e+04, 2.958e+04, 2.935e+04, 3.041e+04, 3.114e+04, 3.032e+04, 3.012e+04, 3.129e+04, 3.113e+04, 3.117e+04, 3.075e+04, 3.062e+04, 3.130e+04, 3.119e+04, 3.136e+04, 3.175e+04, 3.054e+04, 2.998e+04, 3.066e+04, 3.092e+04, 3.116e+04, 3.042e+04, 3.002e+04, 3.062e+04, 3.131e+04, 3.123e+04, 3.067e+04, 3.094e+04, 3.125e+04, 3.084e+04, 3.021e+04, 3.148e+04, 3.034e+04, 3.071e+04, 3.067e+04, 3.064e+04, 3.101e+04, 3.044e+04, 2.953e+04, 2.863e+04, 3.040e+04, 3.191e+04, 3.118e+04, 2.997e+04, 3.099e+04, 3.100e+04, 3.083e+04, 3.112e+04]
[2024-05-29 03:39:07] ppls=[3.048e+06, 2.809e+06, 2.865e+06, 3.061e+06, 2.938e+06, 2.901e+06, 2.634e+06, 2.283e+06, 2.225e+06, 2.264e+06, 2.349e+06, 2.395e+06, 2.466e+06, 2.499e+06, 2.537e+06, 2.598e+06, 2.622e+06, 2.630e+06, 2.674e+06, 2.698e+06, 2.684e+06, 2.649e+06, 2.611e+06, 2.668e+06, 2.709e+06, 2.718e+06, 2.751e+06, 2.756e+06, 2.809e+06, 2.830e+06, 2.838e+06, 2.862e+06, 2.907e+06, 2.968e+06, 3.023e+06, 3.037e+06, 3.090e+06, 3.118e+06, 3.141e+06, 3.149e+06, 3.152e+06, 3.117e+06, 3.089e+06, 3.057e+06, 3.020e+06, 3.003e+06, 2.967e+06, 2.964e+06, 2.964e+06, 2.975e+06, 2.989e+06, 3.004e+06, 3.005e+06, 3.019e+06, 3.014e+06, 3.011e+06, 2.997e+06, 3.010e+06, 3.014e+06, 3.010e+06, 3.021e+06, 3.024e+06, 3.028e+06, 3.032e+06, 3.035e+06, 3.027e+06, 3.036e+06, 3.036e+06, 3.025e+06, 3.056e+06, 3.071e+06, 3.083e+06, 3.116e+06, 3.137e+06, 3.170e+06, 3.210e+06, 3.236e+06, 3.273e+06, 3.281e+06, 3.271e+06, 3.192e+06, 3.170e+06, 3.181e+06, 3.182e+06, 3.187e+06, 3.185e+06, 3.165e+06, 3.157e+06, 3.162e+06, 3.159e+06, 3.162e+06, 3.164e+06, 3.170e+06, 3.164e+06, 3.165e+06, 3.158e+06, 3.155e+06, 3.165e+06, 3.171e+06, 3.177e+06, 3.179e+06, 3.181e+06, 3.180e+06, 3.197e+06, 3.202e+06, 3.209e+06, 3.212e+06, 3.217e+06, 3.213e+06, 3.218e+06, 3.233e+06, 3.250e+06, 3.253e+06, 3.259e+06, 3.261e+06, 3.264e+06, 3.267e+06, 3.260e+06, 3.256e+06, 3.241e+06, 3.223e+06, 3.220e+06, 3.226e+06, 3.221e+06, 3.214e+06, 3.221e+06, 3.227e+06, 3.233e+06, 3.233e+06, 3.232e+06, 3.239e+06, 3.245e+06, 3.253e+06, 3.265e+06, 3.263e+06, 3.255e+06, 3.254e+06, 3.257e+06, 3.262e+06, 3.258e+06, 3.250e+06, 3.249e+06, 3.256e+06, 3.262e+06, 3.261e+06, 3.264e+06, 3.270e+06, 3.271e+06, 3.265e+06, 3.274e+06, 3.269e+06, 3.269e+06, 3.269e+06, 3.268e+06, 3.271e+06, 3.268e+06, 3.256e+06, 3.235e+06, 3.232e+06, 3.244e+06, 3.249e+06, 3.242e+06, 3.245e+06, 3.247e+06, 3.249e+06, 3.253e+06]
[2024-05-29 03:39:07] PPL: 3.253e+06
