[2024-05-24 17:54:26] Environments:
------------  --------------------------------------------------------------------------------
sys.platform  linux
python        3.12.3 (main, Apr 27 2024, 19:00:21) [GCC 11.4.0]
datasets      2.19.1 @/home/giung/transformerx/.venv/lib/python3.12/site-packages/datasets
jax           0.4.28 @/home/giung/transformerx/.venv/lib/python3.12/site-packages/jax
jaxlib        0.4.28 @/home/giung/transformerx/.venv/lib/python3.12/site-packages/jaxlib
transformers  4.41.1 @/home/giung/transformerx/.venv/lib/python3.12/site-packages/transformers
------------  --------------------------------------------------------------------------------

[2024-05-24 17:54:26] Command line arguments:
- args.model  : microsoft/Phi-3-medium-4k-instruct
- args.data   : wikitext2
- args.seqlen : 2048
- args.quant  : None
- args.save   : save/microsoft/Phi-3-medium-4k-instruct
- args.seed   : 26617764

[2024-05-24 17:54:26] Local devices:
[TpuDevice(id=0, process_index=0, coords=(0,0,0), core_on_chip=0), TpuDevice(id=1, process_index=0, coords=(1,0,0), core_on_chip=0), TpuDevice(id=2, process_index=0, coords=(0,1,0), core_on_chip=0), TpuDevice(id=3, process_index=0, coords=(1,1,0), core_on_chip=0)]

[2024-05-24 18:11:44] nlls=[1.053e+04, 1.077e+04, 1.149e+04, 1.150e+04, 1.025e+04, 1.138e+04, 1.089e+04, 1.064e+04, 1.084e+04, 1.052e+04, 1.092e+04, 1.071e+04, 1.043e+04, 1.035e+04, 1.002e+04, 1.056e+04, 1.041e+04, 1.051e+04, 1.018e+04, 9.871e+03, 1.100e+04, 1.005e+04, 1.141e+04, 1.048e+04, 1.107e+04, 1.145e+04, 1.101e+04, 1.096e+04, 1.077e+04, 1.112e+04, 1.108e+04, 1.106e+04, 1.160e+04, 1.160e+04, 1.189e+04, 1.061e+04, 1.228e+04, 1.224e+04, 1.191e+04, 1.171e+04, 1.073e+04, 1.088e+04, 1.032e+04, 1.017e+04, 9.553e+03, 9.434e+03, 1.022e+04, 1.138e+04, 1.137e+04, 1.128e+04, 1.105e+04, 1.096e+04, 1.065e+04, 1.049e+04, 1.104e+04, 1.085e+04, 1.055e+04, 1.124e+04, 1.059e+04, 1.097e+04, 9.755e+03, 1.015e+04, 9.529e+03, 1.010e+04, 1.019e+04, 1.023e+04, 9.418e+03, 1.233e+04, 1.106e+04, 1.043e+04, 1.116e+04, 1.119e+04, 1.094e+04, 1.117e+04, 1.139e+04, 1.129e+04, 1.070e+04, 1.025e+04, 1.087e+04, 1.060e+04, 1.026e+04, 1.145e+04, 1.141e+04, 1.121e+04, 1.099e+04, 9.894e+03, 1.045e+04, 1.075e+04, 1.046e+04, 1.117e+04, 1.119e+04, 1.192e+04, 1.145e+04, 1.108e+04, 1.086e+04, 1.140e+04, 1.126e+04, 1.042e+04, 1.002e+04, 1.033e+04, 1.067e+04, 1.085e+04, 1.119e+04, 1.143e+04, 1.150e+04, 1.141e+04, 1.089e+04, 1.118e+04, 1.151e+04, 1.125e+04, 1.053e+04, 1.077e+04, 1.050e+04, 1.089e+04, 1.054e+04, 1.027e+04, 1.135e+04, 1.155e+04, 1.081e+04, 1.129e+04, 1.151e+04, 1.139e+04, 1.046e+04, 1.123e+04, 1.068e+04, 1.028e+04, 1.032e+04, 1.134e+04, 1.175e+04, 1.100e+04, 1.142e+04, 1.132e+04, 1.129e+04, 1.101e+04, 1.046e+04, 1.098e+04, 1.073e+04, 1.174e+04, 1.150e+04, 1.141e+04, 1.141e+04, 1.119e+04, 1.069e+04, 1.147e+04, 1.085e+04, 1.109e+04, 9.689e+03, 9.984e+03, 1.089e+04, 1.195e+04, 1.070e+04, 1.089e+04, 1.087e+04, 1.163e+04, 1.108e+04, 1.125e+04, 1.086e+04, 1.084e+04, 1.060e+04, 1.107e+04, 1.096e+04, 1.109e+04, 1.028e+04, 1.134e+04, 1.139e+04, 1.111e+04]
[2024-05-24 18:11:44] ppls=[5.140e+00, 5.200e+00, 5.338e+00, 5.407e+00, 5.327e+00, 5.365e+00, 5.358e+00, 5.338e+00, 5.333e+00, 5.313e+00, 5.315e+00, 5.308e+00, 5.291e+00, 5.274e+00, 5.249e+00, 5.243e+00, 5.233e+00, 5.228e+00, 5.214e+00, 5.195e+00, 5.203e+00, 5.189e+00, 5.206e+00, 5.202e+00, 5.210e+00, 5.225e+00, 5.231e+00, 5.235e+00, 5.236e+00, 5.242e+00, 5.248e+00, 5.252e+00, 5.265e+00, 5.276e+00, 5.292e+00, 5.289e+00, 5.308e+00, 5.325e+00, 5.338e+00, 5.347e+00, 5.345e+00, 5.344e+00, 5.337e+00, 5.328e+00, 5.314e+00, 5.298e+00, 5.292e+00, 5.297e+00, 5.302e+00, 5.306e+00, 5.308e+00, 5.309e+00, 5.307e+00, 5.304e+00, 5.305e+00, 5.305e+00, 5.302e+00, 5.306e+00, 5.303e+00, 5.304e+00, 5.295e+00, 5.290e+00, 5.280e+00, 5.274e+00, 5.270e+00, 5.266e+00, 5.256e+00, 5.267e+00, 5.269e+00, 5.266e+00, 5.269e+00, 5.272e+00, 5.273e+00, 5.275e+00, 5.279e+00, 5.282e+00, 5.281e+00, 5.278e+00, 5.278e+00, 5.277e+00, 5.273e+00, 5.277e+00, 5.281e+00, 5.283e+00, 5.284e+00, 5.279e+00, 5.277e+00, 5.276e+00, 5.275e+00, 5.277e+00, 5.279e+00, 5.284e+00, 5.288e+00, 5.289e+00, 5.289e+00, 5.292e+00, 5.294e+00, 5.292e+00, 5.288e+00, 5.286e+00, 5.285e+00, 5.285e+00, 5.287e+00, 5.290e+00, 5.293e+00, 5.295e+00, 5.295e+00, 5.297e+00, 5.300e+00, 5.302e+00, 5.300e+00, 5.300e+00, 5.298e+00, 5.299e+00, 5.297e+00, 5.295e+00, 5.297e+00, 5.300e+00, 5.300e+00, 5.301e+00, 5.304e+00, 5.306e+00, 5.305e+00, 5.306e+00, 5.305e+00, 5.303e+00, 5.301e+00, 5.303e+00, 5.306e+00, 5.307e+00, 5.309e+00, 5.310e+00, 5.312e+00, 5.312e+00, 5.311e+00, 5.311e+00, 5.311e+00, 5.314e+00, 5.316e+00, 5.318e+00, 5.319e+00, 5.320e+00, 5.320e+00, 5.322e+00, 5.322e+00, 5.322e+00, 5.318e+00, 5.315e+00, 5.315e+00, 5.319e+00, 5.318e+00, 5.318e+00, 5.318e+00, 5.320e+00, 5.321e+00, 5.322e+00, 5.322e+00, 5.322e+00, 5.321e+00, 5.321e+00, 5.321e+00, 5.322e+00, 5.320e+00, 5.321e+00, 5.323e+00, 5.324e+00]
[2024-05-24 18:11:44] PPL: 5.324e+00
