[2024-05-24 17:55:35] Environments:
------------  --------------------------------------------------------------------------------
sys.platform  linux
python        3.12.3 (main, Apr 27 2024, 19:00:21) [GCC 11.4.0]
datasets      2.19.1 @/home/giung/transformerx/.venv/lib/python3.12/site-packages/datasets
jax           0.4.28 @/home/giung/transformerx/.venv/lib/python3.12/site-packages/jax
jaxlib        0.4.28 @/home/giung/transformerx/.venv/lib/python3.12/site-packages/jaxlib
transformers  4.41.1 @/home/giung/transformerx/.venv/lib/python3.12/site-packages/transformers
------------  --------------------------------------------------------------------------------

[2024-05-24 17:55:35] Command line arguments:
- args.model  : microsoft/Phi-3-medium-4k-instruct
- args.data   : wikitext2
- args.seqlen : 2048
- args.quant  : Q3_0
- args.save   : save/microsoft/Phi-3-medium-4k-instruct
- args.seed   : 35580468

[2024-05-24 17:55:35] Local devices:
[TpuDevice(id=0, process_index=0, coords=(0,0,0), core_on_chip=0), TpuDevice(id=1, process_index=0, coords=(1,0,0), core_on_chip=0), TpuDevice(id=2, process_index=0, coords=(0,1,0), core_on_chip=0), TpuDevice(id=3, process_index=0, coords=(1,1,0), core_on_chip=0)]

[2024-05-24 18:13:26] nlls=[1.904e+04, 1.767e+04, 1.936e+04, 1.969e+04, 1.778e+04, 2.038e+04, 1.846e+04, 2.125e+04, 1.870e+04, 1.949e+04, 2.261e+04, 2.024e+04, 2.195e+04, 2.167e+04, 2.060e+04, 1.997e+04, 2.107e+04, 1.859e+04, 2.029e+04, 1.989e+04, 2.012e+04, 1.818e+04, 2.015e+04, 2.073e+04, 1.883e+04, 2.027e+04, 2.005e+04, 1.830e+04, 1.847e+04, 1.877e+04, 1.972e+04, 1.773e+04, 1.929e+04, 2.286e+04, 2.134e+04, 2.007e+04, 2.077e+04, 2.051e+04, 2.128e+04, 1.968e+04, 1.966e+04, 2.113e+04, 1.919e+04, 1.787e+04, 2.165e+04, 2.081e+04, 1.969e+04, 1.961e+04, 1.780e+04, 1.718e+04, 1.723e+04, 1.874e+04, 1.840e+04, 1.909e+04, 2.011e+04, 1.817e+04, 1.895e+04, 1.918e+04, 1.920e+04, 1.960e+04, 1.903e+04, 1.941e+04, 1.976e+04, 2.121e+04, 1.974e+04, 1.780e+04, 1.939e+04, 1.905e+04, 1.964e+04, 2.045e+04, 2.055e+04, 2.177e+04, 2.032e+04, 1.882e+04, 2.125e+04, 1.962e+04, 1.879e+04, 2.068e+04, 1.826e+04, 1.902e+04, 1.645e+04, 1.782e+04, 1.815e+04, 1.848e+04, 2.017e+04, 1.997e+04, 2.020e+04, 1.858e+04, 2.020e+04, 2.040e+04, 1.954e+04, 1.911e+04, 1.886e+04, 1.990e+04, 1.998e+04, 2.137e+04, 2.010e+04, 1.867e+04, 1.866e+04, 1.877e+04, 1.967e+04, 1.825e+04, 1.850e+04, 1.901e+04, 1.989e+04, 1.868e+04, 2.031e+04, 2.031e+04, 1.863e+04, 1.886e+04, 2.021e+04, 1.868e+04, 1.807e+04, 1.845e+04, 1.834e+04, 1.866e+04, 2.013e+04, 1.900e+04, 1.806e+04, 1.957e+04, 1.749e+04, 1.898e+04, 2.159e+04, 2.148e+04, 1.937e+04, 2.065e+04, 1.982e+04, 2.079e+04, 1.930e+04, 2.035e+04, 1.910e+04, 2.167e+04, 2.079e+04, 1.935e+04, 1.806e+04, 1.905e+04, 1.884e+04, 1.858e+04, 2.112e+04, 1.895e+04, 2.145e+04, 2.083e+04, 2.102e+04, 2.032e+04, 1.910e+04, 2.184e+04, 2.038e+04, 2.328e+04, 2.140e+04, 1.965e+04, 2.006e+04, 1.974e+04, 2.059e+04, 2.046e+04, 1.882e+04, 1.851e+04, 2.316e+04, 2.035e+04, 1.863e+04, 1.987e+04, 2.005e+04, 1.900e+04, 2.045e+04, 1.859e+04, 1.851e+04, 2.197e+04]
[2024-05-24 18:13:26] ppls=[9.297e+00, 8.961e+00, 9.126e+00, 9.248e+00, 9.135e+00, 9.271e+00, 9.234e+00, 9.377e+00, 9.350e+00, 9.366e+00, 9.519e+00, 9.549e+00, 9.639e+00, 9.706e+00, 9.730e+00, 9.731e+00, 9.764e+00, 9.726e+00, 9.735e+00, 9.734e+00, 9.738e+00, 9.699e+00, 9.705e+00, 9.723e+00, 9.701e+00, 9.709e+00, 9.712e+00, 9.684e+00, 9.661e+00, 9.645e+00, 9.644e+00, 9.614e+00, 9.608e+00, 9.653e+00, 9.675e+00, 9.679e+00, 9.691e+00, 9.700e+00, 9.718e+00, 9.715e+00, 9.712e+00, 9.726e+00, 9.718e+00, 9.696e+00, 9.715e+00, 9.725e+00, 9.722e+00, 9.719e+00, 9.698e+00, 9.672e+00, 9.647e+00, 9.638e+00, 9.626e+00, 9.620e+00, 9.624e+00, 9.610e+00, 9.604e+00, 9.600e+00, 9.596e+00, 9.596e+00, 9.591e+00, 9.589e+00, 9.590e+00, 9.602e+00, 9.602e+00, 9.588e+00, 9.587e+00, 9.582e+00, 9.583e+00, 9.588e+00, 9.595e+00, 9.609e+00, 9.613e+00, 9.608e+00, 9.618e+00, 9.617e+00, 9.612e+00, 9.618e+00, 9.609e+00, 9.605e+00, 9.586e+00, 9.575e+00, 9.566e+00, 9.560e+00, 9.563e+00, 9.565e+00, 9.569e+00, 9.563e+00, 9.566e+00, 9.571e+00, 9.570e+00, 9.568e+00, 9.564e+00, 9.566e+00, 9.568e+00, 9.577e+00, 9.579e+00, 9.574e+00, 9.570e+00, 9.566e+00, 9.566e+00, 9.560e+00, 9.555e+00, 9.552e+00, 9.553e+00, 9.549e+00, 9.553e+00, 9.556e+00, 9.552e+00, 9.549e+00, 9.552e+00, 9.548e+00, 9.541e+00, 9.537e+00, 9.532e+00, 9.528e+00, 9.531e+00, 9.529e+00, 9.523e+00, 9.523e+00, 9.515e+00, 9.513e+00, 9.521e+00, 9.529e+00, 9.528e+00, 9.533e+00, 9.534e+00, 9.539e+00, 9.538e+00, 9.541e+00, 9.539e+00, 9.547e+00, 9.552e+00, 9.551e+00, 9.545e+00, 9.544e+00, 9.541e+00, 9.538e+00, 9.543e+00, 9.541e+00, 9.548e+00, 9.552e+00, 9.557e+00, 9.560e+00, 9.558e+00, 9.566e+00, 9.568e+00, 9.580e+00, 9.586e+00, 9.586e+00, 9.588e+00, 9.588e+00, 9.591e+00, 9.594e+00, 9.591e+00, 9.588e+00, 9.598e+00, 9.601e+00, 9.597e+00, 9.598e+00, 9.599e+00, 9.597e+00, 9.600e+00, 9.596e+00, 9.593e+00, 9.600e+00]
[2024-05-24 18:13:26] PPL: 9.600e+00
