[2024-05-24 17:55:26] Environments:
------------  --------------------------------------------------------------------------------
sys.platform  linux
python        3.12.3 (main, Apr 27 2024, 19:00:21) [GCC 11.4.0]
datasets      2.19.1 @/home/giung/transformerx/.venv/lib/python3.12/site-packages/datasets
jax           0.4.28 @/home/giung/transformerx/.venv/lib/python3.12/site-packages/jax
jaxlib        0.4.28 @/home/giung/transformerx/.venv/lib/python3.12/site-packages/jaxlib
transformers  4.41.1 @/home/giung/transformerx/.venv/lib/python3.12/site-packages/transformers
------------  --------------------------------------------------------------------------------

[2024-05-24 17:55:26] Command line arguments:
- args.model  : microsoft/Phi-3-medium-4k-instruct
- args.data   : wikitext2
- args.seqlen : 2048
- args.quant  : Q4_0
- args.save   : save/microsoft/Phi-3-medium-4k-instruct
- args.seed   : 26434999

[2024-05-24 17:55:26] Local devices:
[TpuDevice(id=0, process_index=0, coords=(0,0,0), core_on_chip=0), TpuDevice(id=1, process_index=0, coords=(1,0,0), core_on_chip=0), TpuDevice(id=2, process_index=0, coords=(0,1,0), core_on_chip=0), TpuDevice(id=3, process_index=0, coords=(1,1,0), core_on_chip=0)]

[2024-05-24 18:13:29] nlls=[1.061e+04, 1.072e+04, 1.146e+04, 1.143e+04, 1.052e+04, 1.158e+04, 1.097e+04, 1.025e+04, 1.056e+04, 1.043e+04, 1.079e+04, 1.077e+04, 1.091e+04, 1.044e+04, 9.932e+03, 1.047e+04, 1.029e+04, 1.048e+04, 1.012e+04, 9.879e+03, 1.109e+04, 1.026e+04, 1.148e+04, 1.035e+04, 1.097e+04, 1.133e+04, 1.077e+04, 1.085e+04, 1.070e+04, 1.119e+04, 1.109e+04, 1.109e+04, 1.167e+04, 1.199e+04, 1.226e+04, 1.089e+04, 1.259e+04, 1.209e+04, 1.205e+04, 1.169e+04, 1.084e+04, 1.102e+04, 1.042e+04, 9.991e+03, 9.535e+03, 9.419e+03, 1.037e+04, 1.129e+04, 1.138e+04, 1.117e+04, 1.107e+04, 1.089e+04, 1.066e+04, 1.032e+04, 1.122e+04, 1.062e+04, 1.049e+04, 1.134e+04, 1.069e+04, 1.109e+04, 9.900e+03, 1.048e+04, 9.623e+03, 1.025e+04, 1.045e+04, 1.007e+04, 9.875e+03, 1.268e+04, 1.126e+04, 1.040e+04, 1.093e+04, 1.096e+04, 1.085e+04, 1.109e+04, 1.169e+04, 1.120e+04, 1.054e+04, 1.091e+04, 1.094e+04, 1.082e+04, 1.029e+04, 1.196e+04, 1.135e+04, 1.117e+04, 1.121e+04, 9.898e+03, 1.034e+04, 1.060e+04, 1.036e+04, 1.088e+04, 1.144e+04, 1.189e+04, 1.133e+04, 1.086e+04, 1.059e+04, 1.120e+04, 1.100e+04, 1.044e+04, 1.002e+04, 1.044e+04, 1.059e+04, 1.099e+04, 1.105e+04, 1.153e+04, 1.139e+04, 1.124e+04, 1.104e+04, 1.153e+04, 1.155e+04, 1.123e+04, 1.074e+04, 1.087e+04, 1.044e+04, 1.085e+04, 1.049e+04, 1.021e+04, 1.111e+04, 1.107e+04, 1.071e+04, 1.098e+04, 1.145e+04, 1.125e+04, 1.037e+04, 1.110e+04, 1.062e+04, 1.009e+04, 1.028e+04, 1.113e+04, 1.172e+04, 1.101e+04, 1.143e+04, 1.143e+04, 1.130e+04, 1.104e+04, 1.039e+04, 1.123e+04, 1.105e+04, 1.168e+04, 1.138e+04, 1.105e+04, 1.107e+04, 1.128e+04, 1.046e+04, 1.150e+04, 1.066e+04, 1.115e+04, 9.743e+03, 1.016e+04, 1.095e+04, 1.186e+04, 1.075e+04, 1.093e+04, 1.071e+04, 1.177e+04, 1.097e+04, 1.107e+04, 1.087e+04, 1.075e+04, 1.042e+04, 1.129e+04, 1.087e+04, 1.111e+04, 1.043e+04, 1.112e+04, 1.133e+04, 1.136e+04]
[2024-05-24 18:13:29] ppls=[5.182e+00, 5.209e+00, 5.338e+00, 5.398e+00, 5.346e+00, 5.398e+00, 5.392e+00, 5.344e+00, 5.323e+00, 5.300e+00, 5.297e+00, 5.293e+00, 5.296e+00, 5.282e+00, 5.253e+00, 5.244e+00, 5.231e+00, 5.225e+00, 5.210e+00, 5.191e+00, 5.202e+00, 5.193e+00, 5.211e+00, 5.204e+00, 5.210e+00, 5.223e+00, 5.224e+00, 5.226e+00, 5.226e+00, 5.234e+00, 5.240e+00, 5.246e+00, 5.259e+00, 5.277e+00, 5.297e+00, 5.298e+00, 5.321e+00, 5.336e+00, 5.350e+00, 5.359e+00, 5.357e+00, 5.358e+00, 5.351e+00, 5.341e+00, 5.325e+00, 5.310e+00, 5.304e+00, 5.309e+00, 5.314e+00, 5.317e+00, 5.318e+00, 5.318e+00, 5.316e+00, 5.311e+00, 5.314e+00, 5.312e+00, 5.309e+00, 5.313e+00, 5.311e+00, 5.313e+00, 5.305e+00, 5.302e+00, 5.292e+00, 5.288e+00, 5.285e+00, 5.279e+00, 5.273e+00, 5.286e+00, 5.289e+00, 5.286e+00, 5.287e+00, 5.288e+00, 5.288e+00, 5.290e+00, 5.295e+00, 5.297e+00, 5.295e+00, 5.296e+00, 5.296e+00, 5.296e+00, 5.293e+00, 5.300e+00, 5.303e+00, 5.304e+00, 5.306e+00, 5.301e+00, 5.298e+00, 5.297e+00, 5.294e+00, 5.294e+00, 5.297e+00, 5.303e+00, 5.305e+00, 5.305e+00, 5.304e+00, 5.306e+00, 5.306e+00, 5.304e+00, 5.300e+00, 5.298e+00, 5.297e+00, 5.297e+00, 5.298e+00, 5.301e+00, 5.304e+00, 5.306e+00, 5.306e+00, 5.309e+00, 5.312e+00, 5.314e+00, 5.313e+00, 5.313e+00, 5.311e+00, 5.311e+00, 5.310e+00, 5.307e+00, 5.308e+00, 5.309e+00, 5.308e+00, 5.308e+00, 5.311e+00, 5.312e+00, 5.310e+00, 5.311e+00, 5.310e+00, 5.307e+00, 5.305e+00, 5.306e+00, 5.309e+00, 5.310e+00, 5.312e+00, 5.314e+00, 5.315e+00, 5.316e+00, 5.314e+00, 5.315e+00, 5.316e+00, 5.319e+00, 5.320e+00, 5.321e+00, 5.321e+00, 5.323e+00, 5.321e+00, 5.323e+00, 5.323e+00, 5.323e+00, 5.320e+00, 5.317e+00, 5.317e+00, 5.320e+00, 5.320e+00, 5.320e+00, 5.319e+00, 5.322e+00, 5.322e+00, 5.323e+00, 5.323e+00, 5.322e+00, 5.321e+00, 5.322e+00, 5.322e+00, 5.323e+00, 5.321e+00, 5.322e+00, 5.323e+00, 5.325e+00]
[2024-05-24 18:13:29] PPL: 5.325e+00
