[2024-05-24 17:55:22] Environments:
------------  --------------------------------------------------------------------------------
sys.platform  linux
python        3.12.3 (main, Apr 27 2024, 19:00:21) [GCC 11.4.0]
datasets      2.19.1 @/home/giung/transformerx/.venv/lib/python3.12/site-packages/datasets
jax           0.4.28 @/home/giung/transformerx/.venv/lib/python3.12/site-packages/jax
jaxlib        0.4.28 @/home/giung/transformerx/.venv/lib/python3.12/site-packages/jaxlib
transformers  4.41.1 @/home/giung/transformerx/.venv/lib/python3.12/site-packages/transformers
------------  --------------------------------------------------------------------------------

[2024-05-24 17:55:22] Command line arguments:
- args.model  : microsoft/Phi-3-medium-4k-instruct
- args.data   : wikitext2
- args.seqlen : 2048
- args.quant  : Q5_0
- args.save   : save/microsoft/Phi-3-medium-4k-instruct
- args.seed   : 22492230

[2024-05-24 17:55:22] Local devices:
[TpuDevice(id=0, process_index=0, coords=(0,0,0), core_on_chip=0), TpuDevice(id=1, process_index=0, coords=(1,0,0), core_on_chip=0), TpuDevice(id=2, process_index=0, coords=(0,1,0), core_on_chip=0), TpuDevice(id=3, process_index=0, coords=(1,1,0), core_on_chip=0)]

[2024-05-24 18:13:27] nlls=[1.051e+04, 1.081e+04, 1.155e+04, 1.159e+04, 1.044e+04, 1.144e+04, 1.092e+04, 1.069e+04, 1.093e+04, 1.060e+04, 1.105e+04, 1.080e+04, 1.081e+04, 1.050e+04, 1.014e+04, 1.081e+04, 1.052e+04, 1.068e+04, 1.028e+04, 1.002e+04, 1.115e+04, 1.017e+04, 1.145e+04, 1.050e+04, 1.113e+04, 1.139e+04, 1.111e+04, 1.101e+04, 1.082e+04, 1.120e+04, 1.107e+04, 1.117e+04, 1.162e+04, 1.172e+04, 1.227e+04, 1.093e+04, 1.225e+04, 1.214e+04, 1.203e+04, 1.187e+04, 1.092e+04, 1.094e+04, 1.052e+04, 1.025e+04, 9.649e+03, 9.544e+03, 1.028e+04, 1.138e+04, 1.139e+04, 1.133e+04, 1.106e+04, 1.100e+04, 1.065e+04, 1.052e+04, 1.104e+04, 1.096e+04, 1.066e+04, 1.130e+04, 1.069e+04, 1.105e+04, 1.016e+04, 1.044e+04, 9.648e+03, 1.045e+04, 1.039e+04, 1.045e+04, 9.643e+03, 1.251e+04, 1.120e+04, 1.047e+04, 1.114e+04, 1.139e+04, 1.099e+04, 1.145e+04, 1.149e+04, 1.146e+04, 1.087e+04, 1.062e+04, 1.096e+04, 1.081e+04, 1.044e+04, 1.146e+04, 1.147e+04, 1.135e+04, 1.103e+04, 1.001e+04, 1.062e+04, 1.087e+04, 1.050e+04, 1.112e+04, 1.122e+04, 1.194e+04, 1.151e+04, 1.119e+04, 1.099e+04, 1.147e+04, 1.136e+04, 1.041e+04, 1.014e+04, 1.038e+04, 1.078e+04, 1.085e+04, 1.141e+04, 1.150e+04, 1.159e+04, 1.151e+04, 1.106e+04, 1.127e+04, 1.159e+04, 1.129e+04, 1.060e+04, 1.087e+04, 1.063e+04, 1.094e+04, 1.068e+04, 1.030e+04, 1.135e+04, 1.158e+04, 1.084e+04, 1.127e+04, 1.143e+04, 1.151e+04, 1.059e+04, 1.136e+04, 1.092e+04, 1.039e+04, 1.038e+04, 1.147e+04, 1.179e+04, 1.112e+04, 1.150e+04, 1.135e+04, 1.130e+04, 1.107e+04, 1.058e+04, 1.110e+04, 1.082e+04, 1.183e+04, 1.151e+04, 1.158e+04, 1.154e+04, 1.140e+04, 1.073e+04, 1.162e+04, 1.095e+04, 1.115e+04, 9.993e+03, 1.012e+04, 1.096e+04, 1.202e+04, 1.075e+04, 1.097e+04, 1.090e+04, 1.161e+04, 1.106e+04, 1.125e+04, 1.088e+04, 1.093e+04, 1.051e+04, 1.109e+04, 1.100e+04, 1.106e+04, 1.035e+04, 1.131e+04, 1.163e+04, 1.132e+04]
[2024-05-24 18:13:27] ppls=[5.130e+00, 5.205e+00, 5.350e+00, 5.427e+00, 5.362e+00, 5.399e+00, 5.390e+00, 5.368e+00, 5.365e+00, 5.346e+00, 5.350e+00, 5.344e+00, 5.339e+00, 5.324e+00, 5.299e+00, 5.298e+00, 5.288e+00, 5.284e+00, 5.270e+00, 5.251e+00, 5.260e+00, 5.247e+00, 5.262e+00, 5.256e+00, 5.263e+00, 5.275e+00, 5.280e+00, 5.284e+00, 5.284e+00, 5.290e+00, 5.294e+00, 5.299e+00, 5.310e+00, 5.322e+00, 5.341e+00, 5.341e+00, 5.359e+00, 5.374e+00, 5.387e+00, 5.397e+00, 5.395e+00, 5.394e+00, 5.388e+00, 5.379e+00, 5.364e+00, 5.349e+00, 5.342e+00, 5.346e+00, 5.351e+00, 5.354e+00, 5.355e+00, 5.356e+00, 5.353e+00, 5.349e+00, 5.349e+00, 5.349e+00, 5.347e+00, 5.350e+00, 5.348e+00, 5.348e+00, 5.342e+00, 5.338e+00, 5.328e+00, 5.325e+00, 5.321e+00, 5.318e+00, 5.308e+00, 5.320e+00, 5.322e+00, 5.319e+00, 5.321e+00, 5.324e+00, 5.325e+00, 5.329e+00, 5.332e+00, 5.336e+00, 5.335e+00, 5.333e+00, 5.334e+00, 5.333e+00, 5.330e+00, 5.333e+00, 5.337e+00, 5.339e+00, 5.340e+00, 5.334e+00, 5.333e+00, 5.332e+00, 5.330e+00, 5.331e+00, 5.333e+00, 5.338e+00, 5.341e+00, 5.343e+00, 5.343e+00, 5.345e+00, 5.348e+00, 5.345e+00, 5.341e+00, 5.338e+00, 5.337e+00, 5.337e+00, 5.339e+00, 5.342e+00, 5.345e+00, 5.348e+00, 5.348e+00, 5.350e+00, 5.352e+00, 5.354e+00, 5.352e+00, 5.352e+00, 5.350e+00, 5.350e+00, 5.349e+00, 5.346e+00, 5.348e+00, 5.351e+00, 5.350e+00, 5.351e+00, 5.353e+00, 5.356e+00, 5.354e+00, 5.356e+00, 5.355e+00, 5.353e+00, 5.351e+00, 5.353e+00, 5.356e+00, 5.357e+00, 5.359e+00, 5.360e+00, 5.361e+00, 5.361e+00, 5.360e+00, 5.361e+00, 5.360e+00, 5.363e+00, 5.365e+00, 5.367e+00, 5.369e+00, 5.370e+00, 5.369e+00, 5.371e+00, 5.371e+00, 5.372e+00, 5.368e+00, 5.366e+00, 5.365e+00, 5.369e+00, 5.368e+00, 5.368e+00, 5.368e+00, 5.370e+00, 5.370e+00, 5.371e+00, 5.370e+00, 5.370e+00, 5.368e+00, 5.369e+00, 5.369e+00, 5.369e+00, 5.367e+00, 5.368e+00, 5.370e+00, 5.371e+00]
[2024-05-24 18:13:27] PPL: 5.371e+00
