[2024-05-24 17:55:34] Environments:
------------  --------------------------------------------------------------------------------
sys.platform  linux
python        3.12.3 (main, Apr 27 2024, 19:00:21) [GCC 11.4.0]
datasets      2.19.1 @/home/giung/transformerx/.venv/lib/python3.12/site-packages/datasets
jax           0.4.28 @/home/giung/transformerx/.venv/lib/python3.12/site-packages/jax
jaxlib        0.4.28 @/home/giung/transformerx/.venv/lib/python3.12/site-packages/jaxlib
transformers  4.41.1 @/home/giung/transformerx/.venv/lib/python3.12/site-packages/transformers
------------  --------------------------------------------------------------------------------

[2024-05-24 17:55:34] Command line arguments:
- args.model  : microsoft/Phi-3-medium-4k-instruct
- args.data   : wikitext2
- args.seqlen : 2048
- args.quant  : Q6_0
- args.save   : save/microsoft/Phi-3-medium-4k-instruct
- args.seed   : 35076650

[2024-05-24 17:55:34] Local devices:
[TpuDevice(id=0, process_index=0, coords=(0,0,0), core_on_chip=0), TpuDevice(id=1, process_index=0, coords=(1,0,0), core_on_chip=0), TpuDevice(id=2, process_index=0, coords=(0,1,0), core_on_chip=0), TpuDevice(id=3, process_index=0, coords=(1,1,0), core_on_chip=0)]

[2024-05-24 18:13:16] nlls=[1.056e+04, 1.076e+04, 1.146e+04, 1.148e+04, 1.019e+04, 1.136e+04, 1.092e+04, 1.065e+04, 1.087e+04, 1.051e+04, 1.093e+04, 1.072e+04, 1.037e+04, 1.030e+04, 1.003e+04, 1.058e+04, 1.041e+04, 1.056e+04, 1.015e+04, 9.839e+03, 1.102e+04, 1.001e+04, 1.145e+04, 1.047e+04, 1.110e+04, 1.139e+04, 1.108e+04, 1.097e+04, 1.078e+04, 1.111e+04, 1.110e+04, 1.108e+04, 1.157e+04, 1.167e+04, 1.187e+04, 1.067e+04, 1.234e+04, 1.229e+04, 1.191e+04, 1.170e+04, 1.073e+04, 1.088e+04, 1.033e+04, 1.024e+04, 9.608e+03, 9.449e+03, 1.021e+04, 1.132e+04, 1.136e+04, 1.125e+04, 1.104e+04, 1.096e+04, 1.065e+04, 1.052e+04, 1.106e+04, 1.087e+04, 1.059e+04, 1.123e+04, 1.056e+04, 1.094e+04, 9.784e+03, 1.020e+04, 9.446e+03, 1.011e+04, 1.021e+04, 1.024e+04, 9.400e+03, 1.233e+04, 1.113e+04, 1.044e+04, 1.112e+04, 1.122e+04, 1.094e+04, 1.117e+04, 1.139e+04, 1.129e+04, 1.064e+04, 1.022e+04, 1.092e+04, 1.059e+04, 1.031e+04, 1.154e+04, 1.141e+04, 1.122e+04, 1.100e+04, 9.912e+03, 1.039e+04, 1.075e+04, 1.047e+04, 1.111e+04, 1.116e+04, 1.194e+04, 1.144e+04, 1.108e+04, 1.091e+04, 1.143e+04, 1.127e+04, 1.039e+04, 1.004e+04, 1.038e+04, 1.068e+04, 1.084e+04, 1.124e+04, 1.140e+04, 1.148e+04, 1.145e+04, 1.091e+04, 1.117e+04, 1.150e+04, 1.124e+04, 1.055e+04, 1.074e+04, 1.046e+04, 1.086e+04, 1.058e+04, 1.020e+04, 1.130e+04, 1.157e+04, 1.080e+04, 1.128e+04, 1.151e+04, 1.140e+04, 1.048e+04, 1.123e+04, 1.071e+04, 1.028e+04, 1.035e+04, 1.137e+04, 1.174e+04, 1.100e+04, 1.141e+04, 1.130e+04, 1.128e+04, 1.102e+04, 1.039e+04, 1.097e+04, 1.070e+04, 1.175e+04, 1.149e+04, 1.142e+04, 1.144e+04, 1.123e+04, 1.065e+04, 1.146e+04, 1.086e+04, 1.110e+04, 9.709e+03, 9.977e+03, 1.093e+04, 1.195e+04, 1.068e+04, 1.089e+04, 1.084e+04, 1.159e+04, 1.109e+04, 1.125e+04, 1.089e+04, 1.084e+04, 1.059e+04, 1.113e+04, 1.096e+04, 1.109e+04, 1.025e+04, 1.132e+04, 1.140e+04, 1.112e+04]
[2024-05-24 18:13:16] ppls=[5.158e+00, 5.205e+00, 5.336e+00, 5.403e+00, 5.317e+00, 5.356e+00, 5.352e+00, 5.333e+00, 5.330e+00, 5.311e+00, 5.313e+00, 5.306e+00, 5.288e+00, 5.269e+00, 5.244e+00, 5.239e+00, 5.230e+00, 5.226e+00, 5.212e+00, 5.192e+00, 5.201e+00, 5.186e+00, 5.204e+00, 5.200e+00, 5.209e+00, 5.223e+00, 5.230e+00, 5.234e+00, 5.235e+00, 5.241e+00, 5.247e+00, 5.252e+00, 5.264e+00, 5.277e+00, 5.292e+00, 5.289e+00, 5.309e+00, 5.327e+00, 5.340e+00, 5.349e+00, 5.347e+00, 5.346e+00, 5.339e+00, 5.331e+00, 5.317e+00, 5.302e+00, 5.295e+00, 5.300e+00, 5.305e+00, 5.309e+00, 5.310e+00, 5.311e+00, 5.309e+00, 5.306e+00, 5.307e+00, 5.307e+00, 5.305e+00, 5.308e+00, 5.305e+00, 5.306e+00, 5.297e+00, 5.292e+00, 5.281e+00, 5.276e+00, 5.272e+00, 5.267e+00, 5.257e+00, 5.269e+00, 5.271e+00, 5.269e+00, 5.271e+00, 5.274e+00, 5.275e+00, 5.277e+00, 5.281e+00, 5.284e+00, 5.283e+00, 5.279e+00, 5.280e+00, 5.278e+00, 5.275e+00, 5.280e+00, 5.283e+00, 5.286e+00, 5.287e+00, 5.281e+00, 5.279e+00, 5.279e+00, 5.277e+00, 5.278e+00, 5.280e+00, 5.286e+00, 5.289e+00, 5.291e+00, 5.291e+00, 5.294e+00, 5.296e+00, 5.294e+00, 5.290e+00, 5.288e+00, 5.287e+00, 5.287e+00, 5.289e+00, 5.292e+00, 5.295e+00, 5.298e+00, 5.298e+00, 5.299e+00, 5.302e+00, 5.304e+00, 5.303e+00, 5.302e+00, 5.300e+00, 5.300e+00, 5.299e+00, 5.296e+00, 5.298e+00, 5.301e+00, 5.301e+00, 5.303e+00, 5.305e+00, 5.308e+00, 5.306e+00, 5.307e+00, 5.307e+00, 5.305e+00, 5.303e+00, 5.305e+00, 5.308e+00, 5.308e+00, 5.310e+00, 5.312e+00, 5.313e+00, 5.314e+00, 5.312e+00, 5.312e+00, 5.312e+00, 5.315e+00, 5.317e+00, 5.319e+00, 5.321e+00, 5.322e+00, 5.321e+00, 5.323e+00, 5.323e+00, 5.323e+00, 5.320e+00, 5.316e+00, 5.317e+00, 5.320e+00, 5.319e+00, 5.319e+00, 5.319e+00, 5.321e+00, 5.322e+00, 5.323e+00, 5.323e+00, 5.323e+00, 5.322e+00, 5.323e+00, 5.323e+00, 5.323e+00, 5.321e+00, 5.323e+00, 5.324e+00, 5.325e+00]
[2024-05-24 18:13:16] PPL: 5.325e+00
