[2024-05-24 17:55:39] Environments:
------------  --------------------------------------------------------------------------------
sys.platform  linux
python        3.12.3 (main, Apr 27 2024, 19:00:21) [GCC 11.4.0]
datasets      2.19.1 @/home/giung/transformerx/.venv/lib/python3.12/site-packages/datasets
jax           0.4.28 @/home/giung/transformerx/.venv/lib/python3.12/site-packages/jax
jaxlib        0.4.28 @/home/giung/transformerx/.venv/lib/python3.12/site-packages/jaxlib
transformers  4.41.1 @/home/giung/transformerx/.venv/lib/python3.12/site-packages/transformers
------------  --------------------------------------------------------------------------------

[2024-05-24 17:55:39] Command line arguments:
- args.model  : microsoft/Phi-3-medium-4k-instruct
- args.data   : wikitext2
- args.seqlen : 2048
- args.quant  : Q7_0
- args.save   : save/microsoft/Phi-3-medium-4k-instruct
- args.seed   : 39275399

[2024-05-24 17:55:39] Local devices:
[TpuDevice(id=0, process_index=0, coords=(0,0,0), core_on_chip=0), TpuDevice(id=1, process_index=0, coords=(1,0,0), core_on_chip=0), TpuDevice(id=2, process_index=0, coords=(0,1,0), core_on_chip=0), TpuDevice(id=3, process_index=0, coords=(1,1,0), core_on_chip=0)]

[2024-05-24 18:13:34] nlls=[1.052e+04, 1.077e+04, 1.152e+04, 1.149e+04, 1.024e+04, 1.138e+04, 1.089e+04, 1.060e+04, 1.081e+04, 1.051e+04, 1.090e+04, 1.072e+04, 1.040e+04, 1.037e+04, 1.003e+04, 1.058e+04, 1.042e+04, 1.054e+04, 1.019e+04, 9.871e+03, 1.101e+04, 1.004e+04, 1.144e+04, 1.045e+04, 1.105e+04, 1.145e+04, 1.096e+04, 1.092e+04, 1.078e+04, 1.113e+04, 1.108e+04, 1.107e+04, 1.160e+04, 1.161e+04, 1.186e+04, 1.061e+04, 1.219e+04, 1.220e+04, 1.190e+04, 1.173e+04, 1.070e+04, 1.089e+04, 1.033e+04, 1.010e+04, 9.527e+03, 9.419e+03, 1.023e+04, 1.139e+04, 1.136e+04, 1.128e+04, 1.106e+04, 1.096e+04, 1.066e+04, 1.050e+04, 1.106e+04, 1.084e+04, 1.057e+04, 1.123e+04, 1.058e+04, 1.097e+04, 9.664e+03, 1.013e+04, 9.505e+03, 1.007e+04, 1.017e+04, 1.012e+04, 9.405e+03, 1.236e+04, 1.101e+04, 1.043e+04, 1.114e+04, 1.118e+04, 1.095e+04, 1.115e+04, 1.139e+04, 1.124e+04, 1.061e+04, 1.022e+04, 1.087e+04, 1.062e+04, 1.027e+04, 1.142e+04, 1.141e+04, 1.120e+04, 1.099e+04, 9.899e+03, 1.046e+04, 1.073e+04, 1.046e+04, 1.118e+04, 1.118e+04, 1.192e+04, 1.140e+04, 1.104e+04, 1.079e+04, 1.138e+04, 1.123e+04, 1.040e+04, 1.002e+04, 1.031e+04, 1.067e+04, 1.086e+04, 1.120e+04, 1.143e+04, 1.150e+04, 1.139e+04, 1.086e+04, 1.119e+04, 1.151e+04, 1.124e+04, 1.056e+04, 1.075e+04, 1.050e+04, 1.087e+04, 1.053e+04, 1.028e+04, 1.138e+04, 1.153e+04, 1.082e+04, 1.129e+04, 1.153e+04, 1.136e+04, 1.043e+04, 1.123e+04, 1.064e+04, 1.023e+04, 1.032e+04, 1.133e+04, 1.175e+04, 1.100e+04, 1.144e+04, 1.133e+04, 1.130e+04, 1.102e+04, 1.045e+04, 1.099e+04, 1.074e+04, 1.176e+04, 1.148e+04, 1.137e+04, 1.136e+04, 1.115e+04, 1.068e+04, 1.147e+04, 1.085e+04, 1.110e+04, 9.697e+03, 9.998e+03, 1.087e+04, 1.198e+04, 1.072e+04, 1.090e+04, 1.087e+04, 1.161e+04, 1.106e+04, 1.125e+04, 1.080e+04, 1.084e+04, 1.059e+04, 1.112e+04, 1.097e+04, 1.109e+04, 1.025e+04, 1.135e+04, 1.139e+04, 1.114e+04]
[2024-05-24 18:13:34] ppls=[5.135e+00, 5.198e+00, 5.340e+00, 5.407e+00, 5.326e+00, 5.364e+00, 5.358e+00, 5.335e+00, 5.329e+00, 5.309e+00, 5.310e+00, 5.304e+00, 5.287e+00, 5.271e+00, 5.246e+00, 5.241e+00, 5.232e+00, 5.227e+00, 5.214e+00, 5.194e+00, 5.203e+00, 5.189e+00, 5.206e+00, 5.202e+00, 5.210e+00, 5.225e+00, 5.229e+00, 5.233e+00, 5.234e+00, 5.241e+00, 5.246e+00, 5.251e+00, 5.264e+00, 5.276e+00, 5.290e+00, 5.287e+00, 5.305e+00, 5.322e+00, 5.335e+00, 5.345e+00, 5.342e+00, 5.341e+00, 5.334e+00, 5.325e+00, 5.310e+00, 5.295e+00, 5.288e+00, 5.294e+00, 5.299e+00, 5.303e+00, 5.305e+00, 5.306e+00, 5.304e+00, 5.301e+00, 5.303e+00, 5.303e+00, 5.300e+00, 5.303e+00, 5.301e+00, 5.302e+00, 5.292e+00, 5.287e+00, 5.277e+00, 5.271e+00, 5.266e+00, 5.261e+00, 5.251e+00, 5.263e+00, 5.264e+00, 5.262e+00, 5.265e+00, 5.267e+00, 5.268e+00, 5.271e+00, 5.275e+00, 5.277e+00, 5.276e+00, 5.272e+00, 5.273e+00, 5.272e+00, 5.269e+00, 5.272e+00, 5.276e+00, 5.278e+00, 5.279e+00, 5.274e+00, 5.272e+00, 5.272e+00, 5.270e+00, 5.272e+00, 5.274e+00, 5.280e+00, 5.283e+00, 5.284e+00, 5.284e+00, 5.287e+00, 5.289e+00, 5.287e+00, 5.283e+00, 5.280e+00, 5.280e+00, 5.280e+00, 5.282e+00, 5.285e+00, 5.288e+00, 5.290e+00, 5.290e+00, 5.292e+00, 5.295e+00, 5.297e+00, 5.295e+00, 5.295e+00, 5.294e+00, 5.294e+00, 5.292e+00, 5.290e+00, 5.292e+00, 5.295e+00, 5.295e+00, 5.297e+00, 5.300e+00, 5.302e+00, 5.300e+00, 5.301e+00, 5.301e+00, 5.298e+00, 5.296e+00, 5.298e+00, 5.301e+00, 5.302e+00, 5.304e+00, 5.306e+00, 5.307e+00, 5.308e+00, 5.306e+00, 5.307e+00, 5.306e+00, 5.309e+00, 5.312e+00, 5.313e+00, 5.315e+00, 5.316e+00, 5.315e+00, 5.317e+00, 5.317e+00, 5.318e+00, 5.314e+00, 5.311e+00, 5.311e+00, 5.314e+00, 5.314e+00, 5.314e+00, 5.314e+00, 5.316e+00, 5.317e+00, 5.318e+00, 5.318e+00, 5.317e+00, 5.316e+00, 5.317e+00, 5.317e+00, 5.318e+00, 5.316e+00, 5.318e+00, 5.319e+00, 5.320e+00]
[2024-05-24 18:13:34] PPL: 5.320e+00
