[2024-05-24 17:55:38] Environments:
------------  --------------------------------------------------------------------------------
sys.platform  linux
python        3.12.3 (main, Apr 27 2024, 19:00:21) [GCC 11.4.0]
datasets      2.19.1 @/home/giung/transformerx/.venv/lib/python3.12/site-packages/datasets
jax           0.4.28 @/home/giung/transformerx/.venv/lib/python3.12/site-packages/jax
jaxlib        0.4.28 @/home/giung/transformerx/.venv/lib/python3.12/site-packages/jaxlib
transformers  4.41.1 @/home/giung/transformerx/.venv/lib/python3.12/site-packages/transformers
------------  --------------------------------------------------------------------------------

[2024-05-24 17:55:38] Command line arguments:
- args.model  : microsoft/Phi-3-medium-4k-instruct
- args.data   : wikitext2
- args.seqlen : 2048
- args.quant  : Q8_0
- args.save   : save/microsoft/Phi-3-medium-4k-instruct
- args.seed   : 38391086

[2024-05-24 17:55:38] Local devices:
[TpuDevice(id=0, process_index=0, coords=(0,0,0), core_on_chip=0), TpuDevice(id=1, process_index=0, coords=(1,0,0), core_on_chip=0), TpuDevice(id=2, process_index=0, coords=(0,1,0), core_on_chip=0), TpuDevice(id=3, process_index=0, coords=(1,1,0), core_on_chip=0)]

[2024-05-24 18:13:27] nlls=[1.051e+04, 1.076e+04, 1.149e+04, 1.149e+04, 1.024e+04, 1.138e+04, 1.087e+04, 1.064e+04, 1.081e+04, 1.051e+04, 1.093e+04, 1.070e+04, 1.042e+04, 1.034e+04, 9.999e+03, 1.055e+04, 1.040e+04, 1.049e+04, 1.017e+04, 9.874e+03, 1.100e+04, 1.005e+04, 1.139e+04, 1.047e+04, 1.106e+04, 1.141e+04, 1.099e+04, 1.094e+04, 1.076e+04, 1.111e+04, 1.108e+04, 1.106e+04, 1.160e+04, 1.159e+04, 1.191e+04, 1.062e+04, 1.228e+04, 1.226e+04, 1.191e+04, 1.171e+04, 1.073e+04, 1.089e+04, 1.032e+04, 1.017e+04, 9.558e+03, 9.438e+03, 1.022e+04, 1.136e+04, 1.136e+04, 1.128e+04, 1.104e+04, 1.096e+04, 1.065e+04, 1.048e+04, 1.105e+04, 1.084e+04, 1.055e+04, 1.125e+04, 1.059e+04, 1.097e+04, 9.758e+03, 1.014e+04, 9.532e+03, 1.010e+04, 1.018e+04, 1.023e+04, 9.412e+03, 1.234e+04, 1.106e+04, 1.042e+04, 1.114e+04, 1.119e+04, 1.093e+04, 1.116e+04, 1.140e+04, 1.128e+04, 1.067e+04, 1.026e+04, 1.087e+04, 1.059e+04, 1.026e+04, 1.144e+04, 1.141e+04, 1.121e+04, 1.099e+04, 9.901e+03, 1.044e+04, 1.075e+04, 1.044e+04, 1.117e+04, 1.118e+04, 1.192e+04, 1.144e+04, 1.107e+04, 1.085e+04, 1.139e+04, 1.126e+04, 1.041e+04, 1.001e+04, 1.032e+04, 1.066e+04, 1.085e+04, 1.119e+04, 1.142e+04, 1.149e+04, 1.140e+04, 1.088e+04, 1.117e+04, 1.150e+04, 1.125e+04, 1.053e+04, 1.076e+04, 1.050e+04, 1.088e+04, 1.054e+04, 1.028e+04, 1.134e+04, 1.154e+04, 1.081e+04, 1.131e+04, 1.151e+04, 1.137e+04, 1.045e+04, 1.122e+04, 1.067e+04, 1.029e+04, 1.031e+04, 1.134e+04, 1.174e+04, 1.099e+04, 1.142e+04, 1.131e+04, 1.129e+04, 1.101e+04, 1.045e+04, 1.098e+04, 1.073e+04, 1.173e+04, 1.150e+04, 1.142e+04, 1.142e+04, 1.118e+04, 1.069e+04, 1.147e+04, 1.083e+04, 1.108e+04, 9.659e+03, 9.974e+03, 1.088e+04, 1.195e+04, 1.070e+04, 1.088e+04, 1.085e+04, 1.163e+04, 1.107e+04, 1.125e+04, 1.085e+04, 1.085e+04, 1.059e+04, 1.106e+04, 1.095e+04, 1.109e+04, 1.029e+04, 1.134e+04, 1.140e+04, 1.110e+04]
[2024-05-24 18:13:27] ppls=[5.133e+00, 5.194e+00, 5.333e+00, 5.402e+00, 5.322e+00, 5.361e+00, 5.354e+00, 5.334e+00, 5.328e+00, 5.308e+00, 5.311e+00, 5.303e+00, 5.287e+00, 5.270e+00, 5.244e+00, 5.238e+00, 5.229e+00, 5.223e+00, 5.210e+00, 5.190e+00, 5.199e+00, 5.186e+00, 5.202e+00, 5.198e+00, 5.206e+00, 5.220e+00, 5.226e+00, 5.230e+00, 5.231e+00, 5.237e+00, 5.243e+00, 5.248e+00, 5.260e+00, 5.272e+00, 5.287e+00, 5.285e+00, 5.304e+00, 5.322e+00, 5.334e+00, 5.344e+00, 5.342e+00, 5.341e+00, 5.334e+00, 5.326e+00, 5.311e+00, 5.296e+00, 5.289e+00, 5.295e+00, 5.300e+00, 5.304e+00, 5.306e+00, 5.307e+00, 5.304e+00, 5.301e+00, 5.303e+00, 5.303e+00, 5.300e+00, 5.303e+00, 5.301e+00, 5.302e+00, 5.293e+00, 5.287e+00, 5.277e+00, 5.272e+00, 5.267e+00, 5.263e+00, 5.253e+00, 5.265e+00, 5.267e+00, 5.264e+00, 5.267e+00, 5.269e+00, 5.270e+00, 5.273e+00, 5.277e+00, 5.280e+00, 5.279e+00, 5.275e+00, 5.276e+00, 5.274e+00, 5.271e+00, 5.275e+00, 5.279e+00, 5.281e+00, 5.282e+00, 5.277e+00, 5.275e+00, 5.274e+00, 5.272e+00, 5.274e+00, 5.276e+00, 5.282e+00, 5.286e+00, 5.287e+00, 5.287e+00, 5.290e+00, 5.292e+00, 5.290e+00, 5.286e+00, 5.283e+00, 5.283e+00, 5.283e+00, 5.284e+00, 5.287e+00, 5.290e+00, 5.293e+00, 5.293e+00, 5.295e+00, 5.298e+00, 5.299e+00, 5.298e+00, 5.298e+00, 5.296e+00, 5.296e+00, 5.295e+00, 5.292e+00, 5.295e+00, 5.297e+00, 5.297e+00, 5.299e+00, 5.302e+00, 5.304e+00, 5.302e+00, 5.304e+00, 5.303e+00, 5.301e+00, 5.299e+00, 5.300e+00, 5.304e+00, 5.304e+00, 5.306e+00, 5.308e+00, 5.310e+00, 5.310e+00, 5.308e+00, 5.309e+00, 5.308e+00, 5.311e+00, 5.314e+00, 5.315e+00, 5.317e+00, 5.318e+00, 5.318e+00, 5.320e+00, 5.319e+00, 5.320e+00, 5.316e+00, 5.313e+00, 5.313e+00, 5.316e+00, 5.316e+00, 5.316e+00, 5.316e+00, 5.318e+00, 5.318e+00, 5.320e+00, 5.319e+00, 5.319e+00, 5.318e+00, 5.319e+00, 5.319e+00, 5.320e+00, 5.318e+00, 5.319e+00, 5.321e+00, 5.321e+00]
[2024-05-24 18:13:27] PPL: 5.321e+00
