[2024-05-29 03:24:25] Environments:
------------  --------------------------------------------------------------------------------
sys.platform  linux
python        3.12.3 (main, Apr 27 2024, 19:00:21) [GCC 11.4.0]
datasets      2.19.1 @/home/giung/transformerx/.venv/lib/python3.12/site-packages/datasets
jax           0.4.28 @/home/giung/transformerx/.venv/lib/python3.12/site-packages/jax
jaxlib        0.4.28 @/home/giung/transformerx/.venv/lib/python3.12/site-packages/jaxlib
transformers  4.41.1 @/home/giung/transformerx/.venv/lib/python3.12/site-packages/transformers
------------  --------------------------------------------------------------------------------

[2024-05-29 03:24:25] Command line arguments:
- args.model      : microsoft/Phi-3-medium-4k-instruct
- args.data       : wikitext2
- args.seqlen     : 2048
- args.bits       : 5
- args.group_size : 16
- args.save       : save/wikitext2/microsoft/Phi-3-medium-4k-instruct/b5-g16
- args.seed       : 26849684

[2024-05-29 03:24:25] Local devices:
[TpuDevice(id=0, process_index=0, coords=(0,0,0), core_on_chip=0), TpuDevice(id=1, process_index=0, coords=(1,0,0), core_on_chip=0), TpuDevice(id=2, process_index=0, coords=(0,1,0), core_on_chip=0), TpuDevice(id=3, process_index=0, coords=(1,1,0), core_on_chip=0)]

[2024-05-29 03:29:00] nlls=[2.742e+03, 2.676e+03, 3.028e+03, 3.147e+03, 3.073e+03, 3.257e+03, 2.626e+03, 2.250e+03, 3.295e+03, 3.574e+03, 3.856e+03, 3.661e+03, 3.221e+03, 3.591e+03, 3.492e+03, 3.656e+03, 3.591e+03, 3.523e+03, 4.012e+03, 3.414e+03, 3.494e+03, 3.115e+03, 2.203e+03, 2.984e+03, 3.209e+03, 3.001e+03, 3.161e+03, 2.882e+03, 3.123e+03, 3.607e+03, 4.583e+03, 4.199e+03, 3.786e+03, 3.052e+03, 2.450e+03, 2.404e+03, 2.124e+03, 2.630e+03, 2.829e+03, 3.207e+03, 3.095e+03, 2.623e+03, 2.380e+03, 2.750e+03, 2.457e+03, 2.633e+03, 2.934e+03, 3.573e+03, 4.621e+03, 4.814e+03, 4.172e+03, 3.668e+03, 3.462e+03, 3.646e+03, 3.936e+03, 3.946e+03, 2.944e+03, 3.783e+03, 3.273e+03, 2.922e+03, 3.023e+03, 3.033e+03, 2.709e+03, 2.866e+03, 2.625e+03, 2.532e+03, 2.739e+03, 3.021e+03, 3.763e+03, 3.894e+03, 4.033e+03, 4.281e+03, 4.337e+03, 2.877e+03, 3.099e+03, 3.590e+03, 3.109e+03, 3.074e+03, 3.193e+03, 3.257e+03, 2.373e+03, 2.831e+03, 3.782e+03, 4.145e+03, 3.922e+03, 3.201e+03, 3.625e+03, 3.492e+03, 3.585e+03, 3.450e+03, 3.560e+03, 3.213e+03, 3.735e+03, 3.058e+03, 3.121e+03, 3.121e+03, 3.063e+03, 3.306e+03, 3.127e+03, 3.043e+03, 3.719e+03, 3.775e+03, 3.408e+03, 3.947e+03, 4.841e+03, 4.581e+03, 4.333e+03, 4.167e+03, 4.593e+03, 4.336e+03, 3.867e+03, 3.830e+03, 3.559e+03, 3.813e+03, 3.182e+03, 4.134e+03, 4.524e+03, 4.046e+03, 3.115e+03, 3.181e+03, 3.125e+03, 3.967e+03, 3.187e+03, 3.445e+03, 3.161e+03, 2.844e+03, 2.966e+03, 2.856e+03, 3.014e+03, 3.315e+03, 3.624e+03, 3.508e+03, 3.136e+03, 3.459e+03, 3.036e+03, 3.594e+03, 3.514e+03, 3.849e+03, 3.290e+03, 3.237e+03, 3.089e+03, 3.469e+03, 2.827e+03, 4.028e+03, 3.366e+03, 3.568e+03, 3.076e+03, 3.223e+03, 3.014e+03, 3.795e+03, 2.864e+03, 2.574e+03, 2.956e+03, 3.147e+03, 3.027e+03, 3.573e+03, 2.991e+03, 2.089e+03, 3.652e+03, 3.796e+03, 4.227e+03, 3.599e+03, 3.222e+03, 3.668e+03, 3.714e+03, 4.359e+03]
[2024-05-29 03:29:00] ppls=[3.815e+00, 3.753e+00, 3.953e+00, 4.117e+00, 4.188e+00, 4.300e+00, 4.193e+00, 4.021e+00, 4.119e+00, 4.257e+00, 4.428e+00, 4.540e+00, 4.561e+00, 4.639e+00, 4.692e+00, 4.762e+00, 4.817e+00, 4.857e+00, 4.954e+00, 4.971e+00, 4.995e+00, 4.975e+00, 4.862e+00, 4.837e+00, 4.835e+00, 4.815e+00, 4.810e+00, 4.782e+00, 4.775e+00, 4.807e+00, 4.911e+00, 4.982e+00, 5.019e+00, 5.001e+00, 4.942e+00, 4.884e+00, 4.813e+00, 4.776e+00, 4.754e+00, 4.755e+00, 4.749e+00, 4.718e+00, 4.676e+00, 4.654e+00, 4.620e+00, 4.595e+00, 4.586e+00, 4.607e+00, 4.676e+00, 4.752e+00, 4.797e+00, 4.818e+00, 4.829e+00, 4.847e+00, 4.877e+00, 4.907e+00, 4.894e+00, 4.916e+00, 4.917e+00, 4.903e+00, 4.894e+00, 4.885e+00, 4.865e+00, 4.851e+00, 4.829e+00, 4.804e+00, 4.788e+00, 4.781e+00, 4.800e+00, 4.823e+00, 4.850e+00, 4.885e+00, 4.920e+00, 4.908e+00, 4.903e+00, 4.913e+00, 4.909e+00, 4.903e+00, 4.901e+00, 4.901e+00, 4.875e+00, 4.863e+00, 4.879e+00, 4.904e+00, 4.923e+00, 4.921e+00, 4.931e+00, 4.937e+00, 4.946e+00, 4.951e+00, 4.958e+00, 4.956e+00, 4.968e+00, 4.963e+00, 4.958e+00, 4.954e+00, 4.949e+00, 4.950e+00, 4.946e+00, 4.941e+00, 4.951e+00, 4.963e+00, 4.966e+00, 4.982e+00, 5.018e+00, 5.047e+00, 5.071e+00, 5.090e+00, 5.119e+00, 5.142e+00, 5.153e+00, 5.164e+00, 5.168e+00, 5.178e+00, 5.174e+00, 5.191e+00, 5.216e+00, 5.230e+00, 5.224e+00, 5.220e+00, 5.215e+00, 5.227e+00, 5.223e+00, 5.224e+00, 5.219e+00, 5.208e+00, 5.200e+00, 5.190e+00, 5.183e+00, 5.182e+00, 5.187e+00, 5.189e+00, 5.185e+00, 5.186e+00, 5.180e+00, 5.184e+00, 5.187e+00, 5.196e+00, 5.194e+00, 5.192e+00, 5.187e+00, 5.188e+00, 5.179e+00, 5.190e+00, 5.190e+00, 5.194e+00, 5.188e+00, 5.186e+00, 5.180e+00, 5.187e+00, 5.179e+00, 5.165e+00, 5.159e+00, 5.155e+00, 5.150e+00, 5.153e+00, 5.147e+00, 5.127e+00, 5.132e+00, 5.139e+00, 5.153e+00, 5.156e+00, 5.154e+00, 5.159e+00, 5.164e+00, 5.180e+00]
[2024-05-29 03:29:00] PPL: 5.180e+00
