[2024-05-29 03:26:52] Environments:
------------  --------------------------------------------------------------------------------
sys.platform  linux
python        3.12.3 (main, Apr 27 2024, 19:00:21) [GCC 11.4.0]
datasets      2.19.1 @/home/giung/transformerx/.venv/lib/python3.12/site-packages/datasets
jax           0.4.28 @/home/giung/transformerx/.venv/lib/python3.12/site-packages/jax
jaxlib        0.4.28 @/home/giung/transformerx/.venv/lib/python3.12/site-packages/jaxlib
transformers  4.41.1 @/home/giung/transformerx/.venv/lib/python3.12/site-packages/transformers
------------  --------------------------------------------------------------------------------

[2024-05-29 03:26:52] Command line arguments:
- args.model      : microsoft/Phi-3-medium-4k-instruct
- args.data       : wikitext2
- args.seqlen     : 2048
- args.bits       : 7
- args.group_size : 16
- args.save       : save/wikitext2/microsoft/Phi-3-medium-4k-instruct/b7-g16
- args.seed       : 54014781

[2024-05-29 03:26:52] Local devices:
[TpuDevice(id=0, process_index=0, coords=(0,0,0), core_on_chip=0), TpuDevice(id=1, process_index=0, coords=(1,0,0), core_on_chip=0), TpuDevice(id=2, process_index=0, coords=(0,1,0), core_on_chip=0), TpuDevice(id=3, process_index=0, coords=(1,1,0), core_on_chip=0)]

[2024-05-29 03:31:32] nlls=[2.356e+03, 1.427e+03, 1.616e+03, 1.900e+03, 2.976e+03, 2.985e+03, 2.473e+03, 1.960e+03, 3.006e+03, 3.396e+03, 3.742e+03, 3.552e+03, 3.070e+03, 3.424e+03, 2.978e+03, 3.144e+03, 3.339e+03, 3.143e+03, 3.731e+03, 2.814e+03, 3.243e+03, 2.908e+03, 1.368e+03, 1.888e+03, 2.242e+03, 1.937e+03, 1.999e+03, 1.651e+03, 1.754e+03, 3.158e+03, 4.414e+03, 4.134e+03, 3.537e+03, 2.669e+03, 1.737e+03, 1.850e+03, 1.454e+03, 1.775e+03, 2.400e+03, 2.616e+03, 2.515e+03, 2.486e+03, 2.257e+03, 2.610e+03, 2.271e+03, 2.474e+03, 2.808e+03, 3.263e+03, 4.495e+03, 4.638e+03, 3.732e+03, 2.893e+03, 2.630e+03, 3.538e+03, 3.788e+03, 3.853e+03, 2.828e+03, 3.585e+03, 3.085e+03, 2.774e+03, 2.894e+03, 2.885e+03, 2.572e+03, 2.759e+03, 2.517e+03, 2.335e+03, 2.474e+03, 2.845e+03, 3.635e+03, 3.696e+03, 3.938e+03, 4.155e+03, 4.203e+03, 2.709e+03, 2.988e+03, 3.457e+03, 2.992e+03, 2.953e+03, 3.137e+03, 3.107e+03, 2.183e+03, 2.216e+03, 3.683e+03, 3.984e+03, 3.778e+03, 3.055e+03, 3.526e+03, 3.412e+03, 3.474e+03, 3.309e+03, 3.435e+03, 2.309e+03, 2.860e+03, 2.783e+03, 2.779e+03, 2.586e+03, 2.638e+03, 3.175e+03, 2.991e+03, 2.909e+03, 3.587e+03, 3.584e+03, 3.140e+03, 3.820e+03, 4.694e+03, 4.456e+03, 4.238e+03, 4.057e+03, 4.485e+03, 4.212e+03, 3.774e+03, 3.689e+03, 3.451e+03, 3.671e+03, 2.974e+03, 3.994e+03, 4.350e+03, 3.827e+03, 2.505e+03, 2.144e+03, 2.009e+03, 3.483e+03, 2.676e+03, 2.784e+03, 2.529e+03, 2.246e+03, 2.367e+03, 1.986e+03, 2.685e+03, 3.149e+03, 3.399e+03, 3.006e+03, 2.577e+03, 2.449e+03, 2.913e+03, 3.482e+03, 3.363e+03, 3.650e+03, 3.171e+03, 3.116e+03, 2.964e+03, 3.278e+03, 2.605e+03, 3.835e+03, 3.270e+03, 3.457e+03, 2.903e+03, 3.047e+03, 2.883e+03, 3.653e+03, 2.288e+03, 1.480e+03, 1.905e+03, 1.768e+03, 2.655e+03, 3.287e+03, 2.780e+03, 1.974e+03, 3.402e+03, 3.642e+03, 4.112e+03, 3.306e+03, 2.885e+03, 3.428e+03, 3.608e+03, 4.228e+03]
[2024-05-29 03:31:32] ppls=[3.160e+00, 2.518e+00, 2.408e+00, 2.438e+00, 2.728e+00, 2.942e+00, 2.997e+00, 2.944e+00, 3.074e+00, 3.243e+00, 3.441e+00, 3.587e+00, 3.648e+00, 3.748e+00, 3.782e+00, 3.830e+00, 3.896e+00, 3.934e+00, 4.028e+00, 4.024e+00, 4.061e+00, 4.065e+00, 3.937e+00, 3.864e+00, 3.825e+00, 3.767e+00, 3.718e+00, 3.652e+00, 3.597e+00, 3.628e+00, 3.731e+00, 3.814e+00, 3.859e+00, 3.854e+00, 3.799e+00, 3.754e+00, 3.692e+00, 3.650e+00, 3.638e+00, 3.637e+00, 3.631e+00, 3.625e+00, 3.609e+00, 3.608e+00, 3.594e+00, 3.589e+00, 3.596e+00, 3.619e+00, 3.687e+00, 3.759e+00, 3.796e+00, 3.801e+00, 3.798e+00, 3.825e+00, 3.861e+00, 3.898e+00, 3.899e+00, 3.925e+00, 3.935e+00, 3.934e+00, 3.936e+00, 3.939e+00, 3.932e+00, 3.930e+00, 3.922e+00, 3.908e+00, 3.899e+00, 3.901e+00, 3.925e+00, 3.949e+00, 3.980e+00, 4.016e+00, 4.052e+00, 4.048e+00, 4.051e+00, 4.067e+00, 4.070e+00, 4.072e+00, 4.078e+00, 4.084e+00, 4.067e+00, 4.051e+00, 4.071e+00, 4.097e+00, 4.118e+00, 4.122e+00, 4.136e+00, 4.148e+00, 4.161e+00, 4.169e+00, 4.181e+00, 4.167e+00, 4.166e+00, 4.163e+00, 4.160e+00, 4.153e+00, 4.147e+00, 4.152e+00, 4.154e+00, 4.154e+00, 4.167e+00, 4.180e+00, 4.184e+00, 4.202e+00, 4.236e+00, 4.266e+00, 4.290e+00, 4.311e+00, 4.340e+00, 4.364e+00, 4.378e+00, 4.391e+00, 4.399e+00, 4.411e+00, 4.410e+00, 4.427e+00, 4.452e+00, 4.466e+00, 4.455e+00, 4.439e+00, 4.420e+00, 4.428e+00, 4.422e+00, 4.417e+00, 4.408e+00, 4.395e+00, 4.383e+00, 4.366e+00, 4.361e+00, 4.363e+00, 4.369e+00, 4.369e+00, 4.362e+00, 4.353e+00, 4.351e+00, 4.358e+00, 4.364e+00, 4.374e+00, 4.376e+00, 4.377e+00, 4.376e+00, 4.380e+00, 4.374e+00, 4.386e+00, 4.390e+00, 4.396e+00, 4.394e+00, 4.394e+00, 4.392e+00, 4.401e+00, 4.390e+00, 4.369e+00, 4.353e+00, 4.336e+00, 4.331e+00, 4.335e+00, 4.332e+00, 4.318e+00, 4.324e+00, 4.332e+00, 4.347e+00, 4.351e+00, 4.349e+00, 4.354e+00, 4.362e+00, 4.378e+00]
[2024-05-29 03:31:32] PPL: 4.378e+00
